# Server version 0.08 running on LAPTOP-QJHLSQ4D:8123
# Game ID: 183
# Board class: Saboteur.SaboteurBoard
# Timeout: 20000
# First Move Timeout: 30000
# Date: Sun Apr 05 17:07:37 EDT 2020
# Player 1: Player-0, 'RandomPlayer', running on LAPTOP-QJHLSQ4D
# Player 2: Player-1, '260760794', running on LAPTOP-QJHLSQ4D
START Player-0 RandomPlayer
START Player-1 260760794
BoardInit:Tile:6,Tile:8,Tile:2,Map,Tile:1,Tile:5,Tile:7,Map,Tile:10,Tile:3,Tile:6,Tile:9,Tile:8,Tile:5,Bonus,Tile:7,Tile:11,Tile:10,Tile:0,Tile:15,Destroy,Tile:4,Map,Tile:7,Tile:8,Malus,Tile:0,Tile:6,Tile:7,Tile:0,Tile:12,Destroy,Bonus,Tile:8,Tile:7,Tile:14,Tile:0,Tile:13,Bonus,Bonus,Tile:9-Tile:10,Tile:6,Tile:6,Tile:5,Tile:9,Tile:9,Tile:5-Tile:8,Malus,Destroy,Map,Tile:9,Map,Map-Tile:hidden2,Tile:nugget,Tile:hidden1
Tile:6 4 5 1
Map 12 7 0
Tile:6_flip 6 5 1
Tile:9_flip 7 5 0
Tile:6_flip 7 4 1
Map 12 3 0
Tile:5_flip 8 4 1
Tile:8 7 6 0
Tile:7 8 6 1
Tile:8 4 4 0
Tile:10 8 7 1
Tile:3_flip 8 8 0
Tile:6_flip 8 3 1
Map 12 5 0
Tile:8 9 3 1
Tile:9 9 4 0
Tile:1 10 3 1
Destroy 8 8 0
Tile:10 9 5 1
Tile:7_flip 7 3 0
Tile:9 9 6 1
Tile:5_flip 11 3 0
Tile:11_flip 11 2 1
Tile:5 11 1 0
Map 12 3 1
Tile:10 7 2 0
Tile:0 12 1 1
Tile:4 4 3 0
Drop 4 0 1
Tile:6 3 5 0
Tile:5 7 1 1
Tile:7_flip 6 4 0
Tile:7_flip 6 6 1
Tile:15 5 6 0
Tile:9 9 7 1
Destroy 6 6 0
Tile:7_flip 10 2 1
Tile:14 5 7 0
Tile:0 10 4 1
Tile:0 8 1 0
Tile:0 9 1 1
Map 12 7 0
Tile:9 6 6 1
Map 12 7 0
Tile:8 2 5 1
Tile:13 1 5 0
Tile:12 11 4 1
Tile:8 9 8 0
Tile:2_flip 10 7 1
Drop 1 0 0
Drop 0 0 1
Malus 0 0 0
Bonus 0 0 1
Drop 0 0 0
Drop 0 0 1
GAMEOVER DRAW
# Game ended: Sun Apr 05 17:07:46 EDT 2020
