# Server version 0.08 running on LAPTOP-QJHLSQ4D:8123
# Game ID: 67
# Board class: Saboteur.SaboteurBoard
# Timeout: 20000
# First Move Timeout: 30000
# Date: Sat Mar 28 17:15:11 EDT 2020
# Player 1: Player-0, '260760794', running on LAPTOP-QJHLSQ4D
# Player 2: Player-1, 'Human', running on LAPTOP-QJHLSQ4D
START Player-0 260760794
START Player-1 Human
BoardInit:Destroy,Tile:8,Tile:5,Tile:9,Tile:10,Tile:5,Tile:7,Tile:9,Tile:6,Tile:7,Tile:0,Tile:7,Tile:7,Tile:9,Destroy,Bonus,Tile:5,Tile:7,Tile:5,Tile:0,Tile:6,Tile:6,Tile:6,Tile:10,Bonus,Tile:0,Tile:6,Tile:9,Tile:4,Tile:8,Malus,Tile:11,Map,Tile:15,Tile:8,Tile:14,Map,Tile:2,Tile:3,Map,Tile:9-Malus,Map,Tile:1,Bonus,Tile:8,Map,Tile:13-Tile:10,Tile:0,Tile:12,Bonus,Map,Tile:8,Destroy-Tile:hidden1,Tile:nugget,Tile:hidden2
Map 12 3 1
Map 12 3 0
Map 12 5 1
Tile:8 6 5 0
Tile:8 7 5 1
Tile:9_flip 8 5 0
Tile:5 8 4 1
Tile:5_flip 9 4 0
Tile:10 8 6 1
Tile:9_flip 7 4 0
Tile:6 8 7 1
Tile:7 9 7 0
Tile:7_flip 9 8 1
Tile:8 10 8 0
Tile:0 11 8 1
Tile:10 10 9 0
Drop 1 0 1
Tile:7 12 8 0
Destroy 12 8 1
Tile:9_flip 12 8 0
Tile:13 12 6 1
Tile:7_flip 11 7 0
Tile:5 11 6 1
Tile:6_flip 7 3 0
Tile:6 8 3 1
Tile:10 10 7 0
Tile:6_flip 9 3 1
Tile:0 10 3 0
Tile:6 11 3 1
Tile:9_flip 12 4 0
GAMEOVER WINNER 0
# Game ended: Sat Mar 28 17:16:55 EDT 2020
