# Server version 0.08 running on LAPTOP-QJHLSQ4D:8123
# Game ID: 253
# Board class: Saboteur.SaboteurBoard
# Timeout: 20000
# First Move Timeout: 30000
# Date: Wed Apr 08 13:30:12 EDT 2020
# Player 1: Player-0, 'RandomPlayer', running on LAPTOP-QJHLSQ4D
# Player 2: Player-1, '260779480', running on LAPTOP-QJHLSQ4D
START Player-0 RandomPlayer
START Player-1 260779480
BoardInit:Bonus,Tile:0,Tile:9,Tile:0,Tile:0,Destroy,Tile:2,Tile:7,Tile:8,Malus,Tile:6,Tile:8,Tile:4,Tile:3,Destroy,Tile:5,Bonus,Tile:6,Tile:6,Tile:8,Tile:5,Map,Tile:9,Tile:9,Map,Tile:11,Tile:6,Tile:7,Tile:5,Tile:1,Bonus,Tile:12,Malus,Tile:10,Tile:9,Tile:7,Tile:7,Tile:8,Destroy,Tile:9,Tile:7-Bonus,Map,Tile:13,Tile:5,Tile:6,Map,Map-Tile:0,Tile:8,Map,Tile:15,Tile:10,Tile:10,Tile:14-Tile:nugget,Tile:hidden2,Tile:hidden1
Map 12 3 1
Tile:8 5 4 0
Map 12 7 1
Tile:0 6 4 0
Map 12 5 1
Drop 4 0 0
Tile:6 7 4 1
Tile:0 6 5 0
Tile:9_flip 8 4 1
Tile:0 4 5 0
Tile:8 8 3 1
Tile:7 7 5 0
Tile:6 9 3 1
Destroy 6 5 0
Tile:0 10 3 1
Tile:10 8 5 0
Tile:5_flip 11 3 1
Tile:3_flip 8 6 0
Drop 1 0 1
Tile:6_flip 8 2 0
Tile:6_flip 11 2 1
Tile:8 9 2 0
Tile:5_flip 12 2 1
Tile:8 9 1 0
Tile:9 12 1 1
Tile:9 7 3 0
Drop 2 0 1
Tile:5 3 5 0
Tile:6 13 1 1
Tile:15 7 6 0
Tile:5 13 0 1
Tile:11_flip 9 0 0
Drop 2 0 1
Tile:7_flip 8 0 0
Malus 0 0 1
Drop 3 0 0
Tile:9_flip 12 0 1
Malus 0 0 0
Bonus 0 0 1
Map 12 5 0
Tile:7_flip 11 0 1
Drop 2 0 0
Tile:7 10 1 1
Drop 1 0 0
Drop 1 0 1
Drop 3 0 0
Drop 4 0 1
Drop 0 0 0
Drop 2 0 1
Drop 2 0 0
Drop 2 0 1
Drop 0 0 0
Drop 1 0 1
Drop 0 0 0
Drop 0 0 1
GAMEOVER DRAW
# Game ended: Wed Apr 08 13:30:22 EDT 2020
