# Server version 0.08 running on LAPTOP-QJHLSQ4D:8123
# Game ID: 174
# Board class: Saboteur.SaboteurBoard
# Timeout: 20000
# First Move Timeout: 30000
# Date: Sun Apr 05 16:48:53 EDT 2020
# Player 1: Player-0, 'Human', running on LAPTOP-QJHLSQ4D
# Player 2: Player-1, '260760794', running on LAPTOP-QJHLSQ4D
START Player-0 Human
START Player-1 260760794
BoardInit:Tile:8,Tile:14,Tile:7,Destroy,Tile:4,Tile:0,Bonus,Malus,Tile:9,Tile:7,Bonus,Tile:0,Tile:6,Tile:10,Tile:3,Tile:0,Tile:8,Tile:9,Tile:10,Destroy,Tile:13,Tile:6,Tile:2,Tile:11,Tile:7,Tile:9,Tile:8,Tile:7,Tile:8,Tile:6,Tile:1,Map,Bonus,Tile:5,Map,Tile:6,Map,Tile:8,Malus,Tile:5,Tile:9-Map,Destroy,Tile:5,Tile:7,Tile:0,Tile:6,Bonus-Map,Tile:5,Tile:10,Tile:12,Tile:9,Map,Tile:15-Tile:nugget,Tile:hidden2,Tile:hidden1
Map 12 3 1
Map 12 3 0
Tile:8 6 5 1
Tile:5 6 4 0
Tile:7_flip 6 6 1
Drop 5 0 0
Tile:7 7 6 1
Tile:0 7 4 0
Tile:6 7 7 1
Drop 4 0 0
Tile:9_flip 8 7 1
Malus 0 0 0
Bonus 0 0 1
Tile:7 8 4 0
Tile:6 8 8 1
Tile:9 8 5 0
Tile:5 7 8 1
Tile:0 9 5 0
Tile:3 10 5 1
Destroy 10 5 0
Tile:0 10 5 1
Tile:0 11 5 0
Tile:4_flip 12 6 1
Tile:9 12 4 0
GAMEOVER WINNER 0
# Game ended: Sun Apr 05 16:50:14 EDT 2020
