# Server version 0.08 running on LAPTOP-QJHLSQ4D:8123
# Game ID: 23
# Board class: Saboteur.SaboteurBoard
# Timeout: 20000
# First Move Timeout: 30000
# Date: Wed Mar 25 21:41:04 EDT 2020
# Player 1: Player-0, '260760794', running on LAPTOP-QJHLSQ4D
# Player 2: Player-1, 'Human', running on LAPTOP-QJHLSQ4D
START Player-0 260760794
START Player-1 Human
BoardInit:Tile:7,Tile:12,Tile:6,Tile:0,Tile:5,Bonus,Bonus,Malus,Tile:10,Tile:0,Tile:9,Tile:10,Tile:9,Tile:15,Tile:7,Tile:7,Tile:4,Tile:8,Map,Tile:14,Tile:11,Tile:5,Tile:5,Map,Tile:8,Tile:8,Map,Destroy,Destroy,Tile:3,Tile:9,Destroy,Tile:6,Tile:9,Tile:8,Tile:6,Tile:8,Tile:5,Map,Malus,Map-Bonus,Tile:6,Tile:13,Tile:7,Tile:1,Tile:2,Bonus-Tile:7,Tile:9,Tile:6,Tile:0,Tile:10,Tile:0,Map-Tile:hidden1,Tile:nugget,Tile:hidden2
Tile:6 6 5 1
Tile:9_flip 5 4 0
Tile:7 7 5 1
Tile:6_flip 5 3 0
Tile:6 7 6 1
Tile:0 6 3 0
Tile:7 7 3 1
Tile:0 4 5 0
Tile:5 4 3 1
Tile:12_flip 6 6 0
Drop 3 0 1
Tile:7 8 6 0
Tile:9 8 7 1
Drop 0 0 0
Tile:9 8 8 1
Drop 5 0 0
Tile:7 9 7 1
Tile:7_flip 3 5 0
Drop 2 0 1
Map 12 5 0
Drop 3 0 1
Drop 4 0 0
Drop 2 0 1
Tile:14 9 8 0
Map 12 5 1
Tile:5_flip 7 4 0
Tile:8 8 9 1
Tile:0 9 9 0
Tile:5_flip 10 9 1
Tile:0 7 9 0
Tile:10 10 8 1
Destroy 6 3 0
Tile:9 10 7 1
Malus 0 0 0
Bonus 0 0 1
Tile:8 11 7 0
Tile:13 12 6 1
Tile:6 8 10 0
Destroy 12 6 1
Destroy 5 4 0
Map 12 3 1
Tile:9_flip 5 4 0
Tile:8 12 6 1
GAMEOVER WINNER 1
# Game ended: Wed Mar 25 21:47:43 EDT 2020
