# Server version 0.08 running on LAPTOP-QJHLSQ4D:8123
# Game ID: 267
# Board class: Saboteur.SaboteurBoard
# Timeout: 20000
# First Move Timeout: 30000
# Date: Wed Apr 08 17:04:52 EDT 2020
# Player 1: Player-0, 'RandomPlayer', running on LAPTOP-QJHLSQ4D
# Player 2: Player-1, '260779480', running on LAPTOP-QJHLSQ4D
START Player-0 RandomPlayer
START Player-1 260779480
BoardInit:Tile:4,Tile:8,Tile:5,Tile:6,Map,Tile:0,Bonus,Tile:7,Tile:0,Tile:6,Map,Tile:5,Tile:8,Tile:11,Bonus,Tile:0,Tile:13,Destroy,Tile:2,Tile:8,Destroy,Tile:9,Bonus,Tile:10,Map,Bonus,Map,Tile:3,Tile:1,Tile:10,Tile:9,Malus,Tile:12,Map,Tile:5,Tile:7,Tile:8,Tile:6,Map,Tile:9,Destroy-Tile:0,Tile:6,Tile:14,Tile:6,Tile:7,Tile:15,Tile:9-Tile:8,Tile:10,Tile:7,Malus,Tile:9,Tile:5,Tile:7-Tile:hidden2,Tile:nugget,Tile:hidden1
Drop 2 0 1
Tile:5_flip 5 6 0
Tile:6 6 5 1
Tile:7_flip 4 5 0
Tile:6 7 5 1
Tile:6_flip 7 4 0
Map 12 3 1
Drop 4 0 0
Tile:9_flip 8 4 1
Tile:9 4 4 0
Tile:7 8 3 1
Tile:8 8 5 0
Map 12 7 1
Tile:8 5 4 0
Tile:8 9 5 1
Tile:6 10 5 0
Tile:0 11 5 1
GAMEOVER WINNER 1
# Game ended: Wed Apr 08 17:04:52 EDT 2020
