# Server version 0.08 running on LAPTOP-QJHLSQ4D:8123
# Game ID: 123
# Board class: Saboteur.SaboteurBoard
# Timeout: 20000
# First Move Timeout: 30000
# Date: Mon Mar 30 17:14:05 EDT 2020
# Player 1: Player-0, '260760794', running on LAPTOP-QJHLSQ4D
# Player 2: Player-1, 'RandomPlayer', running on LAPTOP-QJHLSQ4D
START Player-0 260760794
START Player-1 RandomPlayer
BoardInit:Malus,Tile:6,Tile:10,Tile:7,Bonus,Tile:8,Map,Tile:7,Tile:8,Tile:9,Tile:8,Tile:0,Bonus,Destroy,Tile:14,Map,Tile:6,Tile:0,Tile:1,Tile:13,Bonus,Tile:9,Malus,Map,Tile:10,Tile:7,Tile:9,Tile:4,Tile:6,Tile:7,Destroy,Tile:11,Destroy,Tile:2,Tile:3,Tile:7,Tile:8,Tile:6,Map,Tile:6,Tile:9-Tile:0,Tile:8,Tile:12,Tile:5,Tile:10,Tile:9,Tile:5-Map,Map,Bonus,Tile:0,Tile:5,Tile:5,Tile:15-Tile:hidden2,Tile:nugget,Tile:hidden1
Tile:5 5 4 1
Map 12 3 0
Drop 1 0 1
Map 12 5 0
Tile:5_flip 6 5 1
Tile:7 6 4 0
Tile:12_flip 4 5 1
Tile:5_flip 5 6 0
Drop 1 0 1
Drop 1 0 0
Drop 3 0 1
Drop 1 0 0
Drop 5 0 1
Drop 6 0 0
Drop 2 0 1
Destroy 6 4 0
Tile:8 6 4 1
Map 12 7 0
Tile:0 4 6 1
Tile:9_flip 6 3 0
Tile:9_flip 6 2 1
Tile:13 7 4 0
Tile:1 8 4 1
Tile:9 7 3 0
Tile:6 9 4 1
Tile:7 10 4 0
Tile:10 7 2 1
Tile:15 10 5 0
Tile:9 7 5 1
Tile:7_flip 10 6 0
Tile:6_flip 7 1 1
Tile:0 11 6 0
Destroy 6 2 1
Tile:7 12 6 0
Destroy 10 4 1
Tile:8 10 4 0
Tile:3 8 1 1
Tile:2 10 3 0
Map 12 7 1
Tile:11_flip 11 4 0
Drop 0 0 1
Tile:7_flip 11 5 0
Tile:9 9 3 1
Tile:6_flip 11 3 0
Drop 4 0 1
Tile:6_flip 8 5 0
Tile:14 8 3 1
Tile:6 8 6 0
Malus 0 0 1
Map 12 5 0
Map 12 3 1
Bonus 0 0 0
Drop 1 0 1
Tile:4 9 2 0
Drop 0 0 1
GAMEOVER DRAW
# Game ended: Mon Mar 30 17:14:05 EDT 2020
