# Server version 0.08 running on LAPTOP-QJHLSQ4D:8123
# Game ID: 207
# Board class: Saboteur.SaboteurBoard
# Timeout: 20000
# First Move Timeout: 30000
# Date: Sun Apr 05 17:52:49 EDT 2020
# Player 1: Player-0, 'RandomPlayer', running on LAPTOP-QJHLSQ4D
# Player 2: Player-1, '260760794', running on LAPTOP-QJHLSQ4D
START Player-0 RandomPlayer
START Player-1 260760794
BoardInit:Tile:14,Bonus,Tile:8,Tile:8,Map,Bonus,Tile:1,Destroy,Tile:10,Malus,Tile:6,Map,Tile:0,Tile:2,Tile:13,Tile:9,Tile:9,Tile:12,Tile:9,Destroy,Tile:6,Malus,Tile:5,Map,Tile:15,Tile:6,Tile:0,Tile:0,Tile:3,Bonus,Map,Destroy,Tile:10,Map,Bonus,Tile:7,Tile:9,Tile:8,Map,Tile:10,Tile:5-Tile:7,Tile:8,Tile:8,Tile:9,Tile:11,Tile:6,Tile:7-Tile:5,Tile:7,Tile:7,Tile:0,Tile:6,Tile:5,Tile:4-Tile:nugget,Tile:hidden2,Tile:hidden1
Tile:8 5 4 1
Tile:5_flip 6 5 0
Tile:7 6 4 1
Tile:7_flip 4 4 0
Tile:6 5 6 1
Tile:8 4 3 0
Map 12 3 1
Tile:4 4 2 0
Tile:7 6 6 1
Tile:5 4 5 0
Tile:10 6 7 1
Tile:7_flip 4 6 0
Tile:6 6 8 1
Destroy 5 6 0
Tile:8 5 8 1
Drop 3 0 0
Tile:13 7 8 1
Tile:9_flip 8 8 0
Tile:8 4 8 1
Tile:2_flip 7 9 0
Tile:9 4 9 1
Destroy 4 3 0
Tile:6 5 9 1
Tile:6_flip 6 9 0
Tile:9 3 8 1
Map 12 5 0
Tile:11_flip 5 7 1
Map 12 3 0
Tile:5_flip 4 10 1
Malus 0 0 0
Drop 0 0 1
Drop 3 0 0
Map 12 3 1
Destroy 4 9 0
Drop 3 0 1
Map 12 5 0
Bonus 0 0 1
Tile:7 8 7 0
Tile:3_flip 3 10 1
Tile:6 8 9 0
Tile:9 5 3 1
Tile:8 3 9 0
Tile:5_flip 6 3 1
Drop 3 0 0
Tile:9_flip 6 2 1
Drop 3 0 0
Tile:10 6 1 1
Tile:10 4 3 0
Tile:1 9 9 1
Tile:12 10 9 0
Map 12 5 1
Tile:0 2 9 0
Drop 0 0 1
Drop 0 0 0
Tile:0 1 9 1
GAMEOVER DRAW
# Game ended: Sun Apr 05 17:52:58 EDT 2020
