# Server version 0.08 running on LAPTOP-QJHLSQ4D:8123
# Game ID: 13
# Board class: Saboteur.SaboteurBoard
# Timeout: 20000
# First Move Timeout: 30000
# Date: Wed Mar 25 11:56:46 EDT 2020
# Player 1: Player-0, 'Human', running on LAPTOP-QJHLSQ4D
# Player 2: Player-1, 'RandomPlayer', running on LAPTOP-QJHLSQ4D
START Player-0 Human
START Player-1 RandomPlayer
BoardInit:Tile:9,Tile:3,Tile:11,Tile:6,Map,Tile:8,Map,Tile:7,Tile:6,Destroy,Bonus,Tile:6,Bonus,Tile:7,Tile:13,Tile:5,Tile:8,Tile:5,Tile:10,Tile:1,Tile:6,Map,Tile:9,Tile:0,Tile:7,Tile:0,Tile:9,Bonus,Tile:14,Tile:5,Bonus,Tile:10,Map,Tile:2,Tile:9,Tile:0,Tile:10,Tile:6,Destroy-Tile:12,Tile:0,Tile:7,Tile:8,Destroy,Tile:8,Tile:9-Tile:4,Tile:15,Tile:7,Malus,Tile:5,Malus,Tile:8-Tile:nugget,Tile:hidden2,Tile:hidden1
Tile:12_flip 4 5 1
Tile:8 6 5 0
Tile:7 5 4 1
Tile:7 7 5 0
Tile:9 6 4 1
Tile:6 7 4 0
Destroy 6 4 1
Tile:5 6 4 0
Map 12 5 1
Tile:8 8 4 0
Tile:9_flip 7 3 1
Tile:7 9 4 0
Tile:6 6 3 1
Tile:6 9 5 0
Tile:11_flip 7 6 1
Tile:7 10 5 0
Tile:8 6 2 1
Destroy 7 6 0
Tile:8 7 2 1
Drop 4 0 0
Tile:8 8 2 1
Tile:4 8 1 0
Tile:6 9 2 1
Map 12 5 0
Tile:9 6 1 1
Tile:5 9 1 0
Tile:10 7 6 1
Tile:0 10 2 0
Tile:9_flip 7 7 1
Malus 0 0 0
Map 12 3 1
Tile:5_flip 11 2 0
Bonus 0 0 1
Tile:5 11 1 0
Drop 5 0 1
Malus 0 0 0
Map 12 7 1
Drop 1 0 0
Drop 0 0 1
Tile:10 7 8 0
Destroy 6 4 1
Tile:6_flip 12 1 0
Bonus 0 0 1
Tile:0 4 4 0
Tile:10 8 3 1
Tile:15 12 2 0
Tile:7_flip 5 3 1
Tile:2 13 1 0
Tile:9_flip 5 6 1
Tile:0 6 7 0
Tile:14 10 1 1
Drop 0 0 0
Tile:13 5 7 1
GAMEOVER DRAW
# Game ended: Wed Mar 25 12:01:26 EDT 2020
