# Server version 0.08 running on LAPTOP-QJHLSQ4D:8123
# Game ID: 73
# Board class: Saboteur.SaboteurBoard
# Timeout: 20000
# First Move Timeout: 30000
# Date: Mon Mar 30 17:00:27 EDT 2020
# Player 1: Player-0, '260760794', running on LAPTOP-QJHLSQ4D
# Player 2: Player-1, 'RandomPlayer', running on LAPTOP-QJHLSQ4D
START Player-0 260760794
START Player-1 RandomPlayer
BoardInit:Tile:7,Malus,Tile:5,Bonus,Tile:7,Tile:6,Tile:1,Bonus,Tile:8,Tile:9,Tile:0,Tile:8,Map,Tile:11,Tile:6,Tile:3,Map,Tile:4,Tile:8,Tile:6,Destroy,Tile:7,Tile:5,Tile:0,Tile:9,Bonus,Map,Bonus,Destroy,Destroy,Tile:5,Map,Tile:10,Tile:12,Tile:13,Tile:10,Tile:15,Tile:9,Tile:9,Tile:0,Tile:7-Map,Tile:0,Tile:10,Malus,Tile:14,Tile:9,Tile:8-Tile:5,Tile:7,Tile:8,Tile:2,Tile:6,Map,Tile:6-Tile:nugget,Tile:hidden1,Tile:hidden2
Map 12 5 1
Map 12 3 0
Tile:0 6 5 1
Malus 0 0 0
Drop 4 0 1
Tile:6_flip 7 5 0
Drop 3 0 1
Tile:5_flip 7 6 0
Drop 5 0 1
Tile:6_flip 8 5 0
Malus 0 0 1
Drop 4 0 0
Drop 0 0 1
Drop 3 0 0
Map 12 7 1
Drop 5 0 0
Drop 5 0 1
Drop 1 0 0
Drop 3 0 1
Drop 3 0 0
Map 12 7 1
Drop 2 0 0
Destroy 7 5 1
Drop 0 0 0
Drop 2 0 1
Drop 2 0 0
Drop 0 0 1
Drop 0 0 0
Drop 4 0 1
Drop 2 0 0
Map 12 7 1
Destroy 6 5 0
Drop 6 0 1
Map 12 5 0
Drop 4 0 1
Drop 4 0 0
Drop 3 0 1
Drop 4 0 0
Destroy 7 6 1
Drop 6 0 0
Drop 2 0 1
Drop 2 0 0
Drop 0 0 1
Drop 1 0 0
Drop 4 0 1
Drop 3 0 0
Drop 2 0 1
Drop 0 0 0
Drop 0 0 1
Drop 2 0 0
Drop 0 0 1
Drop 0 0 0
Drop 1 0 1
Drop 0 0 0
Drop 0 0 1
GAMEOVER DRAW
# Game ended: Mon Mar 30 17:00:27 EDT 2020
