# Server version 0.08 running on LAPTOP-QJHLSQ4D:8123
# Game ID: 286
# Board class: Saboteur.SaboteurBoard
# Timeout: 20000
# First Move Timeout: 30000
# Date: Thu Apr 09 16:57:29 EDT 2020
# Player 1: Player-0, '260779480', running on LAPTOP-QJHLSQ4D
# Player 2: Player-1, '260779480', running on LAPTOP-QJHLSQ4D
START Player-0 260779480
START Player-1 260779480
BoardInit:Destroy,Tile:7,Tile:6,Tile:8,Tile:9,Tile:6,Tile:9,Tile:7,Map,Tile:9,Tile:15,Tile:14,Tile:8,Tile:8,Tile:5,Tile:6,Tile:7,Bonus,Map,Tile:5,Tile:7,Bonus,Map,Bonus,Tile:5,Tile:6,Tile:11,Tile:4,Malus,Destroy,Tile:8,Tile:10,Tile:12,Bonus,Map,Tile:0,Tile:10,Tile:1,Tile:8,Destroy,Tile:0-Tile:0,Tile:5,Map,Tile:7,Tile:2,Tile:3,Malus-Tile:9,Tile:13,Map,Tile:0,Tile:9,Tile:6,Tile:10-Tile:nugget,Tile:hidden1,Tile:hidden2
Map 12 3 1
Map 12 3 0
Tile:0 6 5 1
Tile:9_flip 7 5 0
Tile:6 7 6 1
Tile:8 8 6 0
Malus 0 0 1
Drop 0 0 0
Tile:9_flip 9 6 1
Drop 4 0 0
Map 12 7 1
Drop 5 0 0
Tile:9 9 5 1
Drop 6 0 0
Tile:8 10 5 1
Drop 0 0 0
Drop 2 0 1
Drop 2 0 0
Drop 2 0 1
Bonus 0 0 0
Map 12 5 1
Tile:8 11 5 0
Drop 3 0 1
Tile:9 12 4 0
GAMEOVER WINNER 0
# Game ended: Thu Apr 09 16:57:38 EDT 2020
