# Server version 0.08 running on LAPTOP-QJHLSQ4D:8123
# Game ID: 109
# Board class: Saboteur.SaboteurBoard
# Timeout: 20000
# First Move Timeout: 30000
# Date: Mon Mar 30 17:07:11 EDT 2020
# Player 1: Player-0, '260760794', running on LAPTOP-QJHLSQ4D
# Player 2: Player-1, 'RandomPlayer', running on LAPTOP-QJHLSQ4D
START Player-0 260760794
START Player-1 RandomPlayer
BoardInit:Tile:7,Bonus,Tile:8,Tile:9,Bonus,Tile:6,Malus,Tile:2,Tile:5,Destroy,Tile:5,Map,Tile:10,Tile:8,Tile:0,Tile:6,Tile:9,Malus,Bonus,Destroy,Tile:11,Tile:7,Tile:10,Bonus,Destroy,Map,Tile:3,Tile:9,Tile:6,Tile:5,Map,Tile:5,Tile:6,Tile:8,Tile:14,Tile:0,Tile:10,Tile:13,Tile:12,Tile:0,Tile:7-Tile:9,Tile:0,Tile:15,Tile:7,Map,Tile:4,Tile:8-Tile:9,Tile:6,Map,Tile:8,Tile:7,Map,Tile:1-Tile:hidden1,Tile:nugget,Tile:hidden2
Tile:7 5 4 1
Map 12 3 0
Drop 1 0 1
Map 12 5 0
Map 12 7 1
Tile:9_flip 6 5 0
Tile:8 4 5 1
Tile:6 6 6 0
Tile:15 6 4 1
Tile:2 6 3 0
Tile:8 7 6 1
Tile:6_flip 7 3 0
Tile:4 7 5 1
Map 12 7 0
Tile:9_flip 8 3 1
Tile:8 8 2 0
Tile:0 7 2 1
Tile:6_flip 8 1 0
Tile:9_flip 7 7 1
Malus 0 0 0
Bonus 0 0 1
Tile:1 7 1 0
Tile:7_flip 4 6 1
Tile:7_flip 6 2 0
Tile:5 6 7 1
Tile:8 6 1 0
Destroy 6 3 1
Tile:7 6 0 0
Drop 2 0 1
Tile:9 6 8 0
Tile:3_flip 7 4 1
Tile:9 6 9 0
Malus 0 0 1
Destroy 8 1 0
Tile:6 6 10 1
Destroy 7 1 0
Tile:6 5 1 1
Drop 0 0 0
Tile:14 7 1 1
Map 12 5 0
Tile:11_flip 9 2 1
Drop 4 0 0
Tile:5 8 1 1
Bonus 0 0 0
Drop 4 0 1
Tile:5 6 3 0
Map 12 3 1
Tile:5 7 0 0
Tile:7 9 1 1
Tile:8 7 8 0
Drop 1 0 1
Tile:13 7 9 0
Drop 0 0 1
Tile:0 8 0 0
Drop 0 0 1
GAMEOVER DRAW
# Game ended: Mon Mar 30 17:07:11 EDT 2020
