# Server version 0.08 running on LAPTOP-QJHLSQ4D:8123
# Game ID: 322
# Board class: Saboteur.SaboteurBoard
# Timeout: 20000
# First Move Timeout: 30000
# Date: Thu Apr 09 17:39:11 EDT 2020
# Player 1: Player-0, 'RandomPlayer', running on LAPTOP-QJHLSQ4D
# Player 2: Player-1, '260779480', running on LAPTOP-QJHLSQ4D
START Player-0 RandomPlayer
START Player-1 260779480
BoardInit:Tile:0,Tile:7,Tile:8,Destroy,Tile:1,Malus,Tile:15,Tile:12,Tile:9,Tile:0,Bonus,Tile:5,Tile:9,Tile:6,Tile:7,Tile:10,Tile:6,Tile:7,Tile:8,Tile:0,Tile:9,Bonus,Tile:8,Tile:11,Map,Tile:3,Tile:5,Tile:5,Tile:2,Malus,Map,Tile:8,Tile:6,Destroy,Bonus,Tile:13,Tile:9,Map,Tile:9,Tile:10,Tile:5-Bonus,Tile:6,Tile:8,Tile:4,Tile:0,Map,Tile:14-Tile:7,Tile:6,Map,Destroy,Tile:10,Map,Tile:7-Tile:nugget,Tile:hidden1,Tile:hidden2
Map 12 3 1
Tile:7 6 5 0
Tile:8 6 6 1
Map 12 7 0
Tile:8 7 6 1
Destroy 6 6 0
Tile:6 6 6 1
Drop 4 0 0
Tile:0 8 6 1
Tile:6 4 5 0
Tile:9_flip 9 6 1
Drop 1 0 0
Drop 2 0 1
Tile:7_flip 5 6 0
Tile:9 9 5 1
Tile:5 5 4 0
Tile:0 10 5 1
Tile:10 9 7 0
Tile:6 11 5 1
Tile:7_flip 12 6 0
Tile:8 12 4 1
GAMEOVER WINNER 1
# Game ended: Thu Apr 09 17:39:21 EDT 2020
