# Server version 0.08 running on LAPTOP-QJHLSQ4D:8123
# Game ID: 333
# Board class: Saboteur.SaboteurBoard
# Timeout: 20000
# First Move Timeout: 30000
# Date: Thu Apr 09 17:49:44 EDT 2020
# Player 1: Player-0, 'RandomPlayer', running on LAPTOP-QJHLSQ4D
# Player 2: Player-1, '260779480', running on LAPTOP-QJHLSQ4D
START Player-0 RandomPlayer
START Player-1 260779480
BoardInit:Tile:8,Tile:10,Tile:10,Destroy,Tile:9,Tile:9,Tile:8,Tile:11,Tile:2,Tile:9,Tile:0,Tile:8,Destroy,Tile:7,Tile:6,Tile:8,Tile:5,Tile:10,Bonus,Tile:6,Tile:7,Tile:7,Tile:15,Malus,Tile:9,Tile:0,Bonus,Tile:12,Malus,Tile:4,Tile:0,Tile:0,Tile:7,Tile:14,Tile:7,Tile:1,Tile:13,Bonus,Map,Tile:6,Map-Map,Bonus,Tile:3,Map,Destroy,Tile:5,Map-Tile:5,Tile:8,Map,Tile:9,Tile:6,Tile:5,Tile:6-Tile:hidden1,Tile:nugget,Tile:hidden2
Map 12 3 1
Tile:6_flip 5 4 0
Map 12 7 1
Tile:6_flip 6 4 0
Map 12 5 1
Tile:9 4 4 0
Tile:8 7 4 1
Tile:9_flip 6 5 0
Tile:8 8 4 1
Tile:11_flip 5 6 0
Tile:9_flip 9 4 1
Tile:5 4 3 0
Tile:10 9 3 1
Map 12 5 0
Tile:5 9 2 1
Destroy 5 4 0
Tile:6 10 2 1
Tile:10 7 5 0
Tile:0 11 2 1
Tile:10 7 6 0
Drop 3 0 1
Tile:8 7 3 0
Drop 1 0 1
Tile:8 5 7 0
Drop 6 0 1
Tile:8 4 6 0
Tile:9_flip 12 2 1
Tile:7_flip 4 7 0
Drop 1 0 1
Drop 2 0 0
Malus 0 0 1
Drop 1 0 0
Drop 1 0 1
Drop 4 0 0
Drop 1 0 1
Drop 0 0 0
Drop 2 0 1
Drop 4 0 0
Drop 6 0 1
Malus 0 0 0
Bonus 0 0 1
Drop 4 0 0
Drop 3 0 1
Bonus 0 0 0
Drop 3 0 1
Tile:6 6 3 0
Drop 2 0 1
Tile:7 10 1 0
Map 12 7 1
Tile:4_flip 8 5 0
Drop 0 0 1
Drop 0 0 0
Drop 1 0 1
Tile:14 12 4 0
Drop 0 0 1
GAMEOVER DRAW
# Game ended: Thu Apr 09 17:49:53 EDT 2020
