# Server version 0.08 running on LAPTOP-QJHLSQ4D:8123
# Game ID: 94
# Board class: Saboteur.SaboteurBoard
# Timeout: 20000
# First Move Timeout: 30000
# Date: Mon Mar 30 17:06:09 EDT 2020
# Player 1: Player-0, '260760794', running on LAPTOP-QJHLSQ4D
# Player 2: Player-1, 'RandomPlayer', running on LAPTOP-QJHLSQ4D
START Player-0 260760794
START Player-1 RandomPlayer
BoardInit:Tile:12,Malus,Tile:5,Tile:5,Map,Map,Tile:9,Tile:7,Tile:5,Tile:6,Tile:5,Tile:3,Tile:0,Tile:7,Tile:7,Tile:9,Tile:8,Tile:14,Bonus,Destroy,Tile:10,Map,Tile:0,Tile:8,Tile:7,Destroy,Bonus,Tile:8,Tile:13,Tile:1,Tile:10,Tile:9,Tile:7,Tile:2,Tile:15,Destroy,Tile:0,Tile:8,Tile:0,Tile:11,Tile:4-Tile:6,Tile:6,Malus,Map,Tile:9,Map,Bonus-Tile:6,Tile:6,Bonus,Tile:9,Map,Tile:10,Tile:8-Tile:nugget,Tile:hidden2,Tile:hidden1
Tile:9_flip 5 4 1
Map 12 3 0
Tile:6 5 6 1
Malus 0 0 0
Map 12 5 1
Tile:5_flip 6 5 0
Map 12 3 1
Map 12 5 0
Drop 6 0 1
Tile:6_flip 6 6 0
Malus 0 0 1
Bonus 0 0 0
Drop 6 0 1
Tile:6 6 7 0
Map 12 5 1
Tile:10 6 4 0
Drop 1 0 1
Tile:9_flip 6 3 0
Drop 3 0 1
Tile:14_flip 6 2 0
Drop 2 0 1
Tile:9_flip 7 2 0
Drop 3 0 1
Map 12 7 0
Drop 5 0 1
Tile:8 7 6 0
Drop 0 0 1
Tile:8 7 1 0
Drop 2 0 1
Tile:7_flip 6 1 0
Drop 4 0 1
Tile:6 7 7 0
Drop 6 0 1
Tile:9_flip 6 0 0
Drop 4 0 1
Tile:2_flip 8 1 0
Drop 4 0 1
Tile:3 8 6 0
Drop 0 0 1
Tile:8 8 0 0
Drop 4 0 1
Tile:11 7 0 0
Drop 5 0 1
Tile:8 9 0 0
Drop 4 0 1
Tile:1 10 0 0
Drop 3 0 1
Tile:7_flip 7 3 0
Drop 2 0 1
Destroy 6 1 0
Drop 0 0 1
Destroy 6 0 0
Bonus 0 0 1
Destroy 8 1 0
Tile:4 7 5 1
GAMEOVER DRAW
# Game ended: Mon Mar 30 17:06:09 EDT 2020
