# Server version 0.08 running on LAPTOP-QJHLSQ4D:8123
# Game ID: 301
# Board class: Saboteur.SaboteurBoard
# Timeout: 20000
# First Move Timeout: 30000
# Date: Thu Apr 09 17:23:56 EDT 2020
# Player 1: Player-0, '260779480', running on LAPTOP-QJHLSQ4D
# Player 2: Player-1, 'RandomPlayer', running on LAPTOP-QJHLSQ4D
START Player-0 260779480
START Player-1 RandomPlayer
BoardInit:Tile:8,Tile:8,Map,Tile:11,Map,Tile:10,Tile:13,Bonus,Map,Tile:7,Tile:6,Tile:3,Tile:6,Map,Tile:6,Tile:5,Tile:6,Tile:0,Tile:2,Tile:5,Tile:5,Malus,Tile:0,Tile:6,Tile:10,Tile:1,Tile:9,Tile:7,Tile:8,Tile:0,Bonus,Tile:9,Tile:5,Tile:9,Tile:0,Bonus,Malus,Tile:7,Tile:7,Destroy,Tile:9-Destroy,Tile:9,Tile:4,Bonus,Tile:15,Tile:10,Tile:8-Map,Destroy,Tile:14,Tile:8,Tile:12,Map,Tile:7-Tile:hidden2,Tile:hidden1,Tile:nugget
Tile:10 5 6 1
Map 12 3 0
Tile:4_flip 5 7 1
Map 12 7 0
Tile:8 5 4 1
Tile:8 6 4 0
Map 12 5 1
Tile:8 7 4 0
Map 12 3 1
Tile:7 8 4 0
Map 12 7 1
Tile:10 8 5 0
Tile:9_flip 7 3 1
Tile:7_flip 8 6 0
Tile:6_flip 5 3 1
Map 12 5 0
Tile:6_flip 9 6 1
Tile:5_flip 10 6 0
Tile:15 10 5 1
Drop 3 0 0
Tile:13 6 5 1
Tile:5_flip 9 7 0
Destroy 5 4 1
Tile:0 4 5 0
Tile:8 6 3 1
Tile:6 3 5 0
Drop 3 0 1
Drop 1 0 0
Tile:9 5 4 1
Drop 3 0 0
Tile:8 2 5 1
Tile:0 8 7 0
Tile:10 6 6 1
Tile:9 7 2 0
Tile:5 7 1 1
Tile:9_flip 8 1 0
Tile:5_flip 7 5 1
Tile:7 8 0 0
Tile:0 1 5 1
Tile:7_flip 7 0 0
Drop 6 0 1
Drop 4 0 0
Tile:0 4 3 1
Drop 1 0 0
Tile:6_flip 7 7 1
Drop 0 0 0
Tile:9_flip 2 4 1
Drop 3 0 0
Drop 1 0 1
Drop 0 0 0
Drop 0 0 1
Drop 1 0 0
Malus 0 0 1
Drop 0 0 0
Drop 0 0 1
GAMEOVER DRAW
# Game ended: Thu Apr 09 17:24:05 EDT 2020
