# Server version 0.08 running on LAPTOP-QJHLSQ4D:8123
# Game ID: 243
# Board class: Saboteur.SaboteurBoard
# Timeout: 20000
# First Move Timeout: 30000
# Date: Mon Apr 06 16:14:01 EDT 2020
# Player 1: Player-0, '260760794', running on LAPTOP-QJHLSQ4D
# Player 2: Player-1, 'RandomPlayer', running on LAPTOP-QJHLSQ4D
START Player-0 260760794
START Player-1 RandomPlayer
BoardInit:Tile:0,Tile:10,Tile:10,Map,Bonus,Tile:0,Tile:7,Tile:8,Tile:14,Tile:7,Tile:7,Tile:2,Tile:15,Map,Map,Tile:5,Tile:7,Tile:5,Tile:11,Tile:6,Malus,Bonus,Tile:6,Tile:3,Tile:9,Tile:13,Tile:8,Destroy,Tile:5,Map,Tile:7,Tile:12,Tile:10,Tile:9,Bonus,Tile:6,Bonus,Tile:6,Destroy,Tile:9,Destroy-Tile:0,Tile:6,Tile:9,Tile:0,Tile:9,Map,Tile:5-Tile:8,Tile:1,Map,Tile:8,Malus,Tile:8,Tile:4-Tile:nugget,Tile:hidden2,Tile:hidden1
Tile:9 5 4 1
Map 12 3 0
Map 12 3 1
Tile:10 5 3 0
Tile:9 5 6 1
Tile:8 6 4 0
Tile:6 6 5 1
Tile:0 7 4 0
Tile:0 6 6 1
Tile:8 8 4 0
Tile:14 5 7 1
Tile:7 9 4 0
Tile:7 7 6 1
Tile:8 8 3 0
Tile:0 7 3 1
Tile:8 9 5 0
Tile:5 6 3 1
Tile:5_flip 9 3 0
Tile:0 4 5 1
Tile:5_flip 10 5 0
Tile:11 10 4 1
Tile:6_flip 11 4 0
Tile:7 5 2 1
Tile:2_flip 4 7 0
Tile:10 9 2 1
Tile:3_flip 8 5 0
Tile:7 8 2 1
Tile:13 4 2 0
Tile:6_flip 3 7 1
Destroy 11 4 0
Tile:15 3 8 1
Tile:1 2 7 0
Tile:9_flip 4 1 1
Malus 0 0 0
Bonus 0 0 1
Tile:9_flip 11 4 0
Tile:7_flip 9 6 1
Tile:6_flip 11 3 0
Tile:5_flip 4 3 1
Tile:6_flip 10 6 0
Destroy 8 2 1
Tile:9 10 3 0
Drop 0 0 1
Map 12 7 0
Destroy 9 2 1
Tile:12_flip 3 2 0
Tile:8 3 5 1
Tile:4 4 6 0
Malus 0 0 1
Drop 1 0 0
Drop 1 0 1
Map 12 3 0
Tile:10 7 7 1
Map 12 7 0
Drop 0 0 1
GAMEOVER DRAW
# Game ended: Mon Apr 06 16:14:10 EDT 2020
