# Server version 0.08 running on LAPTOP-QJHLSQ4D:8123
# Game ID: 269
# Board class: Saboteur.SaboteurBoard
# Timeout: 20000
# First Move Timeout: 30000
# Date: Thu Apr 09 16:39:59 EDT 2020
# Player 1: Player-0, 'RandomPlayer', running on LAPTOP-QJHLSQ4D
# Player 2: Player-1, '260760794', running on LAPTOP-QJHLSQ4D
START Player-0 RandomPlayer
START Player-1 260760794
BoardInit:Destroy,Tile:6,Tile:6,Tile:7,Tile:5,Tile:7,Tile:12,Tile:7,Tile:9,Tile:8,Map,Tile:10,Tile:11,Map,Destroy,Tile:6,Tile:5,Tile:0,Tile:7,Bonus,Bonus,Tile:1,Malus,Tile:5,Tile:8,Tile:14,Tile:2,Tile:13,Tile:4,Destroy,Malus,Tile:6,Tile:9,Tile:5,Tile:3,Tile:8,Map,Tile:6,Tile:0,Tile:10,Tile:9-Tile:9,Tile:0,Tile:8,Tile:0,Bonus,Tile:7,Tile:9-Map,Tile:15,Bonus,Tile:10,Tile:8,Map,Map-Tile:hidden2,Tile:nugget,Tile:hidden1
Tile:7_flip 4 5 1
Map 12 7 0
Tile:9_flip 5 6 1
Tile:15 4 4 0
Tile:0 4 6 1
Drop 4 0 0
Tile:8 3 6 1
Tile:7 6 5 0
Drop 2 0 1
Tile:7_flip 6 6 0
Tile:0 2 6 1
Drop 0 0 0
Map 12 3 1
Tile:10 5 4 0
Tile:6 1 6 1
Map 12 5 0
Tile:5 0 6 1
Tile:10 1 5 0
Tile:9 1 4 1
Tile:6_flip 1 3 0
Tile:5_flip 2 4 1
Tile:6_flip 7 6 0
Drop 1 0 1
Map 12 7 0
Malus 0 0 1
Drop 5 0 0
Tile:8 0 3 1
Drop 0 0 0
Tile:7 5 3 1
Drop 6 0 0
Tile:11_flip 2 3 1
Destroy 5 4 0
Malus 0 0 1
Drop 4 0 0
Tile:4_flip 0 7 1
Drop 0 0 0
Destroy 5 6 1
Drop 4 0 0
Map 12 3 1
Drop 0 0 0
Tile:9_flip 2 2 1
Drop 4 0 0
Tile:9 3 7 1
Bonus 0 0 0
Tile:12_flip 1 2 1
Drop 3 0 0
Tile:2_flip 3 8 1
Drop 0 0 0
Tile:0 4 7 1
Drop 2 0 0
Tile:3 0 2 1
Drop 0 0 0
Drop 0 0 1
Drop 0 0 0
Drop 0 0 1
GAMEOVER DRAW
# Game ended: Thu Apr 09 16:40:08 EDT 2020
