# Server version 0.08 running on LAPTOP-QJHLSQ4D:8123
# Game ID: 167
# Board class: Saboteur.SaboteurBoard
# Timeout: 20000
# First Move Timeout: 30000
# Date: Sun Apr 05 16:28:51 EDT 2020
# Player 1: Player-0, 'Human', running on LAPTOP-QJHLSQ4D
# Player 2: Player-1, '260760794', running on LAPTOP-QJHLSQ4D
START Player-0 Human
START Player-1 260760794
BoardInit:Tile:0,Tile:8,Tile:5,Bonus,Tile:10,Malus,Tile:9,Tile:11,Tile:13,Tile:6,Tile:8,Tile:8,Map,Destroy,Tile:6,Malus,Tile:5,Tile:7,Tile:9,Tile:14,Bonus,Map,Tile:0,Tile:10,Tile:7,Tile:6,Tile:15,Tile:9,Tile:9,Tile:6,Tile:5,Tile:9,Map,Tile:12,Tile:0,Tile:5,Map,Map,Tile:8,Map,Tile:8-Tile:2,Bonus,Tile:0,Tile:7,Tile:4,Destroy,Tile:7-Tile:3,Tile:10,Tile:6,Bonus,Tile:1,Destroy,Tile:7-Tile:hidden2,Tile:nugget,Tile:hidden1
Tile:2_flip 4 5 1
Tile:6 6 5 0
Tile:7 7 5 1
Tile:8 7 6 0
Tile:5_flip 8 6 1
Drop 3 0 0
Tile:10 7 7 1
Malus 0 0 0
Bonus 0 0 1
Tile:11 7 8 0
Tile:9 8 5 1
Tile:6 9 5 0
Tile:13 10 5 1
Destroy 10 5 0
Map 12 3 1
Tile:8 10 5 0
Tile:6_flip 11 5 1
GAMEOVER WINNER 1
# Game ended: Sun Apr 05 16:29:47 EDT 2020
