# Server version 0.08 running on LAPTOP-QJHLSQ4D:8123
# Game ID: 133
# Board class: Saboteur.SaboteurBoard
# Timeout: 20000
# First Move Timeout: 30000
# Date: Mon Mar 30 17:15:03 EDT 2020
# Player 1: Player-0, '260760794', running on LAPTOP-QJHLSQ4D
# Player 2: Player-1, 'RandomPlayer', running on LAPTOP-QJHLSQ4D
START Player-0 260760794
START Player-1 RandomPlayer
BoardInit:Tile:15,Tile:9,Destroy,Tile:5,Tile:2,Destroy,Tile:10,Tile:13,Tile:12,Tile:14,Bonus,Destroy,Tile:11,Tile:6,Bonus,Tile:6,Tile:7,Bonus,Tile:7,Tile:9,Tile:9,Map,Bonus,Tile:8,Tile:0,Tile:6,Tile:1,Tile:3,Tile:8,Tile:9,Tile:0,Map,Tile:10,Map,Tile:5,Map,Tile:5,Tile:9,Tile:7,Tile:8,Tile:4-Tile:7,Map,Tile:0,Tile:7,Tile:8,Map,Malus-Tile:8,Tile:0,Malus,Tile:6,Tile:5,Tile:10,Tile:6-Tile:hidden2,Tile:nugget,Tile:hidden1
Drop 3 0 1
Malus 0 0 0
Drop 1 0 1
Tile:9_flip 6 5 0
Drop 6 0 1
Tile:5 6 4 0
Drop 2 0 1
Tile:5_flip 7 4 0
Map 12 7 1
Tile:13 7 3 0
Malus 0 0 1
Destroy 6 4 0
Bonus 0 0 1
Destroy 7 3 0
Tile:2 7 3 1
Drop 0 0 0
Tile:0 6 3 1
Drop 5 0 0
Tile:11 5 6 1
Drop 3 0 0
Tile:7 8 3 1
Drop 2 0 0
Tile:10 8 4 1
Map 12 3 0
Drop 0 0 1
Drop 5 0 0
Drop 0 0 1
Drop 0 0 0
Tile:9_flip 5 4 1
Drop 6 0 0
Tile:8 5 7 1
Drop 1 0 0
Tile:0 4 5 1
Map 12 5 0
Drop 4 0 1
Map 12 7 0
Tile:7_flip 3 5 1
Map 12 7 0
Tile:5 6 4 1
Drop 0 0 0
Tile:10 3 4 1
Drop 4 0 0
Tile:7_flip 4 7 1
Bonus 0 0 0
Drop 2 0 1
Tile:8 8 5 0
Tile:5 5 3 1
Tile:8 9 5 0
Tile:4 4 6 1
Tile:9_flip 9 6 0
Tile:7 3 3 1
Tile:6_flip 10 5 0
Drop 1 0 1
Tile:6_flip 11 5 0
Drop 0 0 1
GAMEOVER DRAW
# Game ended: Mon Mar 30 17:15:03 EDT 2020
