# Server version 0.08 running on LAPTOP-QJHLSQ4D:8123
# Game ID: 176
# Board class: Saboteur.SaboteurBoard
# Timeout: 20000
# First Move Timeout: 30000
# Date: Sun Apr 05 17:02:28 EDT 2020
# Player 1: Player-0, '260760794', running on LAPTOP-QJHLSQ4D
# Player 2: Player-1, 'RandomPlayer', running on LAPTOP-QJHLSQ4D
START Player-0 260760794
START Player-1 RandomPlayer
BoardInit:Tile:3,Tile:9,Map,Tile:13,Tile:6,Tile:9,Bonus,Map,Tile:7,Tile:6,Tile:8,Tile:4,Tile:7,Tile:1,Bonus,Tile:9,Map,Tile:10,Tile:5,Tile:11,Tile:6,Tile:9,Tile:8,Tile:9,Tile:15,Malus,Tile:5,Tile:6,Tile:14,Tile:7,Tile:8,Tile:2,Tile:0,Tile:10,Destroy,Tile:5,Map,Tile:0,Bonus,Tile:0,Destroy-Tile:0,Tile:10,Tile:7,Destroy,Map,Tile:5,Tile:7-Map,Tile:6,Tile:12,Malus,Tile:8,Tile:8,Bonus-Tile:hidden1,Tile:hidden2,Tile:nugget
Tile:10 5 4 1
Map 12 3 0
Tile:0 4 5 1
Tile:9_flip 6 5 0
Tile:7_flip 6 6 1
Tile:8 7 6 0
Tile:7 8 6 1
Tile:9 7 5 0
Tile:6_flip 5 3 1
Map 12 5 0
Tile:3 7 4 1
Tile:6 8 5 0
Destroy 7 4 1
Tile:6_flip 9 5 0
Tile:8 8 7 1
Tile:1 10 5 0
Tile:7 6 3 1
Tile:9 9 6 0
Tile:7 10 6 1
Tile:4_flip 10 7 0
Tile:5 4 3 1
Tile:10 8 4 0
Map 12 5 1
Tile:9_flip 9 7 0
Tile:5 8 3 1
Tile:9_flip 9 3 0
Tile:15 6 4 1
Tile:8 9 8 0
Map 12 3 1
Tile:6_flip 10 8 0
Map 12 3 1
Tile:7_flip 10 9 0
Tile:8 11 5 1
Tile:2 11 4 0
Drop 0 0 1
Tile:11 11 6 0
Tile:6_flip 11 8 1
Tile:5_flip 12 8 0
GAMEOVER WINNER 0
# Game ended: Sun Apr 05 17:02:37 EDT 2020
