# Server version 0.08 running on LAPTOP-QJHLSQ4D:8123
# Game ID: 79
# Board class: Saboteur.SaboteurBoard
# Timeout: 20000
# First Move Timeout: 30000
# Date: Mon Mar 30 17:01:13 EDT 2020
# Player 1: Player-0, '260760794', running on LAPTOP-QJHLSQ4D
# Player 2: Player-1, 'RandomPlayer', running on LAPTOP-QJHLSQ4D
START Player-0 260760794
START Player-1 RandomPlayer
BoardInit:Tile:7,Tile:0,Map,Map,Tile:9,Bonus,Tile:4,Tile:12,Destroy,Tile:10,Tile:5,Tile:6,Tile:9,Tile:0,Tile:7,Tile:6,Map,Tile:8,Tile:6,Tile:8,Tile:13,Map,Tile:7,Map,Tile:5,Tile:9,Tile:7,Tile:10,Tile:9,Tile:8,Tile:2,Malus,Tile:8,Bonus,Tile:9,Tile:3,Malus,Tile:7,Tile:1,Tile:6,Map-Tile:0,Tile:14,Tile:15,Tile:5,Tile:11,Tile:5,Bonus-Tile:8,Tile:0,Tile:6,Tile:10,Destroy,Bonus,Destroy-Tile:hidden2,Tile:nugget,Tile:hidden1
Tile:0 4 5 1
Tile:6_flip 6 5 0
Tile:11_flip 5 6 1
Tile:0 7 5 0
Tile:5_flip 8 5 1
Map 12 3 0
Tile:7_flip 3 5 1
Tile:10 8 4 0
Tile:4_flip 6 6 1
Tile:8 8 3 0
Tile:9 5 7 1
Tile:10 8 2 0
Tile:5 4 6 1
Tile:6_flip 8 1 0
Tile:9 7 1 1
Tile:0 7 3 0
Tile:15 4 7 1
Tile:6_flip 6 3 0
Tile:14 6 4 1
Tile:8 7 0 0
Destroy 4 7 1
Tile:0 8 0 0
Tile:6_flip 5 3 1
Map 12 5 0
Tile:7_flip 5 8 1
Map 12 7 0
Map 12 3 1
Tile:9 6 0 0
Tile:7 6 7 1
Tile:10 6 1 0
Tile:13 9 0 1
Tile:8 9 3 0
Tile:5_flip 7 2 1
Malus 0 0 0
Drop 4 0 1
Tile:12 10 3 0
Map 12 7 1
Tile:8 6 8 0
Bonus 0 0 1
Tile:3 7 8 0
Tile:9 9 4 1
Tile:6_flip 10 4 0
Tile:2 3 4 1
Tile:7 11 4 0
Tile:7_flip 6 2 1
Destroy 11 4 0
Map 12 3 1
Destroy 8 1 0
Tile:5_flip 6 9 1
Drop 2 0 0
Tile:1 4 4 1
Drop 0 0 0
Tile:8 5 4 1
Drop 0 0 0
Malus 0 0 1
GAMEOVER DRAW
# Game ended: Mon Mar 30 17:01:13 EDT 2020
