# Server version 0.08 running on LAPTOP-QJHLSQ4D:8123
# Game ID: 127
# Board class: Saboteur.SaboteurBoard
# Timeout: 20000
# First Move Timeout: 30000
# Date: Mon Mar 30 17:14:30 EDT 2020
# Player 1: Player-0, '260760794', running on LAPTOP-QJHLSQ4D
# Player 2: Player-1, 'RandomPlayer', running on LAPTOP-QJHLSQ4D
START Player-0 260760794
START Player-1 RandomPlayer
BoardInit:Tile:7,Tile:9,Tile:0,Tile:6,Tile:8,Bonus,Tile:12,Tile:15,Tile:5,Tile:1,Tile:7,Tile:7,Tile:7,Bonus,Tile:8,Tile:10,Tile:2,Map,Malus,Tile:9,Tile:14,Destroy,Tile:9,Tile:5,Tile:10,Tile:8,Map,Tile:11,Map,Tile:6,Tile:13,Tile:6,Bonus,Tile:9,Tile:9,Tile:6,Bonus,Map,Tile:8,Tile:4,Map-Tile:0,Tile:6,Malus,Tile:7,Destroy,Map,Tile:0-Destroy,Tile:3,Tile:5,Tile:5,Tile:0,Tile:10,Tile:8-Tile:hidden2,Tile:hidden1,Tile:nugget
Drop 2 0 1
Tile:8 6 5 0
Tile:7_flip 6 6 1
Tile:9_flip 6 4 0
Tile:0 4 5 1
Tile:6_flip 6 3 0
Tile:6_flip 3 5 1
Tile:0 7 3 0
Tile:7_flip 2 5 1
Tile:5_flip 8 3 0
Tile:5_flip 5 6 1
Tile:1 7 5 0
Tile:0 7 6 1
Tile:7 8 5 0
Tile:8 5 3 1
Tile:5_flip 8 6 0
Drop 5 0 1
Tile:10 8 2 0
Destroy 4 5 1
Map 12 3 0
Tile:12_flip 4 6 1
Tile:9_flip 8 1 0
Tile:14_flip 2 4 1
Tile:10 8 0 0
Drop 2 0 1
Tile:5 7 1 0
Map 12 3 1
Destroy 8 3 0
Drop 6 0 1
Tile:11_flip 8 3 0
Tile:10 3 6 1
Tile:6 8 4 0
Tile:9 5 4 1
Tile:6_flip 9 4 0
Map 12 7 1
Tile:9_flip 10 4 0
Tile:9 9 5 1
Tile:15 10 3 0
Drop 2 0 1
Map 12 5 0
Tile:8 4 3 1
Tile:6_flip 10 2 0
Drop 0 0 1
Tile:3 11 2 0
Drop 4 0 1
Tile:4_flip 9 6 0
Map 12 3 1
Tile:8 10 5 0
Malus 0 0 1
Destroy 8 3 0
Tile:13 8 3 1
Bonus 0 0 0
Drop 1 0 1
Drop 0 0 0
Drop 0 0 1
GAMEOVER DRAW
# Game ended: Mon Mar 30 17:14:30 EDT 2020
