# Server version 0.08 running on LAPTOP-QJHLSQ4D:8123
# Game ID: 71
# Board class: Saboteur.SaboteurBoard
# Timeout: 20000
# First Move Timeout: 30000
# Date: Mon Mar 30 17:00:15 EDT 2020
# Player 1: Player-0, 'RandomPlayer', running on LAPTOP-QJHLSQ4D
# Player 2: Player-1, '260760794', running on LAPTOP-QJHLSQ4D
START Player-0 RandomPlayer
START Player-1 260760794
BoardInit:Tile:6,Tile:5,Map,Tile:9,Tile:6,Tile:6,Tile:14,Tile:7,Destroy,Tile:7,Tile:6,Bonus,Tile:9,Malus,Destroy,Tile:4,Tile:10,Tile:6,Tile:9,Tile:9,Map,Tile:8,Tile:3,Tile:7,Bonus,Tile:8,Tile:5,Bonus,Tile:0,Tile:10,Bonus,Tile:0,Tile:10,Malus,Map,Tile:7,Tile:1,Tile:13,Tile:0,Tile:5,Destroy-Tile:12,Tile:9,Map,Tile:8,Tile:7,Map,Tile:2-Map,Tile:0,Tile:8,Tile:11,Tile:5,Tile:15,Tile:8-Tile:hidden2,Tile:hidden1,Tile:nugget
Map 12 3 1
Tile:15 5 4 0
Map 12 5 1
Tile:5_flip 6 5 0
Map 12 7 1
Tile:11 6 4 0
Tile:6_flip 7 4 1
Tile:5 6 3 0
Tile:14 7 3 1
Tile:7_flip 7 5 0
Tile:6_flip 7 2 1
Tile:9_flip 8 2 0
Tile:7_flip 8 3 1
Tile:6_flip 8 4 0
Tile:9_flip 8 5 1
Drop 3 0 0
Tile:6 6 2 1
Drop 0 0 0
Tile:9_flip 9 4 1
Drop 5 0 0
Tile:9_flip 8 6 1
Tile:9 9 5 0
Tile:2_flip 10 5 1
Tile:6 4 5 0
Tile:10 10 4 1
Tile:8 6 1 0
Tile:8 11 5 1
Tile:7_flip 3 5 0
Tile:3_flip 11 6 1
Tile:8 8 1 0
Tile:5_flip 12 6 1
Tile:7_flip 5 2 0
Tile:0 7 6 1
Drop 1 0 0
Tile:10 9 6 1
Tile:8 5 1 0
Tile:12_flip 6 6 1
Tile:7 5 3 0
Tile:1 9 1 1
Tile:13 9 3 0
Tile:0 10 1 1
Tile:5 6 0 0
Destroy 11 6 1
Malus 0 0 0
Destroy 8 3 1
Tile:0 7 1 0
Destroy 7 2 1
Tile:0 7 0 0
Drop 0 0 1
Tile:10 9 7 0
Map 12 5 1
Malus 0 0 0
Drop 0 0 1
Drop 0 0 0
Bonus 0 0 1
GAMEOVER DRAW
# Game ended: Mon Mar 30 17:00:15 EDT 2020
