# Server version 0.08 running on LAPTOP-QJHLSQ4D:8123
# Game ID: 290
# Board class: Saboteur.SaboteurBoard
# Timeout: 20000
# First Move Timeout: 30000
# Date: Thu Apr 09 16:59:30 EDT 2020
# Player 1: Player-0, '260779480', running on LAPTOP-QJHLSQ4D
# Player 2: Player-1, 'RandomPlayer', running on LAPTOP-QJHLSQ4D
START Player-0 260779480
START Player-1 RandomPlayer
BoardInit:Tile:8,Tile:14,Tile:6,Tile:10,Map,Malus,Tile:8,Tile:5,Tile:8,Tile:4,Tile:0,Map,Tile:5,Tile:2,Tile:6,Tile:9,Tile:13,Tile:0,Map,Tile:12,Malus,Tile:10,Tile:5,Tile:7,Tile:5,Bonus,Tile:6,Tile:7,Tile:9,Bonus,Tile:7,Tile:8,Map,Tile:6,Tile:8,Tile:1,Bonus,Map,Tile:0,Destroy,Bonus-Tile:7,Destroy,Tile:7,Tile:9,Tile:10,Tile:9,Tile:11-Destroy,Tile:3,Map,Tile:15,Tile:6,Tile:0,Tile:9-Tile:hidden1,Tile:hidden2,Tile:nugget
Tile:9 4 5 1
Map 12 3 0
Tile:7 4 4 1
Tile:6 6 5 0
Tile:7_flip 5 6 1
Tile:9_flip 7 5 0
Tile:10 4 6 1
Tile:10 7 4 0
Drop 0 0 1
Tile:5 7 3 0
Map 12 7 1
Tile:0 8 3 0
Tile:11_flip 6 4 1
Map 12 7 0
Tile:5 5 4 1
Malus 0 0 0
Drop 5 0 1
Tile:9_flip 9 3 0
Drop 3 0 1
Drop 5 0 0
Map 12 7 1
Drop 1 0 0
Drop 3 0 1
Tile:10 9 2 0
Drop 5 0 1
Tile:7 9 1 0
Drop 0 0 1
Drop 1 0 0
Drop 5 0 1
Tile:7_flip 9 4 0
Drop 0 0 1
Tile:0 10 4 0
Drop 6 0 1
Tile:8 11 4 0
Drop 3 0 1
Drop 1 0 0
Drop 2 0 1
Drop 6 0 0
Map 12 7 1
Map 12 5 0
Drop 4 0 1
Drop 1 0 0
Bonus 0 0 1
Drop 1 0 0
Tile:6 7 6 1
Drop 0 0 0
Tile:6 8 6 1
Drop 3 0 0
Tile:6_flip 6 6 1
Drop 2 0 0
Tile:9_flip 11 5 1
Drop 1 0 0
Tile:0 10 5 1
Drop 0 0 0
Drop 0 0 1
GAMEOVER DRAW
# Game ended: Thu Apr 09 16:59:39 EDT 2020
