# Server version 0.08 running on LAPTOP-QJHLSQ4D:8123
# Game ID: 59
# Board class: Saboteur.SaboteurBoard
# Timeout: 20000
# First Move Timeout: 30000
# Date: Sat Mar 28 16:06:50 EDT 2020
# Player 1: Player-0, '260760794', running on LAPTOP-QJHLSQ4D
# Player 2: Player-1, 'Human', running on LAPTOP-QJHLSQ4D
START Player-0 260760794
START Player-1 Human
BoardInit:Destroy,Tile:5,Tile:11,Tile:8,Tile:0,Tile:7,Tile:9,Map,Bonus,Tile:0,Tile:9,Tile:13,Tile:10,Tile:10,Bonus,Tile:9,Tile:6,Destroy,Bonus,Tile:10,Tile:9,Tile:5,Tile:3,Tile:7,Tile:2,Map,Map,Malus,Tile:5,Map,Map,Tile:12,Tile:6,Tile:8,Tile:8,Tile:6,Tile:7,Destroy,Tile:4,Tile:7,Tile:1-Malus,Tile:8,Tile:6,Map,Tile:0,Tile:5,Tile:8-Tile:15,Tile:14,Tile:6,Bonus,Tile:0,Tile:9,Tile:7-Tile:nugget,Tile:hidden2,Tile:hidden1
Tile:0 6 5 1
Tile:7 7 5 0
Tile:6 7 6 1
Tile:5 6 6 0
Tile:8 8 6 1
Tile:8 9 6 0
Tile:0 10 6 1
Tile:0 11 6 0
Tile:9_flip 12 6 1
Map 12 3 0
Tile:8 12 4 1
GAMEOVER WINNER 1
# Game ended: Sat Mar 28 16:07:23 EDT 2020
