# Server version 0.08 running on LAPTOP-QJHLSQ4D:8123
# Game ID: 195
# Board class: Saboteur.SaboteurBoard
# Timeout: 20000
# First Move Timeout: 30000
# Date: Sun Apr 05 17:36:55 EDT 2020
# Player 1: Player-0, '260760794', running on LAPTOP-QJHLSQ4D
# Player 2: Player-1, 'RandomPlayer', running on LAPTOP-QJHLSQ4D
START Player-0 260760794
START Player-1 RandomPlayer
BoardInit:Tile:3,Tile:8,Tile:14,Tile:6,Tile:5,Tile:0,Tile:0,Tile:1,Map,Bonus,Tile:2,Destroy,Tile:6,Tile:9,Map,Map,Tile:9,Malus,Tile:13,Tile:8,Tile:4,Bonus,Malus,Bonus,Tile:11,Tile:8,Tile:6,Map,Tile:15,Tile:10,Destroy,Tile:7,Tile:9,Tile:7,Tile:10,Tile:7,Tile:8,Tile:6,Tile:5,Tile:9,Tile:6-Tile:10,Map,Bonus,Destroy,Map,Tile:5,Tile:7-Tile:0,Tile:9,Tile:7,Tile:5,Tile:0,Tile:12,Tile:8-Tile:nugget,Tile:hidden2,Tile:hidden1
Tile:5_flip 6 5 1
Tile:8 6 4 0
Destroy 6 4 1
Tile:8 6 4 0
Tile:7 6 3 1
Tile:6_flip 7 4 0
Drop 2 0 1
Tile:5_flip 8 4 0
Drop 2 0 1
Tile:7_flip 7 5 0
Tile:14_flip 5 3 1
Tile:9_flip 8 3 0
Tile:3 8 5 1
Destroy 8 5 0
Map 12 7 1
Tile:9_flip 8 2 0
Drop 0 0 1
Map 12 3 0
Tile:5 4 5 1
Malus 0 0 0
Map 12 3 1
Tile:8 7 2 0
Map 12 7 1
Tile:0 8 5 0
Drop 5 0 1
Tile:1 6 2 0
Drop 0 0 1
Tile:8 9 5 0
Drop 6 0 1
Tile:0 10 5 0
Drop 1 0 1
Tile:10 9 4 0
Destroy 7 4 1
Tile:7_flip 7 3 0
Drop 0 0 1
Tile:7_flip 4 6 0
Drop 4 0 1
Tile:7_flip 5 2 0
Drop 0 0 1
Tile:6_flip 11 5 0
Drop 4 0 1
Tile:9_flip 5 6 0
Drop 5 0 1
Map 12 5 0
Drop 4 0 1
Drop 3 0 0
Drop 3 0 1
Drop 0 0 0
Drop 2 0 1
Drop 2 0 0
Drop 0 0 1
Drop 0 0 0
Malus 0 0 1
Bonus 0 0 0
Drop 0 0 1
GAMEOVER DRAW
# Game ended: Sun Apr 05 17:37:04 EDT 2020
