# Server version 0.08 running on LAPTOP-QJHLSQ4D:8123
# Game ID: 208
# Board class: Saboteur.SaboteurBoard
# Timeout: 20000
# First Move Timeout: 30000
# Date: Sun Apr 05 17:53:10 EDT 2020
# Player 1: Player-0, 'RandomPlayer', running on LAPTOP-QJHLSQ4D
# Player 2: Player-1, '260760794', running on LAPTOP-QJHLSQ4D
START Player-0 RandomPlayer
START Player-1 260760794
BoardInit:Malus,Tile:7,Bonus,Tile:6,Bonus,Tile:6,Tile:8,Tile:9,Tile:10,Tile:0,Tile:6,Tile:0,Destroy,Map,Tile:7,Tile:2,Tile:8,Tile:4,Malus,Tile:9,Tile:8,Tile:15,Tile:5,Tile:3,Tile:9,Tile:0,Tile:7,Tile:12,Tile:8,Tile:11,Tile:7,Map,Tile:14,Tile:10,Tile:10,Tile:9,Tile:13,Tile:5,Map,Tile:5,Map-Destroy,Tile:5,Bonus,Tile:0,Map,Tile:7,Tile:9-Tile:6,Bonus,Tile:1,Tile:6,Destroy,Tile:8,Map-Tile:nugget,Tile:hidden1,Tile:hidden2
Map 12 3 1
Drop 3 0 0
Tile:9_flip 6 5 1
Drop 1 0 0
Tile:7 6 4 1
Tile:6 6 6 0
Tile:5_flip 7 6 1
Tile:6_flip 4 5 0
Malus 0 0 1
Drop 3 0 0
Tile:10 7 5 1
Drop 3 0 0
Destroy 7 5 1
Drop 0 0 0
Destroy 6 4 1
Destroy 4 5 0
Tile:7 6 4 1
Map 12 7 0
Drop 5 0 1
Drop 3 0 0
Malus 0 0 1
Drop 2 0 0
Tile:8 5 4 1
Drop 0 0 0
Tile:5 7 5 1
Drop 2 0 0
Tile:9_flip 8 5 1
Drop 0 0 0
Tile:7 8 4 1
Drop 5 0 0
Tile:0 4 4 1
Drop 0 0 0
Tile:7_flip 7 4 1
Map 12 3 0
Tile:8 7 3 1
Drop 3 0 0
Tile:10 7 2 1
Drop 3 0 0
Tile:8 7 1 1
Drop 6 0 0
Tile:8 8 1 1
Drop 2 0 0
Tile:13 5 3 1
Drop 1 0 0
Drop 4 0 1
Drop 3 0 0
Tile:14_flip 3 4 1
Drop 0 0 0
Map 12 7 1
Drop 2 0 0
Drop 0 0 1
Drop 0 0 0
Drop 1 0 1
Drop 0 0 0
Drop 0 0 1
GAMEOVER DRAW
# Game ended: Sun Apr 05 17:53:20 EDT 2020
