# Server version 0.08 running on LAPTOP-QJHLSQ4D:8123
# Game ID: 350
# Board class: Saboteur.SaboteurBoard
# Timeout: 20000
# First Move Timeout: 30000
# Date: Thu Apr 09 18:36:46 EDT 2020
# Player 1: Player-0, '260779480', running on LAPTOP-QJHLSQ4D
# Player 2: Player-1, '260779480', running on LAPTOP-QJHLSQ4D
START Player-0 260779480
START Player-1 260779480
BoardInit:Tile:6,Tile:8,Tile:1,Tile:9,Tile:7,Tile:9,Tile:7,Tile:15,Tile:5,Tile:7,Tile:6,Tile:9,Tile:4,Tile:10,Tile:7,Tile:11,Tile:0,Malus,Tile:8,Tile:6,Bonus,Tile:0,Map,Tile:10,Tile:8,Tile:6,Tile:5,Tile:9,Map,Destroy,Destroy,Tile:14,Tile:2,Tile:0,Bonus,Tile:9,Tile:6,Malus,Map,Tile:5,Tile:0-Destroy,Bonus,Tile:12,Bonus,Tile:10,Tile:13,Tile:3-Map,Tile:5,Map,Tile:8,Tile:8,Tile:7,Map-Tile:hidden2,Tile:nugget,Tile:hidden1
Drop 5 0 1
Map 12 3 0
Tile:6 6 5 1
Map 12 7 0
Drop 5 0 1
Map 12 5 0
Tile:7 7 5 1
Tile:8 7 6 0
Tile:7 8 6 1
Tile:8 8 7 0
Tile:5_flip 9 7 1
Tile:9 9 6 0
Tile:6 10 6 1
Tile:8 11 6 0
Drop 5 0 1
Tile:9_flip 12 6 0
GAMEOVER WINNER 0
# Game ended: Thu Apr 09 18:36:55 EDT 2020
