# Server version 0.08 running on LAPTOP-QJHLSQ4D:8123
# Game ID: 268
# Board class: Saboteur.SaboteurBoard
# Timeout: 20000
# First Move Timeout: 30000
# Date: Thu Apr 09 16:38:41 EDT 2020
# Player 1: Player-0, '260760794', running on LAPTOP-QJHLSQ4D
# Player 2: Player-1, 'RandomPlayer', running on LAPTOP-QJHLSQ4D
START Player-0 260760794
START Player-1 RandomPlayer
BoardInit:Malus,Bonus,Bonus,Tile:9,Tile:8,Bonus,Tile:7,Malus,Tile:5,Tile:15,Map,Bonus,Tile:9,Tile:8,Tile:5,Tile:8,Tile:2,Map,Map,Destroy,Tile:6,Tile:0,Tile:10,Map,Tile:0,Map,Tile:7,Tile:7,Tile:6,Destroy,Tile:5,Tile:7,Tile:10,Tile:3,Tile:9,Tile:12,Tile:8,Tile:6,Tile:0,Tile:8,Tile:5-Tile:10,Tile:14,Tile:9,Tile:4,Map,Tile:6,Tile:6-Tile:0,Destroy,Tile:9,Tile:11,Tile:13,Tile:7,Tile:1-Tile:hidden1,Tile:hidden2,Tile:nugget
Map 12 7 1
Tile:13 4 5 0
Tile:9_flip 5 6 1
Tile:9 4 4 0
Tile:6 5 7 1
Tile:7 5 4 0
Drop 2 0 1
Tile:9 4 6 0
Tile:6_flip 3 5 1
Malus 0 0 0
Drop 4 0 1
Drop 1 0 0
Drop 0 0 1
Tile:0 6 5 0
Map 12 7 1
Tile:15 3 6 0
Drop 6 0 1
Tile:8 3 7 0
Drop 2 0 1
Map 12 3 0
Drop 6 0 1
Tile:8 7 5 0
Drop 3 0 1
Drop 6 0 0
Drop 5 0 1
Map 12 3 0
Drop 0 0 1
Map 12 3 0
Drop 6 0 1
Drop 5 0 0
Drop 1 0 1
Tile:11 2 7 0
Drop 4 0 1
Tile:7 4 3 0
Drop 0 0 1
Destroy 5 7 0
Drop 3 0 1
Tile:1 2 5 0
Drop 6 0 1
Tile:7 8 5 0
Drop 2 0 1
Drop 1 0 0
Drop 0 0 1
Tile:6 1 5 0
Drop 4 0 1
Tile:3_flip 8 6 0
Drop 2 0 1
Tile:8 1 4 0
Drop 0 0 1
Drop 0 0 0
Drop 0 0 1
Drop 1 0 0
Drop 1 0 1
Drop 0 0 0
Drop 0 0 1
GAMEOVER DRAW
# Game ended: Thu Apr 09 16:38:50 EDT 2020
