# Server version 0.08 running on LAPTOP-QJHLSQ4D:8123
# Game ID: 309
# Board class: Saboteur.SaboteurBoard
# Timeout: 20000
# First Move Timeout: 30000
# Date: Thu Apr 09 17:27:50 EDT 2020
# Player 1: Player-0, 'RandomPlayer', running on LAPTOP-QJHLSQ4D
# Player 2: Player-1, '260779480', running on LAPTOP-QJHLSQ4D
START Player-0 RandomPlayer
START Player-1 260779480
BoardInit:Tile:5,Bonus,Tile:8,Bonus,Tile:5,Tile:7,Tile:1,Tile:0,Tile:9,Tile:6,Tile:7,Tile:12,Destroy,Map,Map,Tile:14,Tile:9,Tile:6,Tile:9,Map,Tile:6,Tile:9,Tile:15,Tile:6,Destroy,Map,Tile:4,Tile:9,Tile:5,Map,Tile:7,Tile:0,Tile:13,Tile:8,Destroy,Tile:8,Tile:10,Malus,Tile:8,Bonus,Tile:10-Tile:3,Tile:2,Tile:5,Tile:7,Malus,Tile:10,Map-Tile:0,Tile:6,Bonus,Tile:0,Tile:11,Tile:8,Tile:7-Tile:hidden2,Tile:nugget,Tile:hidden1
Map 12 3 1
Tile:7 5 4 0
Tile:5_flip 6 5 1
Tile:6_flip 4 4 0
Tile:10 6 4 1
Tile:8 5 6 0
Tile:8 6 3 1
Tile:11 4 5 0
Tile:7 7 3 1
Tile:0 6 6 0
Tile:9 7 4 1
Tile:6 5 7 0
Tile:5_flip 8 4 1
Drop 4 0 0
Tile:5 8 3 1
Drop 3 0 0
Map 12 7 1
Drop 0 0 0
Malus 0 0 1
Map 12 7 0
Tile:9_flip 9 3 1
Drop 6 0 0
Tile:9 9 4 1
Drop 3 0 0
Tile:6 10 4 1
Drop 5 0 0
Drop 1 0 1
Map 12 5 0
Drop 0 0 1
Drop 6 0 0
Drop 0 0 1
Drop 3 0 0
Drop 2 0 1
Map 12 7 0
Drop 6 0 1
Drop 0 0 0
Drop 3 0 1
Drop 4 0 0
Drop 1 0 1
Bonus 0 0 0
Tile:8 11 4 1
Tile:8 6 2 0
Drop 1 0 1
Tile:6_flip 9 2 0
Drop 3 0 1
Drop 3 0 0
Drop 0 0 1
Tile:0 6 7 0
Drop 0 0 1
Tile:8 10 2 0
Drop 0 0 1
Tile:6 8 2 0
Drop 0 0 1
Drop 0 0 0
Drop 0 0 1
GAMEOVER DRAW
# Game ended: Thu Apr 09 17:27:59 EDT 2020
