# Server version 0.08 running on LAPTOP-QJHLSQ4D:8123
# Game ID: 199
# Board class: Saboteur.SaboteurBoard
# Timeout: 20000
# First Move Timeout: 30000
# Date: Sun Apr 05 17:38:36 EDT 2020
# Player 1: Player-0, '260760794', running on LAPTOP-QJHLSQ4D
# Player 2: Player-1, '260760794', running on LAPTOP-QJHLSQ4D
START Player-0 260760794
START Player-1 260760794
BoardInit:Tile:8,Map,Tile:10,Tile:5,Tile:5,Tile:10,Tile:0,Map,Tile:9,Tile:7,Bonus,Tile:6,Map,Map,Tile:13,Tile:6,Tile:7,Tile:8,Map,Bonus,Tile:5,Tile:12,Malus,Tile:10,Tile:5,Tile:7,Tile:6,Tile:0,Tile:9,Bonus,Tile:6,Tile:2,Tile:0,Tile:11,Tile:1,Tile:8,Tile:9,Destroy,Destroy,Tile:9,Tile:3-Tile:4,Tile:8,Tile:14,Tile:0,Tile:15,Malus,Map-Bonus,Tile:7,Destroy,Tile:9,Tile:8,Tile:6,Tile:7-Tile:hidden1,Tile:nugget,Tile:hidden2
Map 12 3 1
Tile:7 6 5 0
Tile:8 6 6 1
Map 12 3 0
Tile:8 7 6 1
Tile:5_flip 8 6 0
Tile:5 8 5 1
Tile:7 9 5 0
Tile:10 9 6 1
Map 12 5 0
Tile:9_flip 9 7 1
Tile:10 7 5 0
Malus 0 0 1
Bonus 0 0 0
Map 12 5 1
Map 12 7 0
Drop 0 0 1
Tile:6_flip 8 7 0
Tile:7_flip 9 8 1
Tile:8 10 8 0
Tile:13 11 8 1
Tile:8 11 7 0
Tile:5_flip 12 8 1
Tile:6 11 9 0
Tile:15 11 6 1
Tile:6 10 9 0
Tile:0 12 9 1
Tile:9 10 7 0
Tile:5 12 6 1
Tile:10 10 6 0
Tile:14_flip 10 5 1
Tile:7 13 6 0
Tile:6 13 7 1
Tile:7 13 9 0
Tile:6_flip 7 4 1
Destroy 12 6 0
Tile:9 12 6 1
GAMEOVER WINNER 1
# Game ended: Sun Apr 05 17:38:45 EDT 2020
