# Server version 0.08 running on LAPTOP-QJHLSQ4D:8123
# Game ID: 237
# Board class: Saboteur.SaboteurBoard
# Timeout: 20000
# First Move Timeout: 30000
# Date: Mon Apr 06 15:55:41 EDT 2020
# Player 1: Player-0, '260760794', running on LAPTOP-QJHLSQ4D
# Player 2: Player-1, 'RandomPlayer', running on LAPTOP-QJHLSQ4D
START Player-0 260760794
START Player-1 RandomPlayer
BoardInit:Malus,Tile:6,Tile:0,Tile:7,Tile:13,Tile:9,Destroy,Tile:10,Tile:6,Tile:5,Tile:15,Map,Tile:11,Tile:6,Destroy,Tile:8,Bonus,Tile:7,Map,Tile:5,Tile:9,Tile:9,Tile:2,Tile:5,Map,Tile:14,Map,Bonus,Tile:0,Tile:8,Tile:8,Tile:8,Tile:0,Bonus,Tile:4,Tile:7,Tile:6,Tile:10,Tile:6,Tile:5,Map-Tile:10,Malus,Tile:8,Tile:7,Tile:12,Tile:9,Bonus-Tile:7,Map,Tile:9,Tile:1,Tile:3,Tile:0,Destroy-Tile:hidden2,Tile:nugget,Tile:hidden1
Malus 0 0 1
Map 12 3 0
Tile:7_flip 5 6 1
Drop 6 0 0
Tile:9_flip 6 5 1
Destroy 6 5 0
Drop 6 0 1
Drop 6 0 0
Tile:0 6 6 1
Drop 6 0 0
Destroy 5 6 1
Drop 6 0 0
Drop 0 0 1
Map 12 5 0
Tile:6 6 5 1
Drop 6 0 0
Tile:8 5 4 1
Drop 6 0 0
Drop 1 0 1
Drop 6 0 0
Tile:11_flip 6 4 1
Drop 6 0 0
Drop 5 0 1
Drop 6 0 0
Drop 4 0 1
Drop 6 0 0
Tile:9 4 4 1
Drop 6 0 0
Tile:2 5 3 1
Drop 6 0 0
Tile:12 7 5 1
Drop 6 0 0
Tile:8 4 5 1
Drop 6 0 0
Destroy 6 5 1
Drop 6 0 0
Map 12 5 1
Drop 6 0 0
Tile:0 7 6 1
Drop 6 0 0
Tile:6 3 5 1
Drop 6 0 0
Map 12 7 1
Drop 4 0 0
Drop 4 0 1
Drop 3 0 0
Tile:15 3 4 1
Drop 2 0 0
Drop 0 0 1
Drop 0 0 0
Tile:4 3 3 1
Drop 0 0 0
Drop 1 0 1
Drop 0 0 0
Drop 0 0 1
GAMEOVER DRAW
# Game ended: Mon Apr 06 15:55:50 EDT 2020
