# Server version 0.08 running on LAPTOP-QJHLSQ4D:8123
# Game ID: 284
# Board class: Saboteur.SaboteurBoard
# Timeout: 20000
# First Move Timeout: 30000
# Date: Thu Apr 09 16:56:28 EDT 2020
# Player 1: Player-0, '260779480', running on LAPTOP-QJHLSQ4D
# Player 2: Player-1, '260779480', running on LAPTOP-QJHLSQ4D
START Player-0 260779480
START Player-1 260779480
BoardInit:Tile:15,Tile:4,Tile:7,Tile:8,Tile:1,Tile:9,Tile:8,Tile:10,Tile:8,Destroy,Tile:2,Tile:8,Tile:6,Tile:9,Tile:0,Map,Tile:7,Destroy,Malus,Tile:14,Tile:6,Map,Tile:11,Tile:5,Tile:0,Bonus,Tile:8,Tile:9,Tile:7,Map,Tile:0,Tile:7,Bonus,Bonus,Tile:6,Tile:3,Tile:7,Tile:12,Map,Map,Tile:5-Tile:13,Tile:6,Bonus,Tile:6,Tile:10,Tile:5,Tile:5-Tile:10,Map,Malus,Tile:0,Tile:9,Tile:9,Destroy-Tile:hidden2,Tile:nugget,Tile:hidden1
Drop 0 0 1
Map 12 3 0
Tile:6 6 5 1
Tile:9_flip 7 5 0
Tile:6 7 6 1
Tile:8 8 6 0
Tile:5_flip 9 6 1
Malus 0 0 0
Bonus 0 0 1
Tile:9 9 5 0
Tile:8 10 5 1
Tile:0 11 5 0
GAMEOVER WINNER 0
# Game ended: Thu Apr 09 16:56:37 EDT 2020
