# Server version 0.08 running on LAPTOP-QJHLSQ4D:8123
# Game ID: 22
# Board class: Saboteur.SaboteurBoard
# Timeout: 20000
# First Move Timeout: 30000
# Date: Wed Mar 25 21:39:30 EDT 2020
# Player 1: Player-0, '260760794', running on LAPTOP-QJHLSQ4D
# Player 2: Player-1, 'Human', running on LAPTOP-QJHLSQ4D
START Player-0 260760794
START Player-1 Human
BoardInit:Tile:6,Tile:9,Tile:10,Tile:5,Bonus,Tile:4,Tile:5,Malus,Tile:10,Bonus,Tile:9,Tile:5,Bonus,Tile:15,Malus,Tile:14,Map,Tile:10,Map,Tile:8,Tile:0,Tile:8,Destroy,Bonus,Tile:2,Tile:9,Tile:6,Tile:6,Map,Tile:5,Destroy,Map,Tile:13,Tile:3,Tile:0,Tile:0,Tile:12,Tile:6,Tile:1,Tile:9,Destroy-Map,Tile:7,Tile:6,Tile:7,Tile:11,Tile:9,Tile:8-Tile:7,Tile:0,Tile:8,Tile:7,Tile:8,Map,Tile:7-Tile:hidden1,Tile:nugget,Tile:hidden2
Map 12 5 1
Drop 0 0 0
Tile:8 6 5 1
Drop 0 0 0
Tile:6 7 5 1
Drop 0 0 0
Tile:6 8 5 1
Drop 0 0 0
Tile:7 9 5 1
Malus 0 0 0
Bonus 0 0 1
Drop 0 0 0
Tile:5 7 4 1
Drop 0 0 0
