# Server version 0.08 running on LAPTOP-QJHLSQ4D:8123
# Game ID: 227
# Board class: Saboteur.SaboteurBoard
# Timeout: 20000
# First Move Timeout: 30000
# Date: Mon Apr 06 15:30:07 EDT 2020
# Player 1: Player-0, 'RandomPlayer', running on LAPTOP-QJHLSQ4D
# Player 2: Player-1, '260760794', running on LAPTOP-QJHLSQ4D
START Player-0 RandomPlayer
START Player-1 260760794
BoardInit:Tile:6,Map,Tile:7,Tile:5,Destroy,Bonus,Tile:15,Map,Tile:7,Tile:4,Tile:6,Tile:12,Map,Tile:7,Tile:5,Tile:6,Tile:5,Tile:2,Tile:6,Tile:0,Tile:5,Tile:7,Map,Bonus,Tile:0,Tile:9,Tile:0,Bonus,Bonus,Map,Tile:8,Tile:13,Tile:6,Tile:9,Tile:9,Tile:10,Malus,Tile:14,Tile:9,Tile:8,Tile:8-Tile:3,Malus,Tile:1,Tile:8,Tile:0,Tile:10,Destroy-Tile:9,Tile:10,Tile:11,Map,Destroy,Tile:8,Tile:7-Tile:nugget,Tile:hidden1,Tile:hidden2
Malus 0 0 1
Map 12 3 0
Tile:6_flip 6 5 1
Drop 5 0 0
Tile:7 7 5 1
Drop 6 0 0
Tile:10 7 6 1
Map 12 7 0
Tile:8 7 7 1
Drop 3 0 0
Tile:7 8 7 1
Drop 1 0 0
Tile:6 8 8 1
Drop 6 0 0
Map 12 3 1
Map 12 5 0
Tile:5_flip 9 8 1
Drop 1 0 0
Tile:5 9 7 1
Drop 3 0 0
Tile:6_flip 10 7 1
Drop 2 0 0
Tile:5_flip 11 7 1
Drop 0 0 0
Destroy 11 7 1
Drop 5 0 0
Destroy 10 7 1
Drop 0 0 0
Tile:0 4 5 1
Drop 2 0 0
Tile:3 5 4 1
Bonus 0 0 0
Tile:8 10 7 1
Tile:9_flip 11 7 0
Tile:6_flip 11 6 1
Tile:6_flip 3 5 0
Tile:9_flip 12 6 1
Tile:7_flip 7 8 0
Malus 0 0 1
Bonus 0 0 0
Tile:9_flip 12 4 1
GAMEOVER WINNER 1
# Game ended: Mon Apr 06 15:30:16 EDT 2020
