# Server version 0.08 running on LAPTOP-QJHLSQ4D:8123
# Game ID: 95
# Board class: Saboteur.SaboteurBoard
# Timeout: 20000
# First Move Timeout: 30000
# Date: Mon Mar 30 17:06:13 EDT 2020
# Player 1: Player-0, '260760794', running on LAPTOP-QJHLSQ4D
# Player 2: Player-1, 'RandomPlayer', running on LAPTOP-QJHLSQ4D
START Player-0 260760794
START Player-1 RandomPlayer
BoardInit:Bonus,Tile:13,Tile:8,Tile:8,Tile:9,Tile:12,Bonus,Map,Tile:5,Bonus,Tile:10,Map,Tile:0,Tile:14,Tile:5,Malus,Malus,Tile:7,Tile:6,Tile:8,Tile:1,Tile:0,Tile:7,Tile:6,Map,Destroy,Tile:6,Tile:7,Tile:5,Destroy,Tile:0,Tile:7,Map,Tile:3,Map,Map,Tile:10,Tile:7,Tile:8,Tile:11,Tile:15-Tile:9,Tile:9,Tile:10,Bonus,Tile:4,Tile:2,Destroy-Tile:9,Tile:9,Tile:6,Tile:6,Tile:0,Tile:5,Tile:8-Tile:hidden2,Tile:hidden1,Tile:nugget
Tile:9 5 6 1
Tile:8 6 6 0
Tile:2 4 5 1
Tile:13 6 7 0
Drop 1 0 1
Tile:9 6 8 0
Tile:9_flip 7 6 1
Tile:9 6 9 0
Tile:9_flip 7 7 1
Map 12 3 0
Tile:5 3 5 1
Tile:6 7 8 0
Destroy 7 6 1
Map 12 5 0
Tile:0 8 8 1
Tile:6 6 10 0
Drop 0 0 1
Malus 0 0 0
Drop 3 0 1
Tile:0 7 9 0
Drop 4 0 1
Tile:5_flip 9 8 0
Drop 5 0 1
Tile:8 9 7 0
Drop 0 0 1
Tile:0 10 7 0
Map 12 7 1
Tile:6_flip 11 7 0
Drop 2 0 1
Tile:14 11 8 0
Drop 4 0 1
Tile:12 7 10 0
Drop 6 0 1
Tile:7 9 6 0
Bonus 0 0 1
Tile:3_flip 8 7 0
Tile:5_flip 4 6 1
Map 12 7 0
Map 12 7 1
Tile:7 6 5 0
Map 12 3 1
Tile:11_flip 7 6 0
Tile:6_flip 8 9 1
Tile:7 9 9 0
Tile:15 8 10 1
Tile:8 8 11 0
Tile:8 8 12 1
Tile:7 9 11 0
Tile:8 5 7 1
Destroy 9 8 0
Malus 0 0 1
Destroy 6 5 0
Tile:1 4 7 1
Drop 0 0 0
Tile:10 5 8 1
GAMEOVER DRAW
# Game ended: Mon Mar 30 17:06:13 EDT 2020
