# Server version 0.08 running on LAPTOP-QJHLSQ4D:8123
# Game ID: 131
# Board class: Saboteur.SaboteurBoard
# Timeout: 20000
# First Move Timeout: 30000
# Date: Mon Mar 30 17:14:56 EDT 2020
# Player 1: Player-0, '260760794', running on LAPTOP-QJHLSQ4D
# Player 2: Player-1, 'RandomPlayer', running on LAPTOP-QJHLSQ4D
START Player-0 260760794
START Player-1 RandomPlayer
BoardInit:Tile:10,Map,Tile:0,Tile:9,Tile:9,Tile:0,Tile:7,Tile:5,Tile:4,Tile:5,Destroy,Bonus,Tile:7,Bonus,Tile:9,Bonus,Tile:6,Tile:8,Tile:7,Tile:9,Tile:8,Bonus,Tile:3,Tile:8,Tile:8,Tile:6,Tile:8,Tile:7,Tile:10,Tile:14,Destroy,Malus,Map,Tile:0,Tile:5,Tile:6,Tile:6,Tile:1,Destroy,Map,Malus-Map,Tile:10,Tile:15,Tile:13,Tile:7,Tile:11,Tile:9-Tile:5,Tile:6,Map,Tile:0,Map,Tile:2,Tile:12-Tile:nugget,Tile:hidden1,Tile:hidden2
Tile:9 5 6 1
Map 12 3 0
Tile:13 4 5 1
Map 12 5 0
Tile:11 3 5 1
Map 12 7 0
Tile:9_flip 6 5 1
Tile:9_flip 6 4 0
Tile:10 6 3 1
Tile:5 6 2 0
Tile:7 3 4 1
Tile:6 6 6 0
Destroy 5 6 1
Tile:5_flip 7 2 0
Tile:0 2 4 1
Tile:0 7 6 0
Tile:9_flip 8 6 1
Tile:5 7 1 0
Tile:6 3 6 1
Tile:8 8 1 0
Tile:15 8 2 1
Tile:9_flip 8 3 0
Drop 5 0 1
Tile:12_flip 7 3 0
Tile:7 8 0 1
Tile:8 8 4 0
Tile:8 5 4 1
Tile:6_flip 9 4 0
Tile:8 2 6 1
Tile:7 10 4 0
Map 12 3 1
Tile:2_flip 10 5 0
Tile:7_flip 7 0 1
Malus 0 0 0
Destroy 10 4 1
Tile:0 9 1 0
Drop 2 0 1
Tile:6_flip 10 4 0
Map 12 5 1
Tile:1 11 4 0
Destroy 6 4 1
Tile:14 8 7 0
Drop 5 0 1
Tile:0 12 4 0
Drop 4 0 1
Drop 2 0 0
Drop 3 0 1
Drop 3 0 0
Drop 2 0 1
Drop 2 0 0
Drop 0 0 1
Drop 0 0 0
Malus 0 0 1
Drop 0 0 0
Drop 0 0 1
GAMEOVER DRAW
# Game ended: Mon Mar 30 17:14:56 EDT 2020
