# Server version 0.08 running on LAPTOP-QJHLSQ4D:8123
# Game ID: 43
# Board class: Saboteur.SaboteurBoard
# Timeout: 20000
# First Move Timeout: 30000
# Date: Fri Mar 27 15:24:55 EDT 2020
# Player 1: Player-0, '260760794', running on LAPTOP-QJHLSQ4D
# Player 2: Player-1, 'Human', running on LAPTOP-QJHLSQ4D
START Player-0 260760794
START Player-1 Human
BoardInit:Tile:9,Tile:9,Tile:5,Tile:0,Tile:9,Tile:0,Map,Tile:6,Tile:7,Tile:4,Tile:1,Map,Bonus,Tile:9,Tile:10,Tile:7,Destroy,Tile:8,Tile:5,Destroy,Map,Tile:12,Map,Tile:8,Tile:7,Tile:6,Bonus,Tile:13,Tile:3,Tile:7,Tile:5,Tile:15,Tile:9,Tile:14,Destroy,Tile:6,Map,Map,Tile:7,Tile:10,Tile:0-Tile:10,Tile:8,Tile:8,Tile:0,Bonus,Tile:5,Malus-Tile:2,Bonus,Tile:8,Tile:6,Malus,Tile:6,Tile:11-Tile:hidden2,Tile:hidden1,Tile:nugget
Tile:0 6 5 1
Malus 0 0 0
Bonus 0 0 1
Tile:2 7 5 0
Tile:5 5 4 1
Tile:8 8 5 0
Tile:5 8 4 1
Tile:6 9 4 0
Map 12 5 1
Tile:6 10 4 0
Tile:7 11 4 1
Tile:11 11 5 0
Tile:8 11 6 1
Map 12 3 0
Tile:9 10 3 1
Tile:9 10 6 0
Tile:8 10 7 1
Tile:0 9 7 0
Destroy 7 5 1
Tile:4 10 5 0
Tile:5 10 2 1
Tile:0 12 6 0
Map 12 3 1
Tile:6 11 7 0
Map 12 7 1
Tile:7 9 5 0
Tile:7_flip 8 7 1
Tile:9_flip 9 3 0
Tile:10 8 6 1
Tile:12_flip 8 3 0
Tile:9 10 8 1
Tile:7 9 2 0
Tile:10 10 9 1
Tile:6 8 2 0
Drop 2 0 1
Tile:8 8 1 0
Tile:9 10 10 1
Tile:8 8 0 0
Drop 6 0 1
Map 12 3 0
Destroy 9 4 1
Tile:13 7 0 0
Tile:0 7 5 1
GAMEOVER WINNER 1
# Game ended: Fri Mar 27 15:27:20 EDT 2020
