# Server version 0.08 running on LAPTOP-QJHLSQ4D:8123
# Game ID: 292
# Board class: Saboteur.SaboteurBoard
# Timeout: 20000
# First Move Timeout: 30000
# Date: Thu Apr 09 17:01:02 EDT 2020
# Player 1: Player-0, '260779480', running on LAPTOP-QJHLSQ4D
# Player 2: Player-1, 'RandomPlayer', running on LAPTOP-QJHLSQ4D
START Player-0 260779480
START Player-1 RandomPlayer
BoardInit:Tile:15,Tile:13,Malus,Tile:6,Tile:6,Tile:12,Tile:0,Malus,Destroy,Tile:14,Tile:9,Map,Tile:5,Tile:3,Tile:0,Tile:7,Map,Tile:10,Tile:5,Map,Tile:8,Tile:9,Tile:0,Bonus,Destroy,Tile:5,Tile:2,Tile:7,Tile:7,Tile:6,Tile:9,Tile:9,Bonus,Map,Tile:8,Tile:9,Bonus,Tile:4,Tile:6,Tile:0,Tile:11-Map,Map,Tile:5,Tile:7,Tile:6,Tile:10,Tile:10-Tile:8,Tile:1,Tile:8,Tile:8,Destroy,Tile:7,Bonus-Tile:hidden1,Tile:nugget,Tile:hidden2
Tile:10 5 4 1
Tile:8 6 5 0
Drop 1 0 1
Tile:8 7 5 0
Tile:7_flip 5 6 1
Tile:8 8 5 0
Tile:6 9 5 1
Tile:6 10 5 0
Tile:5 8 4 1
Malus 0 0 0
Map 12 3 1
Drop 4 0 0
Malus 0 0 1
Bonus 0 0 0
Destroy 10 5 1
Map 12 3 0
Drop 5 0 1
Tile:7 10 5 0
Drop 3 0 1
Tile:10 10 6 0
Map 12 7 1
Map 12 7 0
Drop 0 0 1
Tile:9 10 7 0
Drop 2 0 1
Drop 0 0 0
Destroy 8 5 1
Tile:7 7 4 0
Drop 5 0 1
Tile:5_flip 7 6 0
Drop 0 0 1
Tile:6 8 5 0
Drop 6 0 1
Drop 2 0 0
Drop 0 0 1
Map 12 5 0
Drop 4 0 1
Drop 2 0 0
Bonus 0 0 1
Drop 1 0 0
Tile:8 11 7 1
Tile:9 12 6 0
GAMEOVER WINNER 0
# Game ended: Thu Apr 09 17:01:12 EDT 2020
