# Server version 0.08 running on LAPTOP-QJHLSQ4D:8123
# Game ID: 266
# Board class: Saboteur.SaboteurBoard
# Timeout: 20000
# First Move Timeout: 30000
# Date: Wed Apr 08 17:04:47 EDT 2020
# Player 1: Player-0, 'RandomPlayer', running on LAPTOP-QJHLSQ4D
# Player 2: Player-1, '260779480', running on LAPTOP-QJHLSQ4D
START Player-0 RandomPlayer
START Player-1 260779480
BoardInit:Tile:4,Tile:2,Tile:8,Tile:8,Bonus,Malus,Tile:0,Tile:6,Map,Tile:5,Destroy,Tile:10,Tile:7,Tile:10,Tile:8,Tile:9,Tile:6,Map,Tile:9,Bonus,Tile:7,Bonus,Tile:9,Tile:6,Tile:5,Map,Map,Map,Tile:6,Malus,Tile:5,Tile:6,Tile:10,Tile:7,Tile:7,Tile:11,Tile:9,Bonus,Tile:1,Tile:0,Map-Tile:13,Tile:3,Tile:0,Tile:9,Tile:15,Tile:5,Tile:7-Tile:12,Destroy,Tile:0,Destroy,Tile:14,Tile:8,Tile:8-Tile:nugget,Tile:hidden1,Tile:hidden2
Drop 0 0 1
Tile:8 4 5 0
Tile:9_flip 6 5 1
Tile:8 3 5 0
Tile:8 6 4 1
Tile:2 5 4 0
Tile:0 7 4 1
Tile:14 4 6 0
Tile:0 8 4 1
Tile:6_flip 3 4 0
Map 12 3 1
Tile:8 3 6 0
Tile:5_flip 9 4 1
Tile:5_flip 6 6 0
Tile:7 9 3 1
Destroy 9 3 0
Tile:8 9 3 1
Tile:9 2 4 0
Tile:6 10 3 1
Tile:12 11 3 0
Tile:9 10 2 1
Drop 4 0 0
Tile:7 10 1 1
Destroy 10 3 0
Tile:9_flip 9 2 1
Tile:10 2 3 0
Tile:5 9 1 1
Tile:6 11 2 0
Map 12 7 1
Tile:0 8 3 0
Tile:6 12 2 1
Map 12 7 0
Tile:7 12 1 1
Tile:6_flip 13 2 0
Drop 0 0 1
Map 12 7 0
Drop 0 0 1
Tile:11 11 1 0
Drop 0 0 1
Drop 6 0 0
Drop 6 0 1
Tile:7 6 3 0
Map 12 5 1
Drop 2 0 0
Drop 1 0 1
Drop 3 0 0
Drop 1 0 1
Tile:0 2 6 0
Drop 2 0 1
Map 12 5 0
Drop 1 0 1
Malus 0 0 0
Bonus 0 0 1
Drop 0 0 0
Drop 0 0 1
GAMEOVER DRAW
# Game ended: Wed Apr 08 17:04:48 EDT 2020
