# Server version 0.08 running on LAPTOP-QJHLSQ4D:8123
# Game ID: 242
# Board class: Saboteur.SaboteurBoard
# Timeout: 20000
# First Move Timeout: 30000
# Date: Mon Apr 06 16:13:36 EDT 2020
# Player 1: Player-0, '260760794', running on LAPTOP-QJHLSQ4D
# Player 2: Player-1, 'RandomPlayer', running on LAPTOP-QJHLSQ4D
START Player-0 260760794
START Player-1 RandomPlayer
BoardInit:Tile:6,Tile:0,Bonus,Tile:4,Tile:14,Tile:5,Map,Tile:9,Tile:8,Tile:6,Malus,Tile:9,Map,Tile:10,Map,Tile:6,Tile:8,Destroy,Tile:3,Tile:10,Destroy,Tile:10,Tile:6,Tile:8,Tile:12,Bonus,Malus,Tile:13,Bonus,Tile:2,Tile:7,Tile:9,Map,Tile:6,Tile:7,Tile:0,Tile:7,Tile:8,Map,Tile:15,Destroy-Tile:7,Tile:0,Tile:7,Tile:8,Tile:0,Tile:9,Tile:5-Bonus,Tile:1,Map,Tile:11,Tile:5,Tile:9,Tile:5-Tile:hidden2,Tile:nugget,Tile:hidden1
Tile:9_flip 5 4 1
Map 12 3 0
Tile:6 4 5 1
Tile:0 6 5 0
Drop 4 0 1
Tile:5_flip 7 5 0
Drop 2 0 1
Tile:5 7 4 0
Tile:8 8 4 1
Tile:9_flip 9 4 0
Tile:5 9 3 1
Tile:6 9 5 0
Tile:14 5 6 1
Tile:9_flip 10 5 0
Map 12 3 1
Tile:10 10 6 0
Drop 0 0 1
Tile:9 10 4 0
Tile:0 4 6 1
Tile:6_flip 11 4 0
Tile:8 3 5 1
Tile:10 11 5 0
Drop 5 0 1
Tile:5_flip 12 4 0
Destroy 5 6 1
Tile:10 11 6 0
Tile:6_flip 3 4 1
Tile:8 11 7 0
Drop 2 0 1
Destroy 12 4 0
Tile:8 10 3 1
Tile:2_flip 3 6 0
Tile:7_flip 11 8 1
Tile:9_flip 12 4 0
GAMEOVER WINNER 0
# Game ended: Mon Apr 06 16:13:46 EDT 2020
