# Server version 0.08 running on LAPTOP-QJHLSQ4D:8123
# Game ID: 252
# Board class: Saboteur.SaboteurBoard
# Timeout: 20000
# First Move Timeout: 30000
# Date: Wed Apr 08 13:29:47 EDT 2020
# Player 1: Player-0, 'RandomPlayer', running on LAPTOP-QJHLSQ4D
# Player 2: Player-1, '260779480', running on LAPTOP-QJHLSQ4D
START Player-0 RandomPlayer
START Player-1 260779480
BoardInit:Tile:5,Tile:10,Tile:7,Tile:10,Map,Tile:9,Tile:6,Bonus,Tile:7,Tile:13,Tile:8,Tile:7,Map,Tile:8,Map,Map,Tile:4,Tile:0,Bonus,Tile:6,Tile:7,Destroy,Destroy,Tile:9,Tile:2,Tile:8,Tile:9,Destroy,Tile:6,Tile:8,Tile:0,Tile:7,Tile:0,Malus,Tile:8,Tile:6,Tile:12,Malus,Tile:1,Tile:11,Tile:9-Tile:15,Tile:6,Tile:0,Tile:5,Tile:9,Bonus,Tile:5-Tile:5,Tile:10,Map,Tile:14,Bonus,Map,Tile:3-Tile:hidden1,Tile:nugget,Tile:hidden2
Drop 0 0 1
Map 12 5 0
Tile:6 6 5 1
Tile:3 6 4 0
Tile:9_flip 7 5 1
Tile:14 5 6 0
Map 12 3 1
Drop 2 0 0
Tile:6 7 6 1
Tile:5 6 6 0
Tile:0 8 6 1
Drop 1 0 0
Tile:8 9 6 1
Tile:13 10 6 0
Map 12 7 1
Tile:8 5 4 0
Map 12 5 1
Tile:10 5 3 0
Tile:5 9 5 1
Drop 1 0 0
Tile:7 10 5 1
Tile:7_flip 4 6 0
Tile:5_flip 9 7 1
Tile:9 7 4 0
Tile:5 8 7 1
Tile:10 7 3 0
Tile:7 8 4 1
Tile:6 8 8 0
Tile:7 9 8 1
Tile:9 6 7 0
Tile:9 9 9 1
Map 12 3 0
Tile:6 10 9 1
Tile:7 5 2 0
Tile:0 11 9 1
Destroy 4 6 0
Tile:8 12 9 1
Tile:6_flip 12 8 0
Tile:0 13 8 1
Destroy 12 8 0
Drop 4 0 1
Tile:11 10 7 0
Drop 5 0 1
Tile:0 4 4 0
Drop 1 0 1
Drop 3 0 0
Drop 3 0 1
Tile:8 12 8 0
Tile:9 12 6 1
GAMEOVER WINNER 1
# Game ended: Wed Apr 08 13:29:56 EDT 2020
