# Server version 0.08 running on LAPTOP-QJHLSQ4D:8123
# Game ID: 150
# Board class: Saboteur.SaboteurBoard
# Timeout: 20000
# First Move Timeout: 30000
# Date: Sun Apr 05 15:56:43 EDT 2020
# Player 1: Player-0, 'RandomPlayer', running on LAPTOP-QJHLSQ4D
# Player 2: Player-1, '260760794', running on LAPTOP-QJHLSQ4D
START Player-0 RandomPlayer
START Player-1 260760794
BoardInit:Tile:6,Tile:6,Tile:1,Tile:6,Tile:7,Tile:10,Tile:2,Tile:6,Map,Tile:8,Tile:8,Tile:9,Destroy,Tile:7,Tile:0,Tile:13,Map,Map,Tile:7,Bonus,Bonus,Bonus,Map,Tile:8,Bonus,Map,Tile:5,Tile:6,Tile:8,Tile:5,Tile:7,Tile:3,Tile:15,Malus,Malus,Tile:0,Tile:0,Destroy,Tile:7,Tile:0,Tile:9-Tile:10,Tile:4,Tile:12,Tile:14,Destroy,Tile:11,Tile:9-Tile:10,Tile:9,Tile:9,Map,Tile:5,Tile:8,Tile:5-Tile:hidden2,Tile:nugget,Tile:hidden1
Tile:10 5 6 1
Map 12 7 0
Tile:6_flip 6 5 1
Tile:10 5 4 0
Tile:1 7 5 1
Tile:9_flip 5 7 0
Tile:7_flip 6 6 1
Drop 2 0 0
Tile:2 7 6 1
Tile:9_flip 8 5 0
Map 12 3 1
Tile:5 4 5 0
Destroy 8 5 1
Tile:5_flip 4 6 0
Destroy 7 6 1
Tile:6 8 5 0
Tile:0 7 6 1
Tile:9 5 8 0
Map 12 5 1
Drop 1 0 0
Tile:7 8 6 1
Tile:7 6 8 0
Tile:8 8 7 1
Tile:6_flip 7 7 0
Map 12 7 1
Tile:8 5 9 0
Tile:9_flip 9 7 1
Tile:13 5 3 0
Tile:5_flip 9 8 1
Tile:6 5 10 0
Tile:8 8 8 1
Tile:6 9 5 0
Tile:11_flip 10 5 1
Tile:8 4 9 0
Tile:7_flip 10 6 1
Tile:3 9 4 0
Malus 0 0 1
Drop 2 0 0
Tile:0 11 6 1
Destroy 8 8 0
Tile:7 12 6 1
Drop 1 0 0
Tile:9 10 4 1
Drop 5 0 0
Tile:14 11 4 1
Drop 3 0 0
Tile:15 10 3 1
Map 12 7 0
Tile:12 6 10 1
Map 12 7 0
Tile:4_flip 7 8 1
Drop 0 0 0
Drop 1 0 1
Drop 0 0 0
Drop 0 0 1
GAMEOVER DRAW
# Game ended: Sun Apr 05 15:56:52 EDT 2020
