# Server version 0.08 running on LAPTOP-QJHLSQ4D:8123
# Game ID: 256
# Board class: Saboteur.SaboteurBoard
# Timeout: 20000
# First Move Timeout: 30000
# Date: Wed Apr 08 14:21:27 EDT 2020
# Player 1: Player-0, '260760794', running on LAPTOP-QJHLSQ4D
# Player 2: Player-1, 'RandomPlayer', running on LAPTOP-QJHLSQ4D
START Player-0 260760794
START Player-1 RandomPlayer
BoardInit:Bonus,Tile:14,Tile:8,Tile:10,Bonus,Tile:5,Tile:6,Tile:3,Map,Destroy,Tile:12,Tile:7,Bonus,Tile:9,Tile:2,Tile:5,Map,Tile:10,Malus,Tile:7,Map,Tile:6,Tile:7,Tile:7,Map,Tile:0,Malus,Map,Bonus,Tile:9,Tile:5,Tile:6,Tile:8,Tile:8,Tile:5,Tile:0,Tile:6,Tile:11,Tile:8,Tile:6,Tile:8-Destroy,Tile:15,Tile:9,Tile:9,Destroy,Tile:0,Map-Tile:1,Tile:0,Tile:13,Tile:9,Tile:7,Tile:4,Tile:10-Tile:hidden2,Tile:nugget,Tile:hidden1
Tile:9 5 4 1
Tile:7 6 5 0
Map 12 5 1
Tile:10 6 6 0
Tile:15 6 7 1
Tile:9_flip 6 8 0
Drop 2 0 1
Tile:5_flip 6 4 0
Drop 2 0 1
Tile:10 6 3 0
Tile:9_flip 5 3 1
Destroy 6 5 0
Tile:6 4 3 1
Tile:7 6 5 0
Tile:8 6 2 1
Tile:9_flip 7 2 0
Destroy 6 7 1
Tile:5 7 1 0
Tile:2_flip 4 5 1
Tile:10 7 3 0
Tile:12_flip 5 8 1
Tile:7_flip 7 4 0
Drop 0 0 1
Tile:6_flip 8 4 0
Tile:7_flip 8 5 1
Tile:7 9 5 0
Drop 3 0 1
Tile:0 3 5 0
Drop 2 0 1
Map 12 3 0
Map 12 7 1
Tile:9_flip 9 6 0
Malus 0 0 1
Drop 6 0 0
Tile:8 5 2 1
Drop 3 0 0
Tile:5_flip 8 1 1
Drop 3 0 0
Tile:6_flip 2 5 1
Drop 6 0 0
Tile:5_flip 9 4 1
Drop 2 0 0
Tile:8 9 3 1
Drop 1 0 0
Map 12 3 1
Drop 3 0 0
Tile:8 9 2 1
Drop 0 0 0
Map 12 3 1
Drop 2 0 0
Drop 0 0 1
Drop 0 0 0
Malus 0 0 1
Drop 0 0 0
Drop 0 0 1
GAMEOVER DRAW
# Game ended: Wed Apr 08 14:21:36 EDT 2020
