# Server version 0.08 running on LAPTOP-QJHLSQ4D:8123
# Game ID: 132
# Board class: Saboteur.SaboteurBoard
# Timeout: 20000
# First Move Timeout: 30000
# Date: Mon Mar 30 17:15:00 EDT 2020
# Player 1: Player-0, '260760794', running on LAPTOP-QJHLSQ4D
# Player 2: Player-1, 'RandomPlayer', running on LAPTOP-QJHLSQ4D
START Player-0 260760794
START Player-1 RandomPlayer
BoardInit:Tile:9,Tile:9,Tile:9,Tile:9,Tile:9,Tile:6,Tile:7,Bonus,Tile:13,Bonus,Tile:6,Tile:0,Tile:8,Tile:10,Tile:5,Map,Tile:0,Tile:6,Map,Tile:6,Tile:8,Tile:10,Tile:7,Destroy,Tile:6,Destroy,Tile:12,Map,Map,Tile:5,Tile:8,Tile:1,Tile:0,Tile:10,Tile:7,Destroy,Tile:7,Tile:7,Tile:5,Map,Malus-Tile:4,Bonus,Tile:8,Tile:0,Tile:15,Tile:11,Tile:8-Malus,Tile:14,Map,Tile:5,Bonus,Tile:2,Tile:3-Tile:hidden1,Tile:hidden2,Tile:nugget
Tile:0 4 5 1
Malus 0 0 0
Drop 1 0 1
Map 12 3 0
Drop 4 0 1
Tile:9_flip 6 5 0
Drop 5 0 1
Tile:6_flip 6 4 0
Drop 1 0 1
Tile:9_flip 7 4 0
Drop 4 0 1
Tile:3 7 3 0
Drop 0 0 1
Tile:0 6 3 0
Drop 0 0 1
Tile:10 6 6 0
Drop 5 0 1
Map 12 5 0
Drop 3 0 1
Tile:14 6 7 0
Map 12 7 1
Tile:5 3 5 0
Drop 0 0 1
Tile:10 7 5 0
Drop 2 0 1
Destroy 6 4 0
Drop 0 0 1
Tile:6_flip 6 4 0
Drop 5 0 1
Map 12 7 0
Map 12 3 1
Destroy 6 6 0
Drop 6 0 1
Tile:5_flip 7 6 0
Drop 3 0 1
Tile:6_flip 5 7 0
Drop 3 0 1
Destroy 7 5 0
Drop 6 0 1
Tile:10 7 5 0
Drop 2 0 1
Drop 2 0 0
Drop 5 0 1
Map 12 5 0
Drop 4 0 1
Drop 0 0 0
Drop 3 0 1
Tile:7_flip 5 6 0
Drop 2 0 1
Tile:2 4 7 0
Drop 0 0 1
Tile:1 5 3 0
Malus 0 0 1
Drop 0 0 0
Drop 0 0 1
GAMEOVER DRAW
# Game ended: Mon Mar 30 17:15:00 EDT 2020
