# Server version 0.08 running on LAPTOP-QJHLSQ4D:8123
# Game ID: 369
# Board class: Saboteur.SaboteurBoard
# Timeout: 20000
# First Move Timeout: 30000
# Date: Thu Apr 09 23:41:30 EDT 2020
# Player 1: Player-0, 'RandomPlayer', running on LAPTOP-QJHLSQ4D
# Player 2: Player-1, '260760794', running on LAPTOP-QJHLSQ4D
START Player-0 RandomPlayer
START Player-1 260760794
BoardInit:Tile:8,Map,Tile:1,Tile:10,Tile:9,Tile:7,Tile:5,Tile:0,Tile:3,Map,Tile:6,Tile:9,Tile:9,Tile:9,Tile:4,Tile:0,Malus,Tile:8,Tile:9,Tile:6,Map,Map,Tile:8,Tile:5,Tile:7,Bonus,Destroy,Tile:8,Tile:0,Tile:10,Bonus,Tile:8,Tile:12,Tile:7,Malus,Bonus,Map,Bonus,Tile:13,Tile:5,Tile:14-Tile:10,Tile:11,Map,Tile:7,Tile:6,Tile:6,Destroy-Tile:6,Tile:2,Tile:15,Tile:7,Tile:0,Destroy,Tile:5-Tile:hidden1,Tile:nugget,Tile:hidden2
Map 12 3 1
Tile:5 5 4 0
Tile:8 6 4 1
Tile:7 6 3 0
Tile:6 7 4 1
Tile:2_flip 5 3 0
Tile:6 8 4 1
Drop 6 0 0
Tile:9_flip 9 4 1
Tile:0 4 5 0
Tile:10 9 3 1
Tile:10 8 3 0
Tile:6 9 5 1
Tile:15 5 2 0
Tile:9_flip 10 5 1
Tile:9 5 1 0
Tile:7_flip 10 6 1
Tile:6_flip 5 0 0
Malus 0 0 1
Destroy 10 6 0
Tile:9 10 4 1
Map 12 3 0
Map 12 5 1
Drop 1 0 0
Tile:8 11 4 1
Drop 4 0 0
Tile:7 12 4 1
GAMEOVER WINNER 1
# Game ended: Thu Apr 09 23:41:39 EDT 2020
