# Server version 0.08 running on LAPTOP-QJHLSQ4D:8123
# Game ID: 206
# Board class: Saboteur.SaboteurBoard
# Timeout: 20000
# First Move Timeout: 30000
# Date: Sun Apr 05 17:52:27 EDT 2020
# Player 1: Player-0, '260760794', running on LAPTOP-QJHLSQ4D
# Player 2: Player-1, 'RandomPlayer', running on LAPTOP-QJHLSQ4D
START Player-0 260760794
START Player-1 RandomPlayer
BoardInit:Tile:15,Bonus,Tile:4,Tile:6,Map,Tile:5,Tile:3,Map,Map,Tile:6,Tile:9,Tile:12,Map,Tile:14,Tile:8,Tile:0,Destroy,Tile:6,Tile:7,Tile:7,Tile:10,Tile:5,Tile:13,Tile:0,Tile:8,Tile:7,Tile:6,Tile:9,Map,Tile:9,Tile:5,Tile:9,Tile:6,Tile:8,Tile:9,Bonus,Tile:10,Tile:8,Malus,Tile:0,Bonus-Destroy,Tile:2,Tile:7,Malus,Tile:8,Tile:1,Tile:7-Tile:10,Tile:5,Bonus,Tile:11,Destroy,Map,Tile:0-Tile:nugget,Tile:hidden1,Tile:hidden2
Drop 3 0 1
Map 12 3 0
Tile:2 6 5 1
Destroy 6 5 0
Tile:15 5 6 1
Tile:6_flip 6 5 0
Drop 2 0 1
Tile:5_flip 7 5 0
Drop 2 0 1
Tile:5 7 4 0
Tile:7_flip 6 6 1
Tile:6_flip 8 4 0
Tile:9 8 5 1
Tile:10 8 6 0
Map 12 7 1
Drop 3 0 0
Tile:7 5 4 1
Drop 0 0 0
Drop 5 0 1
Tile:6_flip 9 4 0
Tile:3_flip 5 7 1
Tile:7 10 4 0
Tile:7 6 7 1
Tile:14 10 5 0
Tile:13 9 5 1
Tile:5_flip 8 7 0
Tile:4_flip 6 8 1
Tile:7 7 6 0
Destroy 5 6 1
Tile:9 7 7 0
Destroy 8 5 1
Tile:9 8 5 0
Map 12 7 1
Tile:9 7 8 0
Drop 4 0 1
Tile:8 7 9 0
Tile:6_flip 6 9 1
Drop 6 0 0
Tile:6_flip 8 8 1
Tile:8 9 8 0
Tile:10 9 7 1
Tile:12_flip 4 5 0
Tile:8 8 9 1
Tile:11_flip 6 10 0
Drop 4 0 1
Drop 3 0 0
Tile:10 8 10 1
Tile:0 4 4 0
Map 12 5 1
Map 12 7 0
Tile:5 3 4 1
Tile:0 5 9 0
Tile:9_flip 10 8 1
Tile:0 5 10 0
Drop 0 0 1
GAMEOVER DRAW
# Game ended: Sun Apr 05 17:52:36 EDT 2020
