# Server version 0.08 running on LAPTOP-QJHLSQ4D:8123
# Game ID: 169
# Board class: Saboteur.SaboteurBoard
# Timeout: 20000
# First Move Timeout: 30000
# Date: Sun Apr 05 16:31:11 EDT 2020
# Player 1: Player-0, 'RandomPlayer', running on LAPTOP-QJHLSQ4D
# Player 2: Player-1, '260760794', running on LAPTOP-QJHLSQ4D
START Player-0 RandomPlayer
START Player-1 260760794
BoardInit:Tile:7,Tile:6,Tile:8,Tile:6,Tile:9,Map,Tile:15,Map,Bonus,Tile:1,Bonus,Tile:0,Tile:8,Tile:7,Tile:11,Tile:8,Tile:10,Tile:5,Tile:7,Tile:5,Bonus,Tile:6,Tile:8,Tile:7,Destroy,Tile:9,Tile:0,Tile:7,Map,Tile:10,Map,Tile:6,Tile:12,Malus,Tile:9,Map,Tile:8,Tile:0,Destroy,Tile:9,Tile:4-Tile:10,Tile:2,Tile:0,Tile:6,Tile:14,Bonus,Tile:3-Destroy,Tile:9,Tile:13,Tile:5,Map,Malus,Tile:5-Tile:nugget,Tile:hidden2,Tile:hidden1
Tile:14 6 5 1
Tile:5 5 4 0
Tile:7 6 4 1
Drop 1 0 0
Drop 4 0 1
Tile:6 5 6 0
Tile:6_flip 6 6 1
Drop 2 0 0
Tile:9_flip 7 6 1
Tile:5 4 5 0
Tile:8 7 7 1
Map 12 7 0
Tile:10 7 8 1
Destroy 7 7 0
Tile:8 7 7 1
Drop 1 0 0
Tile:11 7 5 1
Tile:13 8 7 0
Tile:10 7 9 1
Tile:6 4 6 0
Tile:7_flip 7 10 1
Tile:5_flip 8 5 0
Drop 3 0 1
Tile:8 9 7 0
Tile:3 10 7 1
Tile:7_flip 6 7 0
Tile:8 8 10 1
Tile:5 7 4 0
Tile:2_flip 10 8 1
Tile:9 8 11 0
Map 12 3 1
Tile:7 8 4 0
Map 12 5 1
Map 12 3 0
Tile:12 11 8 1
Tile:7_flip 9 8 0
Tile:9 8 9 1
Drop 6 0 0
Tile:8 9 10 1
Tile:6_flip 9 9 0
Destroy 7 9 1
Tile:6 9 11 0
Tile:4_flip 8 12 1
Tile:10 8 8 0
Destroy 7 7 1
Tile:0 10 9 0
Tile:0 10 11 1
Tile:1 10 10 0
Drop 1 0 1
Drop 0 0 0
Tile:0 11 9 1
Tile:9_flip 12 9 0
Drop 1 0 1
Tile:0 3 6 0
Drop 0 0 1
GAMEOVER DRAW
# Game ended: Sun Apr 05 16:31:20 EDT 2020
