# Server version 0.08 running on LAPTOP-QJHLSQ4D:8123
# Game ID: 82
# Board class: Saboteur.SaboteurBoard
# Timeout: 20000
# First Move Timeout: 30000
# Date: Mon Mar 30 17:01:28 EDT 2020
# Player 1: Player-0, 'RandomPlayer', running on LAPTOP-QJHLSQ4D
# Player 2: Player-1, '260760794', running on LAPTOP-QJHLSQ4D
START Player-0 RandomPlayer
START Player-1 260760794
BoardInit:Map,Tile:13,Tile:9,Tile:7,Tile:0,Tile:14,Tile:5,Map,Tile:15,Tile:6,Tile:3,Tile:10,Tile:8,Tile:9,Tile:7,Tile:12,Tile:6,Tile:0,Bonus,Tile:9,Tile:6,Tile:4,Tile:10,Tile:7,Tile:8,Map,Tile:5,Tile:1,Tile:7,Tile:8,Destroy,Map,Bonus,Malus,Tile:2,Tile:0,Tile:0,Tile:5,Map,Tile:7,Tile:9-Tile:11,Tile:8,Tile:9,Tile:5,Bonus,Tile:6,Destroy-Destroy,Map,Bonus,Tile:10,Tile:8,Tile:6,Malus-Tile:hidden1,Tile:hidden2,Tile:nugget
Tile:6_flip 6 5 1
Tile:8 5 4 0
Map 12 3 1
Tile:6 4 4 0
Tile:9_flip 7 5 1
Tile:7_flip 5 6 0
Tile:9_flip 7 4 1
Tile:14_flip 7 3 0
Tile:5_flip 8 3 1
Destroy 5 6 0
Tile:15 8 2 1
Tile:6 6 6 0
Tile:3 8 1 1
Tile:13 5 6 0
Tile:8 7 1 1
Malus 0 0 0
Destroy 8 1 1
Tile:9 5 7 0
Drop 3 0 1
Tile:12_flip 6 1 0
Drop 4 0 1
Tile:10 4 3 0
Drop 5 0 1
Tile:9_flip 5 8 0
Drop 5 0 1
Drop 2 0 0
Drop 0 0 1
Map 12 3 0
Drop 6 0 1
Tile:1 4 6 0
Drop 1 0 1
Tile:8 7 6 0
Destroy 7 1 1
Tile:4 5 3 0
Drop 4 0 1
Tile:7_flip 3 6 0
Drop 3 0 1
Drop 3 0 0
Bonus 0 0 1
Tile:5_flip 8 6 0
Map 12 5 1
Map 12 5 0
Tile:9_flip 8 1 1
Tile:0 7 1 0
Tile:2 8 0 1
Tile:7 6 7 0
Tile:0 7 0 1
Tile:10 7 7 0
Tile:8 7 8 1
Malus 0 0 0
Drop 0 0 1
Drop 0 0 0
Bonus 0 0 1
Tile:0 6 4 0
Tile:7 8 8 1
GAMEOVER DRAW
# Game ended: Mon Mar 30 17:01:28 EDT 2020
