# Server version 0.08 running on LAPTOP-QJHLSQ4D:8123
# Game ID: 323
# Board class: Saboteur.SaboteurBoard
# Timeout: 20000
# First Move Timeout: 30000
# Date: Thu Apr 09 17:39:38 EDT 2020
# Player 1: Player-0, 'RandomPlayer', running on LAPTOP-QJHLSQ4D
# Player 2: Player-1, '260779480', running on LAPTOP-QJHLSQ4D
START Player-0 RandomPlayer
START Player-1 260779480
BoardInit:Tile:8,Tile:5,Destroy,Tile:6,Tile:8,Tile:0,Tile:6,Bonus,Tile:5,Map,Tile:10,Tile:14,Tile:9,Tile:6,Bonus,Tile:15,Tile:8,Tile:0,Tile:3,Tile:9,Tile:9,Tile:6,Tile:13,Tile:1,Map,Tile:0,Map,Tile:2,Tile:11,Tile:0,Tile:9,Bonus,Tile:8,Tile:6,Tile:10,Tile:12,Tile:7,Tile:10,Tile:9,Map,Tile:8-Tile:7,Tile:5,Map,Tile:7,Bonus,Malus,Tile:7-Map,Tile:4,Destroy,Tile:5,Destroy,Malus,Tile:7-Tile:nugget,Tile:hidden2,Tile:hidden1
Map 12 3 1
Tile:7 5 4 0
Tile:8 6 5 1
Tile:5 6 4 0
Tile:7 7 4 1
Tile:6 7 5 0
Tile:8 8 5 1
Tile:4_flip 8 6 0
Malus 0 0 1
Destroy 7 5 0
Tile:6 7 5 1
Drop 1 0 0
Tile:5_flip 9 5 1
Map 12 7 0
Tile:9 9 4 1
Map 12 7 0
Tile:7 10 4 1
Drop 6 0 0
Tile:10 10 5 1
Drop 2 0 0
Tile:8 10 6 1
Drop 4 0 0
Drop 5 0 1
Drop 5 0 0
Drop 6 0 1
Drop 0 0 0
Map 12 7 1
Drop 0 0 0
Map 12 5 1
Drop 6 0 0
Drop 6 0 1
Drop 1 0 0
Drop 2 0 1
Drop 6 0 0
Tile:8 11 6 1
Drop 0 0 0
Tile:9_flip 12 6 1
Drop 3 0 0
Tile:9 12 4 1
GAMEOVER WINNER 1
# Game ended: Thu Apr 09 17:39:47 EDT 2020
