# Server version 0.08 running on LAPTOP-QJHLSQ4D:8123
# Game ID: 294
# Board class: Saboteur.SaboteurBoard
# Timeout: 20000
# First Move Timeout: 30000
# Date: Thu Apr 09 17:01:47 EDT 2020
# Player 1: Player-0, '260779480', running on LAPTOP-QJHLSQ4D
# Player 2: Player-1, 'RandomPlayer', running on LAPTOP-QJHLSQ4D
START Player-0 260779480
START Player-1 RandomPlayer
BoardInit:Tile:8,Tile:12,Tile:6,Tile:5,Tile:9,Tile:10,Tile:6,Tile:5,Tile:3,Map,Tile:8,Bonus,Bonus,Tile:4,Tile:0,Map,Destroy,Tile:11,Tile:0,Tile:8,Tile:0,Tile:9,Tile:7,Malus,Destroy,Map,Tile:6,Tile:2,Tile:7,Tile:9,Tile:6,Bonus,Bonus,Tile:5,Tile:9,Tile:1,Tile:14,Tile:7,Malus,Tile:8,Map-Tile:10,Tile:6,Map,Tile:15,Tile:10,Tile:5,Map-Tile:7,Tile:0,Tile:7,Tile:13,Tile:9,Destroy,Tile:8-Tile:nugget,Tile:hidden1,Tile:hidden2
Tile:10 5 6 1
Tile:8 6 5 0
Tile:15 5 4 1
Tile:9_flip 7 5 0
Tile:5 6 4 1
Tile:7 7 4 0
Map 12 5 1
Tile:10 7 6 0
Tile:9_flip 7 7 1
Tile:7_flip 7 8 0
Tile:6_flip 5 3 1
Map 12 3 0
Tile:6 6 7 1
Tile:0 8 8 0
Drop 2 0 1
Tile:5_flip 9 8 0
Drop 1 0 1
Map 12 7 0
Drop 5 0 1
Tile:5 9 7 0
Tile:10 6 6 1
Tile:8 10 7 0
Destroy 6 4 1
Drop 0 0 0
Tile:3_flip 10 8 1
Malus 0 0 0
Destroy 10 8 1
Map 12 5 0
Drop 6 0 1
Drop 4 0 0
Drop 1 0 1
Drop 5 0 0
Drop 4 0 1
Drop 1 0 0
Drop 4 0 1
Drop 2 0 0
Drop 3 0 1
Drop 6 0 0
Bonus 0 0 1
Drop 0 0 0
Tile:6_flip 4 5 1
Tile:8 11 7 0
Tile:6 5 7 1
Tile:9 12 6 0
Tile:9 12 4 1
GAMEOVER WINNER 1
# Game ended: Thu Apr 09 17:01:57 EDT 2020
