# Server version 0.08 running on LAPTOP-QJHLSQ4D:8123
# Game ID: 57
# Board class: Saboteur.SaboteurBoard
# Timeout: 20000
# First Move Timeout: 30000
# Date: Sat Mar 28 15:01:06 EDT 2020
# Player 1: Player-0, '260760794', running on LAPTOP-QJHLSQ4D
# Player 2: Player-1, 'Human', running on LAPTOP-QJHLSQ4D
START Player-0 260760794
START Player-1 Human
BoardInit:Tile:6,Tile:3,Malus,Tile:7,Tile:8,Tile:7,Map,Tile:7,Tile:0,Tile:13,Tile:6,Tile:5,Tile:2,Tile:9,Tile:10,Tile:6,Tile:12,Tile:7,Destroy,Tile:9,Tile:5,Tile:8,Tile:5,Tile:6,Tile:10,Map,Map,Destroy,Destroy,Tile:9,Tile:1,Tile:10,Tile:8,Tile:7,Map,Tile:9,Map,Tile:0,Tile:5,Bonus,Tile:14-Tile:6,Tile:15,Bonus,Tile:8,Tile:8,Map,Tile:0-Bonus,Tile:11,Bonus,Tile:4,Malus,Tile:9,Tile:0-Tile:hidden2,Tile:hidden1,Tile:nugget
Map 12 3 1
Malus 0 0 0
Bonus 0 0 1
Tile:3 6 5 0
Tile:8 5 6 1
Tile:9_flip 6 6 0
Tile:8 6 7 1
Tile:11 6 8 0
Tile:6 7 7 1
Tile:7 8 7 0
Tile:8 8 8 1
Tile:4 7 6 0
Tile:6 9 8 1
Tile:0 7 8 0
Map 12 5 1
Tile:7 10 8 0
Tile:6 10 9 1
Tile:7 11 9 0
Tile:10 9 7 1
Tile:13 6 9 0
Malus 0 0 1
Drop 4 0 0
Tile:5 9 6 1
Drop 5 0 0
Tile:0 10 6 1
Drop 0 0 0
Tile:0 11 6 1
Map 12 3 0
Map 12 7 1
Drop 2 0 0
Tile:15 6 10 1
Bonus 0 0 0
Tile:1 5 9 1
Tile:5 9 9 0
Tile:8 12 6 1
GAMEOVER WINNER 1
# Game ended: Sat Mar 28 15:03:00 EDT 2020
