# Server version 0.08 running on LAPTOP-QJHLSQ4D:8123
# Game ID: 139
# Board class: Saboteur.SaboteurBoard
# Timeout: 20000
# First Move Timeout: 30000
# Date: Sat Apr 04 17:26:02 EDT 2020
# Player 1: Player-0, '260760794', running on LAPTOP-QJHLSQ4D
# Player 2: Player-1, 'RandomPlayer', running on LAPTOP-QJHLSQ4D
START Player-0 260760794
START Player-1 RandomPlayer
BoardInit:Tile:14,Tile:5,Tile:0,Tile:11,Malus,Tile:8,Tile:10,Map,Tile:7,Tile:6,Tile:5,Map,Tile:9,Tile:5,Tile:9,Tile:7,Tile:4,Tile:10,Tile:3,Tile:8,Tile:6,Tile:5,Bonus,Tile:1,Tile:15,Map,Destroy,Tile:9,Tile:10,Tile:13,Tile:7,Tile:6,Tile:2,Map,Tile:7,Bonus,Tile:0,Tile:8,Destroy,Bonus,Map-Tile:8,Tile:6,Malus,Map,Tile:0,Bonus,Tile:6-Destroy,Tile:9,Tile:7,Tile:8,Tile:0,Tile:9,Tile:12-Tile:hidden2,Tile:nugget,Tile:hidden1
Tile:8 5 6 1
Tile:12 6 6 0
Map 12 5 1
Tile:5_flip 6 5 0
Drop 4 0 1
Tile:11_flip 6 4 0
Tile:14_flip 5 4 1
Tile:8 6 3 0
Tile:0 7 3 1
Map 12 3 0
Drop 1 0 1
Tile:6_flip 8 3 0
Drop 2 0 1
Map 12 5 0
Tile:7_flip 8 4 1
Tile:5_flip 9 4 0
Tile:9_flip 9 3 1
Tile:7 9 2 0
Tile:5_flip 5 7 1
Tile:7_flip 8 2 0
Tile:6_flip 4 6 1
Tile:8 8 1 0
Tile:6_flip 6 2 1
Tile:5_flip 9 1 0
Drop 0 0 1
Tile:8 9 0 0
Tile:9 7 1 1
Map 12 7 0
Destroy 8 2 1
Tile:9_flip 10 0 0
Tile:10 7 0 1
Tile:9 10 1 0
Tile:10 10 2 1
Tile:6_flip 11 1 0
Tile:7_flip 4 5 1
Tile:13 12 1 0
Tile:15 11 2 1
Tile:9_flip 11 3 0
Tile:7_flip 8 2 1
Tile:10 12 2 0
Destroy 9 1 1
Tile:8 11 4 0
Tile:2 12 4 1
Tile:1 13 4 0
Tile:4 4 4 1
Tile:0 13 1 0
Tile:3_flip 10 4 1
Destroy 13 4 0
Tile:0 3 6 1
Map 12 7 0
Drop 1 0 1
Drop 0 0 0
Map 12 7 1
Drop 0 0 0
Malus 0 0 1
GAMEOVER DRAW
# Game ended: Sat Apr 04 17:26:12 EDT 2020
