# Server version 0.08 running on LAPTOP-QJHLSQ4D:8123
# Game ID: 232
# Board class: Saboteur.SaboteurBoard
# Timeout: 20000
# First Move Timeout: 30000
# Date: Mon Apr 06 15:43:24 EDT 2020
# Player 1: Player-0, 'RandomPlayer', running on LAPTOP-QJHLSQ4D
# Player 2: Player-1, '260760794', running on LAPTOP-QJHLSQ4D
START Player-0 RandomPlayer
START Player-1 260760794
BoardInit:Malus,Tile:6,Tile:5,Destroy,Tile:5,Map,Tile:0,Destroy,Tile:7,Bonus,Tile:8,Tile:8,Tile:6,Tile:7,Tile:7,Tile:9,Map,Tile:0,Tile:10,Tile:11,Tile:9,Tile:13,Tile:5,Tile:6,Tile:7,Tile:0,Tile:0,Bonus,Tile:6,Tile:9,Tile:15,Tile:5,Tile:9,Bonus,Tile:8,Tile:6,Bonus,Destroy,Tile:10,Tile:4,Tile:9-Tile:2,Tile:3,Tile:12,Tile:8,Malus,Tile:1,Tile:10-Map,Tile:8,Map,Map,Map,Tile:14,Tile:7-Tile:nugget,Tile:hidden2,Tile:hidden1
Drop 1 0 1
Tile:7 5 4 0
Tile:1 6 5 1
Tile:14_flip 4 4 0
Drop 1 0 1
Drop 4 0 0
Drop 5 0 1
Map 12 5 0
Tile:0 7 5 1
Tile:8 4 5 0
Tile:2_flip 8 5 1
Map 12 5 0
Tile:8 9 5 1
Destroy 9 5 0
Tile:6_flip 3 5 1
Tile:7_flip 5 6 0
Drop 3 0 1
Destroy 5 4 0
Drop 2 0 1
Tile:8 5 4 0
Tile:8 9 5 1
Tile:11 8 4 0
Tile:10 4 6 1
Tile:6_flip 6 6 0
Tile:9_flip 3 6 1
Tile:6_flip 7 6 0
Tile:5_flip 10 5 1
Tile:9 5 3 0
Tile:7 10 4 1
Tile:0 2 6 0
Drop 0 0 1
Tile:9 4 7 0
Tile:6 6 4 1
Tile:5_flip 9 6 0
Tile:7_flip 7 7 1
Tile:13 1 6 0
Tile:10 6 7 1
Map 12 7 0
Tile:9 8 3 1
Tile:6_flip 8 6 0
Tile:15 3 7 1
Destroy 8 4 0
Tile:9_flip 5 2 1
Map 12 7 0
Tile:10 6 8 1
Tile:0 4 2 0
Tile:7 6 3 1
Tile:4_flip 1 7 0
Tile:8 3 2 1
Drop 2 0 0
Drop 2 0 1
Drop 0 0 0
Map 12 5 1
Drop 0 0 0
Tile:0 7 4 1
GAMEOVER DRAW
# Game ended: Mon Apr 06 15:43:33 EDT 2020
