# Server version 0.08 running on LAPTOP-QJHLSQ4D:8123
# Game ID: 148
# Board class: Saboteur.SaboteurBoard
# Timeout: 20000
# First Move Timeout: 30000
# Date: Sun Apr 05 15:55:11 EDT 2020
# Player 1: Player-0, '260760794', running on LAPTOP-QJHLSQ4D
# Player 2: Player-1, 'RandomPlayer', running on LAPTOP-QJHLSQ4D
START Player-0 260760794
START Player-1 RandomPlayer
BoardInit:Bonus,Tile:14,Tile:7,Tile:8,Tile:0,Tile:9,Map,Map,Tile:8,Tile:7,Tile:6,Tile:5,Tile:6,Tile:15,Destroy,Tile:3,Tile:10,Tile:4,Tile:7,Tile:11,Tile:10,Tile:12,Tile:0,Tile:8,Tile:2,Tile:5,Tile:10,Map,Map,Tile:0,Tile:8,Map,Destroy,Destroy,Tile:5,Tile:7,Bonus,Tile:9,Tile:9,Tile:5,Malus-Bonus,Tile:6,Tile:8,Tile:7,Tile:9,Tile:6,Bonus-Tile:13,Tile:9,Tile:0,Map,Tile:6,Malus,Tile:1-Tile:hidden1,Tile:hidden2,Tile:nugget
Tile:9_flip 6 5 1
Map 12 3 0
Tile:6 4 5 1
Malus 0 0 0
Drop 2 0 1
Tile:8 6 6 0
Bonus 0 0 1
Tile:9_flip 7 6 0
Tile:6 5 6 1
Map 12 5 0
Drop 2 0 1
Tile:7_flip 7 7 0
Tile:0 8 7 1
Tile:5_flip 9 7 0
Tile:8 4 4 1
Tile:9_flip 9 6 0
Destroy 6 5 1
Tile:14_flip 9 5 0
Tile:6_flip 3 5 1
Tile:3 10 5 0
Tile:8 3 6 1
Tile:4_flip 6 7 0
Tile:7_flip 3 4 1
Tile:12_flip 8 6 0
Tile:6_flip 5 4 1
Tile:8 7 5 0
Tile:0 4 6 1
Tile:5_flip 8 5 0
Tile:2 6 5 1
Map 12 7 0
Tile:10 8 4 1
Tile:6_flip 8 3 0
Tile:8 4 3 1
Tile:0 9 3 0
Destroy 5 6 1
Tile:0 10 3 0
Drop 3 0 1
Tile:7_flip 10 6 0
Tile:5 4 2 1
Tile:9_flip 11 3 0
Tile:9 3 7 1
Tile:11_flip 11 6 0
Tile:7 7 4 1
Tile:15 11 4 0
Drop 4 0 1
Tile:13 11 2 0
Map 12 7 1
Tile:5_flip 11 7 0
Tile:10 11 1 1
Tile:1 6 4 0
Drop 1 0 1
Destroy 11 7 0
Malus 0 0 1
Map 12 7 0
Drop 0 0 1
GAMEOVER DRAW
# Game ended: Sun Apr 05 15:55:20 EDT 2020
