# Server version 0.08 running on LAPTOP-QJHLSQ4D:8123
# Game ID: 64
# Board class: Saboteur.SaboteurBoard
# Timeout: 20000
# First Move Timeout: 30000
# Date: Sat Mar 28 17:07:50 EDT 2020
# Player 1: Player-0, '260760794', running on LAPTOP-QJHLSQ4D
# Player 2: Player-1, 'Human', running on LAPTOP-QJHLSQ4D
START Player-0 260760794
START Player-1 Human
BoardInit:Map,Tile:8,Tile:7,Map,Tile:0,Malus,Tile:7,Destroy,Map,Tile:4,Tile:5,Tile:8,Destroy,Bonus,Tile:8,Tile:6,Tile:7,Tile:14,Tile:9,Tile:7,Tile:6,Bonus,Tile:7,Tile:6,Tile:6,Tile:11,Tile:15,Tile:6,Bonus,Tile:9,Tile:1,Tile:12,Malus,Tile:5,Tile:0,Map,Destroy,Map,Tile:9,Tile:9,Tile:10-Tile:8,Tile:0,Tile:13,Tile:2,Tile:9,Tile:10,Bonus-Tile:10,Tile:5,Tile:5,Tile:0,Tile:8,Tile:3,Map-Tile:hidden1,Tile:hidden2,Tile:nugget
Tile:0 6 5 1
Map 12 3 0
Map 12 3 1
Tile:8 7 5 0
Tile:8 8 5 1
Map 12 5 0
Tile:0 9 5 1
Malus 0 0 0
Bonus 0 0 1
Tile:3 10 5 0
Map 12 5 1
Tile:8 10 6 0
Tile:7_flip 8 6 1
Tile:4_flip 10 7 0
Destroy 10 7 1
Tile:0 11 6 0
Tile:8 12 6 1
Tile:6_flip 9 6 0
GAMEOVER WINNER 0
# Game ended: Sat Mar 28 17:09:05 EDT 2020
