# Server version 0.08 running on LAPTOP-QJHLSQ4D:8123
# Game ID: 306
# Board class: Saboteur.SaboteurBoard
# Timeout: 20000
# First Move Timeout: 30000
# Date: Thu Apr 09 17:26:36 EDT 2020
# Player 1: Player-0, 'RandomPlayer', running on LAPTOP-QJHLSQ4D
# Player 2: Player-1, '260779480', running on LAPTOP-QJHLSQ4D
START Player-0 RandomPlayer
START Player-1 260779480
BoardInit:Tile:0,Map,Tile:13,Tile:7,Tile:0,Tile:5,Bonus,Destroy,Tile:6,Tile:9,Map,Tile:2,Tile:5,Destroy,Tile:9,Tile:9,Bonus,Tile:8,Tile:6,Tile:7,Map,Bonus,Tile:5,Tile:1,Tile:5,Tile:11,Tile:0,Tile:3,Tile:8,Tile:7,Tile:7,Tile:10,Bonus,Map,Map,Tile:9,Map,Tile:8,Tile:6,Tile:4,Tile:10-Tile:8,Tile:8,Tile:14,Malus,Tile:6,Tile:6,Tile:9-Destroy,Tile:12,Malus,Tile:7,Tile:0,Tile:15,Tile:10-Tile:nugget,Tile:hidden2,Tile:hidden1
Drop 2 0 1
Tile:12 6 5 0
Tile:8 5 4 1
Tile:7_flip 5 6 0
Tile:6 6 4 1
Drop 4 0 0
Tile:8 7 4 1
Tile:7 5 3 0
Tile:6 8 4 1
Tile:0 6 6 0
Malus 0 0 1
Drop 4 0 0
Map 12 3 1
Destroy 6 6 0
Tile:9_flip 9 4 1
Drop 2 0 0
Tile:6 9 5 1
Destroy 7 4 0
Tile:0 7 4 1
Destroy 5 4 0
Tile:6_flip 6 6 1
Drop 2 0 0
Map 12 7 1
Drop 5 0 0
Tile:9_flip 7 6 1
Drop 0 0 0
Tile:5 7 5 1
Drop 0 0 0
Tile:0 8 5 1
Drop 6 0 0
Tile:8 10 5 1
Drop 1 0 0
Tile:0 11 5 1
Drop 4 0 0
Drop 0 0 1
Drop 3 0 0
Drop 2 0 1
Drop 2 0 0
Drop 2 0 1
Map 12 3 0
Drop 2 0 1
Drop 2 0 0
Tile:10 12 4 1
GAMEOVER WINNER 1
# Game ended: Thu Apr 09 17:26:45 EDT 2020
