# Server version 0.08 running on LAPTOP-QJHLSQ4D:8123
# Game ID: 101
# Board class: Saboteur.SaboteurBoard
# Timeout: 20000
# First Move Timeout: 30000
# Date: Mon Mar 30 17:06:38 EDT 2020
# Player 1: Player-0, '260760794', running on LAPTOP-QJHLSQ4D
# Player 2: Player-1, 'RandomPlayer', running on LAPTOP-QJHLSQ4D
START Player-0 260760794
START Player-1 RandomPlayer
BoardInit:Bonus,Map,Tile:4,Tile:8,Tile:0,Tile:12,Tile:9,Map,Tile:9,Map,Tile:7,Tile:8,Tile:2,Tile:0,Tile:3,Tile:6,Destroy,Tile:8,Bonus,Tile:0,Tile:14,Tile:7,Tile:1,Malus,Map,Tile:5,Tile:9,Tile:5,Map,Tile:8,Destroy,Tile:6,Bonus,Tile:9,Tile:6,Tile:15,Tile:9,Tile:5,Bonus,Malus,Tile:10-Tile:10,Destroy,Tile:5,Tile:10,Tile:0,Tile:8,Tile:7-Tile:7,Tile:11,Tile:6,Tile:6,Map,Tile:7,Tile:13-Tile:hidden2,Tile:hidden1,Tile:nugget
Drop 2 0 1
Map 12 3 0
Drop 1 0 1
Map 12 5 0
Tile:8 5 6 1
Tile:8 6 6 0
Tile:10 5 7 1
Tile:7_flip 6 7 0
Drop 2 0 1
Map 12 7 0
Tile:0 4 6 1
Tile:13 6 5 0
Tile:4_flip 5 8 1
Tile:8 6 4 0
Tile:10 6 3 1
Tile:0 7 4 0
Tile:9 3 6 1
Tile:6_flip 8 4 0
Tile:0 7 6 1
Tile:8 8 5 0
Destroy 6 7 1
Tile:0 7 5 0
Tile:3 9 4 1
Tile:7 6 2 0
Tile:7_flip 3 7 1
Malus 0 0 0
Map 12 7 1
Tile:5_flip 9 5 0
Drop 2 0 1
Tile:5_flip 8 6 0
Bonus 0 0 1
Tile:7_flip 6 7 0
Map 12 5 1
Tile:6_flip 7 7 0
Destroy 7 4 1
Tile:6 7 4 0
Drop 6 0 1
Tile:15 7 3 0
Tile:9 5 2 1
Tile:5 7 2 0
Tile:1 4 5 1
Malus 0 0 0
Drop 4 0 1
Tile:9_flip 8 2 0
Drop 1 0 1
Tile:6_flip 8 7 0
Bonus 0 0 1
Tile:8 9 7 0
Tile:9_flip 10 7 1
Tile:11_flip 9 8 0
Tile:10 10 8 1
Map 12 3 0
Drop 1 0 1
Tile:12 4 7 0
Drop 0 0 1
GAMEOVER DRAW
# Game ended: Mon Mar 30 17:06:38 EDT 2020
