# Server version 0.08 running on LAPTOP-QJHLSQ4D:8123
# Game ID: 246
# Board class: Saboteur.SaboteurBoard
# Timeout: 20000
# First Move Timeout: 30000
# Date: Wed Apr 08 13:25:06 EDT 2020
# Player 1: Player-0, '260779480', running on LAPTOP-QJHLSQ4D
# Player 2: Player-1, 'RandomPlayer', running on LAPTOP-QJHLSQ4D
START Player-0 260779480
START Player-1 RandomPlayer
BoardInit:Tile:9,Map,Tile:0,Tile:8,Tile:3,Tile:0,Tile:12,Tile:5,Tile:6,Bonus,Tile:6,Tile:6,Malus,Tile:9,Malus,Tile:4,Tile:7,Tile:7,Tile:6,Tile:2,Tile:7,Tile:1,Map,Bonus,Tile:8,Tile:10,Bonus,Tile:11,Tile:13,Tile:5,Tile:9,Tile:9,Map,Bonus,Tile:14,Tile:7,Map,Tile:10,Tile:8,Tile:9,Tile:6-Tile:10,Tile:5,Tile:0,Tile:8,Tile:15,Tile:7,Destroy-Map,Tile:5,Destroy,Map,Tile:8,Destroy,Tile:0-Tile:nugget,Tile:hidden2,Tile:hidden1
Drop 2 0 1
Map 12 3 0
Tile:10 5 6 1
Map 12 7 0
Tile:8 6 5 1
Map 12 5 0
Tile:7_flip 6 6 1
Tile:8 7 5 0
Tile:15 7 4 1
Tile:8 8 5 0
Drop 5 0 1
Tile:0 9 5 0
Tile:5_flip 7 6 1
Tile:6 10 5 0
Drop 3 0 1
Tile:9_flip 11 5 0
Tile:6_flip 11 4 1
Tile:0 12 4 0
Tile:7_flip 4 5 1
Tile:5_flip 13 4 0
Tile:6_flip 7 3 1
Tile:5 13 3 0
Destroy 7 6 1
Tile:7_flip 11 6 0
Tile:6_flip 10 4 1
Drop 4 0 0
Tile:0 12 6 1
Drop 4 0 0
Tile:9 8 4 1
Drop 6 0 0
Malus 0 0 1
Bonus 0 0 0
Tile:8 7 6 1
Tile:9_flip 13 6 0
Tile:9_flip 4 4 1
Tile:10 13 7 0
Map 12 5 1
Tile:5 13 5 0
Map 12 5 1
Tile:10 13 8 0
Drop 4 0 1
Tile:9 13 9 0
Drop 0 0 1
Tile:7_flip 13 10 0
Map 12 3 1
Drop 2 0 0
Drop 1 0 1
Drop 0 0 0
Tile:7_flip 7 7 1
Drop 0 0 0
Tile:6 3 4 1
Drop 1 0 0
Tile:8 5 7 1
Drop 0 0 0
Tile:13 4 3 1
GAMEOVER DRAW
# Game ended: Wed Apr 08 13:25:15 EDT 2020
