# Server version 0.08 running on LAPTOP-QJHLSQ4D:8123
# Game ID: 80
# Board class: Saboteur.SaboteurBoard
# Timeout: 20000
# First Move Timeout: 30000
# Date: Mon Mar 30 17:01:18 EDT 2020
# Player 1: Player-0, '260760794', running on LAPTOP-QJHLSQ4D
# Player 2: Player-1, 'RandomPlayer', running on LAPTOP-QJHLSQ4D
START Player-0 260760794
START Player-1 RandomPlayer
BoardInit:Bonus,Tile:8,Tile:7,Tile:3,Tile:8,Tile:9,Tile:14,Tile:9,Tile:10,Tile:2,Tile:6,Tile:9,Tile:6,Tile:4,Tile:9,Tile:7,Tile:7,Map,Tile:15,Tile:6,Map,Tile:1,Map,Tile:5,Map,Tile:13,Destroy,Tile:7,Tile:0,Tile:8,Tile:12,Tile:5,Tile:0,Tile:5,Tile:0,Tile:9,Destroy,Tile:7,Tile:6,Tile:5,Map-Tile:11,Tile:8,Bonus,Tile:8,Tile:10,Tile:6,Malus-Destroy,Bonus,Tile:10,Tile:0,Map,Malus,Bonus-Tile:nugget,Tile:hidden2,Tile:hidden1
Tile:8 5 4 1
Map 12 3 0
Tile:6 5 6 1
Malus 0 0 0
Drop 2 0 1
Tile:3 6 5 0
Malus 0 0 1
Destroy 6 5 0
Drop 0 0 1
Drop 0 0 0
Drop 4 0 1
Bonus 0 0 0
Drop 3 0 1
Tile:9_flip 6 5 0
Drop 2 0 1
Tile:9_flip 6 4 0
Drop 1 0 1
Tile:7 6 3 0
Drop 3 0 1
Map 12 5 0
Drop 2 0 1
Tile:8 6 6 0
Map 12 3 1
Tile:10 6 7 0
Drop 5 0 1
Tile:0 7 6 0
Bonus 0 0 1
Tile:2 8 6 0
Destroy 6 4 1
Tile:9 6 8 0
Tile:9 4 6 1
Tile:4_flip 6 9 0
Tile:12 7 8 1
Tile:6 8 7 0
Map 12 5 1
Tile:1 9 6 0
Tile:14_flip 4 5 1
Tile:5_flip 10 6 0
Destroy 5 4 1
Tile:13 10 5 0
Drop 0 0 1
Tile:5 10 4 0
Map 12 5 1
Tile:5_flip 11 5 0
Tile:7 9 7 1
Tile:7_flip 9 5 0
Tile:6 5 3 1
Tile:7 9 4 0
Tile:0 8 4 1
Tile:9_flip 11 4 0
Tile:0 4 3 1
Tile:5 11 3 0
Drop 1 0 1
Tile:8 6 4 0
Tile:0 7 4 1
GAMEOVER DRAW
# Game ended: Mon Mar 30 17:01:18 EDT 2020
