# Server version 0.08 running on LAPTOP-QJHLSQ4D:8123
# Game ID: 293
# Board class: Saboteur.SaboteurBoard
# Timeout: 20000
# First Move Timeout: 30000
# Date: Thu Apr 09 17:01:25 EDT 2020
# Player 1: Player-0, '260779480', running on LAPTOP-QJHLSQ4D
# Player 2: Player-1, 'RandomPlayer', running on LAPTOP-QJHLSQ4D
START Player-0 260779480
START Player-1 RandomPlayer
BoardInit:Tile:6,Tile:9,Tile:5,Tile:10,Map,Map,Tile:14,Bonus,Map,Bonus,Tile:7,Tile:8,Tile:0,Tile:9,Tile:8,Tile:3,Tile:4,Tile:5,Tile:5,Tile:6,Tile:8,Tile:11,Map,Tile:7,Malus,Tile:9,Tile:0,Tile:7,Tile:8,Malus,Tile:6,Tile:10,Destroy,Tile:5,Tile:2,Tile:7,Tile:7,Destroy,Destroy,Tile:9,Tile:1-Tile:10,Tile:6,Tile:15,Tile:13,Bonus,Tile:6,Tile:9-Map,Map,Bonus,Tile:0,Tile:0,Tile:12,Tile:8-Tile:hidden2,Tile:hidden1,Tile:nugget
Tile:6_flip 4 5 1
Map 12 3 0
Tile:13 6 5 1
Map 12 7 0
Tile:9_flip 6 6 1
Tile:8 5 4 0
Tile:5 5 3 1
Map 12 5 0
Tile:6 6 3 1
Tile:9_flip 7 3 0
Map 12 7 1
Tile:10 7 2 0
Tile:6 4 4 1
Tile:8 7 1 0
Tile:7_flip 6 7 1
Tile:9_flip 8 1 0
Tile:8 3 4 1
Drop 6 0 0
Tile:4 3 3 1
Tile:5 8 0 0
Tile:15 6 2 1
Tile:6 9 0 0
Tile:14 7 5 1
Tile:0 10 0 0
Tile:10 8 2 1
Tile:0 11 0 0
Tile:8 7 4 1
Tile:9_flip 12 0 0
Drop 2 0 1
Drop 4 0 0
Map 12 3 1
Malus 0 0 0
Drop 3 0 1
Tile:10 12 1 0
Drop 3 0 1
Drop 1 0 0
Destroy 6 2 1
Drop 3 0 0
Map 12 5 1
Drop 6 0 0
Destroy 6 6 1
Tile:9 12 2 0
Drop 5 0 1
Drop 3 0 0
Drop 4 0 1
Drop 3 0 0
Drop 3 0 1
Drop 3 0 0
Drop 2 0 1
Drop 0 0 0
Drop 0 0 1
Drop 0 0 0
Drop 1 0 1
Drop 0 0 0
Drop 0 0 1
GAMEOVER DRAW
# Game ended: Thu Apr 09 17:01:34 EDT 2020
