# Server version 0.08 running on LAPTOP-QJHLSQ4D:8123
# Game ID: 36
# Board class: Saboteur.SaboteurBoard
# Timeout: 20000
# First Move Timeout: 30000
# Date: Thu Mar 26 17:32:49 EDT 2020
# Player 1: Player-0, '260760794', running on LAPTOP-QJHLSQ4D
# Player 2: Player-1, 'Human', running on LAPTOP-QJHLSQ4D
START Player-0 260760794
START Player-1 Human
BoardInit:Tile:9,Map,Tile:12,Tile:10,Tile:5,Tile:0,Tile:5,Tile:0,Tile:5,Destroy,Map,Tile:7,Map,Tile:9,Tile:0,Tile:0,Bonus,Tile:9,Tile:8,Map,Destroy,Map,Tile:10,Malus,Tile:9,Tile:8,Tile:11,Malus,Tile:1,Tile:6,Tile:6,Tile:7,Tile:8,Tile:7,Tile:5,Tile:4,Tile:10,Tile:6,Tile:15,Tile:13,Bonus-Tile:7,Tile:3,Bonus,Tile:2,Tile:14,Map,Bonus-Tile:9,Tile:8,Destroy,Tile:6,Tile:8,Tile:7,Tile:6-Tile:hidden2,Tile:hidden1,Tile:nugget
Map 12 5 1
Tile:9 5 6 0
Tile:7 6 5 1
Map 12 3 0
Drop 6 0 1
Tile:8 5 7 0
Tile:9 5 8 1
Tile:6 6 7 0
Tile:5_flip 7 7 1
Tile:8 6 6 0
Tile:5 5 4 1
Tile:7 7 6 0
Map 12 7 1
Tile:6 6 4 0
Map 12 3 1
Tile:10 6 3 0
Tile:0 7 4 1
Tile:7 6 2 0
Drop 2 0 1
Tile:0 5 2 0
Tile:8 8 4 1
Map 12 3 0
Destroy 5 8 1
Map 12 3 0
Tile:5_flip 9 4 1
Tile:9 8 3 0
Tile:9 8 5 1
Tile:0 9 5 0
Drop 0 0 1
Tile:0 10 5 0
Drop 6 0 1
Tile:9_flip 11 5 0
Tile:6 11 6 1
Tile:8 11 4 0
Tile:8 12 6 1
GAMEOVER WINNER 1
# Game ended: Thu Mar 26 17:35:33 EDT 2020
