# Server version 0.08 running on LAPTOP-QJHLSQ4D:8123
# Game ID: 249
# Board class: Saboteur.SaboteurBoard
# Timeout: 20000
# First Move Timeout: 30000
# Date: Wed Apr 08 13:26:16 EDT 2020
# Player 1: Player-0, '260779480', running on LAPTOP-QJHLSQ4D
# Player 2: Player-1, 'RandomPlayer', running on LAPTOP-QJHLSQ4D
START Player-0 260779480
START Player-1 RandomPlayer
BoardInit:Tile:7,Destroy,Tile:7,Tile:8,Tile:7,Tile:6,Tile:6,Tile:8,Tile:6,Tile:10,Tile:10,Map,Tile:9,Tile:15,Malus,Tile:0,Tile:0,Tile:5,Tile:11,Bonus,Tile:5,Tile:14,Tile:5,Tile:0,Tile:9,Map,Bonus,Map,Tile:7,Tile:8,Tile:8,Map,Tile:13,Tile:6,Tile:0,Destroy,Tile:12,Tile:2,Tile:3,Tile:8,Tile:10-Tile:9,Bonus,Tile:9,Tile:9,Map,Bonus,Tile:7-Tile:1,Tile:4,Destroy,Malus,Tile:5,Map,Tile:6-Tile:hidden2,Tile:nugget,Tile:hidden1
Map 12 5 1
Map 12 3 0
Tile:9_flip 5 4 1
Malus 0 0 0
Drop 0 0 1
Tile:8 6 5 0
Drop 3 0 1
Tile:6 7 5 0
Drop 5 0 1
Tile:8 8 5 0
Bonus 0 0 1
Tile:6 9 5 0
Tile:6_flip 5 3 1
Map 12 7 0
Tile:9 4 4 1
Tile:5_flip 10 5 0
Tile:9_flip 8 4 1
Tile:10 10 4 0
Drop 0 0 1
Tile:5 10 3 0
Tile:9 7 4 1
Tile:0 11 3 0
Tile:11 8 3 1
Drop 0 0 0
Tile:7_flip 6 6 1
Tile:0 13 3 0
Malus 0 0 1
Bonus 0 0 0
Tile:9_flip 12 4 1
GAMEOVER WINNER 1
# Game ended: Wed Apr 08 13:26:25 EDT 2020
