# Server version 0.08 running on LAPTOP-QJHLSQ4D:8123
# Game ID: 327
# Board class: Saboteur.SaboteurBoard
# Timeout: 20000
# First Move Timeout: 30000
# Date: Thu Apr 09 17:47:00 EDT 2020
# Player 1: Player-0, '260779480', running on LAPTOP-QJHLSQ4D
# Player 2: Player-1, 'RandomPlayer', running on LAPTOP-QJHLSQ4D
START Player-0 260779480
START Player-1 RandomPlayer
BoardInit:Tile:8,Tile:14,Map,Tile:8,Tile:11,Tile:6,Bonus,Tile:7,Tile:4,Tile:6,Destroy,Map,Tile:10,Tile:1,Malus,Tile:7,Tile:9,Tile:10,Malus,Bonus,Tile:2,Tile:9,Tile:5,Tile:13,Tile:9,Destroy,Tile:7,Tile:0,Map,Tile:5,Map,Tile:6,Tile:8,Tile:7,Tile:15,Tile:5,Bonus,Tile:8,Tile:5,Destroy,Tile:9-Tile:0,Bonus,Tile:0,Map,Tile:10,Map,Tile:8-Tile:9,Tile:6,Tile:0,Tile:6,Tile:3,Tile:12,Tile:7-Tile:nugget,Tile:hidden2,Tile:hidden1
Map 12 7 1
Tile:9_flip 6 5 0
Map 12 7 1
Tile:6 6 6 0
Tile:8 5 6 1
Tile:8 7 6 0
Map 12 3 1
Tile:6 8 6 0
Tile:8 8 5 1
Tile:6 9 5 0
Tile:11_flip 6 4 1
Tile:6 10 5 0
Drop 4 0 1
Map 12 3 0
Drop 5 0 1
Tile:0 11 5 0
Tile:0 9 6 1
Drop 0 0 0
Malus 0 0 1
Drop 2 0 0
Drop 6 0 1
Bonus 0 0 0
Tile:9_flip 5 7 1
Tile:9 12 4 0
GAMEOVER WINNER 0
# Game ended: Thu Apr 09 17:47:10 EDT 2020
