# Server version 0.08 running on LAPTOP-QJHLSQ4D:8123
# Game ID: 160
# Board class: Saboteur.SaboteurBoard
# Timeout: 20000
# First Move Timeout: 30000
# Date: Sun Apr 05 16:17:42 EDT 2020
# Player 1: Player-0, 'RandomPlayer', running on LAPTOP-QJHLSQ4D
# Player 2: Player-1, '260760794', running on LAPTOP-QJHLSQ4D
START Player-0 RandomPlayer
START Player-1 260760794
BoardInit:Tile:0,Tile:5,Map,Destroy,Tile:6,Bonus,Tile:5,Tile:6,Tile:8,Tile:13,Tile:6,Map,Tile:8,Tile:6,Malus,Tile:5,Tile:14,Tile:2,Tile:7,Tile:12,Tile:7,Tile:9,Tile:0,Tile:3,Tile:6,Tile:7,Tile:8,Tile:9,Map,Tile:4,Destroy,Bonus,Tile:7,Tile:7,Tile:5,Tile:8,Destroy,Tile:9,Tile:0,Map,Tile:9-Tile:11,Tile:10,Bonus,Tile:9,Tile:1,Tile:15,Tile:10-Tile:0,Bonus,Map,Map,Malus,Tile:8,Tile:10-Tile:nugget,Tile:hidden2,Tile:hidden1
Tile:10 5 4 1
Malus 0 0 0
Bonus 0 0 1
Map 12 3 0
Map 12 3 1
Tile:8 6 5 0
Tile:6_flip 7 5 1
Tile:5_flip 6 6 0
Tile:5_flip 8 5 1
Tile:6 5 6 0
Tile:10 7 6 1
Tile:13 8 4 0
Tile:6 7 7 1
Destroy 6 5 0
Tile:8 6 5 1
Drop 2 0 0
Tile:8 8 7 1
Tile:5 6 4 0
Tile:9_flip 9 7 1
Tile:2 6 7 0
Tile:7 9 6 1
Tile:10 8 3 0
Tile:7_flip 8 8 1
Tile:9 5 3 0
Tile:14 9 8 1
Drop 2 0 0
Tile:6 7 4 1
Tile:12_flip 5 7 0
Tile:11_flip 6 8 1
Tile:0 4 5 0
Map 12 5 1
Tile:7_flip 3 5 0
Destroy 8 7 1
Tile:3 7 3 0
Tile:8 8 7 1
Drop 0 0 0
Tile:5 8 6 1
Tile:7 8 2 0
Destroy 5 6 1
Tile:9 5 2 0
Tile:7 6 2 1
Map 12 5 0
Tile:1 9 4 1
Tile:6 6 9 0
Tile:9_flip 10 4 1
Drop 3 0 0
Tile:15 10 5 1
Tile:4 10 3 0
Tile:0 7 9 1
Drop 2 0 0
Tile:0 8 9 1
Tile:8 5 9 0
Tile:0 9 9 1
Drop 0 0 0
Malus 0 0 1
GAMEOVER DRAW
# Game ended: Sun Apr 05 16:17:51 EDT 2020
