# Server version 0.08 running on LAPTOP-QJHLSQ4D:8123
# Game ID: 288
# Board class: Saboteur.SaboteurBoard
# Timeout: 20000
# First Move Timeout: 30000
# Date: Thu Apr 09 16:58:14 EDT 2020
# Player 1: Player-0, '260779480', running on LAPTOP-QJHLSQ4D
# Player 2: Player-1, '260779480', running on LAPTOP-QJHLSQ4D
START Player-0 260779480
START Player-1 260779480
BoardInit:Tile:1,Tile:12,Bonus,Tile:0,Map,Map,Tile:10,Tile:8,Tile:2,Bonus,Tile:8,Tile:13,Tile:3,Tile:9,Tile:6,Tile:0,Map,Tile:6,Tile:7,Tile:0,Tile:9,Tile:5,Tile:6,Tile:5,Bonus,Tile:10,Tile:7,Malus,Map,Destroy,Tile:9,Tile:14,Tile:6,Tile:9,Tile:8,Tile:11,Tile:4,Malus,Tile:5,Tile:6,Destroy-Bonus,Tile:8,Tile:8,Tile:7,Tile:10,Tile:7,Tile:15-Tile:7,Destroy,Tile:9,Map,Tile:5,Tile:0,Map-Tile:hidden1,Tile:hidden2,Tile:nugget
Drop 6 0 1
Map 12 3 0
Tile:8 6 5 1
Map 12 7 0
Tile:8 7 5 1
Tile:9_flip 8 5 0
Map 12 3 1
Map 12 5 0
Tile:10 8 4 1
Tile:8 8 3 0
Tile:7 9 3 1
Tile:7_flip 9 4 0
Tile:8 10 4 1
Tile:0 11 4 0
Drop 5 0 1
Tile:9_flip 12 4 0
Tile:10 12 2 1
Drop 5 0 0
Map 12 7 1
Drop 2 0 0
Drop 2 0 1
Drop 0 0 0
Tile:9 12 1 1
Drop 0 0 0
Drop 3 0 1
Drop 5 0 0
Drop 1 0 1
Tile:10 12 0 0
Drop 3 0 1
Malus 0 0 0
Bonus 0 0 1
Drop 6 0 0
Tile:9 12 6 1
GAMEOVER WINNER 1
# Game ended: Thu Apr 09 16:58:23 EDT 2020
