# Server version 0.08 running on LAPTOP-QJHLSQ4D:8123
# Game ID: 276
# Board class: Saboteur.SaboteurBoard
# Timeout: 20000
# First Move Timeout: 30000
# Date: Thu Apr 09 16:47:19 EDT 2020
# Player 1: Player-0, 'RandomPlayer', running on LAPTOP-QJHLSQ4D
# Player 2: Player-1, '260779480', running on LAPTOP-QJHLSQ4D
START Player-0 RandomPlayer
START Player-1 260779480
BoardInit:Tile:10,Destroy,Tile:14,Tile:9,Bonus,Destroy,Map,Tile:6,Tile:8,Map,Bonus,Tile:10,Tile:6,Tile:3,Tile:9,Tile:8,Tile:8,Tile:5,Tile:10,Tile:11,Tile:9,Tile:1,Tile:6,Map,Tile:6,Tile:7,Tile:7,Tile:5,Malus,Tile:0,Tile:0,Tile:7,Tile:8,Destroy,Tile:12,Tile:9,Tile:7,Tile:5,Bonus,Tile:0,Map-Malus,Tile:0,Tile:2,Tile:5,Map,Map,Bonus-Tile:6,Tile:13,Tile:15,Tile:4,Tile:8,Tile:7,Tile:9-Tile:hidden2,Tile:hidden1,Tile:nugget
Map 12 3 1
Tile:15 5 4 0
Map 12 7 1
Tile:7_flip 5 6 0
Tile:0 6 5 1
Tile:9 5 3 0
Tile:5_flip 7 5 1
Tile:8 5 2 0
Map 12 5 1
Tile:6_flip 6 6 0
Tile:8 7 4 1
Drop 4 0 0
Drop 1 0 1
Destroy 6 5 0
Tile:6_flip 7 6 1
Tile:6 8 4 0
Tile:9_flip 8 6 1
Tile:4_flip 8 7 0
Drop 3 0 1
Tile:8 5 1 0
Tile:10 7 7 1
Tile:11 8 3 0
Tile:8 7 8 1
Tile:3_flip 7 9 0
Tile:6_flip 8 8 1
Tile:5 6 4 0
Malus 0 0 1
Drop 0 0 0
Tile:9_flip 9 8 1
Drop 5 0 0
Malus 0 0 1
Map 12 7 0
Tile:6 9 9 1
Map 12 3 0
Tile:8 10 9 1
Drop 3 0 0
Tile:0 11 9 1
Destroy 9 9 0
Tile:10 9 7 1
Drop 6 0 0
Tile:7_flip 9 9 1
Drop 2 0 0
Drop 3 0 1
Drop 1 0 0
Drop 3 0 1
Drop 3 0 0
Map 12 3 1
Drop 0 0 0
Drop 2 0 1
Drop 2 0 0
Drop 0 0 1
Drop 0 0 0
Drop 0 0 1
Drop 0 0 0
Drop 0 0 1
GAMEOVER DRAW
# Game ended: Thu Apr 09 16:47:28 EDT 2020
