# Server version 0.08 running on LAPTOP-QJHLSQ4D:8123
# Game ID: 87
# Board class: Saboteur.SaboteurBoard
# Timeout: 20000
# First Move Timeout: 30000
# Date: Mon Mar 30 17:05:39 EDT 2020
# Player 1: Player-0, 'RandomPlayer', running on LAPTOP-QJHLSQ4D
# Player 2: Player-1, '260760794', running on LAPTOP-QJHLSQ4D
START Player-0 RandomPlayer
START Player-1 260760794
BoardInit:Bonus,Tile:7,Destroy,Tile:8,Destroy,Tile:5,Tile:1,Tile:9,Tile:9,Map,Bonus,Tile:6,Tile:0,Malus,Tile:7,Map,Map,Tile:10,Tile:10,Map,Destroy,Tile:3,Malus,Tile:6,Tile:8,Tile:5,Tile:0,Tile:7,Tile:11,Tile:0,Tile:8,Tile:14,Tile:8,Bonus,Tile:8,Tile:7,Tile:10,Tile:9,Tile:12,Tile:7,Tile:2-Tile:13,Tile:4,Tile:5,Bonus,Tile:6,Tile:5,Tile:6-Tile:0,Tile:15,Tile:6,Tile:9,Map,Map,Tile:9-Tile:nugget,Tile:hidden1,Tile:hidden2
Tile:6_flip 6 5 1
Tile:15 6 6 0
Tile:6 6 7 1
Tile:6_flip 7 7 0
Tile:5_flip 7 5 1
Map 12 5 0
Tile:5 7 4 1
Tile:5_flip 5 6 0
Tile:1 8 4 1
Tile:9 4 5 0
Tile:13 7 8 1
Map 12 7 0
Tile:4_flip 7 9 1
Tile:9_flip 8 8 0
Tile:9 8 9 1
Map 12 3 0
Tile:0 6 8 1
Tile:8 4 6 0
Map 12 3 1
Map 12 7 0
Tile:7 8 7 1
Tile:6_flip 4 4 0
Tile:10 8 10 1
Tile:10 4 7 0
Malus 0 0 1
Drop 5 0 0
Tile:8 9 4 1
Map 12 5 0
Tile:0 9 9 1
Drop 6 0 0
Tile:11 8 11 1
Drop 1 0 0
Tile:8 10 4 1
Drop 4 0 0
Tile:8 10 9 1
Drop 4 0 0
Tile:8 10 8 1
Drop 3 0 0
Tile:10 8 12 1
Malus 0 0 0
Destroy 9 4 1
Drop 4 0 0
Destroy 10 4 1
Bonus 0 0 0
Destroy 6 5 1
Tile:9_flip 10 10 0
Bonus 0 0 1
Tile:9_flip 10 7 0
Tile:12 11 8 1
Tile:14 9 4 0
Tile:2 9 3 1
Tile:7_flip 9 7 0
Drop 1 0 1
Tile:0 10 3 0
Drop 0 0 1
GAMEOVER DRAW
# Game ended: Mon Mar 30 17:05:39 EDT 2020
