# Server version 0.08 running on LAPTOP-QJHLSQ4D:8123
# Game ID: 316
# Board class: Saboteur.SaboteurBoard
# Timeout: 20000
# First Move Timeout: 30000
# Date: Thu Apr 09 17:33:15 EDT 2020
# Player 1: Player-0, '260779480', running on LAPTOP-QJHLSQ4D
# Player 2: Player-1, '260779480', running on LAPTOP-QJHLSQ4D
START Player-0 260779480
START Player-1 260779480
BoardInit:Tile:0,Tile:13,Bonus,Tile:5,Tile:2,Tile:1,Tile:0,Tile:9,Tile:11,Tile:8,Malus,Destroy,Tile:10,Tile:8,Tile:6,Tile:12,Malus,Destroy,Tile:9,Tile:7,Tile:3,Tile:10,Tile:6,Map,Tile:5,Tile:9,Tile:6,Map,Map,Tile:0,Tile:7,Map,Bonus,Map,Tile:8,Tile:0,Tile:15,Map,Tile:9,Tile:10,Tile:5-Tile:5,Tile:7,Tile:7,Tile:7,Tile:6,Bonus,Tile:4-Destroy,Bonus,Tile:8,Tile:14,Tile:9,Tile:6,Tile:8-Tile:hidden2,Tile:nugget,Tile:hidden1
Drop 6 0 1
Tile:8 6 5 0
Tile:6 7 5 1
Tile:8 8 5 0
Tile:0 9 5 1
Tile:9_flip 10 5 0
Tile:5 10 4 1
Tile:6 11 4 0
Drop 5 0 1
Tile:9_flip 12 4 0
GAMEOVER WINNER 0
# Game ended: Thu Apr 09 17:33:24 EDT 2020
