# Server version 0.08 running on LAPTOP-QJHLSQ4D:8123
# Game ID: 9
# Board class: Saboteur.SaboteurBoard
# Timeout: 20000
# First Move Timeout: 30000
# Date: Tue Mar 24 19:23:09 EDT 2020
# Player 1: Player-0, 'RandomPlayer', running on LAPTOP-QJHLSQ4D
# Player 2: Player-1, 'Human', running on LAPTOP-QJHLSQ4D
START Player-0 RandomPlayer
START Player-1 Human
BoardInit:Tile:8,Tile:10,Tile:8,Bonus,Tile:6,Tile:7,Bonus,Destroy,Bonus,Tile:7,Tile:6,Tile:9,Tile:1,Tile:6,Tile:14,Tile:5,Tile:8,Map,Tile:2,Tile:0,Malus,Map,Tile:9,Bonus,Map,Tile:10,Tile:7,Tile:13,Tile:4,Destroy,Tile:11,Tile:0,Tile:15,Tile:7,Tile:9,Tile:8,Tile:8,Tile:5,Malus-Tile:3,Tile:6,Tile:5,Tile:0,Tile:9,Tile:9,Tile:5-Tile:0,Tile:10,Tile:6,Map,Destroy,Tile:12,Tile:7-Tile:hidden1,Tile:nugget,Tile:hidden2
Tile:0 6 5 1
Tile:6_flip 5 4 0
Tile:8 7 5 1
Tile:12 6 4 0
Tile:8 8 5 1
Tile:10 8 6 0
Tile:6 9 5 1
Tile:7_flip 8 7 0
Tile:6 10 5 1
Tile:7_flip 4 4 0
Tile:9 9 4 1
Destroy 7 5 0
Tile:6 7 5 1
Destroy 4 4 0
Tile:5 4 4 1
Tile:9_flip 8 4 0
Tile:14 5 6 1
Drop 5 0 0
Tile:8 11 5 1
GAMEOVER WINNER 1
# Game ended: Tue Mar 24 19:24:33 EDT 2020
