# Server version 0.08 running on LAPTOP-QJHLSQ4D:8123
# Game ID: 315
# Board class: Saboteur.SaboteurBoard
# Timeout: 20000
# First Move Timeout: 30000
# Date: Thu Apr 09 17:32:53 EDT 2020
# Player 1: Player-0, '260779480', running on LAPTOP-QJHLSQ4D
# Player 2: Player-1, '260779480', running on LAPTOP-QJHLSQ4D
START Player-0 260779480
START Player-1 260779480
BoardInit:Tile:6,Map,Tile:0,Tile:14,Map,Tile:7,Tile:9,Tile:6,Destroy,Tile:0,Malus,Tile:6,Tile:9,Tile:9,Tile:6,Destroy,Tile:8,Bonus,Bonus,Map,Tile:10,Tile:10,Tile:3,Tile:5,Tile:11,Tile:7,Tile:15,Tile:5,Tile:0,Tile:9,Tile:5,Bonus,Tile:12,Tile:8,Destroy,Map,Tile:5,Map,Tile:8,Tile:6,Tile:13-Tile:7,Malus,Tile:8,Tile:9,Bonus,Tile:1,Tile:2-Tile:0,Tile:7,Tile:10,Tile:8,Map,Tile:7,Tile:4-Tile:hidden1,Tile:hidden2,Tile:nugget
Drop 6 0 1
Map 12 3 0
Tile:8 6 5 1
Map 12 7 0
Tile:9_flip 7 5 1
Tile:8 7 4 0
Map 12 3 1
Tile:0 8 4 0
Malus 0 0 1
Drop 4 0 0
Tile:6 9 4 1
Drop 3 0 0
Malus 0 0 1
Drop 0 0 0
Tile:9_flip 10 4 1
Drop 1 0 0
Tile:9 10 3 1
Drop 6 0 0
Tile:8 11 3 1
Bonus 0 0 0
Drop 2 0 1
Map 12 5 0
Tile:10 12 4 1
Drop 1 0 0
Drop 6 0 1
Drop 6 0 0
Drop 6 0 1
Drop 6 0 0
Drop 6 0 1
Drop 6 0 0
Drop 3 0 1
Drop 0 0 0
Drop 0 0 1
Bonus 0 0 0
Drop 6 0 1
Tile:8 12 2 0
Drop 6 0 1
Tile:9 12 1 0
Drop 5 0 1
Tile:9 12 0 0
Tile:8 12 6 1
GAMEOVER WINNER 1
# Game ended: Thu Apr 09 17:33:03 EDT 2020
