# Server version 0.08 running on LAPTOP-QJHLSQ4D:8123
# Game ID: 27
# Board class: Saboteur.SaboteurBoard
# Timeout: 20000
# First Move Timeout: 30000
# Date: Wed Mar 25 22:11:59 EDT 2020
# Player 1: Player-0, '260760794', running on LAPTOP-QJHLSQ4D
# Player 2: Player-1, 'Human', running on LAPTOP-QJHLSQ4D
START Player-0 260760794
START Player-1 Human
BoardInit:Tile:5,Tile:10,Tile:11,Tile:8,Map,Tile:9,Tile:6,Destroy,Tile:14,Tile:5,Bonus,Tile:7,Tile:3,Tile:8,Tile:0,Map,Tile:13,Map,Tile:6,Tile:15,Tile:9,Tile:1,Tile:6,Tile:7,Malus,Bonus,Bonus,Tile:5,Tile:10,Map,Tile:4,Tile:12,Tile:5,Destroy,Tile:9,Destroy,Map,Tile:7,Tile:8,Tile:2,Tile:0-Tile:10,Tile:6,Tile:0,Tile:7,Bonus,Tile:8,Tile:9-Tile:6,Tile:9,Tile:8,Malus,Map,Tile:7,Tile:0-Tile:hidden1,Tile:hidden2,Tile:nugget
Tile:0 6 5 1
Map 12 3 0
Tile:8 7 5 1
Tile:6 8 5 0
Tile:6 9 5 1
Tile:9_flip 10 5 0
Map 12 5 1
Tile:8 10 4 0
Tile:6 10 6 1
Tile:7 11 4 0
Tile:9 11 5 1
Tile:0 13 5 0
