# Server version 0.08 running on LAPTOP-QJHLSQ4D:8123
# Game ID: 156
# Board class: Saboteur.SaboteurBoard
# Timeout: 20000
# First Move Timeout: 30000
# Date: Sun Apr 05 16:16:05 EDT 2020
# Player 1: Player-0, '260760794', running on LAPTOP-QJHLSQ4D
# Player 2: Player-1, 'RandomPlayer', running on LAPTOP-QJHLSQ4D
START Player-0 260760794
START Player-1 RandomPlayer
BoardInit:Tile:7,Tile:6,Tile:9,Tile:5,Destroy,Map,Tile:10,Tile:7,Tile:8,Map,Map,Tile:12,Tile:8,Tile:6,Tile:8,Tile:9,Tile:0,Tile:0,Map,Tile:6,Destroy,Tile:9,Bonus,Map,Bonus,Bonus,Tile:10,Tile:7,Tile:10,Tile:3,Malus,Malus,Tile:4,Tile:1,Tile:6,Tile:7,Map,Tile:5,Tile:0,Tile:11,Tile:14-Tile:15,Tile:7,Tile:0,Tile:2,Bonus,Tile:8,Tile:8-Tile:13,Tile:5,Tile:9,Destroy,Tile:5,Tile:9,Tile:6-Tile:hidden2,Tile:hidden1,Tile:nugget
Tile:15 5 6 1
Tile:6_flip 6 5 0
Tile:8 4 5 1
Tile:6_flip 7 5 0
Tile:7_flip 7 6 1
Tile:5_flip 8 6 0
Tile:7 8 5 1
Map 12 3 0
Tile:10 5 4 1
Destroy 8 6 0
Tile:9_flip 4 4 1
Map 12 5 0
Destroy 4 4 1
Tile:5_flip 8 6 0
Tile:8 5 7 1
Tile:6 5 8 0
Tile:0 4 8 1
Tile:5_flip 4 6 0
Tile:0 3 8 1
Tile:0 3 5 0
Tile:2 3 6 1
Tile:7 6 8 0
Destroy 7 6 1
Tile:9 7 6 0
Tile:8 2 5 1
Map 12 7 0
Drop 3 0 1
Tile:9_flip 7 7 0
Tile:8 2 8 1
Tile:7_flip 7 8 0
Tile:10 2 9 1
Tile:9_flip 8 8 0
Map 12 7 1
Tile:9_flip 8 9 0
Tile:4_flip 3 7 1
Tile:6 8 10 0
Tile:10 4 4 1
Tile:7 9 10 0
Map 12 5 1
Tile:5_flip 9 11 0
Tile:6 2 6 1
Tile:12_flip 4 7 0
Tile:14_flip 2 4 1
Tile:11_flip 5 3 0
Drop 4 0 1
Tile:1 7 10 0
Tile:0 6 7 1
Tile:3_flip 6 9 0
Drop 2 0 1
Malus 0 0 0
Bonus 0 0 1
Tile:13 4 3 0
Malus 0 0 1
Bonus 0 0 0
Drop 0 0 1
GAMEOVER DRAW
# Game ended: Sun Apr 05 16:16:14 EDT 2020
