# Server version 0.08 running on LAPTOP-QJHLSQ4D:8123
# Game ID: 99
# Board class: Saboteur.SaboteurBoard
# Timeout: 20000
# First Move Timeout: 30000
# Date: Mon Mar 30 17:06:31 EDT 2020
# Player 1: Player-0, '260760794', running on LAPTOP-QJHLSQ4D
# Player 2: Player-1, 'RandomPlayer', running on LAPTOP-QJHLSQ4D
START Player-0 260760794
START Player-1 RandomPlayer
BoardInit:Tile:7,Map,Tile:8,Bonus,Tile:11,Map,Bonus,Tile:6,Tile:6,Tile:5,Tile:1,Tile:6,Tile:5,Tile:8,Tile:7,Tile:0,Bonus,Map,Tile:12,Tile:8,Malus,Tile:10,Tile:0,Tile:6,Map,Tile:4,Tile:14,Tile:2,Tile:9,Tile:8,Destroy,Tile:10,Destroy,Tile:9,Tile:7,Tile:7,Tile:9,Bonus,Map,Malus,Tile:13-Tile:8,Tile:9,Tile:0,Tile:10,Tile:6,Tile:5,Tile:9-Tile:5,Map,Tile:3,Tile:0,Tile:7,Destroy,Tile:15-Tile:hidden2,Tile:nugget,Tile:hidden1
Tile:9_flip 6 5 1
Map 12 3 0
Drop 1 0 1
Map 12 5 0
Tile:10 6 4 1
Tile:15 6 3 0
Tile:9 5 6 1
Map 12 7 0
Tile:11_flip 5 4 1
Tile:6_flip 6 2 0
Tile:8 4 4 1
Tile:5_flip 7 2 0
Tile:7 7 1 1
Tile:6 6 1 0
Tile:6 5 1 1
Tile:8 6 0 0
Tile:5 4 1 1
Tile:0 7 0 0
Tile:8 4 3 1
Tile:0 8 0 0
Tile:1 5 2 1
Tile:8 6 6 0
Tile:12 7 6 1
Tile:10 6 7 0
Drop 4 0 1
Tile:6_flip 9 0 0
Tile:6 3 3 1
Tile:4_flip 9 1 0
Tile:0 2 3 1
Tile:2_flip 10 0 0
Tile:5 1 3 1
Tile:8 11 0 0
Tile:7 5 3 1
Tile:10 11 1 0
Tile:9 6 8 1
Tile:3_flip 11 2 0
Destroy 10 0 1
Tile:7 12 2 0
Tile:14_flip 5 0 1
Tile:5_flip 6 9 0
Destroy 9 0 1
Malus 0 0 0
Map 12 7 1
Tile:7 12 0 0
Drop 4 0 1
Tile:9_flip 9 0 0
Drop 4 0 1
Destroy 7 0 0
Drop 0 0 1
Map 12 7 0
Drop 0 0 1
Drop 0 0 0
Drop 1 0 1
Drop 0 0 0
Drop 0 0 1
GAMEOVER DRAW
# Game ended: Mon Mar 30 17:06:31 EDT 2020
