# Server version 0.08 running on LAPTOP-QJHLSQ4D:8123
# Game ID: 28
# Board class: Saboteur.SaboteurBoard
# Timeout: 20000
# First Move Timeout: 30000
# Date: Wed Mar 25 22:13:50 EDT 2020
# Player 1: Player-0, '260760794', running on LAPTOP-QJHLSQ4D
# Player 2: Player-1, 'Human', running on LAPTOP-QJHLSQ4D
START Player-0 260760794
START Player-1 Human
BoardInit:Tile:0,Bonus,Destroy,Tile:7,Tile:0,Map,Tile:0,Tile:3,Tile:2,Tile:5,Tile:13,Tile:6,Tile:6,Bonus,Map,Map,Destroy,Malus,Tile:10,Tile:7,Tile:9,Tile:7,Tile:7,Tile:6,Tile:12,Bonus,Tile:9,Tile:8,Tile:6,Tile:8,Tile:4,Tile:5,Tile:0,Tile:5,Tile:11,Tile:14,Destroy,Tile:5,Tile:1,Tile:10,Tile:10-Tile:7,Tile:8,Map,Malus,Tile:15,Bonus,Map-Tile:6,Tile:9,Tile:9,Tile:8,Map,Tile:8,Tile:9-Tile:nugget,Tile:hidden2,Tile:hidden1
Tile:8 6 5 1
Map 12 3 0
Tile:0 7 5 1
Tile:6 8 5 0
Tile:7 9 5 1
Tile:9 9 6 0
Tile:0 10 6 1
Map 12 3 0
Map 12 5 1
Tile:9_flip 11 6 0
Map 12 7 1
Tile:8 11 5 0
Tile:15 11 4 1
Tile:9 12 4 0
GAMEOVER WINNER 0
# Game ended: Wed Mar 25 22:14:17 EDT 2020
