# Server version 0.08 running on LAPTOP-QJHLSQ4D:8123
# Game ID: 116
# Board class: Saboteur.SaboteurBoard
# Timeout: 20000
# First Move Timeout: 30000
# Date: Mon Mar 30 17:13:30 EDT 2020
# Player 1: Player-0, 'RandomPlayer', running on LAPTOP-QJHLSQ4D
# Player 2: Player-1, '260760794', running on LAPTOP-QJHLSQ4D
START Player-0 RandomPlayer
START Player-1 260760794
BoardInit:Tile:6,Tile:9,Tile:9,Tile:8,Bonus,Tile:2,Destroy,Tile:8,Tile:6,Tile:5,Tile:8,Map,Tile:10,Tile:10,Tile:13,Tile:10,Tile:6,Tile:11,Tile:5,Tile:9,Tile:6,Tile:12,Tile:7,Tile:7,Tile:3,Tile:0,Tile:15,Tile:8,Malus,Tile:8,Map,Tile:7,Bonus,Map,Tile:0,Tile:9,Tile:14,Malus,Bonus,Tile:1,Tile:7-Map,Tile:0,Map,Tile:0,Tile:5,Tile:5,Tile:6-Tile:9,Tile:4,Map,Bonus,Destroy,Tile:7,Destroy-Tile:hidden1,Tile:hidden2,Tile:nugget
Map 12 3 1
Map 12 3 0
Map 12 5 1
Tile:9_flip 6 5 0
Tile:9_flip 6 4 1
Tile:4_flip 6 6 0
Tile:6_flip 6 3 1
Drop 4 0 0
Tile:6_flip 7 3 1
Destroy 6 4 0
Tile:6_flip 8 3 1
Drop 1 0 0
Tile:8 6 4 1
Tile:2 5 4 0
Tile:10 8 4 1
Drop 3 0 0
Tile:5_flip 7 4 1
Tile:8 8 5 0
Tile:6_flip 9 5 1
Tile:10 5 6 0
Tile:13 10 5 1
Drop 6 0 0
Tile:6 10 6 1
Tile:11 4 4 0
Tile:0 11 6 1
Tile:12 9 3 0
Tile:5_flip 11 5 1
Destroy 7 3 0
Tile:15 11 4 1
Drop 0 0 0
Malus 0 0 1
Map 12 3 0
Map 12 7 1
Drop 6 0 0
Tile:7 12 6 1
Drop 3 0 0
Tile:5 11 3 1
Drop 2 0 0
Tile:14_flip 7 5 1
Map 12 7 0
Tile:3_flip 8 6 1
Drop 4 0 0
Tile:7 10 4 1
Malus 0 0 0
Destroy 8 5 1
Drop 3 0 0
Bonus 0 0 1
Drop 0 0 0
Tile:0 5 3 1
Drop 2 0 0
Drop 0 0 1
Drop 0 0 0
Drop 1 0 1
Drop 0 0 0
Drop 0 0 1
GAMEOVER DRAW
# Game ended: Mon Mar 30 17:13:30 EDT 2020
