# Server version 0.08 running on LAPTOP-QJHLSQ4D:8123
# Game ID: 247
# Board class: Saboteur.SaboteurBoard
# Timeout: 20000
# First Move Timeout: 30000
# Date: Wed Apr 08 13:25:31 EDT 2020
# Player 1: Player-0, '260779480', running on LAPTOP-QJHLSQ4D
# Player 2: Player-1, 'RandomPlayer', running on LAPTOP-QJHLSQ4D
START Player-0 260779480
START Player-1 RandomPlayer
BoardInit:Destroy,Bonus,Tile:12,Tile:8,Tile:9,Tile:15,Tile:9,Tile:7,Bonus,Map,Tile:6,Tile:14,Malus,Map,Tile:6,Tile:5,Destroy,Tile:0,Tile:6,Destroy,Tile:5,Tile:4,Map,Tile:6,Tile:11,Tile:9,Tile:5,Tile:0,Tile:9,Bonus,Tile:7,Tile:7,Tile:7,Tile:10,Map,Tile:0,Tile:7,Tile:8,Tile:8,Tile:10,Tile:9-Tile:3,Tile:2,Tile:1,Tile:0,Tile:8,Map,Tile:13-Tile:8,Tile:6,Tile:10,Malus,Bonus,Map,Tile:5-Tile:hidden1,Tile:nugget,Tile:hidden2
Map 12 5 1
Map 12 3 0
Tile:3 6 5 1
Malus 0 0 0
Drop 4 0 1
Tile:8 6 6 0
Drop 5 0 1
Tile:8 7 6 0
Destroy 6 6 1
Drop 5 0 0
Bonus 0 0 1
Map 12 7 0
Tile:8 7 7 1
Drop 6 0 0
Tile:9 7 8 1
Map 12 5 0
Tile:9 6 7 1
Tile:6 5 6 0
Tile:6_flip 8 8 1
Tile:10 5 4 0
Drop 3 0 1
Tile:5 5 3 0
Tile:0 9 8 1
Tile:0 6 3 0
Tile:6 8 6 1
Tile:6 7 3 0
Tile:11_flip 7 2 1
Tile:9_flip 8 3 0
Drop 6 0 1
Tile:7_flip 8 4 0
Drop 4 0 1
Tile:0 9 4 0
Tile:9_flip 10 8 1
Tile:5_flip 10 4 0
Tile:7_flip 4 5 1
Tile:10 10 3 0
Destroy 7 8 1
Tile:7 10 2 0
Tile:7_flip 6 2 1
Tile:8 10 7 0
Drop 4 0 1
Tile:0 9 2 0
Tile:7 11 7 1
Tile:10 4 4 0
Tile:2 6 1 1
Drop 3 0 0
Tile:6_flip 7 1 1
Drop 2 0 0
Tile:9_flip 4 3 1
Drop 0 0 0
Tile:8 3 3 1
Drop 0 0 0
Tile:1 9 7 1
Drop 0 0 0
Map 12 5 1
GAMEOVER DRAW
# Game ended: Wed Apr 08 13:25:40 EDT 2020
