# Server version 0.08 running on LAPTOP-QJHLSQ4D:8123
# Game ID: 196
# Board class: Saboteur.SaboteurBoard
# Timeout: 20000
# First Move Timeout: 30000
# Date: Sun Apr 05 17:37:18 EDT 2020
# Player 1: Player-0, '260760794', running on LAPTOP-QJHLSQ4D
# Player 2: Player-1, 'RandomPlayer', running on LAPTOP-QJHLSQ4D
START Player-0 260760794
START Player-1 RandomPlayer
BoardInit:Tile:9,Tile:7,Tile:10,Destroy,Tile:0,Map,Tile:3,Map,Bonus,Tile:9,Tile:8,Tile:7,Destroy,Tile:10,Tile:12,Tile:8,Bonus,Tile:5,Tile:8,Tile:2,Tile:9,Tile:4,Bonus,Tile:6,Tile:8,Tile:14,Bonus,Tile:9,Tile:5,Tile:6,Tile:7,Tile:11,Tile:7,Map,Tile:6,Tile:8,Malus,Destroy,Tile:15,Map,Tile:5-Tile:13,Tile:0,Tile:5,Malus,Tile:9,Map,Tile:0-Tile:6,Tile:6,Tile:1,Map,Tile:7,Tile:10,Tile:0-Tile:hidden2,Tile:hidden1,Tile:nugget
Tile:13 5 6 1
Map 12 3 0
Tile:9 4 6 1
Tile:7 6 5 0
Drop 4 0 1
Tile:6 6 6 0
Tile:5 4 5 1
Map 12 5 0
Drop 0 0 1
Map 12 7 0
Drop 3 0 1
Tile:9_flip 7 6 0
Tile:3_flip 4 7 1
Tile:7_flip 7 7 0
Tile:9 7 5 1
Tile:7 8 7 0
Tile:8 5 7 1
Tile:8 8 8 0
Map 12 5 1
Tile:5_flip 9 8 0
Tile:0 7 8 1
Tile:10 9 7 0
Tile:9_flip 5 4 1
Tile:10 9 6 0
Destroy 4 6 1
Tile:6_flip 9 5 0
Tile:8 8 9 1
Tile:14 10 5 0
Tile:8 7 4 1
Tile:6_flip 9 9 0
Tile:12_flip 6 4 1
Tile:6_flip 10 9 0
Tile:7 11 9 1
Tile:9_flip 11 10 0
Drop 3 0 1
Destroy 11 9 0
Tile:5 7 9 1
Tile:8 11 9 0
Tile:7 12 9 1
Tile:11_flip 11 8 0
Malus 0 0 1
Destroy 12 9 0
Tile:5_flip 11 11 1
Map 12 5 0
Tile:6_flip 8 5 1
Drop 2 0 0
Tile:15 10 4 1
Drop 3 0 0
Drop 2 0 1
Drop 2 0 0
Drop 0 0 1
Drop 0 0 0
Malus 0 0 1
Drop 0 0 0
Drop 0 0 1
GAMEOVER DRAW
# Game ended: Sun Apr 05 17:37:27 EDT 2020
