# Server version 0.08 running on LAPTOP-QJHLSQ4D:8123
# Game ID: 106
# Board class: Saboteur.SaboteurBoard
# Timeout: 20000
# First Move Timeout: 30000
# Date: Mon Mar 30 17:06:59 EDT 2020
# Player 1: Player-0, 'RandomPlayer', running on LAPTOP-QJHLSQ4D
# Player 2: Player-1, '260760794', running on LAPTOP-QJHLSQ4D
START Player-0 RandomPlayer
START Player-1 260760794
BoardInit:Map,Bonus,Tile:7,Tile:9,Tile:0,Tile:11,Bonus,Bonus,Map,Tile:6,Tile:3,Tile:8,Tile:5,Tile:5,Tile:6,Bonus,Tile:8,Malus,Tile:7,Tile:9,Tile:15,Map,Tile:6,Tile:8,Map,Tile:9,Tile:8,Malus,Tile:0,Tile:6,Tile:9,Tile:7,Tile:5,Tile:6,Tile:14,Tile:9,Tile:8,Tile:13,Tile:1,Tile:0,Tile:10-Tile:7,Tile:4,Map,Tile:5,Tile:10,Map,Tile:10-Destroy,Destroy,Destroy,Tile:12,Tile:0,Tile:2,Tile:7-Tile:hidden1,Tile:hidden2,Tile:nugget
Map 12 3 1
Tile:7 5 4 0
Map 12 5 1
Tile:12_flip 4 4 0
Map 12 7 1
Tile:2 4 5 0
Tile:0 6 5 1
Drop 2 0 0
Tile:7 7 5 1
Drop 0 0 0
Tile:7_flip 7 6 1
Drop 1 0 0
Tile:3 8 6 1
Tile:9 5 6 0
Tile:5_flip 8 7 1
Drop 3 0 0
Tile:6_flip 7 7 1
Tile:11_flip 7 8 0
Tile:8 6 8 1
Tile:5 6 7 0
Tile:7_flip 6 9 1
Tile:8 7 9 0
Tile:4_flip 7 10 1
Malus 0 0 0
Drop 5 0 1
Tile:9 5 8 0
Bonus 0 0 1
Tile:9_flip 5 7 0
Tile:8 8 9 1
Drop 5 0 0
Tile:10 8 10 1
Destroy 7 10 0
Tile:10 7 10 1
Tile:7_flip 4 7 0
Tile:5_flip 9 9 1
Tile:6 7 11 0
Tile:6 8 11 1
Tile:6_flip 9 8 0
Tile:8 10 8 1
Drop 2 0 0
Tile:1 11 8 1
Drop 2 0 0
Tile:14_flip 10 7 1
Tile:13 3 5 0
Tile:10 10 9 1
Drop 3 0 0
Tile:5_flip 11 7 1
Tile:0 6 11 0
Tile:9_flip 12 8 1
Tile:6 2 5 0
Tile:0 9 11 1
Drop 0 0 0
Map 12 7 1
Drop 0 0 0
Map 12 5 1
GAMEOVER DRAW
# Game ended: Mon Mar 30 17:06:59 EDT 2020
