# Server version 0.08 running on LAPTOP-QJHLSQ4D:8123
# Game ID: 357
# Board class: Saboteur.SaboteurBoard
# Timeout: 20000
# First Move Timeout: 30000
# Date: Thu Apr 09 19:50:45 EDT 2020
# Player 1: Player-0, 'RandomPlayer', running on LAPTOP-QJHLSQ4D
# Player 2: Player-1, '260760794', running on LAPTOP-QJHLSQ4D
START Player-0 RandomPlayer
START Player-1 260760794
BoardInit:Tile:6,Destroy,Map,Tile:7,Tile:6,Tile:9,Bonus,Tile:6,Tile:8,Tile:7,Tile:0,Tile:10,Map,Tile:6,Tile:9,Tile:1,Malus,Map,Tile:4,Tile:8,Tile:14,Tile:15,Tile:8,Tile:5,Bonus,Tile:0,Tile:0,Tile:10,Map,Tile:6,Destroy,Tile:13,Tile:5,Tile:8,Tile:12,Tile:2,Tile:9,Tile:3,Tile:7,Tile:10,Tile:8-Tile:9,Bonus,Map,Tile:7,Malus,Tile:5,Map-Tile:7,Tile:11,Bonus,Tile:0,Destroy,Tile:9,Tile:5-Tile:hidden1,Tile:nugget,Tile:hidden2
Map 12 3 1
Tile:7 6 5 0
Map 12 7 1
Drop 1 0 0
Map 12 5 1
Tile:7 5 4 0
Tile:9 6 6 1
Tile:5_flip 5 6 0
Tile:6 7 6 1
Drop 0 0 0
Tile:8 8 6 1
Destroy 8 6 0
Tile:6 8 6 1
Tile:6 4 6 0
Malus 0 0 1
Destroy 4 6 0
Tile:9_flip 9 6 1
Drop 5 0 0
Malus 0 0 1
Drop 3 0 0
Tile:7 9 5 1
Map 12 7 0
Tile:5_flip 9 7 1
Drop 0 0 0
Tile:8 8 5 1
Drop 2 0 0
Tile:0 8 7 1
Drop 0 0 0
Drop 4 0 1
Drop 5 0 0
Drop 3 0 1
Drop 0 0 0
Tile:0 7 7 1
Drop 6 0 0
Tile:5 8 4 1
Drop 3 0 0
Drop 6 0 1
Drop 3 0 0
Tile:9 7 5 1
Drop 6 0 0
Tile:7 7 4 1
Drop 2 0 0
Tile:8 6 7 1
Drop 1 0 0
Drop 5 0 1
Drop 3 0 0
Drop 2 0 1
Drop 0 0 0
Map 12 5 1
Drop 2 0 0
Drop 2 0 1
Drop 0 0 0
Drop 1 0 1
Drop 0 0 0
Drop 0 0 1
GAMEOVER DRAW
# Game ended: Thu Apr 09 19:50:54 EDT 2020
