# Server version 0.08 running on LAPTOP-QJHLSQ4D:8123
# Game ID: 11
# Board class: Saboteur.SaboteurBoard
# Timeout: 20000
# First Move Timeout: 30000
# Date: Tue Mar 24 21:07:50 EDT 2020
# Player 1: Player-0, 'Human', running on LAPTOP-QJHLSQ4D
# Player 2: Player-1, 'RandomPlayer', running on LAPTOP-QJHLSQ4D
START Player-0 Human
START Player-1 RandomPlayer
BoardInit:Tile:9,Tile:7,Tile:13,Tile:4,Tile:9,Tile:5,Tile:5,Tile:9,Bonus,Tile:6,Tile:9,Map,Tile:5,Tile:12,Tile:5,Tile:10,Map,Tile:0,Malus,Tile:7,Destroy,Bonus,Tile:0,Tile:11,Destroy,Map,Tile:14,Tile:1,Tile:0,Map,Destroy,Tile:8,Tile:6,Tile:10,Tile:8,Tile:7,Bonus,Tile:8,Tile:2-Tile:8,Tile:7,Tile:15,Tile:8,Tile:0,Tile:6,Tile:6-Tile:9,Tile:6,Bonus,Malus,Tile:3,Tile:10,Tile:7-Tile:hidden1,Tile:hidden2,Tile:nugget
Tile:8 5 4 1
Tile:6 6 5 0
Tile:6 5 6 1
Tile:10 5 3 0
Tile:9 4 4 1
Tile:7 7 5 0
Tile:7 5 2 1
Tile:9 7 6 0
Tile:5_flip 7 7 1
Tile:9_flip 8 6 0
Tile:9_flip 6 4 1
