# Server version 0.08 running on LAPTOP-QJHLSQ4D:8123
# Game ID: 166
# Board class: Saboteur.SaboteurBoard
# Timeout: 20000
# First Move Timeout: 30000
# Date: Sun Apr 05 16:25:48 EDT 2020
# Player 1: Player-0, 'Human', running on LAPTOP-QJHLSQ4D
# Player 2: Player-1, '260760794', running on LAPTOP-QJHLSQ4D
START Player-0 Human
START Player-1 260760794
BoardInit:Tile:12,Map,Tile:0,Tile:4,Bonus,Tile:9,Tile:8,Tile:6,Malus,Malus,Map,Tile:7,Destroy,Tile:8,Bonus,Tile:9,Tile:8,Tile:0,Tile:6,Tile:6,Tile:0,Tile:10,Tile:5,Tile:5,Tile:9,Tile:7,Tile:0,Tile:3,Bonus,Tile:7,Tile:6,Map,Destroy,Bonus,Tile:1,Tile:6,Tile:15,Destroy,Tile:10,Tile:7,Map-Tile:9,Map,Tile:14,Tile:8,Tile:2,Tile:10,Tile:5-Tile:11,Tile:13,Map,Tile:9,Tile:5,Tile:8,Tile:7-Tile:hidden2,Tile:hidden1,Tile:nugget
Map 12 3 1
Tile:8 6 5 0
Tile:5_flip 7 5 1
Tile:9 7 4 0
Tile:10 6 6 1
Tile:7 8 4 0
Tile:8 6 7 1
Tile:9 8 5 0
Tile:8 9 5 1
Tile:6 10 5 0
Tile:9_flip 11 5 1
Tile:5 11 4 0
Map 12 5 1
Map 12 5 0
Tile:2_flip 11 6 1
Map 12 3 0
Tile:0 12 6 1
Tile:9 9 6 0
Tile:8 12 4 1
Tile:8 9 7 0
Tile:6_flip 10 6 1
Tile:6 10 7 0
Destroy 10 7 1
Tile:10 9 8 0
Tile:5 12 2 1
Tile:7 13 5 0
Tile:9_flip 10 4 1
Tile:5_flip 13 6 0
Tile:14 10 7 1
Tile:7_flip 9 9 0
Tile:12_flip 11 3 1
Tile:0 10 9 0
Tile:6_flip 11 9 1
Map 12 7 0
Tile:0 12 9 1
Malus 0 0 0
Bonus 0 0 1
Tile:3 13 9 0
Tile:15 10 3 1
Destroy 13 9 0
Tile:1 13 3 1
Tile:6 13 9 0
Map 12 7 1
Tile:7 13 8 0
Destroy 10 9 1
Tile:7_flip 12 8 0
Tile:10 7 3 1
Tile:4 7 2 0
Malus 0 0 1
Bonus 0 0 0
Tile:0 10 9 1
GAMEOVER WINNER 1
# Game ended: Sun Apr 05 16:28:19 EDT 2020
