# Server version 0.08 running on LAPTOP-QJHLSQ4D:8123
# Game ID: 65
# Board class: Saboteur.SaboteurBoard
# Timeout: 20000
# First Move Timeout: 30000
# Date: Sat Mar 28 17:09:26 EDT 2020
# Player 1: Player-0, '260760794', running on LAPTOP-QJHLSQ4D
# Player 2: Player-1, 'Human', running on LAPTOP-QJHLSQ4D
START Player-0 260760794
START Player-1 Human
BoardInit:Map,Tile:8,Tile:6,Bonus,Tile:0,Map,Tile:14,Tile:7,Tile:10,Destroy,Tile:4,Tile:7,Tile:6,Bonus,Tile:9,Tile:13,Tile:11,Bonus,Tile:5,Tile:9,Malus,Map,Tile:7,Tile:5,Tile:9,Tile:9,Map,Bonus,Tile:8,Tile:9,Tile:10,Tile:8,Tile:8,Tile:5,Tile:7,Tile:6,Tile:6,Tile:15,Tile:1,Malus,Tile:12-Tile:6,Tile:5,Destroy,Tile:3,Map,Tile:2,Map-Destroy,Tile:0,Tile:8,Tile:0,Tile:7,Tile:0,Tile:10-Tile:nugget,Tile:hidden1,Tile:hidden2
Map 12 3 1
Tile:0 6 5 0
Tile:6 7 5 1
Tile:8 8 5 0
Tile:6 9 5 1
Tile:0 10 5 0
Tile:0 11 5 1
Map 12 3 0
Map 12 7 1
Tile:7 12 4 0
Tile:5 9 4 1
Tile:0 11 4 0
Drop 3 0 1
Tile:10 12 6 0
Tile:6 10 4 1
Tile:8 12 8 0
Tile:9 10 3 1
Tile:13 12 9 0
Tile:2 11 7 1
Tile:7 10 2 0
Tile:5 9 2 1
Tile:7_flip 11 9 0
Destroy 12 4 1
Tile:9_flip 12 4 0
GAMEOVER WINNER 0
# Game ended: Sat Mar 28 17:11:10 EDT 2020
