# Server version 0.08 running on LAPTOP-QJHLSQ4D:8123
# Game ID: 151
# Board class: Saboteur.SaboteurBoard
# Timeout: 20000
# First Move Timeout: 30000
# Date: Sun Apr 05 16:00:33 EDT 2020
# Player 1: Player-0, 'RandomPlayer', running on LAPTOP-QJHLSQ4D
# Player 2: Player-1, '260760794', running on LAPTOP-QJHLSQ4D
START Player-0 RandomPlayer
START Player-1 260760794
BoardInit:Map,Tile:15,Tile:13,Tile:5,Destroy,Tile:5,Map,Tile:10,Tile:1,Bonus,Tile:6,Tile:14,Tile:3,Tile:9,Map,Tile:10,Tile:2,Bonus,Tile:0,Tile:11,Tile:8,Tile:6,Tile:8,Tile:7,Tile:7,Tile:7,Map,Tile:5,Tile:6,Map,Tile:8,Malus,Tile:5,Tile:6,Tile:7,Tile:9,Tile:12,Tile:0,Tile:9,Tile:8,Tile:9-Tile:9,Bonus,Bonus,Tile:10,Malus,Tile:7,Tile:8-Map,Tile:0,Tile:0,Tile:4,Destroy,Destroy,Tile:6-Tile:hidden2,Tile:hidden1,Tile:nugget
Malus 0 0 1
Map 12 3 0
Map 12 3 1
Drop 1 0 0
Tile:13 6 5 1
Drop 0 0 0
Tile:10 5 6 1
Drop 2 0 0
Map 12 5 1
Drop 0 0 0
Tile:7_flip 4 5 1
Drop 1 0 0
Tile:6_flip 7 5 1
Drop 0 0 0
Tile:9_flip 4 4 1
Drop 5 0 0
Map 12 7 1
Drop 1 0 0
Drop 2 0 1
Drop 2 0 0
Tile:2_flip 8 5 1
Drop 4 0 0
Tile:3_flip 6 6 1
Drop 5 0 0
Drop 4 0 1
Drop 0 0 0
Tile:8 7 6 1
Drop 5 0 0
Tile:8 9 5 1
Drop 2 0 0
Tile:1 10 5 1
Bonus 0 0 0
Tile:8 11 5 1
Tile:6_flip 8 6 0
Drop 4 0 1
Tile:5 3 4 0
Destroy 7 5 1
Tile:9_flip 5 7 0
Tile:5_flip 3 5 1
Tile:6 7 7 0
Drop 1 0 1
Drop 2 0 0
Tile:9 8 4 1
Tile:8 9 4 0
Tile:6 10 4 1
Drop 3 0 0
Tile:9_flip 9 6 1
Map 12 5 0
Drop 1 0 1
Drop 0 0 0
Tile:7_flip 11 6 1
Tile:7_flip 4 7 0
Drop 1 0 1
Tile:0 2 5 0
Drop 0 0 1
GAMEOVER DRAW
# Game ended: Sun Apr 05 16:00:42 EDT 2020
