# Server version 0.08 running on LAPTOP-QJHLSQ4D:8123
# Game ID: 270
# Board class: Saboteur.SaboteurBoard
# Timeout: 20000
# First Move Timeout: 30000
# Date: Thu Apr 09 16:44:27 EDT 2020
# Player 1: Player-0, '260779480', running on LAPTOP-QJHLSQ4D
# Player 2: Player-1, 'RandomPlayer', running on LAPTOP-QJHLSQ4D
START Player-0 260779480
START Player-1 RandomPlayer
BoardInit:Tile:12,Tile:8,Destroy,Map,Tile:7,Tile:7,Tile:8,Bonus,Tile:10,Tile:9,Tile:1,Map,Tile:0,Bonus,Tile:6,Tile:10,Tile:10,Tile:15,Tile:0,Map,Tile:2,Tile:8,Tile:8,Tile:6,Tile:5,Tile:11,Tile:7,Tile:9,Tile:3,Tile:5,Tile:8,Map,Tile:6,Bonus,Tile:0,Tile:4,Tile:14,Tile:6,Destroy,Map,Tile:0-Tile:5,Tile:9,Tile:9,Tile:6,Tile:9,Malus,Map-Malus,Destroy,Tile:7,Bonus,Tile:5,Tile:13,Tile:7-Tile:nugget,Tile:hidden1,Tile:hidden2
Malus 0 0 1
Bonus 0 0 0
Tile:9 5 4 1
Tile:8 6 4 0
Tile:9_flip 6 5 1
Map 12 3 0
Tile:9 4 5 1
Tile:7 7 4 0
Tile:7 4 4 1
Tile:7_flip 7 5 0
Tile:8 4 6 1
Tile:9_flip 8 5 0
Tile:10 5 3 1
Map 12 7 0
Tile:6 5 6 1
Tile:5 8 4 0
Tile:0 3 6 1
Malus 0 0 0
Map 12 3 1
Tile:7 9 4 0
Destroy 7 4 1
Map 12 5 0
Drop 0 0 1
Tile:8 6 6 0
Drop 2 0 1
Tile:6_flip 7 6 0
Drop 0 0 1
Drop 1 0 0
Drop 5 0 1
Tile:9_flip 8 6 0
Drop 0 0 1
Tile:10 9 5 0
Drop 6 0 1
Drop 4 0 0
Drop 3 0 1
Drop 3 0 0
Drop 3 0 1
Drop 6 0 0
Drop 6 0 1
Tile:6 8 7 0
Drop 1 0 1
Tile:5_flip 9 7 0
Drop 6 0 1
Drop 0 0 0
Destroy 9 7 1
Map 12 3 0
Drop 2 0 1
Drop 2 0 0
Drop 0 0 1
Map 12 7 0
Drop 0 0 1
Drop 1 0 0
Drop 1 0 1
Drop 0 0 0
Drop 0 0 1
GAMEOVER DRAW
# Game ended: Thu Apr 09 16:44:36 EDT 2020
