# Server version 0.08 running on LAPTOP-QJHLSQ4D:8123
# Game ID: 61
# Board class: Saboteur.SaboteurBoard
# Timeout: 20000
# First Move Timeout: 30000
# Date: Sat Mar 28 16:38:14 EDT 2020
# Player 1: Player-0, '260760794', running on LAPTOP-QJHLSQ4D
# Player 2: Player-1, 'Human', running on LAPTOP-QJHLSQ4D
START Player-0 260760794
START Player-1 Human
BoardInit:Tile:15,Tile:9,Tile:7,Tile:9,Tile:6,Malus,Tile:7,Tile:13,Tile:0,Map,Tile:12,Tile:7,Tile:8,Tile:9,Tile:5,Tile:0,Tile:10,Map,Tile:6,Tile:3,Destroy,Tile:8,Tile:5,Tile:7,Tile:6,Tile:6,Bonus,Tile:10,Map,Map,Malus,Tile:8,Map,Tile:8,Tile:0,Tile:10,Tile:6,Tile:9,Tile:4,Tile:5,Bonus-Tile:14,Tile:1,Tile:7,Tile:9,Tile:11,Destroy,Bonus-Bonus,Tile:0,Tile:2,Tile:8,Tile:5,Destroy,Map-Tile:hidden2,Tile:nugget,Tile:hidden1
Tile:7 6 5 1
Map 12 3 0
Tile:9 6 6 1
Tile:9_flip 6 7 0
Tile:7 7 6 1
Tile:2_flip 6 8 0
Destroy 7 6 1
Malus 0 0 0
Bonus 0 0 1
Tile:13 7 6 0
Tile:15 5 4 1
Map 12 3 0
GAMEOVER USER CANCEL UNDECIDED
# Game ended: Sat Mar 28 16:39:15 EDT 2020
