# Server version 0.08 running on LAPTOP-QJHLSQ4D:8123
# Game ID: 265
# Board class: Saboteur.SaboteurBoard
# Timeout: 20000
# First Move Timeout: 30000
# Date: Wed Apr 08 17:04:40 EDT 2020
# Player 1: Player-0, 'RandomPlayer', running on LAPTOP-QJHLSQ4D
# Player 2: Player-1, '260779480', running on LAPTOP-QJHLSQ4D
START Player-0 RandomPlayer
START Player-1 260779480
BoardInit:Map,Malus,Bonus,Tile:0,Destroy,Tile:15,Tile:5,Map,Bonus,Tile:12,Tile:13,Destroy,Tile:7,Tile:11,Tile:7,Tile:3,Tile:9,Tile:8,Malus,Tile:6,Map,Tile:10,Tile:9,Tile:5,Tile:8,Tile:9,Tile:7,Map,Tile:14,Tile:8,Tile:7,Tile:8,Tile:4,Tile:9,Tile:6,Tile:2,Tile:7,Tile:5,Tile:10,Tile:5,Tile:1-Tile:9,Map,Tile:6,Tile:6,Bonus,Tile:0,Tile:0-Destroy,Tile:10,Tile:8,Map,Tile:0,Bonus,Tile:6-Tile:hidden1,Tile:nugget,Tile:hidden2
Map 12 3 1
Tile:8 6 5 0
Map 12 7 1
Tile:0 4 5 0
Tile:9_flip 7 5 1
Tile:10 7 6 0
Tile:6 7 7 1
Tile:15 7 4 0
Tile:6 8 7 1
Destroy 7 4 0
Tile:0 9 7 1
Drop 1 0 0
Tile:0 10 7 1
Drop 0 0 0
Tile:5_flip 11 7 1
Tile:11_flip 5 4 0
Tile:7 11 6 1
Tile:12_flip 10 6 0
Tile:9 8 6 1
Tile:0 4 4 0
Tile:7 7 4 1
Tile:6_flip 3 5 0
Map 12 5 1
Destroy 7 7 0
Tile:9 7 7 1
Tile:8 3 6 0
Tile:8 7 8 1
Tile:10 5 3 0
Tile:7 8 8 1
Tile:5 2 5 0
Malus 0 0 1
Malus 0 0 0
Bonus 0 0 1
Map 12 7 0
Drop 3 0 1
Drop 3 0 0
Drop 3 0 1
Drop 3 0 0
Tile:6 8 9 1
Drop 6 0 0
Tile:7 9 9 1
Drop 2 0 0
Tile:10 9 10 1
Drop 1 0 0
Tile:7_flip 9 11 1
Drop 3 0 0
Drop 4 0 1
Drop 0 0 0
Drop 3 0 1
Drop 2 0 0
Drop 1 0 1
Drop 0 0 0
Drop 0 0 1
Drop 0 0 0
Drop 0 0 1
GAMEOVER DRAW
# Game ended: Wed Apr 08 17:04:40 EDT 2020
