# Server version 0.08 running on LAPTOP-QJHLSQ4D:8123
# Game ID: 240
# Board class: Saboteur.SaboteurBoard
# Timeout: 20000
# First Move Timeout: 30000
# Date: Mon Apr 06 15:58:19 EDT 2020
# Player 1: Player-0, '260760794', running on LAPTOP-QJHLSQ4D
# Player 2: Player-1, 'RandomPlayer', running on LAPTOP-QJHLSQ4D
START Player-0 260760794
START Player-1 RandomPlayer
BoardInit:Tile:9,Tile:7,Tile:8,Tile:6,Tile:14,Bonus,Map,Map,Tile:9,Bonus,Tile:13,Tile:8,Tile:10,Tile:5,Tile:10,Tile:9,Tile:0,Destroy,Tile:0,Tile:12,Tile:8,Tile:6,Tile:7,Map,Tile:2,Tile:8,Malus,Destroy,Map,Bonus,Destroy,Tile:4,Tile:5,Tile:7,Tile:15,Tile:5,Tile:6,Malus,Tile:5,Tile:9,Bonus-Map,Tile:6,Tile:3,Tile:9,Tile:8,Tile:6,Map-Tile:0,Tile:10,Tile:7,Tile:7,Tile:11,Tile:1,Tile:0-Tile:nugget,Tile:hidden1,Tile:hidden2
Tile:6_flip 4 5 1
Tile:0 6 5 0
Tile:3 7 5 1
Tile:7_flip 7 6 0
Tile:9_flip 4 6 1
Tile:6_flip 8 6 0
Drop 2 0 1
Tile:7 9 6 0
Tile:9 9 7 1
Map 12 3 0
Tile:14_flip 5 4 1
Tile:7 10 7 0
Map 12 7 1
Tile:8 10 8 0
Tile:13 4 7 1
Tile:5_flip 11 8 0
Tile:8 9 8 1
Tile:9 11 7 0
Tile:10 5 6 1
Tile:10 11 6 0
Tile:8 3 7 1
Tile:0 6 4 0
Tile:9 3 8 1
Tile:6_flip 11 5 0
Tile:0 2 7 1
Destroy 11 5 0
Tile:2 11 5 1
Tile:8 10 5 0
Map 12 7 1
Destroy 11 5 0
Tile:7_flip 9 9 1
Tile:11 8 8 0
Tile:0 9 5 1
Tile:1 7 4 0
Destroy 5 4 1
Tile:7 11 5 0
Tile:10 8 7 1
Tile:5 10 4 0
Tile:6 3 9 1
Tile:12 8 4 0
Tile:15 8 9 1
Tile:9_flip 10 9 0
Tile:5 1 7 1
Map 12 3 0
Map 12 7 1
Tile:4_flip 8 10 0
Tile:8 1 8 1
Drop 2 0 0
Tile:5 3 6 1
Drop 1 0 0
Drop 1 0 1
Malus 0 0 0
Drop 0 0 1
Drop 0 0 0
Bonus 0 0 1
GAMEOVER DRAW
# Game ended: Mon Apr 06 15:58:28 EDT 2020
