# Server version 0.08 running on LAPTOP-QJHLSQ4D:8123
# Game ID: 60
# Board class: Saboteur.SaboteurBoard
# Timeout: 20000
# First Move Timeout: 30000
# Date: Sat Mar 28 16:09:06 EDT 2020
# Player 1: Player-0, 'Human', running on LAPTOP-QJHLSQ4D
# Player 2: Player-1, '260760794', running on LAPTOP-QJHLSQ4D
START Player-0 Human
START Player-1 260760794
BoardInit:Tile:8,Map,Map,Tile:9,Tile:12,Tile:14,Tile:5,Tile:8,Tile:7,Bonus,Tile:6,Tile:0,Tile:8,Bonus,Tile:5,Tile:1,Tile:7,Tile:10,Tile:6,Tile:10,Map,Bonus,Tile:8,Tile:6,Tile:0,Tile:6,Tile:6,Tile:3,Malus,Tile:0,Map,Tile:7,Destroy,Tile:9,Tile:13,Bonus,Tile:10,Tile:4,Tile:9,Tile:5,Map-Tile:11,Tile:9,Tile:8,Tile:7,Tile:15,Destroy,Tile:9-Tile:5,Destroy,Tile:7,Tile:2,Map,Tile:0,Malus-Tile:hidden2,Tile:hidden1,Tile:nugget
Tile:9_flip 6 5 1
Map 12 3 0
Tile:8 6 6 1
Map 12 7 0
Map 12 3 1
Tile:0 7 6 0
Tile:8 6 7 1
Tile:7 8 6 0
Tile:5_flip 8 7 1
Destroy 8 7 0
Tile:7_flip 8 7 1
Tile:8 9 7 0
Tile:12 10 7 1
Tile:5 9 6 0
Tile:6 10 6 1
Tile:9_flip 11 6 0
Tile:15 10 5 1
Malus 0 0 0
Destroy 6 6 1
Tile:14 6 8 0
Drop 2 0 1
Drop 3 0 0
Map 12 3 1
Drop 3 0 0
Drop 2 0 1
Tile:10 6 4 0
Drop 0 0 1
Tile:6 5 6 0
Drop 5 0 1
Drop 1 0 0
Malus 0 0 1
Bonus 0 0 0
Map 12 3 1
Tile:7_flip 11 7 0
Destroy 9 6 1
Tile:9 9 6 0
Drop 3 0 1
Drop 4 0 0
Drop 6 0 1
Drop 6 0 0
Drop 2 0 1
Tile:5 11 5 0
Map 12 3 1
Drop 0 0 0
Drop 4 0 1
Drop 4 0 0
Drop 2 0 1
Drop 3 0 0
Drop 0 0 1
Drop 2 0 0
Drop 0 0 1
Drop 1 0 0
Drop 1 0 1
Drop 0 0 0
Drop 0 0 1
GAMEOVER DRAW
# Game ended: Sat Mar 28 16:13:43 EDT 2020
