# Server version 0.08 running on LAPTOP-QJHLSQ4D:8123
# Game ID: 159
# Board class: Saboteur.SaboteurBoard
# Timeout: 20000
# First Move Timeout: 30000
# Date: Sun Apr 05 16:17:15 EDT 2020
# Player 1: Player-0, 'RandomPlayer', running on LAPTOP-QJHLSQ4D
# Player 2: Player-1, '260760794', running on LAPTOP-QJHLSQ4D
START Player-0 RandomPlayer
START Player-1 260760794
BoardInit:Map,Destroy,Tile:0,Tile:7,Tile:5,Tile:5,Tile:1,Bonus,Map,Tile:7,Tile:10,Tile:8,Tile:11,Destroy,Map,Tile:6,Tile:7,Tile:8,Tile:6,Tile:15,Tile:8,Bonus,Tile:2,Malus,Tile:14,Bonus,Tile:9,Tile:5,Tile:10,Tile:7,Tile:7,Tile:9,Tile:4,Malus,Tile:9,Tile:8,Tile:6,Tile:8,Tile:3,Tile:9,Tile:10-Tile:12,Map,Destroy,Tile:6,Bonus,Tile:0,Map-Map,Tile:6,Tile:13,Tile:0,Tile:0,Tile:5,Tile:9-Tile:hidden1,Tile:hidden2,Tile:nugget
Map 12 3 1
Tile:9 5 6 0
Map 12 5 1
Tile:13 6 6 0
Map 12 7 1
Tile:7_flip 6 7 0
Tile:6_flip 6 5 1
Tile:0 4 5 0
Tile:5_flip 7 5 1
Tile:0 3 5 0
Drop 6 0 1
Tile:5_flip 5 7 0
Tile:10 7 4 1
Tile:7 7 7 0
Tile:11 5 4 1
Tile:6_flip 4 7 0
Tile:12_flip 3 7 1
Destroy 6 6 0
Tile:7 7 3 1
Tile:8 4 8 0
Tile:6_flip 6 3 1
Tile:6 4 9 0
Tile:8 6 6 1
Tile:8 3 9 0
Destroy 6 7 1
Tile:5 5 3 0
Tile:0 7 6 1
Destroy 3 7 0
Tile:9_flip 8 6 1
Tile:5 8 5 0
Tile:10 8 7 1
Tile:7_flip 6 7 0
Tile:7_flip 8 8 1
Map 12 7 0
Tile:14 5 9 1
Tile:15 7 8 0
Tile:9_flip 9 8 1
Tile:8 9 5 0
Tile:2_flip 10 5 1
Tile:8 3 7 0
Tile:6_flip 11 5 1
Tile:9 2 7 0
Tile:10 10 4 1
Tile:9_flip 9 4 0
Tile:3_flip 11 6 1
Drop 3 0 0
Tile:4 10 3 1
Drop 2 0 0
Tile:0 12 6 1
Malus 0 0 0
Bonus 0 0 1
Drop 0 0 0
Map 12 5 1
Drop 0 0 0
Drop 0 0 1
GAMEOVER DRAW
# Game ended: Sun Apr 05 16:17:24 EDT 2020
