# Server version 0.08 running on LAPTOP-QJHLSQ4D:8123
# Game ID: 215
# Board class: Saboteur.SaboteurBoard
# Timeout: 20000
# First Move Timeout: 30000
# Date: Sun Apr 05 17:56:16 EDT 2020
# Player 1: Player-0, '260760794', running on LAPTOP-QJHLSQ4D
# Player 2: Player-1, 'RandomPlayer', running on LAPTOP-QJHLSQ4D
START Player-0 260760794
START Player-1 RandomPlayer
BoardInit:Map,Tile:13,Map,Tile:6,Map,Tile:6,Destroy,Bonus,Bonus,Tile:6,Bonus,Tile:11,Map,Tile:10,Tile:7,Tile:0,Tile:0,Tile:7,Tile:8,Malus,Tile:15,Tile:5,Tile:5,Tile:9,Tile:8,Map,Tile:7,Tile:3,Tile:5,Malus,Tile:0,Tile:8,Tile:9,Tile:9,Tile:8,Tile:10,Tile:2,Tile:6,Tile:7,Tile:10,Destroy-Destroy,Tile:14,Tile:7,Bonus,Map,Tile:9,Tile:8-Tile:9,Tile:1,Tile:6,Tile:12,Tile:4,Tile:0,Tile:5-Tile:hidden1,Tile:hidden2,Tile:nugget
Drop 3 0 1
Tile:5_flip 6 5 0
Map 12 3 1
Tile:6_flip 6 4 0
Tile:8 7 4 1
Tile:6_flip 8 4 0
Drop 6 0 1
Tile:6_flip 9 4 0
Map 12 7 1
Tile:9_flip 10 4 0
Destroy 6 4 1
Tile:13 10 5 0
Tile:7_flip 10 6 1
Tile:11_flip 11 6 0
Tile:14 11 7 1
Tile:0 10 7 0
Map 12 7 1
Tile:4 10 3 0
Tile:7 11 5 1
Tile:6_flip 6 4 0
Tile:0 4 5 1
Tile:7_flip 9 5 0
Map 12 5 1
Tile:5_flip 8 5 0
Tile:9 7 3 1
Tile:9 7 5 0
Tile:8 7 2 1
Map 12 3 0
Tile:7_flip 7 6 1
Tile:10 7 1 0
Tile:15 7 0 1
Malus 0 0 0
Destroy 11 7 1
Tile:8 8 2 0
Drop 4 0 1
Tile:9_flip 9 2 0
Drop 3 0 1
Tile:10 9 1 0
Bonus 0 0 1
Tile:6_flip 8 6 0
Tile:2 3 5 1
Tile:10 8 7 0
Destroy 7 1 1
Malus 0 0 0
Drop 4 0 1
Tile:3 9 6 0
Drop 3 0 1
Tile:12_flip 2 5 0
Drop 2 0 1
Drop 1 0 0
Drop 0 0 1
Tile:0 6 2 0
Drop 1 0 1
Drop 0 0 0
Drop 0 0 1
GAMEOVER DRAW
# Game ended: Sun Apr 05 17:56:25 EDT 2020
