# Server version 0.08 running on LAPTOP-QJHLSQ4D:8123
# Game ID: 210
# Board class: Saboteur.SaboteurBoard
# Timeout: 20000
# First Move Timeout: 30000
# Date: Sun Apr 05 17:53:54 EDT 2020
# Player 1: Player-0, '260760794', running on LAPTOP-QJHLSQ4D
# Player 2: Player-1, 'RandomPlayer', running on LAPTOP-QJHLSQ4D
START Player-0 260760794
START Player-1 RandomPlayer
BoardInit:Map,Map,Tile:5,Tile:6,Tile:8,Tile:6,Tile:2,Tile:0,Malus,Bonus,Tile:10,Map,Tile:6,Map,Tile:13,Tile:5,Tile:11,Tile:9,Tile:0,Tile:8,Bonus,Tile:7,Tile:5,Tile:9,Tile:7,Map,Destroy,Tile:9,Bonus,Tile:1,Tile:3,Tile:4,Tile:0,Tile:9,Map,Tile:8,Tile:14,Tile:9,Destroy,Tile:8,Tile:7-Tile:7,Tile:0,Tile:15,Tile:12,Tile:10,Tile:7,Tile:6-Tile:8,Tile:6,Tile:5,Bonus,Destroy,Malus,Tile:10-Tile:hidden1,Tile:nugget,Tile:hidden2
Tile:7 6 5 1
Tile:10 6 6 0
Map 12 5 1
Map 12 3 0
Tile:10 6 7 1
Tile:6 6 8 0
Tile:8 5 8 1
Tile:6_flip 7 8 0
Drop 0 0 1
Tile:6_flip 8 8 0
Tile:15 5 4 1
Tile:5_flip 9 8 0
Tile:2 9 7 1
Tile:0 10 7 0
Tile:5_flip 11 7 1
Map 12 5 0
Tile:10 7 9 1
Map 12 7 0
Tile:11_flip 11 6 1
Tile:9 8 9 0
Tile:13 8 10 1
Tile:8 7 10 0
Tile:6 7 11 1
Tile:7 9 9 0
Tile:6 8 7 1
Tile:9_flip 9 10 0
Tile:5_flip 8 11 1
Tile:8 6 10 0
Drop 6 0 1
Tile:9 9 11 0
Drop 3 0 1
Tile:5_flip 10 11 0
Tile:3_flip 9 12 1
Malus 0 0 0
Drop 3 0 1
Tile:9 10 10 0
Drop 0 0 1
Tile:8 11 10 0
Map 12 5 1
Tile:9_flip 11 9 0
Drop 2 0 1
Tile:4 11 8 0
Destroy 10 10 1
Tile:8 6 11 0
Drop 3 0 1
Destroy 11 6 0
Drop 4 0 1
Tile:1 5 11 0
Drop 0 0 1
Map 12 7 0
Drop 0 0 1
Drop 0 0 0
Bonus 0 0 1
Drop 0 0 0
Tile:14 12 10 1
GAMEOVER DRAW
# Game ended: Sun Apr 05 17:54:04 EDT 2020
