# Server version 0.08 running on LAPTOP-QJHLSQ4D:8123
# Game ID: 271
# Board class: Saboteur.SaboteurBoard
# Timeout: 20000
# First Move Timeout: 30000
# Date: Thu Apr 09 16:45:00 EDT 2020
# Player 1: Player-0, '260779480', running on LAPTOP-QJHLSQ4D
# Player 2: Player-1, 'RandomPlayer', running on LAPTOP-QJHLSQ4D
START Player-0 260779480
START Player-1 RandomPlayer
BoardInit:Tile:14,Tile:7,Tile:2,Tile:12,Tile:7,Tile:13,Tile:9,Tile:9,Bonus,Tile:5,Map,Tile:7,Tile:9,Bonus,Map,Destroy,Tile:4,Tile:8,Tile:11,Tile:10,Map,Tile:8,Tile:7,Tile:6,Tile:6,Tile:0,Map,Tile:6,Malus,Tile:5,Tile:0,Tile:6,Tile:15,Destroy,Tile:8,Tile:0,Tile:6,Bonus,Map,Tile:5,Tile:8-Map,Tile:9,Tile:8,Tile:3,Bonus,Tile:0,Tile:5-Malus,Tile:10,Tile:7,Tile:9,Tile:10,Tile:1,Destroy-Tile:nugget,Tile:hidden2,Tile:hidden1
Tile:8 5 6 1
Tile:9_flip 6 5 0
Tile:14 6 6 1
Tile:10 6 4 0
Tile:3 5 4 1
Tile:10 6 3 0
Drop 4 0 1
Tile:7 6 2 0
Tile:0 4 6 1
Tile:9 5 7 0
Tile:2 4 4 1
Tile:7 6 7 0
Tile:9 6 8 1
Tile:5_flip 7 8 0
Drop 3 0 1
Tile:7_flip 6 9 0
Map 12 3 1
Drop 4 0 0
Tile:9_flip 5 8 1
Drop 1 0 0
Tile:4_flip 5 9 1
Tile:10 7 7 0
Drop 5 0 1
Drop 2 0 0
Drop 4 0 1
Tile:6_flip 7 9 0
Tile:7_flip 4 5 1
Tile:8 8 9 0
Tile:7_flip 8 10 1
Malus 0 0 0
Drop 0 0 1
Tile:8 9 9 0
Map 12 5 1
Tile:6 10 9 0
Map 12 7 1
Tile:6 11 9 0
Drop 0 0 1
Drop 0 0 0
Map 12 7 1
Drop 1 0 0
Drop 2 0 1
Drop 3 0 0
Map 12 7 1
Drop 2 0 0
Drop 4 0 1
Drop 4 0 0
Drop 3 0 1
Drop 1 0 0
Drop 2 0 1
Drop 1 0 0
Drop 0 0 1
Drop 1 0 0
Malus 0 0 1
Bonus 0 0 0
Drop 0 0 1
GAMEOVER DRAW
# Game ended: Thu Apr 09 16:45:09 EDT 2020
