# Server version 0.08 running on LAPTOP-QJHLSQ4D:8123
# Game ID: 341
# Board class: Saboteur.SaboteurBoard
# Timeout: 20000
# First Move Timeout: 30000
# Date: Thu Apr 09 18:31:52 EDT 2020
# Player 1: Player-0, '260779480', running on LAPTOP-QJHLSQ4D
# Player 2: Player-1, 'RandomPlayer', running on LAPTOP-QJHLSQ4D
START Player-0 260779480
START Player-1 RandomPlayer
BoardInit:Tile:15,Tile:9,Tile:6,Tile:9,Destroy,Tile:8,Destroy,Destroy,Tile:0,Tile:2,Map,Map,Tile:11,Tile:6,Tile:0,Malus,Tile:8,Map,Tile:7,Tile:5,Map,Tile:14,Malus,Tile:10,Bonus,Tile:7,Tile:10,Tile:7,Tile:10,Tile:7,Tile:6,Bonus,Tile:5,Tile:6,Tile:9,Tile:0,Bonus,Tile:8,Tile:12,Tile:8,Tile:9-Tile:5,Bonus,Tile:9,Tile:3,Tile:13,Tile:1,Map-Tile:6,Tile:5,Tile:7,Tile:4,Tile:0,Tile:8,Map-Tile:nugget,Tile:hidden1,Tile:hidden2
Tile:3 5 4 1
Map 12 3 0
Map 12 7 1
Tile:8 6 5 0
Tile:13 7 5 1
Tile:6 6 6 0
Tile:6_flip 4 5 1
Tile:8 7 6 0
Destroy 4 5 1
Tile:9_flip 8 6 0
Tile:9 7 7 1
Tile:9_flip 8 5 0
Tile:5 8 4 1
Map 12 7 0
Tile:11_flip 7 8 1
Tile:6 9 4 0
Drop 0 0 1
Malus 0 0 0
Destroy 9 4 1
Map 12 5 0
Map 12 7 1
Tile:0 9 4 0
Map 12 7 1
Tile:5_flip 10 4 0
Drop 5 0 1
Tile:10 10 3 0
Drop 5 0 1
Tile:7 10 2 0
Drop 6 0 1
Tile:5 9 2 0
Drop 1 0 1
Drop 2 0 0
Drop 4 0 1
Drop 2 0 0
Drop 3 0 1
Drop 0 0 0
Drop 3 0 1
Tile:6 8 7 0
Drop 0 0 1
Tile:8 9 7 0
Drop 4 0 1
Tile:8 10 7 0
Drop 5 0 1
Tile:0 11 7 0
Drop 4 0 1
Drop 0 0 0
Drop 2 0 1
Drop 0 0 0
Drop 0 0 1
Drop 0 0 0
Drop 0 0 1
Drop 0 0 0
Drop 1 0 1
Drop 0 0 0
Drop 0 0 1
GAMEOVER DRAW
# Game ended: Thu Apr 09 18:32:02 EDT 2020
