# Server version 0.08 running on LAPTOP-QJHLSQ4D:8123
# Game ID: 258
# Board class: Saboteur.SaboteurBoard
# Timeout: 20000
# First Move Timeout: 30000
# Date: Wed Apr 08 17:03:33 EDT 2020
# Player 1: Player-0, '260779480', running on LAPTOP-QJHLSQ4D
# Player 2: Player-1, 'RandomPlayer', running on LAPTOP-QJHLSQ4D
START Player-0 260779480
START Player-1 RandomPlayer
BoardInit:Tile:15,Tile:13,Tile:9,Tile:6,Tile:8,Tile:5,Bonus,Tile:5,Tile:5,Map,Malus,Map,Tile:10,Tile:3,Tile:8,Tile:6,Tile:10,Tile:6,Tile:0,Bonus,Bonus,Tile:6,Tile:9,Tile:9,Tile:8,Tile:7,Tile:10,Map,Tile:0,Tile:1,Malus,Map,Tile:8,Destroy,Tile:5,Tile:14,Tile:6,Tile:4,Destroy,Map,Tile:2-Map,Bonus,Tile:9,Tile:7,Tile:7,Tile:9,Tile:8-Destroy,Tile:7,Tile:7,Tile:11,Tile:0,Tile:0,Tile:12-Tile:hidden2,Tile:nugget,Tile:hidden1
Tile:9_flip 6 5 1
Tile:7 6 4 0
Map 12 3 1
Tile:7_flip 6 6 0
Tile:9_flip 7 6 1
Tile:6 7 7 0
Tile:7_flip 4 5 1
Tile:0 8 7 0
Tile:9 7 5 1
Tile:0 9 7 0
Tile:5 6 7 1
Map 12 3 0
Tile:8 5 4 1
Map 12 7 0
Tile:10 7 4 1
Tile:5_flip 10 7 0
Drop 0 0 1
Tile:6_flip 10 6 0
Tile:15 5 3 1
Tile:6 11 6 0
Tile:8 5 2 1
Tile:5_flip 12 6 0
GAMEOVER WINNER 0
# Game ended: Wed Apr 08 17:03:43 EDT 2020
