# Server version 0.08 running on LAPTOP-QJHLSQ4D:8123
# Game ID: 223
# Board class: Saboteur.SaboteurBoard
# Timeout: 20000
# First Move Timeout: 30000
# Date: Mon Apr 06 15:28:34 EDT 2020
# Player 1: Player-0, '260760794', running on LAPTOP-QJHLSQ4D
# Player 2: Player-1, 'RandomPlayer', running on LAPTOP-QJHLSQ4D
START Player-0 260760794
START Player-1 RandomPlayer
BoardInit:Tile:8,Tile:14,Tile:0,Destroy,Tile:7,Map,Tile:6,Map,Tile:7,Map,Tile:9,Tile:0,Map,Tile:12,Tile:5,Tile:9,Tile:3,Tile:7,Tile:0,Tile:11,Tile:0,Tile:6,Tile:5,Tile:8,Bonus,Tile:4,Tile:5,Tile:1,Bonus,Tile:8,Tile:6,Bonus,Tile:10,Tile:10,Tile:15,Tile:6,Tile:7,Tile:9,Tile:6,Map,Malus-Tile:10,Bonus,Tile:5,Tile:8,Tile:7,Tile:8,Tile:13-Destroy,Tile:9,Map,Destroy,Malus,Tile:2,Tile:9-Tile:hidden2,Tile:hidden1,Tile:nugget
Tile:10 5 6 1
Map 12 3 0
Tile:13 6 5 1
Malus 0 0 0
Drop 4 0 1
Destroy 6 5 0
Drop 3 0 1
Map 12 5 0
Drop 5 0 1
Map 12 7 0
Bonus 0 0 1
Tile:9_flip 6 5 0
Drop 4 0 1
Tile:9 6 6 0
Drop 5 0 1
Destroy 6 6 0
Drop 0 0 1
Tile:9 6 6 0
Tile:8 6 7 1
Tile:7 7 7 0
Tile:7 5 4 1
Destroy 7 7 0
Tile:0 7 6 1
Tile:6_flip 8 6 0
Tile:3 7 7 1
Tile:8 9 6 0
Tile:5 6 4 1
Map 12 7 0
Drop 6 0 1
Tile:11_flip 7 4 0
Tile:5_flip 7 8 1
Tile:8 10 6 0
Drop 1 0 1
Tile:14_flip 7 3 0
Tile:6 5 7 1
Tile:10 10 7 0
Tile:8 10 8 1
Tile:6_flip 11 8 0
Tile:15 11 9 1
Tile:9_flip 12 8 0
GAMEOVER WINNER 0
# Game ended: Mon Apr 06 15:28:43 EDT 2020
