# Server version 0.08 running on LAPTOP-QJHLSQ4D:8123
# Game ID: 170
# Board class: Saboteur.SaboteurBoard
# Timeout: 20000
# First Move Timeout: 30000
# Date: Sun Apr 05 16:38:23 EDT 2020
# Player 1: Player-0, '260760794', running on LAPTOP-QJHLSQ4D
# Player 2: Player-1, 'RandomPlayer', running on LAPTOP-QJHLSQ4D
START Player-0 260760794
START Player-1 RandomPlayer
BoardInit:Bonus,Tile:8,Tile:10,Malus,Map,Tile:5,Tile:10,Tile:7,Tile:7,Tile:3,Tile:5,Tile:6,Malus,Tile:0,Destroy,Tile:8,Tile:0,Tile:6,Tile:7,Tile:6,Tile:5,Tile:4,Map,Tile:8,Tile:2,Tile:9,Tile:8,Map,Tile:0,Tile:8,Tile:10,Tile:0,Destroy,Tile:15,Map,Tile:9,Tile:14,Tile:13,Tile:5,Bonus,Tile:11-Tile:12,Bonus,Tile:1,Bonus,Tile:6,Map,Destroy-Tile:6,Tile:9,Tile:9,Tile:9,Tile:7,Map,Tile:7-Tile:nugget,Tile:hidden1,Tile:hidden2
Tile:12 6 5 1
Map 12 3 0
Map 12 3 1
Tile:9 5 6 0
Drop 2 0 1
Tile:7 6 6 0
Drop 2 0 1
Tile:5_flip 6 7 0
Drop 1 0 1
Malus 0 0 0
Destroy 5 6 1
Tile:3_flip 5 7 0
Drop 0 0 1
Tile:8 5 4 0
Malus 0 0 1
Drop 0 0 0
Destroy 5 4 1
Drop 5 0 0
Map 12 7 1
Drop 3 0 0
Drop 2 0 1
Drop 2 0 0
Drop 3 0 1
Drop 0 0 0
Drop 5 0 1
Drop 2 0 0
Map 12 5 1
Drop 0 0 0
Drop 6 0 1
Map 12 5 0
Drop 1 0 1
Drop 0 0 0
Drop 4 0 1
Drop 6 0 0
Bonus 0 0 1
Drop 3 0 0
Drop 3 0 1
Drop 3 0 0
Tile:14_flip 5 4 1
Drop 6 0 0
Drop 6 0 1
Bonus 0 0 0
Tile:0 6 4 1
Tile:8 5 6 0
Tile:11_flip 7 4 1
Tile:9 4 6 0
Tile:10 4 7 1
Tile:15 7 5 0
Destroy 6 5 1
Tile:6_flip 7 3 0
Tile:7 8 3 1
Tile:6 4 8 0
Drop 1 0 1
Drop 0 0 0
Tile:7_flip 3 8 1
GAMEOVER DRAW
# Game ended: Sun Apr 05 16:38:32 EDT 2020
