# Server version 0.08 running on LAPTOP-QJHLSQ4D:8123
# Game ID: 221
# Board class: Saboteur.SaboteurBoard
# Timeout: 20000
# First Move Timeout: 30000
# Date: Mon Apr 06 15:25:56 EDT 2020
# Player 1: Player-0, '260760794', running on LAPTOP-QJHLSQ4D
# Player 2: Player-1, 'RandomPlayer', running on LAPTOP-QJHLSQ4D
START Player-0 260760794
START Player-1 RandomPlayer
BoardInit:Bonus,Tile:7,Bonus,Malus,Destroy,Tile:0,Tile:10,Tile:6,Tile:9,Map,Tile:8,Tile:5,Destroy,Tile:7,Bonus,Tile:9,Tile:9,Tile:14,Tile:12,Tile:5,Tile:6,Tile:8,Tile:4,Tile:1,Tile:6,Tile:11,Tile:5,Tile:0,Tile:0,Map,Tile:9,Tile:2,Tile:10,Tile:6,Tile:8,Tile:7,Tile:3,Tile:10,Tile:15,Tile:9,Tile:7-Destroy,Tile:8,Tile:13,Tile:5,Tile:0,Tile:7,Map-Tile:6,Map,Malus,Map,Tile:8,Bonus,Map-Tile:nugget,Tile:hidden1,Tile:hidden2
Drop 3 0 1
Map 12 3 0
Drop 1 0 1
Tile:7 6 5 0
Drop 2 0 1
Tile:8 6 6 0
Tile:13 5 6 1
Tile:6_flip 7 6 0
Tile:10 7 7 1
Tile:6_flip 8 6 0
Map 12 3 1
Malus 0 0 0
Drop 0 0 1
Tile:5_flip 9 6 0
Drop 5 0 1
Tile:7 9 5 0
Destroy 7 7 1
Tile:9_flip 8 7 0
Destroy 6 6 1
Malus 0 0 0
Bonus 0 0 1
Map 12 7 0
Drop 5 0 1
Tile:8 6 6 0
Drop 0 0 1
Tile:5_flip 8 8 0
Drop 5 0 1
Tile:14_flip 7 8 0
Drop 2 0 1
Tile:1 8 5 0
Drop 1 0 1
Map 12 3 0
Drop 4 0 1
Tile:2 5 4 0
Drop 0 0 1
Tile:6 7 7 0
Drop 3 0 1
Tile:7_flip 6 7 0
Drop 6 0 1
Tile:10 5 7 0
Drop 2 0 1
Tile:11 5 8 0
Drop 0 0 1
Tile:0 4 6 0
Drop 4 0 1
Drop 0 0 0
Drop 2 0 1
Tile:9 5 9 0
Drop 0 0 1
Map 12 3 0
Drop 0 0 1
Tile:0 6 4 0
Drop 1 0 1
Map 12 7 0
Drop 0 0 1
GAMEOVER DRAW
# Game ended: Mon Apr 06 15:26:05 EDT 2020
