# Server version 0.08 running on LAPTOP-QJHLSQ4D:8123
# Game ID: 114
# Board class: Saboteur.SaboteurBoard
# Timeout: 20000
# First Move Timeout: 30000
# Date: Mon Mar 30 17:13:21 EDT 2020
# Player 1: Player-0, '260760794', running on LAPTOP-QJHLSQ4D
# Player 2: Player-1, 'RandomPlayer', running on LAPTOP-QJHLSQ4D
START Player-0 260760794
START Player-1 RandomPlayer
BoardInit:Tile:6,Malus,Tile:0,Map,Tile:10,Tile:9,Bonus,Map,Tile:6,Tile:5,Tile:5,Tile:7,Destroy,Tile:6,Tile:8,Tile:8,Tile:0,Bonus,Map,Map,Tile:12,Tile:7,Tile:9,Tile:4,Tile:3,Tile:6,Tile:8,Destroy,Tile:5,Tile:2,Tile:11,Malus,Tile:0,Tile:10,Tile:7,Tile:8,Map,Tile:9,Destroy,Tile:13,Tile:7-Map,Tile:7,Tile:14,Tile:8,Tile:9,Tile:5,Tile:15-Tile:6,Tile:9,Bonus,Tile:0,Tile:1,Bonus,Tile:10-Tile:nugget,Tile:hidden1,Tile:hidden2
Tile:5 4 5 1
Tile:1 6 5 0
Tile:14_flip 5 4 1
Malus 0 0 0
Drop 2 0 1
Map 12 3 0
Map 12 5 1
Tile:0 6 4 0
Drop 5 0 1
Map 12 5 0
Bonus 0 0 1
Tile:5_flip 7 4 0
Tile:9 4 6 1
Tile:6_flip 7 5 0
Destroy 4 5 1
Tile:6_flip 7 3 0
Tile:8 4 7 1
Tile:9 7 6 0
Tile:5 3 7 1
Tile:10 7 7 0
Tile:6 8 3 1
Map 12 7 0
Tile:6 4 8 1
Tile:9 7 8 0
Tile:9_flip 5 6 1
Tile:7 8 5 0
Tile:0 5 8 1
Tile:8 8 6 0
Tile:8 7 9 1
Tile:7 6 8 0
Tile:15 7 10 1
Tile:2 8 2 0
Drop 1 0 1
Malus 0 0 0
Drop 3 0 1
Tile:4_flip 8 7 0
Drop 2 0 1
Tile:8 9 3 0
Map 12 7 1
Tile:9_flip 9 4 0
Destroy 5 8 1
Tile:13 10 3 0
Drop 4 0 1
Tile:10 10 4 0
Drop 1 0 1
Tile:6_flip 11 3 0
Map 12 5 1
Destroy 3 7 0
Drop 0 0 1
Drop 2 0 0
Drop 0 0 1
Drop 0 0 0
Drop 1 0 1
Drop 0 0 0
Drop 0 0 1
GAMEOVER DRAW
# Game ended: Mon Mar 30 17:13:21 EDT 2020
