# Server version 0.08 running on LAPTOP-QJHLSQ4D:8123
# Game ID: 319
# Board class: Saboteur.SaboteurBoard
# Timeout: 20000
# First Move Timeout: 30000
# Date: Thu Apr 09 17:35:00 EDT 2020
# Player 1: Player-0, '260779480', running on LAPTOP-QJHLSQ4D
# Player 2: Player-1, '260779480', running on LAPTOP-QJHLSQ4D
START Player-0 260779480
START Player-1 260779480
BoardInit:Tile:0,Tile:8,Tile:13,Tile:10,Tile:6,Tile:7,Tile:7,Tile:6,Tile:6,Bonus,Bonus,Tile:0,Tile:12,Tile:0,Tile:8,Destroy,Tile:5,Tile:0,Destroy,Tile:7,Tile:6,Tile:8,Tile:4,Tile:10,Map,Destroy,Tile:7,Tile:3,Tile:14,Tile:8,Tile:5,Map,Bonus,Tile:2,Map,Tile:10,Tile:9,Tile:7,Tile:8,Tile:9,Malus-Tile:15,Tile:1,Tile:9,Malus,Tile:6,Map,Map-Tile:11,Map,Tile:5,Tile:9,Tile:9,Bonus,Tile:5-Tile:nugget,Tile:hidden2,Tile:hidden1
Map 12 3 1
Map 12 3 0
Map 12 7 1
Tile:8 6 5 0
Tile:9_flip 7 5 1
Tile:9 7 4 0
Tile:6 8 4 1
Tile:9_flip 9 4 0
Malus 0 0 1
Bonus 0 0 0
Tile:6 9 5 1
Tile:6 10 5 0
Tile:6 11 5 1
Tile:10 12 4 0
GAMEOVER WINNER 0
# Game ended: Thu Apr 09 17:35:09 EDT 2020
