# Server version 0.08 running on LAPTOP-QJHLSQ4D:8123
# Game ID: 69
# Board class: Saboteur.SaboteurBoard
# Timeout: 20000
# First Move Timeout: 30000
# Date: Mon Mar 30 16:59:59 EDT 2020
# Player 1: Player-0, 'RandomPlayer', running on LAPTOP-QJHLSQ4D
# Player 2: Player-1, '260760794', running on LAPTOP-QJHLSQ4D
START Player-0 RandomPlayer
START Player-1 260760794
BoardInit:Tile:10,Tile:15,Map,Tile:9,Tile:5,Map,Map,Tile:8,Tile:9,Tile:0,Tile:12,Tile:5,Tile:7,Tile:7,Tile:9,Tile:0,Tile:3,Tile:14,Destroy,Tile:11,Tile:9,Tile:6,Tile:2,Tile:8,Bonus,Bonus,Destroy,Tile:4,Map,Destroy,Map,Tile:0,Tile:0,Tile:10,Bonus,Tile:10,Bonus,Tile:7,Tile:8,Tile:6,Malus-Tile:8,Tile:8,Tile:5,Tile:13,Malus,Tile:1,Tile:6-Tile:7,Tile:6,Tile:5,Tile:7,Map,Tile:9,Tile:6-Tile:nugget,Tile:hidden1,Tile:hidden2
Malus 0 0 1
Map 12 3 0
Tile:6_flip 6 5 1
Drop 1 0 0
Map 12 3 1
Drop 4 0 0
Tile:8 6 6 1
Map 12 5 0
Map 12 5 1
Drop 1 0 0
Tile:9_flip 7 5 1
Drop 4 0 0
Tile:8 6 7 1
Drop 0 0 0
Tile:7 7 4 1
Drop 0 0 0
Tile:5_flip 7 6 1
Drop 5 0 0
Tile:13 6 8 1
Drop 3 0 0
Tile:3_flip 6 4 1
Drop 2 0 0
Tile:1 7 7 1
Drop 0 0 0
Tile:2 6 3 1
Drop 2 0 0
Tile:10 6 9 1
Drop 0 0 0
Tile:12 7 3 1
Drop 6 0 0
Map 12 7 1
Bonus 0 0 0
Tile:5_flip 6 10 1
Tile:6 5 6 0
Tile:9_flip 8 7 1
Drop 0 0 0
Tile:9 8 6 1
Tile:10 5 4 0
Tile:0 7 8 1
Tile:8 5 3 0
Tile:8 8 8 1
Tile:14_flip 5 8 0
Malus 0 0 1
Destroy 8 7 0
Destroy 6 5 1
Drop 3 0 0
Destroy 5 4 1
Drop 0 0 0
Map 12 7 1
Drop 2 0 0
Drop 0 0 1
Drop 0 0 0
Drop 1 0 1
Drop 0 0 0
Drop 0 0 1
GAMEOVER DRAW
# Game ended: Mon Mar 30 16:59:59 EDT 2020
