# Server version 0.08 running on LAPTOP-QJHLSQ4D:8123
# Game ID: 90
# Board class: Saboteur.SaboteurBoard
# Timeout: 20000
# First Move Timeout: 30000
# Date: Mon Mar 30 17:05:53 EDT 2020
# Player 1: Player-0, 'RandomPlayer', running on LAPTOP-QJHLSQ4D
# Player 2: Player-1, '260760794', running on LAPTOP-QJHLSQ4D
START Player-0 RandomPlayer
START Player-1 260760794
BoardInit:Bonus,Tile:11,Map,Tile:6,Tile:6,Bonus,Bonus,Tile:9,Map,Tile:0,Tile:7,Bonus,Tile:6,Destroy,Tile:9,Tile:10,Tile:14,Tile:7,Malus,Tile:2,Tile:13,Tile:12,Tile:8,Map,Tile:0,Tile:0,Destroy,Tile:6,Tile:9,Map,Tile:5,Tile:10,Tile:5,Tile:7,Destroy,Tile:1,Tile:15,Tile:8,Map,Tile:9,Tile:10-Tile:0,Malus,Tile:8,Tile:8,Tile:7,Tile:5,Tile:7-Tile:5,Tile:6,Tile:4,Tile:8,Map,Tile:3,Tile:9-Tile:hidden1,Tile:nugget,Tile:hidden2
Malus 0 0 1
Map 12 3 0
Tile:7 6 5 1
Drop 1 0 0
Map 12 3 1
Drop 4 0 0
Tile:6 6 6 1
Drop 3 0 0
Tile:7 7 6 1
Drop 5 0 0
Map 12 5 1
Drop 4 0 0
Tile:7_flip 7 7 1
Bonus 0 0 0
Tile:6_flip 8 7 1
Tile:0 4 5 0
Tile:9_flip 9 7 1
Destroy 6 6 0
Tile:14_flip 9 6 1
Tile:7_flip 5 6 0
Malus 0 0 1
Drop 2 0 0
Tile:5_flip 10 6 1
Drop 0 0 0
Tile:13 10 5 1
Drop 4 0 0
Tile:8 11 5 1
Drop 3 0 0
Tile:8 10 4 1
Drop 4 0 0
Tile:9_flip 11 4 1
Map 12 3 0
Tile:5 11 3 1
Drop 6 0 0
Tile:5 9 4 1
Drop 3 0 0
Tile:8 6 6 1
Drop 3 0 0
Tile:15 11 6 1
Drop 6 0 0
Map 12 7 1
Drop 2 0 0
Tile:10 11 7 1
Drop 1 0 0
Destroy 11 4 1
Drop 3 0 0
Destroy 9 6 1
Drop 0 0 0
Drop 0 0 1
Drop 2 0 0
Drop 0 0 1
Drop 0 0 0
Tile:0 3 5 1
Drop 0 0 0
Drop 0 0 1
GAMEOVER DRAW
# Game ended: Mon Mar 30 17:05:53 EDT 2020
