# Server version 0.08 running on LAPTOP-QJHLSQ4D:8123
# Game ID: 121
# Board class: Saboteur.SaboteurBoard
# Timeout: 20000
# First Move Timeout: 30000
# Date: Mon Mar 30 17:13:52 EDT 2020
# Player 1: Player-0, '260760794', running on LAPTOP-QJHLSQ4D
# Player 2: Player-1, 'RandomPlayer', running on LAPTOP-QJHLSQ4D
START Player-0 260760794
START Player-1 RandomPlayer
BoardInit:Tile:6,Map,Tile:6,Tile:10,Tile:11,Tile:7,Tile:12,Tile:1,Tile:9,Tile:7,Bonus,Map,Bonus,Tile:6,Tile:6,Tile:13,Map,Tile:7,Tile:9,Tile:8,Map,Bonus,Tile:5,Malus,Map,Tile:10,Tile:9,Tile:14,Destroy,Tile:5,Tile:10,Tile:8,Destroy,Tile:6,Destroy,Tile:9,Tile:0,Tile:8,Map,Malus,Tile:8-Tile:8,Tile:7,Tile:0,Tile:3,Tile:7,Tile:2,Tile:4-Tile:5,Tile:0,Bonus,Tile:0,Tile:15,Tile:9,Tile:5-Tile:nugget,Tile:hidden1,Tile:hidden2
Tile:2 6 5 1
Tile:5_flip 6 6 0
Tile:0 4 5 1
Map 12 3 0
Tile:3 7 5 1
Tile:15 7 6 0
Tile:6 5 6 1
Tile:9 7 7 0
Tile:6_flip 4 6 1
Tile:0 8 7 0
Tile:11 7 8 1
Tile:0 8 8 0
Tile:9 7 9 1
Map 12 5 0
Tile:7_flip 4 7 1
Tile:5_flip 7 10 0
Tile:7 5 7 1
Tile:7 8 9 0
Tile:6 9 7 1
Tile:1 10 7 0
Tile:8 5 8 1
Tile:7 11 7 0
Tile:12 9 8 1
Tile:13 11 8 0
Tile:5_flip 6 8 1
Malus 0 0 0
Drop 5 0 1
Tile:10 11 9 0
Map 12 7 1
Tile:6 12 8 0
Map 12 5 1
Tile:5 10 8 0
Destroy 9 7 1
Tile:10 10 9 0
Drop 3 0 1
Tile:6_flip 13 8 0
Drop 3 0 1
Tile:7_flip 8 10 0
Destroy 4 6 1
Tile:8 6 10 0
Destroy 8 9 1
Malus 0 0 0
Bonus 0 0 1
Tile:14 6 11 0
Drop 4 0 1
Tile:8 9 10 0
Drop 3 0 1
Tile:9 9 11 0
Drop 2 0 1
Tile:8 10 10 0
Drop 0 0 1
Drop 0 0 0
Bonus 0 0 1
Drop 0 0 0
Tile:8 5 9 1
GAMEOVER DRAW
# Game ended: Mon Mar 30 17:13:53 EDT 2020
