# Server version 0.08 running on LAPTOP-QJHLSQ4D:8123
# Game ID: 368
# Board class: Saboteur.SaboteurBoard
# Timeout: 20000
# First Move Timeout: 30000
# Date: Thu Apr 09 23:21:29 EDT 2020
# Player 1: Player-0, '260760794', running on LAPTOP-QJHLSQ4D
# Player 2: Player-1, 'RandomPlayer', running on LAPTOP-QJHLSQ4D
START Player-0 260760794
START Player-1 RandomPlayer
BoardInit:Bonus,Tile:7,Malus,Tile:0,Destroy,Tile:5,Tile:8,Tile:7,Tile:3,Tile:12,Tile:1,Map,Tile:10,Tile:8,Tile:6,Malus,Destroy,Bonus,Tile:0,Map,Tile:5,Tile:14,Tile:8,Tile:9,Tile:6,Tile:0,Tile:11,Map,Tile:10,Map,Tile:5,Map,Tile:13,Tile:6,Tile:9,Tile:0,Tile:7,Tile:5,Tile:9,Tile:15,Tile:7-Bonus,Tile:4,Tile:2,Tile:8,Tile:9,Tile:6,Tile:7-Tile:6,Map,Bonus,Tile:10,Tile:9,Destroy,Tile:8-Tile:hidden2,Tile:hidden1,Tile:nugget
Tile:8 6 5 1
Map 12 3 0
Tile:4 6 4 1
Tile:8 7 5 0
Drop 1 0 1
Tile:6 8 5 0
Tile:6_flip 4 5 1
Tile:9_flip 9 5 0
Tile:9_flip 5 4 1
Tile:10 9 4 0
Tile:8 5 6 1
Tile:7 9 3 0
Tile:3_flip 4 4 1
Map 12 5 0
Destroy 4 5 1
Tile:8 9 6 0
Tile:10 9 7 1
Malus 0 0 0
Destroy 9 7 1
Tile:0 10 6 0
Malus 0 0 1
Bonus 0 0 0
Drop 5 0 1
Map 12 7 0
Drop 0 0 1
Drop 5 0 0
Drop 0 0 1
Tile:0 11 6 0
Drop 6 0 1
Tile:9_flip 12 6 0
GAMEOVER WINNER 0
# Game ended: Thu Apr 09 23:21:38 EDT 2020
