# Server version 0.08 running on LAPTOP-QJHLSQ4D:8123
# Game ID: 236
# Board class: Saboteur.SaboteurBoard
# Timeout: 20000
# First Move Timeout: 30000
# Date: Mon Apr 06 15:55:15 EDT 2020
# Player 1: Player-0, '260760794', running on LAPTOP-QJHLSQ4D
# Player 2: Player-1, 'RandomPlayer', running on LAPTOP-QJHLSQ4D
START Player-0 260760794
START Player-1 RandomPlayer
BoardInit:Bonus,Tile:6,Tile:7,Tile:0,Tile:6,Tile:5,Tile:14,Tile:6,Tile:0,Tile:8,Map,Tile:9,Tile:8,Tile:0,Bonus,Tile:7,Tile:8,Tile:9,Tile:5,Tile:1,Tile:13,Tile:9,Tile:0,Tile:3,Bonus,Tile:15,Tile:7,Bonus,Destroy,Destroy,Map,Tile:11,Tile:10,Map,Tile:4,Tile:12,Tile:10,Destroy,Tile:9,Tile:10,Map-Malus,Tile:6,Tile:9,Tile:8,Map,Tile:2,Tile:7-Tile:6,Tile:5,Malus,Tile:7,Map,Tile:5,Tile:8-Tile:hidden1,Tile:hidden2,Tile:nugget
Tile:9 4 5 1
Map 12 3 0
Tile:8 5 4 1
Tile:6_flip 6 5 0
Drop 1 0 1
Tile:0 7 5 0
Tile:7 5 3 1
Tile:5_flip 8 5 0
Tile:2_flip 5 6 1
Tile:6_flip 8 4 0
Tile:14 6 4 1
Tile:8 9 4 0
Tile:7_flip 7 4 1
Tile:9_flip 10 4 0
Drop 3 0 1
Tile:8 10 5 0
Map 12 5 1
Tile:7 11 5 0
Tile:8 4 6 1
Tile:9_flip 11 6 0
Tile:8 10 6 1
Tile:7_flip 11 7 0
GAMEOVER WINNER 0
# Game ended: Mon Apr 06 15:55:24 EDT 2020
