# Server version 0.08 running on LAPTOP-QJHLSQ4D:8123
# Game ID: 336
# Board class: Saboteur.SaboteurBoard
# Timeout: 20000
# First Move Timeout: 30000
# Date: Thu Apr 09 17:51:09 EDT 2020
# Player 1: Player-0, 'RandomPlayer', running on LAPTOP-QJHLSQ4D
# Player 2: Player-1, '260779480', running on LAPTOP-QJHLSQ4D
START Player-0 RandomPlayer
START Player-1 260779480
BoardInit:Tile:6,Tile:8,Tile:7,Tile:9,Tile:10,Map,Destroy,Bonus,Tile:10,Map,Destroy,Tile:6,Tile:0,Tile:7,Tile:8,Tile:3,Tile:0,Tile:0,Bonus,Tile:4,Tile:9,Tile:7,Bonus,Tile:2,Tile:9,Bonus,Map,Tile:6,Tile:13,Tile:6,Tile:8,Malus,Destroy,Tile:11,Tile:10,Tile:8,Tile:12,Map,Map,Tile:8,Tile:6-Tile:7,Tile:14,Tile:9,Tile:5,Tile:5,Malus,Tile:15-Tile:5,Tile:5,Map,Tile:0,Tile:1,Tile:7,Tile:9-Tile:hidden1,Tile:nugget,Tile:hidden2
Drop 1 0 1
Tile:9 5 4 0
Tile:9_flip 6 4 1
Tile:7 6 3 0
Tile:6 6 5 1
Tile:9 5 3 0
Tile:7 7 5 1
Tile:8 7 6 0
Tile:5_flip 8 6 1
Tile:5 4 5 0
Tile:10 8 5 1
Drop 4 0 0
Tile:10 8 4 1
Tile:6 5 6 0
Tile:5 8 3 1
Tile:1 9 3 0
Tile:8 7 7 1
Tile:3_flip 6 7 0
Tile:0 8 7 1
Tile:7 9 7 0
Malus 0 0 1
Map 12 7 0
Tile:9 9 8 1
Map 12 3 0
Tile:0 10 8 1
Drop 5 0 0
Drop 0 0 1
Drop 5 0 0
Map 12 3 1
Drop 2 0 0
Drop 6 0 1
Drop 1 0 0
Tile:8 11 8 1
Drop 6 0 0
Tile:9_flip 12 8 1
Drop 0 0 0
Tile:10 12 6 1
GAMEOVER WINNER 1
# Game ended: Thu Apr 09 17:51:18 EDT 2020
