# Server version 0.08 running on LAPTOP-QJHLSQ4D:8123
# Game ID: 177
# Board class: Saboteur.SaboteurBoard
# Timeout: 20000
# First Move Timeout: 30000
# Date: Sun Apr 05 17:03:01 EDT 2020
# Player 1: Player-0, '260760794', running on LAPTOP-QJHLSQ4D
# Player 2: Player-1, 'RandomPlayer', running on LAPTOP-QJHLSQ4D
START Player-0 260760794
START Player-1 RandomPlayer
BoardInit:Tile:12,Tile:7,Tile:10,Tile:5,Tile:0,Bonus,Destroy,Tile:15,Tile:0,Tile:3,Malus,Tile:9,Tile:4,Tile:6,Map,Tile:8,Tile:11,Tile:14,Tile:0,Tile:7,Tile:0,Tile:9,Tile:8,Tile:1,Tile:9,Tile:8,Tile:2,Tile:8,Tile:5,Tile:7,Map,Bonus,Tile:10,Map,Malus,Bonus,Tile:7,Tile:13,Tile:5,Tile:10,Tile:6-Bonus,Map,Tile:8,Tile:6,Tile:7,Tile:6,Tile:6-Destroy,Map,Destroy,Tile:5,Tile:9,Tile:9,Map-Tile:nugget,Tile:hidden1,Tile:hidden2
Tile:7_flip 4 5 1
Map 12 3 0
Map 12 3 1
Tile:7 6 5 0
Tile:8 5 6 1
Tile:5_flip 6 6 0
Tile:12_flip 4 6 1
Destroy 6 5 0
Destroy 6 6 1
Tile:5_flip 6 5 0
Drop 1 0 1
Tile:9_flip 6 4 0
Tile:10 5 7 1
Tile:9_flip 6 3 0
Tile:6_flip 5 4 1
Tile:6_flip 6 2 0
Tile:0 6 6 1
Tile:8 7 2 0
Tile:4 7 1 1
Tile:9_flip 8 2 0
Map 12 5 1
Tile:7_flip 8 3 0
Tile:6_flip 7 6 1
Tile:9_flip 9 3 0
Tile:11 5 8 1
Destroy 9 3 0
Tile:0 5 3 1
Tile:8 9 3 0
Tile:0 5 2 1
Tile:1 10 3 0
Malus 0 0 1
Bonus 0 0 0
Map 12 7 1
Tile:7_flip 9 4 0
Tile:2 4 4 1
Tile:8 8 6 0
Tile:8 8 5 1
Drop 6 0 0
Tile:0 11 3 1
Tile:13 8 7 0
Drop 1 0 1
Tile:10 9 2 0
Tile:5_flip 9 7 1
Tile:15 8 1 0
Tile:6 7 7 1
Drop 3 0 0
Tile:7_flip 4 2 1
Tile:3 6 8 0
Tile:5 8 0 1
Drop 0 0 0
Tile:10 4 1 1
Tile:14 5 9 0
Malus 0 0 1
Map 12 7 0
Drop 0 0 1
GAMEOVER DRAW
# Game ended: Sun Apr 05 17:03:10 EDT 2020
