# Server version 0.08 running on LAPTOP-QJHLSQ4D:8123
# Game ID: 355
# Board class: Saboteur.SaboteurBoard
# Timeout: 20000
# First Move Timeout: 30000
# Date: Thu Apr 09 18:39:07 EDT 2020
# Player 1: Player-0, '260779480', running on LAPTOP-QJHLSQ4D
# Player 2: Player-1, '260779480', running on LAPTOP-QJHLSQ4D
START Player-0 260779480
START Player-1 260779480
BoardInit:Destroy,Bonus,Tile:6,Tile:7,Tile:5,Tile:10,Destroy,Tile:8,Tile:7,Destroy,Bonus,Malus,Tile:8,Tile:9,Map,Tile:14,Tile:13,Tile:0,Tile:9,Tile:1,Tile:10,Tile:9,Tile:5,Tile:5,Tile:2,Bonus,Tile:0,Map,Tile:0,Map,Map,Tile:9,Tile:5,Tile:11,Tile:8,Tile:6,Tile:12,Tile:8,Tile:8,Tile:9,Tile:3-Tile:6,Tile:6,Tile:6,Tile:7,Malus,Tile:0,Tile:10-Map,Map,Tile:15,Bonus,Tile:7,Tile:4,Tile:7-Tile:nugget,Tile:hidden2,Tile:hidden1
Drop 3 0 1
Map 12 3 0
Tile:6 6 5 1
Map 12 7 0
Tile:6 7 5 1
Tile:7 8 5 0
Tile:6 8 6 1
Tile:7 9 6 0
Malus 0 0 1
Bonus 0 0 0
Tile:6 9 7 1
Tile:8 10 7 0
Tile:0 11 7 1
Malus 0 0 0
Bonus 0 0 1
Tile:9 12 6 0
Map 12 3 1
Tile:10 12 4 0
GAMEOVER WINNER 0
# Game ended: Thu Apr 09 18:39:16 EDT 2020
