# Server version 0.08 running on LAPTOP-QJHLSQ4D:8123
# Game ID: 219
# Board class: Saboteur.SaboteurBoard
# Timeout: 20000
# First Move Timeout: 30000
# Date: Mon Apr 06 15:24:34 EDT 2020
# Player 1: Player-0, '260760794', running on LAPTOP-QJHLSQ4D
# Player 2: Player-1, 'RandomPlayer', running on LAPTOP-QJHLSQ4D
START Player-0 260760794
START Player-1 RandomPlayer
BoardInit:Tile:5,Tile:8,Tile:7,Tile:10,Tile:7,Tile:8,Bonus,Tile:6,Destroy,Tile:9,Tile:5,Tile:10,Tile:0,Tile:8,Destroy,Tile:3,Tile:9,Map,Tile:1,Tile:7,Tile:10,Bonus,Tile:9,Map,Map,Tile:13,Tile:7,Tile:4,Map,Tile:6,Tile:0,Tile:5,Tile:9,Tile:7,Tile:9,Tile:6,Tile:8,Destroy,Bonus,Tile:0,Tile:5-Map,Map,Tile:15,Tile:0,Tile:6,Tile:14,Tile:12-Tile:8,Tile:6,Malus,Bonus,Tile:11,Malus,Tile:2-Tile:hidden1,Tile:nugget,Tile:hidden2
Map 12 5 1
Tile:6_flip 6 5 0
Tile:14_flip 5 4 1
Tile:8 7 5 0
Tile:0 6 4 1
Tile:8 8 5 0
Tile:6 7 6 1
Tile:8 9 5 0
Tile:7_flip 6 6 1
Tile:6_flip 10 5 0
Tile:7 7 4 1
Tile:9_flip 11 5 0
Destroy 8 5 1
Malus 0 0 0
Map 12 7 1
Tile:8 8 5 0
Drop 1 0 1
Tile:10 11 6 0
Destroy 7 5 1
Map 12 3 0
Drop 2 0 1
Malus 0 0 0
Drop 0 0 1
Tile:10 10 6 0
Drop 2 0 1
Map 12 5 0
Drop 3 0 1
Tile:13 10 7 0
Drop 4 0 1
Tile:11 8 4 0
Map 12 7 1
Tile:6 8 6 0
Map 12 3 1
Tile:5 11 4 0
Drop 3 0 1
Tile:7 12 4 0
GAMEOVER WINNER 0
# Game ended: Mon Apr 06 15:24:43 EDT 2020
