# Server version 0.08 running on LAPTOP-QJHLSQ4D:8123
# Game ID: 220
# Board class: Saboteur.SaboteurBoard
# Timeout: 20000
# First Move Timeout: 30000
# Date: Mon Apr 06 15:25:30 EDT 2020
# Player 1: Player-0, '260760794', running on LAPTOP-QJHLSQ4D
# Player 2: Player-1, 'RandomPlayer', running on LAPTOP-QJHLSQ4D
START Player-0 260760794
START Player-1 RandomPlayer
BoardInit:Tile:8,Bonus,Tile:5,Tile:6,Tile:9,Tile:9,Tile:6,Tile:12,Tile:6,Tile:0,Tile:4,Tile:11,Destroy,Tile:8,Malus,Map,Tile:7,Tile:10,Bonus,Destroy,Tile:9,Tile:15,Tile:7,Tile:5,Tile:9,Tile:5,Tile:13,Tile:1,Tile:14,Bonus,Tile:7,Tile:5,Tile:0,Map,Tile:0,Tile:9,Malus,Tile:6,Map,Tile:8,Tile:0-Tile:10,Destroy,Tile:7,Map,Tile:6,Tile:8,Tile:7-Tile:10,Tile:3,Map,Tile:8,Bonus,Map,Tile:2-Tile:hidden2,Tile:hidden1,Tile:nugget
Tile:6 6 5 1
Map 12 3 0
Tile:7 6 4 1
Map 12 5 0
Drop 4 0 1
Tile:6_flip 7 5 0
Tile:8 5 4 1
Tile:9_flip 8 5 0
Tile:6_flip 4 5 1
Tile:8 8 6 0
Destroy 7 5 1
Drop 1 0 0
Tile:8 7 6 1
Tile:2_flip 8 7 0
Tile:10 5 3 1
Tile:8 7 5 0
Tile:5_flip 5 6 1
Map 12 7 0
Tile:4 7 4 1
Tile:10 8 4 0
Tile:7 5 2 1
Tile:10 8 3 0
Destroy 8 3 1
Destroy 8 7 0
Tile:9_flip 8 7 1
Tile:5_flip 9 6 0
Tile:6 8 8 1
Tile:5_flip 9 8 0
Tile:7_flip 7 7 1
Drop 5 0 0
Tile:9 4 6 1
Tile:1 3 5 0
Drop 1 0 1
Tile:5 9 7 0
Tile:13 10 7 1
Tile:12_flip 4 4 0
Tile:9 4 2 1
Tile:9 9 5 0
Tile:14 11 7 1
Tile:6_flip 10 5 0
Tile:7 11 6 1
Tile:8 8 3 0
Tile:0 11 5 1
Tile:11_flip 4 7 0
Tile:0 7 3 1
Tile:0 2 5 0
Map 12 3 1
Drop 2 0 0
Map 12 3 1
Drop 1 0 0
Tile:0 3 7 1
Map 12 7 0
Malus 0 0 1
Bonus 0 0 0
Drop 0 0 1
GAMEOVER DRAW
# Game ended: Mon Apr 06 15:25:39 EDT 2020
