# Server version 0.08 running on LAPTOP-QJHLSQ4D:8123
# Game ID: 229
# Board class: Saboteur.SaboteurBoard
# Timeout: 20000
# First Move Timeout: 30000
# Date: Mon Apr 06 15:30:51 EDT 2020
# Player 1: Player-0, 'RandomPlayer', running on LAPTOP-QJHLSQ4D
# Player 2: Player-1, '260760794', running on LAPTOP-QJHLSQ4D
START Player-0 RandomPlayer
START Player-1 260760794
BoardInit:Map,Tile:3,Tile:5,Tile:9,Destroy,Map,Tile:15,Bonus,Tile:7,Tile:10,Map,Tile:6,Tile:8,Tile:0,Tile:7,Tile:11,Destroy,Tile:14,Malus,Tile:5,Map,Bonus,Tile:1,Tile:6,Tile:5,Tile:12,Map,Tile:2,Tile:13,Destroy,Tile:6,Bonus,Tile:0,Tile:0,Tile:5,Tile:10,Tile:9,Tile:6,Tile:8,Tile:0,Tile:7-Tile:7,Tile:8,Tile:8,Tile:4,Malus,Tile:9,Bonus-Tile:9,Tile:9,Map,Tile:10,Tile:8,Tile:6,Tile:7-Tile:nugget,Tile:hidden2,Tile:hidden1
Malus 0 0 1
Map 12 3 0
Map 12 3 1
Drop 1 0 0
Tile:5_flip 6 5 1
Drop 4 0 0
Tile:9_flip 6 4 1
Map 12 5 0
Tile:8 6 3 1
Drop 5 0 0
Tile:7 7 3 1
Bonus 0 0 0
Tile:7_flip 7 4 1
Tile:6 5 3 0
Tile:8 8 4 1
Tile:10 8 3 0
Tile:7 9 4 1
Tile:9_flip 5 2 0
Tile:8 9 5 1
Tile:11_flip 10 5 0
Malus 0 0 1
Drop 2 0 0
Destroy 10 5 1
Drop 3 0 0
Destroy 9 4 1
Drop 5 0 0
Tile:5 8 2 1
Drop 0 0 0
Map 12 7 1
Drop 5 0 0
Tile:4 5 1 1
Drop 0 0 0
Tile:6_flip 9 4 1
Drop 6 0 0
Drop 4 0 1
Drop 3 0 0
Tile:5_flip 10 4 1
Drop 3 0 0
Tile:9_flip 10 3 1
Destroy 10 3 0
Tile:8 10 3 1
Drop 2 0 0
Tile:7 11 3 1
Drop 1 0 0
Tile:15 6 2 1
Drop 3 0 0
Tile:0 4 3 1
Drop 0 0 0
Map 12 3 1
Drop 2 0 0
Tile:1 4 2 1
Drop 0 0 0
Tile:13 5 6 1
Drop 0 0 0
Drop 0 0 1
GAMEOVER DRAW
# Game ended: Mon Apr 06 15:31:00 EDT 2020
