# Server version 0.08 running on LAPTOP-QJHLSQ4D:8123
# Game ID: 308
# Board class: Saboteur.SaboteurBoard
# Timeout: 20000
# First Move Timeout: 30000
# Date: Thu Apr 09 17:27:28 EDT 2020
# Player 1: Player-0, 'RandomPlayer', running on LAPTOP-QJHLSQ4D
# Player 2: Player-1, '260779480', running on LAPTOP-QJHLSQ4D
START Player-0 RandomPlayer
START Player-1 260779480
BoardInit:Tile:3,Malus,Destroy,Map,Tile:10,Tile:15,Tile:13,Tile:11,Bonus,Destroy,Tile:0,Tile:8,Tile:8,Tile:0,Tile:1,Map,Tile:7,Tile:4,Tile:10,Bonus,Tile:6,Tile:8,Tile:9,Tile:7,Map,Tile:6,Tile:9,Bonus,Destroy,Tile:5,Tile:9,Tile:7,Tile:8,Tile:0,Map,Map,Tile:12,Tile:5,Tile:5,Tile:7,Tile:2-Tile:5,Tile:8,Bonus,Tile:6,Tile:10,Tile:9,Tile:7-Tile:9,Map,Tile:6,Tile:6,Tile:0,Malus,Tile:14-Tile:hidden1,Tile:nugget,Tile:hidden2
Drop 0 0 1
Tile:6 6 5 0
Tile:8 7 5 1
Drop 1 0 0
Tile:6 8 5 1
Tile:9_flip 5 4 0
Tile:9_flip 9 5 1
Tile:14 9 6 0
Tile:10 9 4 1
Tile:6_flip 7 4 0
Tile:10 9 3 1
Tile:11_flip 8 4 0
Tile:7 9 2 1
Tile:15 5 6 0
Tile:8 8 2 1
Tile:8 8 1 0
Tile:0 9 1 1
Tile:0 8 6 0
Tile:7 10 1 1
Drop 1 0 0
Tile:10 10 2 1
Destroy 9 3 0
Tile:6 7 6 1
Map 12 7 0
Tile:9 9 3 1
Drop 4 0 0
Map 12 3 1
Map 12 5 0
Tile:9_flip 10 3 1
Drop 6 0 0
Drop 3 0 1
Tile:8 4 5 0
Tile:9 10 4 1
Tile:7 8 0 0
Tile:8 11 4 1
Tile:0 12 4 0
Map 12 7 1
Tile:5 6 6 0
Drop 1 0 1
Tile:6 3 5 0
Drop 3 0 1
Drop 2 0 0
Drop 6 0 1
Tile:4_flip 10 5 0
Drop 4 0 1
Tile:5 6 4 0
Drop 1 0 1
Map 12 5 0
Drop 2 0 1
Tile:0 7 0 0
Drop 2 0 1
Drop 0 0 0
Drop 0 0 1
Tile:7_flip 2 5 0
Drop 0 0 1
GAMEOVER DRAW
# Game ended: Thu Apr 09 17:27:37 EDT 2020
