# Server version 0.08 running on LAPTOP-QJHLSQ4D:8123
# Game ID: 245
# Board class: Saboteur.SaboteurBoard
# Timeout: 20000
# First Move Timeout: 30000
# Date: Wed Apr 08 13:24:44 EDT 2020
# Player 1: Player-0, '260779480', running on LAPTOP-QJHLSQ4D
# Player 2: Player-1, '260779480', running on LAPTOP-QJHLSQ4D
START Player-0 260779480
START Player-1 260779480
BoardInit:Destroy,Tile:6,Map,Tile:8,Tile:9,Tile:13,Map,Tile:8,Tile:6,Destroy,Malus,Map,Tile:7,Destroy,Map,Tile:0,Tile:9,Tile:0,Map,Tile:3,Tile:1,Bonus,Bonus,Tile:2,Tile:5,Tile:9,Tile:0,Tile:12,Tile:5,Tile:10,Bonus,Tile:8,Tile:10,Tile:6,Tile:11,Tile:5,Tile:6,Tile:10,Tile:0,Tile:8,Tile:9-Tile:7,Malus,Tile:6,Tile:14,Map,Tile:8,Tile:15-Tile:5,Bonus,Tile:7,Tile:7,Tile:7,Tile:9,Tile:4-Tile:hidden1,Tile:hidden2,Tile:nugget
Map 12 3 1
Tile:9_flip 6 5 0
Malus 0 0 1
Bonus 0 0 0
Map 12 7 1
Tile:8 6 4 0
Tile:8 7 4 1
Tile:6 8 4 0
Map 12 5 1
Tile:8 9 4 0
Tile:6 10 4 1
Tile:5_flip 11 4 0
Malus 0 0 1
Map 12 3 0
Tile:9 11 3 1
Drop 4 0 0
Tile:6 13 3 1
Drop 3 0 0
Tile:9 13 2 1
Drop 3 0 0
Tile:7 13 1 1
Drop 6 0 0
Tile:7 12 2 1
Bonus 0 0 0
Drop 0 0 1
Tile:0 12 1 0
Drop 0 0 1
Tile:9 12 4 0
Tile:0 13 4 1
Tile:0 13 5 0
Tile:5_flip 12 6 1
Tile:7_flip 11 1 0
Tile:5 11 0 1
Drop 3 0 0
Drop 3 0 1
Tile:6 12 0 0
Tile:10 10 3 1
Tile:5_flip 13 0 0
Tile:6 11 6 1
Tile:8 10 2 0
Tile:0 10 6 1
Tile:10 10 1 0
Tile:9_flip 10 0 1
Tile:8 9 5 0
Drop 5 0 1
Drop 3 0 0
Drop 0 0 1
Tile:10 9 3 0
Map 12 7 1
Tile:7_flip 9 6 0
Drop 0 0 1
Tile:7_flip 9 0 0
Drop 1 0 1
Drop 0 0 0
Drop 0 0 1
GAMEOVER DRAW
# Game ended: Wed Apr 08 13:24:54 EDT 2020
