# Server version 0.08 running on LAPTOP-QJHLSQ4D:8123
# Game ID: 304
# Board class: Saboteur.SaboteurBoard
# Timeout: 20000
# First Move Timeout: 30000
# Date: Thu Apr 09 17:25:07 EDT 2020
# Player 1: Player-0, '260779480', running on LAPTOP-QJHLSQ4D
# Player 2: Player-1, 'RandomPlayer', running on LAPTOP-QJHLSQ4D
START Player-0 260779480
START Player-1 RandomPlayer
BoardInit:Tile:0,Tile:3,Tile:0,Tile:6,Map,Tile:1,Tile:0,Tile:9,Tile:15,Tile:5,Tile:4,Tile:6,Tile:8,Tile:6,Tile:8,Tile:5,Destroy,Tile:7,Map,Tile:9,Tile:6,Tile:7,Malus,Tile:8,Destroy,Tile:11,Tile:7,Bonus,Tile:8,Tile:8,Malus,Tile:7,Tile:14,Map,Tile:9,Map,Tile:6,Map,Tile:10,Tile:7,Tile:5-Map,Bonus,Tile:10,Tile:12,Bonus,Tile:0,Tile:9-Tile:10,Tile:5,Bonus,Destroy,Tile:13,Tile:2,Tile:9-Tile:hidden2,Tile:nugget,Tile:hidden1
Tile:0 4 5 1
Tile:9_flip 6 5 0
Tile:10 6 4 1
Tile:10 6 3 0
Tile:0 3 5 1
Tile:6 6 6 0
Drop 3 0 1
Tile:5_flip 7 6 0
Tile:9 6 2 1
Tile:9 7 5 0
Drop 4 0 1
Tile:5_flip 8 5 0
Drop 0 0 1
Tile:6_flip 8 4 0
Tile:12 7 2 1
Tile:6 9 4 0
Tile:0 2 5 1
Tile:5_flip 10 4 0
Destroy 7 2 1
Tile:7 10 3 0
Tile:8 9 3 1
Tile:9 9 2 0
Tile:6 10 2 1
Drop 2 0 0
Drop 4 0 1
Tile:8 11 2 0
Tile:4 6 1 1
Drop 2 0 0
Tile:7_flip 8 3 1
Drop 5 0 0
Tile:8 5 6 1
Tile:8 12 2 0
Destroy 6 3 1
Drop 2 0 0
Tile:14 7 2 1
Map 12 7 0
Drop 3 0 1
Map 12 5 0
Drop 2 0 1
Drop 2 0 0
Drop 2 0 1
Drop 1 0 0
Tile:9_flip 5 7 1
Drop 1 0 0
Tile:5 7 4 1
Drop 2 0 0
Tile:6_flip 13 2 1
Drop 3 0 0
Tile:10 8 2 1
Drop 0 0 0
Tile:0 4 7 1
Map 12 7 0
Malus 0 0 1
Bonus 0 0 0
Drop 0 0 1
GAMEOVER DRAW
# Game ended: Thu Apr 09 17:25:16 EDT 2020
