# Server version 0.08 running on LAPTOP-QJHLSQ4D:8123
# Game ID: 339
# Board class: Saboteur.SaboteurBoard
# Timeout: 20000
# First Move Timeout: 30000
# Date: Thu Apr 09 18:31:08 EDT 2020
# Player 1: Player-0, '260779480', running on LAPTOP-QJHLSQ4D
# Player 2: Player-1, 'RandomPlayer', running on LAPTOP-QJHLSQ4D
START Player-0 260779480
START Player-1 RandomPlayer
BoardInit:Tile:10,Tile:6,Tile:3,Tile:15,Tile:8,Bonus,Tile:11,Bonus,Bonus,Tile:1,Tile:9,Tile:10,Tile:8,Malus,Tile:8,Tile:5,Tile:9,Tile:14,Destroy,Map,Tile:5,Tile:7,Destroy,Tile:0,Tile:5,Tile:9,Map,Tile:6,Map,Tile:8,Malus,Tile:8,Tile:7,Tile:13,Tile:6,Tile:7,Tile:7,Tile:5,Tile:2,Tile:9,Tile:6-Tile:12,Destroy,Map,Map,Tile:10,Tile:0,Tile:9-Tile:0,Bonus,Tile:4,Tile:0,Tile:7,Tile:6,Map-Tile:hidden1,Tile:hidden2,Tile:nugget
Drop 2 0 1
Map 12 3 0
Drop 1 0 1
Tile:6 6 5 0
Map 12 3 1
Tile:6 7 5 0
Tile:9_flip 5 6 1
Tile:0 8 5 0
Tile:3_flip 5 7 1
Tile:0 9 5 0
Tile:12 6 7 1
Tile:7 10 5 0
Tile:11 4 6 1
Tile:10 10 6 0
Tile:8 5 4 1
Malus 0 0 0
Drop 1 0 1
Tile:5_flip 10 7 0
Drop 3 0 1
Drop 2 0 0
Destroy 5 4 1
Map 12 7 0
Drop 3 0 1
Tile:7_flip 9 7 0
Drop 4 0 1
Drop 4 0 0
Drop 3 0 1
Drop 4 0 0
Destroy 5 7 1
Drop 1 0 0
Bonus 0 0 1
Tile:8 7 4 0
Tile:5 6 4 1
Tile:6 8 4 0
Drop 0 0 1
Tile:0 9 4 0
Tile:5 4 5 1
Tile:7 9 6 0
Tile:6_flip 8 6 1
Tile:5_flip 10 4 0
Drop 6 0 1
Tile:8 10 3 0
Tile:7_flip 9 3 1
Drop 4 0 0
Tile:7 5 4 1
Drop 3 0 0
Tile:10 8 3 1
Drop 3 0 0
Tile:6 11 3 1
Drop 0 0 0
Map 12 7 1
Drop 0 0 0
Map 12 5 1
Drop 0 0 0
Malus 0 0 1
GAMEOVER DRAW
# Game ended: Thu Apr 09 18:31:17 EDT 2020
