# Server version 0.08 running on LAPTOP-QJHLSQ4D:8123
# Game ID: 363
# Board class: Saboteur.SaboteurBoard
# Timeout: 20000
# First Move Timeout: 30000
# Date: Thu Apr 09 19:53:01 EDT 2020
# Player 1: Player-0, '260760794', running on LAPTOP-QJHLSQ4D
# Player 2: Player-1, 'RandomPlayer', running on LAPTOP-QJHLSQ4D
START Player-0 260760794
START Player-1 RandomPlayer
BoardInit:Tile:5,Destroy,Tile:6,Tile:2,Tile:6,Tile:11,Map,Malus,Malus,Tile:8,Map,Destroy,Tile:9,Tile:0,Map,Bonus,Tile:7,Tile:8,Bonus,Tile:6,Tile:10,Tile:15,Tile:7,Tile:7,Tile:9,Tile:6,Map,Tile:13,Tile:9,Tile:0,Tile:9,Tile:5,Tile:4,Map,Tile:7,Tile:8,Tile:10,Tile:1,Tile:12,Tile:8,Tile:6-Destroy,Tile:7,Tile:10,Tile:3,Tile:8,Bonus,Map-Tile:0,Tile:5,Tile:9,Tile:14,Tile:0,Bonus,Tile:5-Tile:hidden1,Tile:hidden2,Tile:nugget
Tile:10 5 4 1
Tile:9_flip 6 5 0
Destroy 5 4 1
Tile:5 6 4 0
Tile:3_flip 6 6 1
Tile:0 7 4 0
Tile:6_flip 7 6 1
Tile:0 8 4 0
Map 12 5 1
Malus 0 0 0
Bonus 0 0 1
Tile:8 9 4 0
Map 12 5 1
Tile:5_flip 10 4 0
Tile:7 8 6 1
Drop 3 0 0
Tile:5_flip 8 7 1
Drop 3 0 0
Drop 5 0 1
Tile:8 10 3 0
Tile:9 10 2 1
Tile:6 11 3 0
Tile:6_flip 10 1 1
Drop 0 0 0
Tile:7 5 4 1
Drop 5 0 0
Tile:8 11 1 1
Drop 1 0 0
Tile:9 12 4 1
Drop 6 0 0
Tile:7_flip 4 5 1
Drop 1 0 0
Malus 0 0 1
Bonus 0 0 0
Tile:9_flip 11 2 1
Map 12 7 0
Drop 3 0 1
Tile:8 12 6 0
GAMEOVER WINNER 0
# Game ended: Thu Apr 09 19:53:10 EDT 2020
