# Server version 0.08 running on LAPTOP-QJHLSQ4D:8123
# Game ID: 154
# Board class: Saboteur.SaboteurBoard
# Timeout: 20000
# First Move Timeout: 30000
# Date: Sun Apr 05 16:12:17 EDT 2020
# Player 1: Player-0, 'Human', running on LAPTOP-QJHLSQ4D
# Player 2: Player-1, '260760794', running on LAPTOP-QJHLSQ4D
START Player-0 Human
START Player-1 260760794
BoardInit:Map,Tile:10,Tile:10,Destroy,Malus,Bonus,Tile:11,Tile:9,Map,Tile:8,Map,Tile:7,Destroy,Tile:6,Tile:7,Tile:8,Tile:9,Tile:5,Tile:13,Tile:0,Tile:9,Map,Tile:6,Tile:2,Tile:14,Tile:6,Bonus,Tile:8,Tile:5,Tile:7,Tile:4,Map,Tile:0,Tile:7,Tile:3,Tile:0,Tile:1,Tile:9,Bonus,Tile:0,Tile:5-Tile:5,Map,Malus,Tile:7,Tile:10,Tile:6,Tile:9-Tile:15,Destroy,Tile:12,Tile:8,Tile:6,Bonus,Tile:8-Tile:hidden1,Tile:nugget,Tile:hidden2
Map 12 3 1
Tile:8 6 5 0
Map 12 5 1
Tile:8 7 5 0
Tile:10 7 6 1
Tile:6 8 5 0
Tile:10 7 7 1
Tile:10 8 4 0
Tile:11 7 8 1
Destroy 7 8 0
Map 12 7 1
Tile:8 9 5 0
Tile:9_flip 10 5 1
Tile:9 10 4 0
Tile:6 10 6 1
Tile:6 11 4 0
Tile:7 12 4 1
GAMEOVER WINNER 1
# Game ended: Sun Apr 05 16:13:29 EDT 2020
