# Server version 0.08 running on LAPTOP-QJHLSQ4D:8123
# Game ID: 34
# Board class: Saboteur.SaboteurBoard
# Timeout: 20000
# First Move Timeout: 30000
# Date: Thu Mar 26 17:27:16 EDT 2020
# Player 1: Player-0, '260760794', running on LAPTOP-QJHLSQ4D
# Player 2: Player-1, 'Human', running on LAPTOP-QJHLSQ4D
START Player-0 260760794
START Player-1 Human
BoardInit:Tile:5,Tile:6,Tile:0,Tile:8,Tile:7,Tile:3,Bonus,Tile:2,Tile:7,Tile:15,Tile:12,Tile:6,Tile:7,Map,Map,Tile:8,Tile:11,Tile:5,Tile:6,Tile:9,Bonus,Tile:5,Tile:0,Destroy,Bonus,Tile:1,Destroy,Tile:14,Tile:4,Tile:6,Map,Tile:6,Tile:8,Destroy,Tile:8,Tile:7,Map,Map,Malus,Tile:0,Tile:10-Tile:13,Tile:10,Tile:5,Tile:9,Malus,Tile:9,Tile:10-Tile:0,Tile:8,Tile:9,Map,Tile:7,Bonus,Tile:9-Tile:hidden1,Tile:nugget,Tile:hidden2
Tile:9_flip 6 5 1
Map 12 3 0
Tile:9 6 4 1
Tile:8 6 3 0
Tile:0 7 4 1
Tile:0 5 3 0
Tile:7 8 4 1
Tile:9 6 2 0
Malus 0 0 1
Drop 5 0 0
Tile:10 8 5 1
Bonus 0 0 0
Tile:7_flip 8 6 1
Tile:7 9 6 0
Tile:7_flip 9 7 1
Map 12 3 0
Map 12 7 1
Tile:9_flip 10 7 0
Tile:5 10 6 1
Tile:6 7 2 0
Tile:6 11 6 1
Tile:8 7 1 0
Tile:5_flip 12 6 1
GAMEOVER WINNER 1
# Game ended: Thu Mar 26 17:28:29 EDT 2020
