# Server version 0.08 running on LAPTOP-QJHLSQ4D:8123
# Game ID: 321
# Board class: Saboteur.SaboteurBoard
# Timeout: 20000
# First Move Timeout: 30000
# Date: Thu Apr 09 17:36:00 EDT 2020
# Player 1: Player-0, '260779480', running on LAPTOP-QJHLSQ4D
# Player 2: Player-1, '260779480', running on LAPTOP-QJHLSQ4D
START Player-0 260779480
START Player-1 260779480
BoardInit:Tile:7,Destroy,Destroy,Tile:9,Tile:6,Map,Tile:7,Tile:13,Tile:6,Tile:0,Tile:8,Tile:0,Tile:9,Bonus,Tile:6,Tile:8,Tile:4,Tile:5,Tile:9,Tile:10,Tile:0,Malus,Map,Tile:8,Tile:0,Destroy,Tile:6,Tile:9,Tile:9,Malus,Tile:5,Map,Bonus,Tile:7,Bonus,Tile:11,Tile:7,Map,Map,Tile:6,Tile:14-Tile:15,Tile:8,Tile:10,Tile:8,Tile:3,Tile:7,Tile:1-Tile:10,Tile:5,Tile:5,Tile:12,Tile:2,Bonus,Map-Tile:nugget,Tile:hidden1,Tile:hidden2
Drop 0 0 1
Map 12 3 0
Tile:8 6 5 1
Tile:5_flip 7 5 0
Tile:8 7 4 1
Tile:9_flip 8 4 0
Tile:6_flip 8 3 1
Map 12 7 0
Tile:7 9 3 1
Tile:10 9 4 0
Tile:6 9 5 1
Tile:0 10 5 0
Tile:8 11 5 1
Drop 5 0 0
Tile:9 12 4 1
GAMEOVER WINNER 1
# Game ended: Thu Apr 09 17:36:09 EDT 2020
