# Server version 0.08 running on LAPTOP-QJHLSQ4D:8123
# Game ID: 15
# Board class: Saboteur.SaboteurBoard
# Timeout: 20000
# First Move Timeout: 30000
# Date: Wed Mar 25 12:38:14 EDT 2020
# Player 1: Player-0, 'Human', running on LAPTOP-QJHLSQ4D
# Player 2: Player-1, 'RandomPlayer', running on LAPTOP-QJHLSQ4D
START Player-0 Human
START Player-1 RandomPlayer
BoardInit:Map,Destroy,Destroy,Tile:8,Tile:9,Tile:6,Tile:7,Tile:10,Tile:13,Tile:9,Map,Destroy,Tile:6,Tile:6,Tile:9,Tile:7,Tile:5,Tile:7,Tile:10,Tile:6,Tile:8,Tile:15,Map,Tile:10,Tile:2,Tile:1,Tile:8,Tile:5,Tile:12,Tile:7,Bonus,Bonus,Tile:3,Bonus,Tile:0,Bonus,Tile:7,Map,Tile:5,Tile:11,Tile:9-Tile:5,Tile:8,Malus,Map,Tile:14,Tile:0,Tile:6-Tile:4,Tile:0,Map,Tile:9,Tile:8,Tile:0,Malus-Tile:nugget,Tile:hidden2,Tile:hidden1
Tile:6 4 5 1
Tile:0 6 5 0
Tile:14_flip 3 5 1
Tile:0 7 5 0
Tile:8 5 6 1
Map 12 5 0
Destroy 5 6 1
Tile:6 8 5 0
Tile:9_flip 3 6 1
Tile:8 9 5 0
Tile:0 10 5 1
Tile:8 11 5 0
Tile:5_flip 11 6 1
Tile:10 12 6 0
Tile:6_flip 11 7 1
Tile:9 12 4 0
GAMEOVER WINNER 0
# Game ended: Wed Mar 25 12:38:51 EDT 2020
