# Server version 0.08 running on LAPTOP-QJHLSQ4D:8123
# Game ID: 334
# Board class: Saboteur.SaboteurBoard
# Timeout: 20000
# First Move Timeout: 30000
# Date: Thu Apr 09 17:50:16 EDT 2020
# Player 1: Player-0, 'RandomPlayer', running on LAPTOP-QJHLSQ4D
# Player 2: Player-1, '260779480', running on LAPTOP-QJHLSQ4D
START Player-0 RandomPlayer
START Player-1 260779480
BoardInit:Tile:15,Map,Tile:7,Tile:0,Tile:10,Tile:8,Tile:0,Tile:6,Tile:1,Tile:7,Map,Bonus,Tile:7,Destroy,Tile:13,Malus,Bonus,Tile:5,Tile:9,Tile:8,Tile:5,Tile:0,Tile:10,Tile:9,Tile:7,Tile:8,Map,Map,Tile:4,Map,Malus,Tile:6,Tile:2,Tile:9,Tile:8,Tile:10,Tile:12,Destroy,Map,Tile:9,Tile:3-Bonus,Tile:8,Tile:5,Tile:6,Tile:7,Tile:11,Destroy-Tile:6,Tile:14,Tile:6,Tile:9,Tile:0,Bonus,Tile:5-Tile:hidden2,Tile:nugget,Tile:hidden1
Drop 5 0 1
Tile:6 5 6 0
Tile:8 6 5 1
Tile:14_flip 4 5 0
Tile:6 7 5 1
Tile:9_flip 6 6 0
Tile:5_flip 8 5 1
Tile:8 5 4 0
Tile:10 8 4 1
Tile:6 4 6 0
Tile:7 8 3 1
Tile:6 6 7 0
Map 12 3 1
Drop 4 0 0
Tile:0 7 7 1
Tile:7_flip 4 4 0
Tile:7 8 7 1
Tile:5 5 7 0
Tile:7_flip 8 8 1
Malus 0 0 0
Bonus 0 0 1
Map 12 3 0
Tile:9_flip 9 8 1
Tile:8 9 9 0
Tile:5_flip 10 9 1
Tile:9_flip 5 3 0
Tile:10 10 8 1
Drop 3 0 0
Map 12 7 1
Tile:5 4 3 0
Tile:7 10 7 1
Tile:0 3 6 0
Malus 0 0 1
Map 12 3 0
Drop 3 0 1
Bonus 0 0 0
Tile:8 9 10 1
Drop 3 0 0
Drop 5 0 1
Destroy 6 7 0
Map 12 5 1
Tile:9 5 8 0
Drop 1 0 1
Tile:9_flip 9 11 0
Drop 1 0 1
Tile:0 8 9 0
Drop 4 0 1
Tile:6 6 7 0
Drop 2 0 1
Drop 0 0 0
Drop 2 0 1
Tile:8 9 12 0
Drop 0 0 1
Tile:10 7 4 0
Drop 0 0 1
GAMEOVER DRAW
# Game ended: Thu Apr 09 17:50:25 EDT 2020
