# Server version 0.08 running on LAPTOP-QJHLSQ4D:8123
# Game ID: 50
# Board class: Saboteur.SaboteurBoard
# Timeout: 20000
# First Move Timeout: 30000
# Date: Fri Mar 27 20:26:36 EDT 2020
# Player 1: Player-0, '260760794', running on LAPTOP-QJHLSQ4D
# Player 2: Player-1, 'Human', running on LAPTOP-QJHLSQ4D
START Player-0 260760794
START Player-1 Human
BoardInit:Destroy,Tile:13,Tile:8,Tile:9,Tile:9,Tile:10,Tile:1,Destroy,Tile:5,Map,Tile:0,Map,Tile:11,Tile:9,Tile:8,Tile:3,Tile:15,Tile:8,Tile:9,Tile:5,Destroy,Tile:7,Bonus,Tile:10,Tile:6,Tile:4,Bonus,Tile:6,Malus,Tile:8,Tile:6,Tile:0,Tile:6,Tile:0,Tile:2,Bonus,Tile:7,Malus,Map,Tile:6,Tile:9-Tile:5,Map,Tile:10,Tile:12,Tile:7,Tile:14,Tile:5-Tile:0,Map,Tile:8,Tile:7,Bonus,Tile:7,Map-Tile:nugget,Tile:hidden2,Tile:hidden1
Map 12 3 1
Map 12 3 0
Tile:5_flip 6 5 1
Map 12 3 0
Tile:8 6 4 1
Tile:0 7 4 0
Tile:7 8 4 1
Tile:8 6 3 0
Destroy 6 3 1
Tile:7 6 3 0
Tile:5_flip 8 5 1
Map 12 3 0
Tile:10 5 6 1
Map 12 3 0
Tile:5 5 3 1
Tile:9 5 4 0
Tile:8 5 7 1
Drop 3 0 0
Tile:0 6 7 1
Tile:13 7 7 0
Tile:9 5 8 1
Tile:5 7 5 0
Tile:9 7 6 1
Tile:7 8 6 0
Drop 0 0 1
Tile:3_flip 4 5 0
Tile:6 8 7 1
Tile:7 6 8 0
Drop 1 0 1
Tile:8 4 7 0
Destroy 7 7 1
Drop 6 0 0
Tile:6 9 7 1
Tile:6_flip 10 7 0
Tile:6 11 7 1
Tile:9 10 8 0
Drop 6 0 1
Tile:10 4 4 0
Malus 0 0 1
Malus 0 0 0
Bonus 0 0 1
Bonus 0 0 0
Tile:7 12 6 1
Drop 0 0 0
Tile:9 11 6 1
Tile:4 11 5 0
Map 12 5 1
Drop 3 0 0
Tile:14 12 8 1
Tile:0 13 7 0
Drop 1 0 1
Tile:0 11 8 0
Tile:11 10 9 1
Drop 0 0 0
Drop 0 0 1
GAMEOVER DRAW
# Game ended: Fri Mar 27 20:30:00 EDT 2020
