# Server version 0.08 running on LAPTOP-QJHLSQ4D:8123
# Game ID: 128
# Board class: Saboteur.SaboteurBoard
# Timeout: 20000
# First Move Timeout: 30000
# Date: Mon Mar 30 17:14:34 EDT 2020
# Player 1: Player-0, 'RandomPlayer', running on LAPTOP-QJHLSQ4D
# Player 2: Player-1, '260760794', running on LAPTOP-QJHLSQ4D
START Player-0 RandomPlayer
START Player-1 260760794
BoardInit:Tile:5,Tile:5,Tile:7,Tile:7,Tile:7,Tile:6,Tile:1,Malus,Tile:7,Bonus,Bonus,Destroy,Map,Map,Tile:14,Tile:6,Tile:8,Tile:13,Bonus,Tile:10,Tile:8,Tile:8,Tile:9,Tile:5,Tile:0,Tile:0,Tile:5,Tile:10,Bonus,Tile:9,Tile:10,Destroy,Tile:6,Tile:0,Tile:3,Tile:0,Tile:8,Malus,Destroy,Tile:12,Tile:4-Tile:6,Map,Tile:8,Tile:9,Map,Map,Tile:11-Tile:9,Tile:2,Tile:6,Tile:15,Tile:7,Tile:9,Map-Tile:hidden2,Tile:nugget,Tile:hidden1
Map 12 3 1
Tile:7 5 4 0
Map 12 5 1
Tile:9 5 6 0
Map 12 7 1
Tile:9 4 5 0
Tile:7 6 6 1
Tile:5 4 4 0
Tile:1 6 5 1
Tile:15 6 7 0
Tile:7 7 5 1
Drop 1 0 0
Tile:6 6 8 1
Tile:2 5 8 0
Tile:8 7 8 1
Destroy 6 6 0
Tile:9 7 7 1
Tile:7 6 6 0
Tile:11 7 6 1
Tile:6 8 7 0
Tile:5_flip 7 9 1
Tile:13 8 6 0
Tile:7 8 8 1
Tile:6 9 7 0
Tile:14 10 7 1
Map 12 7 0
Tile:9_flip 10 6 1
Tile:8 10 5 0
Tile:5_flip 11 5 1
Drop 6 0 0
Tile:8 10 4 1
Drop 2 0 0
Tile:8 9 6 1
Tile:10 8 9 0
Tile:0 6 9 1
Tile:9 8 5 0
Tile:3 10 3 1
Destroy 7 6 0
Tile:8 8 4 1
Tile:0 9 4 0
Tile:6_flip 8 3 1
Tile:0 4 8 0
Tile:10 8 10 1
Tile:12_flip 7 3 0
Tile:4_flip 8 11 1
Drop 3 0 0
Destroy 10 6 1
Drop 2 0 0
Map 12 7 1
Drop 1 0 0
Drop 0 0 1
Malus 0 0 0
Drop 0 0 1
Drop 0 0 0
Bonus 0 0 1
GAMEOVER DRAW
# Game ended: Mon Mar 30 17:14:35 EDT 2020
