# Server version 0.08 running on LAPTOP-QJHLSQ4D:8123
# Game ID: 274
# Board class: Saboteur.SaboteurBoard
# Timeout: 20000
# First Move Timeout: 30000
# Date: Thu Apr 09 16:46:26 EDT 2020
# Player 1: Player-0, 'RandomPlayer', running on LAPTOP-QJHLSQ4D
# Player 2: Player-1, '260779480', running on LAPTOP-QJHLSQ4D
START Player-0 RandomPlayer
START Player-1 260779480
BoardInit:Destroy,Destroy,Map,Tile:2,Tile:8,Tile:6,Tile:8,Tile:10,Tile:8,Map,Tile:9,Tile:1,Tile:7,Tile:14,Tile:9,Bonus,Destroy,Tile:10,Tile:0,Tile:7,Tile:7,Bonus,Tile:10,Tile:5,Tile:5,Tile:0,Map,Tile:9,Malus,Tile:5,Tile:4,Tile:9,Tile:8,Tile:6,Tile:13,Map,Tile:3,Tile:7,Tile:9,Tile:5,Tile:7-Map,Bonus,Tile:8,Map,Tile:6,Tile:15,Bonus-Tile:0,Malus,Tile:6,Tile:12,Tile:0,Tile:11,Tile:6-Tile:nugget,Tile:hidden2,Tile:hidden1
Map 12 3 1
Tile:6 5 6 0
Map 12 7 1
Tile:11_flip 6 6 0
Map 12 5 1
Tile:2 6 5 0
Tile:8 5 4 1
Tile:6_flip 4 4 0
Tile:6 6 4 1
Tile:6_flip 6 3 0
Tile:8 7 3 1
Drop 1 0 0
Tile:8 8 3 1
Tile:0 9 3 0
Tile:8 10 3 1
Tile:1 11 3 0
Tile:9 10 2 1
Tile:10 8 4 0
Tile:9 10 1 1
Tile:14_flip 10 0 0
Tile:0 11 1 1
Tile:12_flip 3 4 0
Drop 1 0 1
Destroy 5 4 0
Tile:7_flip 4 5 1
Tile:0 11 2 0
Tile:5 4 6 1
Tile:7_flip 5 3 0
Tile:10 4 7 1
Tile:10 8 2 0
Tile:7_flip 4 8 1
Drop 3 0 0
Drop 6 0 1
Tile:0 12 2 0
Tile:8 5 8 1
Tile:9_flip 8 5 0
Drop 6 0 1
Tile:5 5 7 0
Drop 6 0 1
Tile:9_flip 5 2 0
Tile:9_flip 6 7 1
Tile:5_flip 5 9 0
Drop 2 0 1
Tile:6_flip 7 5 0
Drop 2 0 1
Drop 3 0 0
Drop 4 0 1
Map 12 7 0
Malus 0 0 1
Drop 1 0 0
Map 12 7 1
Bonus 0 0 0
Drop 1 0 1
Tile:7 8 1 0
Drop 0 0 1
GAMEOVER DRAW
# Game ended: Thu Apr 09 16:46:36 EDT 2020
