# Server version 0.08 running on LAPTOP-QJHLSQ4D:8123
# Game ID: 192
# Board class: Saboteur.SaboteurBoard
# Timeout: 20000
# First Move Timeout: 30000
# Date: Sun Apr 05 17:35:31 EDT 2020
# Player 1: Player-0, '260760794', running on LAPTOP-QJHLSQ4D
# Player 2: Player-1, 'RandomPlayer', running on LAPTOP-QJHLSQ4D
START Player-0 260760794
START Player-1 RandomPlayer
BoardInit:Tile:6,Tile:10,Malus,Tile:7,Tile:7,Tile:10,Map,Tile:7,Tile:0,Tile:8,Map,Tile:7,Map,Bonus,Tile:5,Tile:1,Tile:8,Tile:7,Tile:8,Tile:0,Tile:9,Tile:8,Tile:9,Tile:6,Map,Tile:6,Tile:6,Tile:15,Tile:12,Bonus,Tile:0,Tile:9,Tile:2,Tile:0,Tile:5,Tile:4,Tile:5,Tile:9,Tile:11,Tile:9,Tile:5-Tile:14,Destroy,Destroy,Tile:6,Tile:13,Bonus,Destroy-Tile:3,Map,Malus,Tile:10,Bonus,Tile:8,Map-Tile:hidden2,Tile:hidden1,Tile:nugget
Tile:13 5 4 1
Map 12 3 0
Destroy 5 4 1
Map 12 5 0
Tile:6 6 5 1
Tile:7 7 5 0
Destroy 6 5 1
Tile:8 6 5 0
Drop 0 0 1
Tile:7_flip 7 6 0
Tile:6 4 5 1
Tile:8 8 6 0
Drop 0 0 1
Tile:7 9 6 0
Destroy 9 6 1
Tile:10 8 5 0
Tile:5 6 4 1
Tile:10 8 4 0
Tile:8 9 6 1
Tile:7 10 6 0
Map 12 5 1
Tile:3_flip 10 7 0
Drop 1 0 1
Tile:10 9 5 0
Map 12 7 1
Tile:6_flip 8 3 0
Map 12 3 1
Tile:6_flip 9 3 0
Map 12 3 1
Tile:0 10 3 0
Tile:9_flip 5 4 1
Tile:8 11 3 0
Tile:9_flip 9 7 1
Tile:15 11 4 0
Tile:6 7 3 1
Tile:9 11 5 0
Tile:8 5 6 1
Tile:4_flip 11 6 0
Tile:5_flip 9 8 1
Tile:9 12 4 0
Tile:2_flip 13 4 1
Tile:9 12 6 0
GAMEOVER WINNER 0
# Game ended: Sun Apr 05 17:35:41 EDT 2020
