# Server version 0.08 running on LAPTOP-QJHLSQ4D:8123
# Game ID: 149
# Board class: Saboteur.SaboteurBoard
# Timeout: 20000
# First Move Timeout: 30000
# Date: Sun Apr 05 15:55:40 EDT 2020
# Player 1: Player-0, '260760794', running on LAPTOP-QJHLSQ4D
# Player 2: Player-1, 'RandomPlayer', running on LAPTOP-QJHLSQ4D
START Player-0 260760794
START Player-1 RandomPlayer
BoardInit:Tile:7,Tile:5,Tile:15,Tile:9,Bonus,Tile:7,Tile:11,Map,Map,Tile:5,Tile:12,Tile:10,Tile:7,Tile:6,Tile:4,Bonus,Destroy,Tile:0,Tile:3,Tile:9,Tile:5,Malus,Tile:2,Tile:8,Tile:8,Map,Tile:9,Tile:9,Bonus,Tile:10,Map,Tile:6,Tile:0,Destroy,Tile:5,Tile:8,Tile:10,Tile:13,Tile:8,Tile:9,Tile:0-Tile:6,Tile:7,Map,Bonus,Tile:8,Tile:6,Tile:6-Malus,Tile:14,Tile:1,Tile:0,Destroy,Map,Tile:7-Tile:hidden2,Tile:hidden1,Tile:nugget
Tile:8 4 5 1
Malus 0 0 0
Drop 5 0 1
Map 12 3 0
Map 12 7 1
Tile:9_flip 6 5 0
Drop 5 0 1
Tile:7_flip 6 6 0
Drop 0 0 1
Map 12 5 0
Bonus 0 0 1
Tile:5_flip 7 6 0
Drop 4 0 1
Tile:10 7 5 0
Tile:7_flip 4 6 1
Tile:6_flip 7 4 0
Tile:6_flip 4 4 1
Tile:5_flip 8 4 0
Destroy 4 4 1
Tile:7 8 3 0
Tile:7 5 4 1
Tile:9 6 4 0
Tile:12_flip 7 3 1
Malus 0 0 0
Drop 5 0 1
Destroy 7 6 0
Map 12 5 1
Map 12 7 0
Drop 6 0 1
Tile:9_flip 7 6 0
Drop 4 0 1
Tile:10 7 7 0
Drop 3 0 1
Tile:6 7 8 0
Bonus 0 0 1
Tile:8 8 8 0
Tile:4 8 7 1
Tile:8 9 8 0
Tile:10 9 7 1
Tile:13 10 8 0
Tile:8 9 9 1
Tile:9_flip 10 9 0
Drop 0 0 1
Tile:0 11 8 0
Drop 4 0 1
Tile:14_flip 10 7 0
Map 12 3 1
Tile:0 6 8 0
Tile:5 9 6 1
Tile:1 10 6 0
Tile:0 11 7 1
Destroy 11 8 0
Tile:0 11 8 1
Drop 0 0 0
Drop 0 0 1
GAMEOVER DRAW
# Game ended: Sun Apr 05 15:55:49 EDT 2020
