# Server version 0.08 running on LAPTOP-QJHLSQ4D:8123
# Game ID: 354
# Board class: Saboteur.SaboteurBoard
# Timeout: 20000
# First Move Timeout: 30000
# Date: Thu Apr 09 18:38:43 EDT 2020
# Player 1: Player-0, '260779480', running on LAPTOP-QJHLSQ4D
# Player 2: Player-1, '260779480', running on LAPTOP-QJHLSQ4D
START Player-0 260779480
START Player-1 260779480
BoardInit:Tile:8,Tile:0,Bonus,Tile:8,Tile:7,Tile:0,Tile:13,Tile:7,Tile:8,Tile:0,Map,Map,Tile:9,Tile:4,Bonus,Tile:9,Destroy,Tile:7,Bonus,Tile:6,Tile:5,Tile:10,Tile:6,Destroy,Tile:6,Map,Tile:8,Bonus,Map,Tile:0,Tile:10,Tile:15,Tile:9,Tile:14,Destroy,Tile:9,Tile:7,Tile:3,Tile:10,Tile:2,Map-Tile:9,Malus,Tile:6,Tile:8,Tile:6,Tile:5,Tile:12-Tile:1,Tile:5,Tile:7,Tile:11,Tile:5,Map,Malus-Tile:hidden2,Tile:hidden1,Tile:nugget
Drop 6 0 1
Map 12 3 0
Tile:8 6 5 1
Tile:0 7 5 0
Tile:8 8 5 1
Malus 0 0 0
Bonus 0 0 1
Tile:8 9 5 0
Malus 0 0 1
Drop 3 0 0
Tile:8 10 5 1
Drop 0 0 0
Map 12 3 1
Map 12 7 0
Tile:6 11 5 1
Drop 6 0 0
Tile:9 12 4 1
Drop 0 0 0
Tile:9 12 6 1
GAMEOVER WINNER 1
# Game ended: Thu Apr 09 18:38:52 EDT 2020
