# Server version 0.08 running on LAPTOP-QJHLSQ4D:8123
# Game ID: 143
# Board class: Saboteur.SaboteurBoard
# Timeout: 20000
# First Move Timeout: 30000
# Date: Sun Apr 05 15:40:17 EDT 2020
# Player 1: Player-0, '260760794', running on LAPTOP-QJHLSQ4D
# Player 2: Player-1, 'RandomPlayer', running on LAPTOP-QJHLSQ4D
START Player-0 260760794
START Player-1 RandomPlayer
BoardInit:Tile:9,Tile:2,Bonus,Map,Destroy,Malus,Tile:14,Tile:11,Tile:9,Tile:5,Tile:5,Tile:8,Malus,Tile:5,Tile:9,Tile:7,Tile:6,Tile:7,Tile:0,Tile:6,Tile:0,Tile:8,Tile:5,Tile:15,Tile:8,Tile:7,Bonus,Map,Tile:10,Tile:9,Bonus,Destroy,Tile:8,Tile:0,Map,Destroy,Map,Tile:3,Bonus,Tile:6,Tile:7-Tile:9,Tile:4,Map,Tile:12,Tile:8,Tile:10,Tile:6-Tile:0,Tile:1,Tile:13,Tile:10,Tile:7,Tile:6,Map-Tile:nugget,Tile:hidden1,Tile:hidden2
Tile:6 5 6 1
Map 12 3 0
Map 12 7 1
Tile:13 5 4 0
Tile:8 5 3 1
Tile:2 6 6 0
Drop 6 0 1
Tile:6 6 7 0
Drop 0 0 1
Tile:0 5 7 0
Tile:14 6 3 1
Tile:11_flip 7 7 0
Tile:9 5 2 1
Drop 1 0 0
Tile:5 4 7 1
Tile:7_flip 4 8 0
Tile:9 4 4 1
Tile:1 6 4 0
Tile:10 5 1 1
Tile:7_flip 4 6 0
Tile:6_flip 5 8 1
Drop 1 0 0
Tile:12 6 5 1
Drop 6 0 0
Tile:4_flip 7 8 1
Tile:7_flip 5 9 0
Tile:8 4 3 1
Tile:7 5 0 0
Tile:9_flip 6 2 1
Tile:8 7 6 0
Tile:5_flip 7 4 1
Tile:5 4 0 0
Tile:10 7 3 1
Tile:6_flip 6 9 0
Tile:0 7 9 1
Tile:9_flip 8 6 0
Tile:8 4 5 1
Tile:15 6 10 0
Map 12 7 1
Tile:5 3 3 0
Drop 0 0 1
Destroy 6 9 0
Tile:0 3 5 1
Destroy 8 6 0
Map 12 7 1
Tile:6_flip 8 6 0
Tile:7 4 2 1
Map 12 3 0
Drop 2 0 1
Tile:3_flip 2 5 0
Drop 0 0 1
Drop 1 0 0
Drop 1 0 1
Map 12 5 0
Drop 0 0 1
GAMEOVER DRAW
# Game ended: Sun Apr 05 15:49:07 EDT 2020
