# Server version 0.08 running on LAPTOP-QJHLSQ4D:8123
# Game ID: 279
# Board class: Saboteur.SaboteurBoard
# Timeout: 20000
# First Move Timeout: 30000
# Date: Thu Apr 09 16:49:30 EDT 2020
# Player 1: Player-0, '260779480', running on LAPTOP-QJHLSQ4D
# Player 2: Player-1, 'RandomPlayer', running on LAPTOP-QJHLSQ4D
START Player-0 260779480
START Player-1 RandomPlayer
BoardInit:Tile:5,Tile:8,Tile:0,Tile:6,Tile:7,Bonus,Map,Map,Tile:11,Tile:13,Tile:12,Tile:6,Tile:1,Tile:3,Tile:8,Map,Tile:0,Tile:5,Tile:8,Tile:10,Tile:15,Tile:7,Map,Tile:2,Tile:10,Tile:6,Destroy,Malus,Tile:14,Map,Tile:8,Tile:8,Malus,Tile:6,Destroy,Destroy,Tile:9,Tile:7,Bonus,Tile:5,Bonus-Tile:0,Tile:10,Tile:9,Tile:7,Map,Tile:9,Tile:4-Tile:6,Bonus,Tile:9,Tile:7,Tile:5,Tile:9,Tile:0-Tile:hidden2,Tile:hidden1,Tile:nugget
Tile:9 4 5 1
Tile:6 6 5 0
Drop 5 0 1
Tile:8 7 5 0
Tile:7_flip 7 6 1
Tile:9_flip 8 5 0
Tile:10 7 4 1
Tile:9 8 4 0
Tile:7 4 4 1
Map 12 3 0
Tile:9 5 6 1
Tile:6 9 4 0
Tile:11_flip 8 6 1
Tile:6 10 4 0
Map 12 7 1
Tile:0 11 4 0
Tile:8 12 4 1
Map 12 7 0
Drop 3 0 1
Drop 4 0 0
Tile:5 12 2 1
Tile:10 12 6 0
GAMEOVER WINNER 0
# Game ended: Thu Apr 09 16:49:39 EDT 2020
