# Server version 0.08 running on LAPTOP-QJHLSQ4D:8123
# Game ID: 244
# Board class: Saboteur.SaboteurBoard
# Timeout: 20000
# First Move Timeout: 30000
# Date: Mon Apr 06 16:16:37 EDT 2020
# Player 1: Player-0, '260760794', running on LAPTOP-QJHLSQ4D
# Player 2: Player-1, 'RandomPlayer', running on LAPTOP-QJHLSQ4D
START Player-0 260760794
START Player-1 RandomPlayer
BoardInit:Malus,Tile:9,Destroy,Map,Tile:0,Tile:9,Tile:6,Tile:5,Map,Tile:1,Tile:8,Malus,Map,Destroy,Bonus,Tile:7,Tile:15,Tile:6,Tile:5,Tile:5,Tile:2,Tile:7,Bonus,Tile:6,Tile:8,Tile:9,Tile:7,Tile:6,Tile:0,Tile:13,Map,Tile:6,Map,Bonus,Tile:11,Tile:14,Tile:4,Tile:9,Tile:9,Tile:8,Tile:7-Tile:10,Bonus,Tile:3,Tile:0,Tile:12,Tile:10,Tile:7-Map,Tile:10,Tile:0,Tile:8,Tile:5,Destroy,Tile:8-Tile:hidden1,Tile:hidden2,Tile:nugget
Tile:10 5 6 1
Map 12 3 0
Drop 5 0 1
Tile:9_flip 6 5 0
Tile:12_flip 4 5 1
Map 12 5 0
Drop 5 0 1
Tile:9_flip 6 4 0
Tile:6_flip 6 3 1
Tile:5_flip 7 3 0
Drop 1 0 1
Tile:10 6 6 0
Drop 6 0 1
Tile:5_flip 6 7 0
Drop 3 0 1
Tile:8 7 2 0
Tile:10 7 1 1
Tile:7 8 2 0
Tile:15 8 3 1
Tile:6_flip 5 4 0
Drop 4 0 1
Tile:8 5 7 0
Tile:0 4 4 1
Tile:7_flip 6 2 0
Tile:5 7 0 1
Tile:6_flip 8 0 0
Tile:2_flip 9 0 1
Tile:0 5 3 0
Drop 3 0 1
Tile:6 5 8 0
Tile:8 10 0 1
Tile:9_flip 6 1 0
Tile:7_flip 3 4 1
Tile:6_flip 6 8 0
Tile:0 11 0 1
Tile:5_flip 7 8 0
Drop 6 0 1
Destroy 11 0 0
Tile:4_flip 8 4 1
Tile:9 7 7 0
Drop 2 0 1
Tile:8 8 7 0
Tile:7 6 0 1
Destroy 8 4 0
Map 12 7 1
Tile:14 9 7 0
Tile:0 5 0 1
Drop 0 0 0
Tile:9 4 7 1
Tile:13 4 8 0
Map 12 3 1
Malus 0 0 0
Map 12 7 1
Drop 0 0 0
Bonus 0 0 1
GAMEOVER DRAW
# Game ended: Mon Apr 06 16:16:46 EDT 2020
