# Server version 0.08 running on LAPTOP-QJHLSQ4D:8123
# Game ID: 226
# Board class: Saboteur.SaboteurBoard
# Timeout: 20000
# First Move Timeout: 30000
# Date: Mon Apr 06 15:29:45 EDT 2020
# Player 1: Player-0, 'RandomPlayer', running on LAPTOP-QJHLSQ4D
# Player 2: Player-1, '260760794', running on LAPTOP-QJHLSQ4D
START Player-0 RandomPlayer
START Player-1 260760794
BoardInit:Destroy,Tile:6,Tile:7,Tile:8,Bonus,Map,Tile:14,Tile:2,Tile:8,Tile:0,Map,Tile:10,Tile:5,Map,Tile:10,Tile:6,Destroy,Tile:13,Tile:6,Tile:1,Tile:9,Tile:5,Tile:3,Tile:5,Tile:8,Tile:15,Tile:7,Map,Tile:5,Tile:8,Tile:12,Bonus,Tile:9,Tile:6,Tile:7,Tile:9,Tile:7,Map,Tile:9,Bonus,Tile:0-Tile:7,Tile:10,Tile:8,Map,Destroy,Tile:9,Tile:0-Bonus,Tile:4,Malus,Tile:11,Tile:0,Malus,Tile:6-Tile:hidden2,Tile:hidden1,Tile:nugget
Map 12 3 1
Drop 2 0 0
Tile:9_flip 6 5 1
Tile:6_flip 5 4 0
Tile:7_flip 6 6 1
Tile:11 4 4 0
Tile:7 7 6 1
Tile:8 7 7 0
Tile:8 8 7 1
Tile:6_flip 6 7 0
Tile:8 9 7 1
Tile:4_flip 9 8 0
Map 12 5 1
Tile:2 5 7 0
Tile:5_flip 10 7 1
Tile:10 6 8 0
Tile:10 10 6 1
Tile:6 6 9 0
Tile:10 10 5 1
Tile:13 6 4 0
Tile:6_flip 10 4 1
Tile:0 11 4 0
Tile:9_flip 12 4 1
Drop 1 0 0
Destroy 12 4 1
Tile:1 13 3 0
Tile:8 12 4 1
Tile:5 8 6 0
Tile:7_flip 12 6 1
Tile:15 5 8 0
Tile:5_flip 13 5 1
Drop 3 0 0
Destroy 13 5 1
Tile:5_flip 5 6 0
Tile:9_flip 13 5 1
Tile:6_flip 9 4 0
Tile:7 13 4 1
Tile:9_flip 9 6 0
Tile:7_flip 11 3 1
Tile:8 13 6 0
Tile:9_flip 13 7 1
GAMEOVER WINNER 1
# Game ended: Mon Apr 06 15:29:54 EDT 2020
