# Server version 0.08 running on LAPTOP-QJHLSQ4D:8123
# Game ID: 320
# Board class: Saboteur.SaboteurBoard
# Timeout: 20000
# First Move Timeout: 30000
# Date: Thu Apr 09 17:35:38 EDT 2020
# Player 1: Player-0, '260779480', running on LAPTOP-QJHLSQ4D
# Player 2: Player-1, '260779480', running on LAPTOP-QJHLSQ4D
START Player-0 260779480
START Player-1 260779480
BoardInit:Tile:8,Bonus,Tile:10,Tile:5,Tile:9,Tile:9,Tile:0,Tile:7,Tile:10,Tile:0,Tile:0,Tile:6,Destroy,Tile:5,Tile:7,Tile:9,Tile:6,Tile:7,Tile:8,Map,Map,Destroy,Tile:1,Tile:2,Tile:6,Malus,Map,Tile:4,Tile:12,Tile:9,Bonus,Tile:8,Tile:0,Map,Tile:13,Map,Malus,Bonus,Tile:6,Tile:5,Tile:14-Tile:11,Tile:8,Tile:10,Tile:7,Bonus,Tile:15,Tile:5-Tile:3,Tile:6,Destroy,Map,Tile:7,Tile:8,Tile:9-Tile:nugget,Tile:hidden1,Tile:hidden2
Drop 0 0 1
Map 12 3 0
Tile:8 6 5 1
Tile:8 7 5 0
Tile:8 8 5 1
Tile:6 9 5 0
Tile:9_flip 10 5 1
Tile:9 10 4 0
Tile:0 11 4 1
Tile:9_flip 12 4 0
GAMEOVER WINNER 0
# Game ended: Thu Apr 09 17:35:48 EDT 2020
