# Server version 0.08 running on LAPTOP-QJHLSQ4D:8123
# Game ID: 83
# Board class: Saboteur.SaboteurBoard
# Timeout: 20000
# First Move Timeout: 30000
# Date: Mon Mar 30 17:01:33 EDT 2020
# Player 1: Player-0, '260760794', running on LAPTOP-QJHLSQ4D
# Player 2: Player-1, 'RandomPlayer', running on LAPTOP-QJHLSQ4D
START Player-0 260760794
START Player-1 RandomPlayer
BoardInit:Bonus,Tile:7,Tile:0,Tile:15,Tile:8,Bonus,Tile:9,Tile:6,Tile:9,Bonus,Tile:8,Tile:12,Map,Tile:10,Tile:7,Map,Tile:10,Tile:9,Tile:7,Tile:11,Bonus,Tile:13,Tile:5,Tile:7,Tile:6,Tile:0,Tile:6,Tile:9,Map,Tile:8,Tile:4,Tile:7,Destroy,Destroy,Tile:10,Tile:5,Tile:6,Tile:6,Tile:8,Tile:9,Tile:5-Malus,Tile:14,Tile:3,Tile:0,Tile:8,Map,Tile:5-Destroy,Tile:1,Tile:2,Tile:0,Malus,Map,Map-Tile:hidden2,Tile:hidden1,Tile:nugget
Tile:14 5 6 1
Malus 0 0 0
Drop 1 0 1
Map 12 3 0
Drop 6 0 1
Map 12 5 0
Map 12 3 1
Tile:7 6 5 0
Drop 0 0 1
Tile:15 6 6 0
Bonus 0 0 1
Tile:6 6 7 0
Drop 4 0 1
Tile:12 7 7 0
Drop 1 0 1
Destroy 6 7 0
Tile:8 6 7 1
Map 12 7 0
Map 12 7 1
Tile:9_flip 6 8 0
Tile:0 5 7 1
Tile:11_flip 6 9 0
Tile:9 4 5 1
Tile:2_flip 6 10 0
Drop 2 0 1
Tile:1 7 10 0
Tile:6_flip 5 10 1
Tile:0 8 10 0
Drop 4 0 1
Tile:13 9 10 0
Tile:5 4 7 1
Tile:8 9 9 0
Tile:4_flip 4 8 1
Tile:7 10 9 0
Destroy 7 10 1
Tile:7 9 8 0
Tile:6_flip 7 10 1
Tile:10 7 11 0
Tile:7_flip 4 6 1
Tile:6 8 9 0
Tile:6 5 9 1
Tile:9 7 12 0
Tile:5 4 9 1
Tile:0 8 12 0
Tile:10 5 11 1
Tile:9 8 8 0
Tile:10 4 4 1
Tile:5 8 7 0
Tile:8 10 10 1
Destroy 10 9 0
Tile:5 5 4 1
Drop 0 0 0
Tile:8 9 11 1
Drop 0 0 0
Map 12 5 1
GAMEOVER DRAW
# Game ended: Mon Mar 30 17:01:33 EDT 2020
