# Server version 0.08 running on LAPTOP-QJHLSQ4D:8123
# Game ID: 30
# Board class: Saboteur.SaboteurBoard
# Timeout: 20000
# First Move Timeout: 30000
# Date: Wed Mar 25 23:09:45 EDT 2020
# Player 1: Player-0, '260760794', running on LAPTOP-QJHLSQ4D
# Player 2: Player-1, 'Human', running on LAPTOP-QJHLSQ4D
START Player-0 260760794
START Player-1 Human
BoardInit:Tile:7,Tile:9,Tile:4,Tile:9,Tile:10,Malus,Tile:7,Tile:10,Bonus,Tile:6,Tile:8,Tile:5,Tile:3,Map,Tile:1,Bonus,Tile:9,Map,Map,Tile:7,Tile:0,Tile:5,Tile:9,Destroy,Destroy,Tile:6,Tile:0,Tile:6,Tile:8,Tile:6,Tile:12,Tile:9,Tile:5,Tile:0,Bonus,Tile:11,Bonus,Tile:2,Malus,Tile:6,Map-Tile:7,Tile:13,Map,Tile:5,Tile:8,Destroy,Tile:8-Tile:10,Tile:15,Tile:14,Tile:7,Tile:8,Map,Tile:0-Tile:hidden1,Tile:hidden2,Tile:nugget
Tile:8 6 5 1
Map 12 3 0
Tile:8 7 5 1
Tile:10 5 6 0
Tile:7 8 5 1
Tile:15 7 4 0
Tile:10 8 6 1
Tile:14_flip 7 3 0
Tile:7_flip 8 7 1
Tile:7 9 7 0
Tile:5_flip 9 8 1
Tile:8 8 3 0
Destroy 7 4 1
Tile:9 8 2 0
Tile:8 7 4 1
Map 12 3 0
Map 12 5 1
Tile:9 8 1 0
Drop 0 0 1
Map 12 3 0
Map 12 7 1
Tile:10 8 0 0
Drop 0 0 1
Tile:0 9 2 0
Drop 2 0 1
Tile:6 5 7 0
Destroy 7 3 1
Tile:5 7 3 0
Tile:7 10 2 1
Tile:7 6 7 0
Tile:9 10 3 1
Tile:5_flip 10 4 0
Tile:8 11 3 1
Tile:9 11 4 0
Tile:9_flip 12 4 1
Tile:6 11 5 0
Drop 6 0 1
Tile:6 9 4 0
Drop 3 0 1
Tile:6_flip 10 5 0
Drop 5 0 1
Tile:11 10 6 0
Drop 6 0 1
Tile:0 11 6 0
Drop 5 0 1
Tile:2_flip 12 6 0
Tile:5 8 8 1
Tile:6 8 4 0
Drop 3 0 1
Destroy 10 4 0
Drop 1 0 1
Malus 0 0 0
Bonus 0 0 1
Drop 0 0 0
Tile:0 4 7 1
GAMEOVER DRAW
# Game ended: Wed Mar 25 23:13:48 EDT 2020
