# Server version 0.08 running on LAPTOP-QJHLSQ4D:8123
# Game ID: 204
# Board class: Saboteur.SaboteurBoard
# Timeout: 20000
# First Move Timeout: 30000
# Date: Sun Apr 05 17:51:39 EDT 2020
# Player 1: Player-0, 'RandomPlayer', running on LAPTOP-QJHLSQ4D
# Player 2: Player-1, '260760794', running on LAPTOP-QJHLSQ4D
START Player-0 RandomPlayer
START Player-1 260760794
BoardInit:Tile:8,Tile:6,Map,Tile:0,Tile:8,Tile:0,Tile:5,Tile:10,Tile:0,Tile:10,Malus,Tile:13,Map,Tile:9,Tile:8,Map,Tile:6,Tile:15,Tile:9,Tile:11,Tile:3,Tile:8,Tile:7,Tile:10,Tile:4,Destroy,Tile:0,Map,Tile:6,Tile:6,Map,Bonus,Tile:7,Tile:9,Destroy,Tile:12,Tile:6,Map,Tile:14,Destroy,Tile:9-Tile:7,Malus,Tile:5,Bonus,Tile:2,Bonus,Tile:7-Tile:5,Tile:8,Tile:9,Tile:7,Bonus,Tile:5,Tile:1-Tile:nugget,Tile:hidden1,Tile:hidden2
Malus 0 0 1
Drop 3 0 0
Tile:8 6 5 1
Drop 1 0 0
Map 12 3 1
Drop 4 0 0
Tile:8 7 5 1
Drop 3 0 0
Tile:5_flip 8 5 1
Drop 5 0 0
Tile:5 8 4 1
Bonus 0 0 0
Tile:7 9 4 1
Tile:9_flip 6 6 0
Tile:7_flip 9 5 1
Tile:9 7 6 0
Tile:0 10 5 1
Tile:10 5 4 0
Tile:6_flip 11 5 1
Tile:5 6 4 0
Tile:2_flip 11 6 1
Tile:10 12 4 0
GAMEOVER WINNER 0
# Game ended: Sun Apr 05 17:51:49 EDT 2020
