# Server version 0.08 running on LAPTOP-QJHLSQ4D:8123
# Game ID: 298
# Board class: Saboteur.SaboteurBoard
# Timeout: 20000
# First Move Timeout: 30000
# Date: Thu Apr 09 17:03:23 EDT 2020
# Player 1: Player-0, 'RandomPlayer', running on LAPTOP-QJHLSQ4D
# Player 2: Player-1, '260779480', running on LAPTOP-QJHLSQ4D
START Player-0 RandomPlayer
START Player-1 260779480
BoardInit:Map,Tile:5,Map,Tile:7,Destroy,Destroy,Tile:8,Tile:14,Tile:5,Tile:1,Tile:4,Malus,Tile:8,Tile:12,Tile:8,Tile:15,Map,Tile:0,Tile:6,Tile:9,Tile:11,Map,Tile:5,Tile:6,Tile:10,Tile:9,Map,Tile:2,Tile:3,Tile:0,Tile:6,Tile:7,Tile:10,Tile:6,Tile:13,Bonus,Tile:9,Tile:10,Tile:5,Tile:7,Tile:0-Tile:7,Malus,Tile:9,Bonus,Tile:8,Tile:8,Map-Tile:0,Tile:7,Destroy,Tile:9,Bonus,Tile:6,Bonus-Tile:nugget,Tile:hidden2,Tile:hidden1
Map 12 3 1
Drop 2 0 0
Map 12 7 1
Tile:0 4 5 0
Map 12 5 1
Drop 4 0 0
Tile:8 6 5 1
Tile:6 3 5 0
Tile:8 7 5 1
Tile:5 7 4 0
Tile:8 8 4 1
Drop 4 0 0
Malus 0 0 1
Drop 3 0 0
Tile:8 9 4 1
Drop 2 0 0
Tile:8 10 4 1
Drop 1 0 0
Drop 5 0 1
Drop 3 0 0
Tile:6 11 4 1
Drop 2 0 0
Tile:9_flip 12 4 1
GAMEOVER WINNER 1
# Game ended: Thu Apr 09 17:03:32 EDT 2020
