# Server version 0.08 running on LAPTOP-QJHLSQ4D:8123
# Game ID: 157
# Board class: Saboteur.SaboteurBoard
# Timeout: 20000
# First Move Timeout: 30000
# Date: Sun Apr 05 16:16:26 EDT 2020
# Player 1: Player-0, '260760794', running on LAPTOP-QJHLSQ4D
# Player 2: Player-1, 'RandomPlayer', running on LAPTOP-QJHLSQ4D
START Player-0 260760794
START Player-1 RandomPlayer
BoardInit:Tile:9,Destroy,Tile:9,Tile:7,Tile:6,Destroy,Tile:5,Tile:12,Tile:11,Map,Tile:10,Tile:9,Tile:10,Tile:5,Tile:4,Tile:7,Bonus,Bonus,Tile:0,Tile:14,Tile:0,Tile:0,Map,Malus,Map,Malus,Map,Tile:8,Tile:3,Tile:7,Tile:7,Tile:10,Tile:1,Map,Destroy,Map,Tile:8,Tile:6,Tile:8,Tile:6,Tile:7-Tile:5,Bonus,Tile:8,Tile:0,Tile:15,Bonus,Tile:6-Tile:13,Tile:2,Tile:6,Tile:5,Tile:8,Tile:9,Tile:9-Tile:hidden1,Tile:hidden2,Tile:nugget
Drop 2 0 1
Tile:9_flip 6 5 0
Tile:6 5 6 1
Tile:9_flip 6 6 0
Tile:5 4 6 1
Tile:7_flip 6 7 0
Drop 2 0 1
Tile:8 7 7 0
Tile:9_flip 5 4 1
Tile:5_flip 8 7 0
Tile:11_flip 8 6 1
Map 12 3 0
Tile:9 6 4 1
Tile:9_flip 7 8 0
Tile:6_flip 6 8 1
Tile:5_flip 7 9 0
Tile:4_flip 4 7 1
Tile:7_flip 6 9 0
Tile:5_flip 7 4 1
Tile:6_flip 7 3 0
Tile:0 4 5 1
Tile:12_flip 4 4 0
Drop 0 0 1
Tile:2_flip 8 3 0
Tile:0 3 5 1
Destroy 7 8 0
Tile:10 8 5 1
Destroy 7 4 0
Drop 5 0 1
Tile:8 7 8 0
Drop 0 0 1
Tile:7 8 8 0
Tile:3_flip 8 9 1
Tile:14_flip 7 6 0
Drop 2 0 1
Map 12 5 0
Tile:1 5 8 1
Map 12 7 0
Destroy 6 8 1
Tile:6_flip 6 8 0
Tile:8 7 4 1
Tile:6_flip 8 4 0
Map 12 7 1
Tile:13 6 3 0
Drop 2 0 1
Tile:0 4 8 0
Tile:7 9 9 1
Tile:10 6 2 0
Tile:7 8 2 1
Malus 0 0 0
Drop 0 0 1
Malus 0 0 0
Bonus 0 0 1
Drop 0 0 0
Drop 0 0 1
GAMEOVER DRAW
# Game ended: Sun Apr 05 16:16:36 EDT 2020
