# Server version 0.08 running on LAPTOP-QJHLSQ4D:8123
# Game ID: 100
# Board class: Saboteur.SaboteurBoard
# Timeout: 20000
# First Move Timeout: 30000
# Date: Mon Mar 30 17:06:35 EDT 2020
# Player 1: Player-0, 'RandomPlayer', running on LAPTOP-QJHLSQ4D
# Player 2: Player-1, '260760794', running on LAPTOP-QJHLSQ4D
START Player-0 RandomPlayer
START Player-1 260760794
BoardInit:Map,Tile:9,Tile:0,Tile:0,Map,Tile:2,Tile:7,Malus,Destroy,Tile:9,Tile:9,Map,Map,Map,Tile:7,Tile:6,Tile:5,Tile:8,Tile:5,Tile:12,Tile:8,Bonus,Tile:6,Tile:6,Tile:7,Tile:10,Tile:0,Tile:7,Malus,Destroy,Tile:8,Bonus,Bonus,Tile:0,Tile:13,Tile:10,Bonus,Tile:15,Tile:8,Tile:10,Map-Tile:5,Tile:1,Tile:7,Tile:4,Tile:6,Tile:11,Tile:6-Tile:5,Tile:9,Tile:8,Tile:9,Tile:14,Tile:3,Destroy-Tile:nugget,Tile:hidden1,Tile:hidden2
Tile:6_flip 6 5 1
Tile:9 6 6 0
Map 12 3 1
Tile:9_flip 6 7 0
Tile:0 7 5 1
Tile:5 5 7 0
Map 12 5 1
Tile:14_flip 5 4 0
Tile:6 6 4 1
Tile:3 7 6 0
Tile:7 8 5 1
Tile:9_flip 6 8 0
Tile:9_flip 6 3 1
Tile:0 4 5 0
Map 12 7 1
Destroy 6 3 0
Tile:7 6 3 1
Tile:9 6 9 0
Tile:5_flip 7 4 1
Tile:2_flip 5 3 0
Tile:1 7 9 1
Tile:6 5 8 0
Tile:5 7 3 1
Tile:8 5 2 0
Tile:4_flip 7 7 1
Drop 2 0 0
Tile:11 6 10 1
Tile:6 3 5 0
Tile:7 7 10 1
Drop 6 0 0
Malus 0 0 1
Malus 0 0 0
Destroy 6 5 1
Bonus 0 0 0
Drop 0 0 1
Tile:8 7 11 0
Drop 4 0 1
Drop 3 0 0
Bonus 0 0 1
Tile:12_flip 4 3 0
Tile:8 6 11 1
Drop 2 0 0
Tile:8 8 3 1
Tile:0 8 11 0
Tile:13 9 3 1
Drop 3 0 0
Tile:0 10 3 1
Map 12 7 0
Tile:7 11 3 1
Tile:10 5 1 0
Tile:6 9 4 1
Tile:10 6 12 0
Map 12 3 1
Tile:10 6 13 0
Drop 0 0 1
GAMEOVER DRAW
# Game ended: Mon Mar 30 17:06:35 EDT 2020
