# Server version 0.08 running on LAPTOP-QJHLSQ4D:8123
# Game ID: 130
# Board class: Saboteur.SaboteurBoard
# Timeout: 20000
# First Move Timeout: 30000
# Date: Mon Mar 30 17:14:52 EDT 2020
# Player 1: Player-0, '260760794', running on LAPTOP-QJHLSQ4D
# Player 2: Player-1, 'RandomPlayer', running on LAPTOP-QJHLSQ4D
START Player-0 260760794
START Player-1 RandomPlayer
BoardInit:Tile:7,Tile:6,Tile:14,Tile:6,Tile:8,Bonus,Tile:9,Tile:0,Map,Tile:1,Tile:4,Tile:7,Tile:0,Tile:3,Tile:9,Tile:8,Tile:7,Tile:2,Tile:8,Tile:15,Destroy,Tile:12,Map,Map,Map,Tile:9,Tile:9,Tile:13,Tile:10,Map,Destroy,Destroy,Malus,Bonus,Map,Bonus,Tile:6,Tile:7,Tile:5,Tile:9,Tile:10-Tile:7,Tile:6,Tile:0,Tile:8,Malus,Tile:6,Tile:5-Tile:11,Tile:8,Tile:0,Tile:5,Tile:5,Bonus,Tile:10-Tile:hidden1,Tile:hidden2,Tile:nugget
Tile:6_flip 4 5 1
Tile:5_flip 6 5 0
Tile:6_flip 3 5 1
Tile:6_flip 6 4 0
Drop 1 0 1
Tile:6_flip 7 4 0
Tile:5_flip 8 4 1
Tile:10 8 3 0
Tile:9 7 5 1
Tile:0 8 5 0
Drop 3 0 1
Tile:1 9 5 0
Tile:8 2 5 1
Tile:0 10 5 0
Tile:7 11 5 1
Tile:3_flip 11 6 0
Tile:9_flip 12 6 1
Tile:8 7 6 0
Tile:0 6 6 1
Tile:11 7 7 0
Tile:8 5 4 1
Tile:2 8 6 0
Tile:14_flip 8 2 1
Tile:5_flip 7 8 0
Destroy 7 4 1
Map 12 3 0
Tile:7_flip 6 8 1
Tile:7 6 7 0
Drop 2 0 1
Tile:12 9 6 0
Tile:10 2 4 1
Map 12 5 0
Map 12 3 1
Tile:13 7 4 0
Tile:9 5 3 1
Tile:8 8 7 0
Malus 0 0 1
Destroy 8 3 0
Map 12 3 1
Bonus 0 0 0
Map 12 5 1
Tile:9_flip 8 3 0
Tile:10 2 3 1
Tile:15 8 8 0
Destroy 12 6 1
Tile:9_flip 12 6 0
Tile:6_flip 1 5 1
Tile:7 9 2 0
Map 12 3 1
Drop 2 0 0
Tile:8 8 9 1
Drop 0 0 0
Tile:5_flip 6 3 1
Drop 0 0 0
Malus 0 0 1
GAMEOVER DRAW
# Game ended: Mon Mar 30 17:14:52 EDT 2020
