# Server version 0.08 running on LAPTOP-QJHLSQ4D:8123
# Game ID: 20
# Board class: Saboteur.SaboteurBoard
# Timeout: 20000
# First Move Timeout: 30000
# Date: Wed Mar 25 21:28:53 EDT 2020
# Player 1: Player-0, 'Human', running on LAPTOP-QJHLSQ4D
# Player 2: Player-1, '260760794', running on LAPTOP-QJHLSQ4D
START Player-0 Human
START Player-1 260760794
BoardInit:Tile:7,Tile:9,Map,Destroy,Tile:0,Tile:13,Tile:10,Tile:15,Tile:10,Tile:8,Map,Tile:9,Tile:7,Tile:2,Tile:9,Bonus,Tile:0,Tile:11,Tile:8,Tile:0,Tile:8,Map,Tile:5,Tile:0,Tile:3,Tile:8,Malus,Destroy,Tile:7,Map,Tile:7,Map,Tile:5,Tile:6,Tile:5,Tile:12,Tile:9,Bonus,Tile:1,Tile:7,Tile:9-Bonus,Bonus,Tile:8,Destroy,Tile:6,Tile:6,Tile:6-Malus,Tile:10,Tile:14,Tile:4,Map,Tile:6,Tile:5-Tile:nugget,Tile:hidden2,Tile:hidden1
Tile:8 5 6 1
Tile:6 6 6 0
Tile:6 4 6 1
Tile:4 5 4 0
Map 12 7 1
Map 12 5 0
Tile:7_flip 3 6 1
Tile:9 3 5 0
Tile:6_flip 6 5 1
Tile:5_flip 7 5 0
Drop 2 0 1
Tile:8 7 4 0
Tile:10 7 3 1
Tile:9 7 2 0
Drop 2 0 1
Drop 5 0 0
Tile:7 7 1 1
Drop 5 0 0
Tile:9_flip 8 2 1
Drop 6 0 0
Tile:0 8 4 1
Tile:0 9 4 0
Tile:8 6 1 1
Map 12 3 0
Tile:5_flip 6 2 1
Tile:0 10 4 0
Tile:0 11 4 1
Tile:8 12 4 0
GAMEOVER WINNER 0
# Game ended: Wed Mar 25 21:30:10 EDT 2020
