# Server version 0.08 running on LAPTOP-QJHLSQ4D:8123
# Game ID: 364
# Board class: Saboteur.SaboteurBoard
# Timeout: 20000
# First Move Timeout: 30000
# Date: Thu Apr 09 22:10:43 EDT 2020
# Player 1: Player-0, '260760794', running on LAPTOP-QJHLSQ4D
# Player 2: Player-1, 'RandomPlayer', running on LAPTOP-QJHLSQ4D
START Player-0 260760794
START Player-1 RandomPlayer
BoardInit:Tile:12,Tile:7,Tile:8,Tile:6,Tile:5,Tile:2,Map,Map,Tile:8,Tile:13,Tile:8,Tile:10,Map,Tile:7,Map,Tile:6,Tile:7,Bonus,Tile:9,Tile:10,Tile:4,Destroy,Tile:0,Bonus,Tile:0,Tile:0,Destroy,Malus,Destroy,Tile:9,Tile:8,Tile:14,Tile:0,Malus,Tile:9,Tile:9,Tile:10,Tile:1,Bonus,Map,Tile:6-Tile:6,Tile:11,Bonus,Tile:3,Map,Tile:9,Tile:5-Tile:7,Tile:5,Tile:7,Tile:6,Tile:8,Tile:5,Tile:15-Tile:hidden2,Tile:hidden1,Tile:nugget
Map 12 3 1
Tile:8 6 5 0
Tile:11_flip 6 4 1
Tile:6 7 5 0
Tile:6 6 6 1
Tile:6 8 5 0
Tile:3_flip 4 5 1
Tile:7 9 5 0
Tile:8 9 6 1
Map 12 3 0
Drop 5 0 1
Tile:5_flip 10 6 0
Tile:9 4 4 1
Tile:10 10 5 0
Tile:5_flip 9 7 1
Tile:7 10 4 0
Map 12 5 1
Tile:6 9 4 0
Tile:8 8 7 1
Tile:5 9 3 0
Tile:9 6 3 1
Drop 3 0 0
Tile:5 8 4 1
Drop 2 0 0
Tile:8 7 7 1
Tile:10 8 8 0
Tile:0 10 3 1
Tile:0 11 3 0
Destroy 7 5 1
Tile:7 7 6 0
Tile:12 7 3 1
Malus 0 0 0
Destroy 8 7 1
Tile:9_flip 7 8 0
Drop 3 0 1
Tile:7_flip 7 9 0
Drop 2 0 1
Tile:9_flip 8 9 0
Map 12 5 1
Drop 0 0 0
Drop 4 0 1
Map 12 5 0
Bonus 0 0 1
Drop 3 0 0
Tile:8 5 6 1
Drop 4 0 0
Tile:6_flip 5 4 1
Drop 1 0 0
Tile:0 4 6 1
Drop 1 0 0
Tile:0 3 6 1
Malus 0 0 0
Bonus 0 0 1
Drop 0 0 0
Tile:10 6 2 1
GAMEOVER DRAW
# Game ended: Thu Apr 09 22:10:52 EDT 2020
