# Server version 0.08 running on LAPTOP-QJHLSQ4D:8123
# Game ID: 360
# Board class: Saboteur.SaboteurBoard
# Timeout: 20000
# First Move Timeout: 30000
# Date: Thu Apr 09 19:51:54 EDT 2020
# Player 1: Player-0, 'RandomPlayer', running on LAPTOP-QJHLSQ4D
# Player 2: Player-1, '260760794', running on LAPTOP-QJHLSQ4D
START Player-0 RandomPlayer
START Player-1 260760794
BoardInit:Destroy,Destroy,Bonus,Map,Tile:2,Tile:5,Tile:10,Tile:0,Tile:9,Malus,Tile:5,Tile:8,Tile:15,Tile:12,Tile:3,Tile:7,Tile:0,Tile:1,Map,Tile:0,Tile:9,Tile:14,Bonus,Tile:8,Tile:10,Bonus,Tile:8,Map,Tile:8,Tile:5,Tile:13,Map,Malus,Tile:0,Map,Tile:6,Tile:10,Map,Tile:6,Destroy,Tile:7-Tile:6,Tile:9,Tile:7,Tile:7,Tile:6,Tile:4,Tile:11-Tile:9,Bonus,Tile:8,Tile:5,Tile:6,Tile:7,Tile:9-Tile:hidden1,Tile:hidden2,Tile:nugget
Drop 6 0 1
Tile:8 4 5 0
Tile:6 6 5 1
Drop 1 0 0
Tile:9_flip 7 5 1
Tile:5 7 4 0
Tile:6 8 4 1
Tile:9_flip 5 6 0
Tile:7 9 4 1
Tile:9 9 5 0
Tile:9_flip 10 5 1
Destroy 5 6 0
Tile:10 10 4 1
Tile:5_flip 5 6 0
Tile:7 10 3 1
Tile:7 5 4 0
Tile:5_flip 10 6 1
Tile:6 9 6 0
Tile:0 9 3 1
Tile:8 4 4 0
Map 12 3 1
Tile:7_flip 4 6 0
Tile:9 8 3 1
Tile:0 8 6 0
Drop 3 0 1
Tile:14_flip 3 4 0
Tile:10 8 2 1
Tile:8 4 3 0
Tile:8 8 1 1
Drop 3 0 0
Tile:8 9 1 1
Map 12 7 0
Drop 6 0 1
Map 12 5 0
Malus 0 0 1
Malus 0 0 0
Bonus 0 0 1
Map 12 7 0
Map 12 7 1
Map 12 5 0
Tile:6 10 1 1
Destroy 5 4 0
Drop 2 0 1
Bonus 0 0 0
Drop 2 0 1
Tile:5 9 0 0
Drop 0 0 1
Tile:6 7 6 0
Drop 0 0 1
Tile:12_flip 3 3 0
Drop 2 0 1
Tile:0 5 3 0
Tile:10 8 0 1
Tile:0 11 1 0
Drop 0 0 1
GAMEOVER DRAW
# Game ended: Thu Apr 09 19:52:04 EDT 2020
