# Server version 0.08 running on LAPTOP-QJHLSQ4D:8123
# Game ID: 42
# Board class: Saboteur.SaboteurBoard
# Timeout: 20000
# First Move Timeout: 30000
# Date: Fri Mar 27 15:07:11 EDT 2020
# Player 1: Player-0, '260760794', running on LAPTOP-QJHLSQ4D
# Player 2: Player-1, 'Human', running on LAPTOP-QJHLSQ4D
START Player-0 260760794
START Player-1 Human
BoardInit:Tile:5,Tile:5,Tile:7,Tile:7,Tile:0,Tile:6,Tile:6,Tile:10,Tile:5,Tile:0,Map,Tile:12,Destroy,Tile:2,Tile:11,Tile:9,Tile:8,Tile:9,Tile:0,Tile:7,Map,Tile:8,Bonus,Malus,Tile:9,Tile:6,Tile:10,Tile:3,Map,Tile:10,Tile:6,Map,Tile:0,Tile:14,Destroy,Map,Tile:8,Tile:7,Tile:9,Tile:8,Tile:13-Tile:15,Map,Destroy,Tile:4,Tile:9,Tile:8,Malus-Bonus,Tile:5,Tile:7,Tile:6,Tile:1,Bonus,Bonus-Tile:nugget,Tile:hidden2,Tile:hidden1
Map 12 3 1
Tile:5_flip 6 5 0
Tile:8 6 4 1
Tile:7 6 3 0
Tile:7 7 4 1
Tile:7_flip 7 5 0
Tile:0 8 5 1
Tile:6 9 5 0
Tile:9 9 4 1
Tile:1 10 5 0
Tile:5 9 3 1
Tile:5_flip 11 5 0
Tile:6 10 3 1
Tile:6_flip 11 4 0
Map 12 5 1
Tile:0 12 4 0
Destroy 12 4 1
Tile:12 12 4 0
Destroy 11 4 1
Tile:2 11 4 0
Tile:0 11 3 1
GAMEOVER WINNER 1
# Game ended: Fri Mar 27 15:08:09 EDT 2020
