# Server version 0.08 running on LAPTOP-QJHLSQ4D:8123
# Game ID: 239
# Board class: Saboteur.SaboteurBoard
# Timeout: 20000
# First Move Timeout: 30000
# Date: Mon Apr 06 15:56:34 EDT 2020
# Player 1: Player-0, '260760794', running on LAPTOP-QJHLSQ4D
# Player 2: Player-1, 'RandomPlayer', running on LAPTOP-QJHLSQ4D
START Player-0 260760794
START Player-1 RandomPlayer
BoardInit:Map,Tile:7,Tile:9,Tile:12,Tile:11,Tile:6,Tile:2,Destroy,Tile:0,Tile:7,Tile:9,Tile:6,Tile:9,Bonus,Tile:0,Tile:0,Tile:7,Tile:6,Map,Bonus,Tile:3,Tile:5,Tile:6,Tile:8,Tile:8,Bonus,Destroy,Tile:8,Tile:14,Tile:8,Tile:9,Tile:15,Tile:5,Bonus,Map,Tile:7,Tile:0,Tile:5,Tile:5,Malus,Tile:10-Tile:10,Tile:13,Destroy,Malus,Map,Tile:1,Tile:6-Tile:4,Map,Tile:8,Tile:9,Tile:10,Tile:7,Map-Tile:hidden1,Tile:hidden2,Tile:nugget
Drop 2 0 1
Map 12 3 0
Drop 1 0 1
Map 12 5 0
Map 12 7 1
Tile:7 6 5 0
Drop 2 0 1
Tile:6 6 6 0
Tile:11 5 6 1
Tile:7 7 6 0
Malus 0 0 1
Destroy 7 6 0
Tile:9 5 7 1
Drop 6 0 0
Tile:0 7 6 1
Drop 6 0 0
Tile:6 8 6 1
Drop 6 0 0
Tile:2 8 5 1
Drop 6 0 0
Tile:9_flip 9 5 1
Drop 6 0 0
Tile:3_flip 4 5 1
Drop 6 0 0
Drop 2 0 1
Drop 6 0 0
Tile:6_flip 9 4 1
Drop 6 0 0
Tile:0 6 7 1
Drop 6 0 0
Tile:10 4 4 1
Drop 6 0 0
Tile:9_flip 9 6 1
Drop 6 0 0
Drop 5 0 1
Drop 6 0 0
Map 12 5 1
Drop 6 0 0
Tile:5 4 3 1
Drop 6 0 0
Tile:8 5 8 1
Drop 6 0 0
Tile:7_flip 7 5 1
Drop 4 0 0
Destroy 9 6 1
Drop 3 0 0
Tile:10 5 4 1
Drop 2 0 0
Tile:0 6 8 1
Drop 0 0 0
Tile:5 7 4 1
Drop 0 0 0
Map 12 7 1
Drop 0 0 0
Map 12 5 1
GAMEOVER DRAW
# Game ended: Mon Apr 06 15:56:44 EDT 2020
