# Server version 0.08 running on LAPTOP-QJHLSQ4D:8123
# Game ID: 75
# Board class: Saboteur.SaboteurBoard
# Timeout: 20000
# First Move Timeout: 30000
# Date: Mon Mar 30 17:00:42 EDT 2020
# Player 1: Player-0, 'RandomPlayer', running on LAPTOP-QJHLSQ4D
# Player 2: Player-1, '260760794', running on LAPTOP-QJHLSQ4D
START Player-0 RandomPlayer
START Player-1 260760794
BoardInit:Tile:0,Tile:6,Tile:7,Map,Malus,Tile:14,Tile:7,Tile:8,Tile:9,Bonus,Tile:0,Tile:9,Destroy,Map,Bonus,Tile:5,Tile:10,Tile:6,Tile:6,Tile:13,Tile:12,Tile:10,Tile:8,Tile:5,Map,Tile:8,Malus,Map,Tile:7,Tile:8,Destroy,Tile:7,Tile:6,Tile:2,Tile:1,Tile:9,Tile:5,Tile:9,Destroy,Bonus,Tile:10-Tile:5,Map,Tile:7,Tile:3,Tile:9,Tile:6,Bonus-Map,Tile:8,Tile:0,Tile:11,Tile:15,Tile:4,Tile:0-Tile:hidden2,Tile:hidden1,Tile:nugget
Map 12 3 1
Drop 3 0 0
Tile:0 6 5 1
Drop 1 0 0
Tile:7 7 5 1
Tile:4 5 4 0
Malus 0 0 1
Drop 1 0 0
Tile:7_flip 7 6 1
Drop 1 0 0
Tile:9_flip 8 6 1
Map 12 5 0
Tile:9 8 5 1
Drop 6 0 0
Tile:0 9 5 1
Map 12 3 0
Tile:3 10 5 1
Drop 0 0 0
Tile:10 10 6 1
Map 12 7 0
Tile:6 10 7 1
Drop 2 0 0
Tile:6_flip 11 7 1
Drop 3 0 0
Tile:8 9 7 1
Drop 5 0 0
Map 12 5 1
Drop 0 0 0
Malus 0 0 1
Drop 6 0 0
Tile:7 8 4 1
Drop 1 0 0
Tile:5_flip 9 8 1
Drop 6 0 0
Tile:6 7 4 1
Drop 3 0 0
Tile:7 7 3 1
Drop 3 0 0
Tile:5 6 3 1
Drop 6 0 0
Tile:12_flip 8 8 1
Drop 4 0 0
Tile:10 11 8 1
Bonus 0 0 0
Destroy 10 7 1
Drop 3 0 0
Destroy 6 3 1
Drop 0 0 0
Tile:1 6 3 1
Drop 2 0 0
Destroy 6 3 1
Drop 0 0 0
Drop 1 0 1
Drop 0 0 0
Drop 0 0 1
GAMEOVER DRAW
# Game ended: Mon Mar 30 17:00:42 EDT 2020
