# Server version 0.08 running on LAPTOP-QJHLSQ4D:8123
# Game ID: 280
# Board class: Saboteur.SaboteurBoard
# Timeout: 20000
# First Move Timeout: 30000
# Date: Thu Apr 09 16:54:10 EDT 2020
# Player 1: Player-0, '260779480', running on LAPTOP-QJHLSQ4D
# Player 2: Player-1, 'RandomPlayer', running on LAPTOP-QJHLSQ4D
START Player-0 260779480
START Player-1 RandomPlayer
BoardInit:Tile:7,Map,Bonus,Map,Tile:6,Tile:9,Destroy,Malus,Tile:0,Tile:8,Map,Tile:6,Tile:9,Tile:13,Tile:5,Tile:8,Tile:5,Tile:6,Tile:7,Tile:8,Tile:7,Tile:2,Tile:4,Tile:10,Tile:0,Bonus,Destroy,Tile:10,Tile:8,Tile:6,Tile:8,Bonus,Map,Tile:7,Tile:14,Tile:9,Map,Tile:9,Tile:9,Bonus,Tile:5-Tile:7,Tile:11,Map,Tile:5,Tile:3,Tile:1,Tile:12-Malus,Tile:15,Tile:0,Tile:6,Tile:10,Tile:0,Destroy-Tile:hidden1,Tile:nugget,Tile:hidden2
Tile:3_flip 5 6 1
Tile:6 6 5 0
Tile:11_flip 6 4 1
Map 12 3 0
Tile:7 6 6 1
Map 12 7 0
Tile:6 7 5 1
Tile:9_flip 8 5 0
Drop 0 0 1
Tile:10 8 4 0
Tile:0 4 5 1
Tile:8 8 3 0
Drop 2 0 1
Malus 0 0 0
Map 12 7 1
Malus 0 0 0
Destroy 8 5 1
Tile:8 8 5 0
Drop 3 0 1
Tile:6 9 3 0
Drop 2 0 1
Tile:8 10 3 0
Drop 0 0 1
Tile:6 11 3 0
Drop 2 0 1
Tile:10 12 2 0
Drop 0 0 1
Drop 4 0 0
Destroy 8 4 1
Tile:0 9 5 0
Drop 0 0 1
Tile:6 10 5 0
Drop 6 0 1
Tile:0 11 5 0
GAMEOVER WINNER 0
# Game ended: Thu Apr 09 16:54:19 EDT 2020
