# Server version 0.08 running on LAPTOP-QJHLSQ4D:8123
# Game ID: 212
# Board class: Saboteur.SaboteurBoard
# Timeout: 20000
# First Move Timeout: 30000
# Date: Sun Apr 05 17:54:36 EDT 2020
# Player 1: Player-0, '260760794', running on LAPTOP-QJHLSQ4D
# Player 2: Player-1, 'RandomPlayer', running on LAPTOP-QJHLSQ4D
START Player-0 260760794
START Player-1 RandomPlayer
BoardInit:Destroy,Tile:13,Tile:9,Tile:6,Tile:10,Map,Tile:5,Map,Tile:10,Tile:5,Tile:5,Tile:9,Map,Tile:7,Tile:3,Bonus,Map,Tile:9,Map,Tile:7,Tile:6,Bonus,Tile:7,Tile:8,Tile:11,Destroy,Tile:10,Tile:5,Tile:8,Tile:2,Tile:15,Tile:0,Tile:14,Tile:8,Tile:6,Tile:0,Bonus,Tile:12,Tile:9,Tile:8,Tile:8-Tile:0,Tile:6,Tile:0,Malus,Tile:6,Tile:7,Malus-Destroy,Tile:1,Tile:7,Tile:9,Map,Bonus,Tile:4-Tile:hidden1,Tile:hidden2,Tile:nugget
Tile:0 4 5 1
Map 12 3 0
Drop 1 0 1
Tile:9_flip 6 5 0
Tile:9_flip 6 6 1
Tile:6_flip 6 4 0
Tile:10 6 7 1
Map 12 5 0
Destroy 6 7 1
Map 12 7 0
Tile:6 3 5 1
Tile:5_flip 6 7 0
Tile:6_flip 5 7 1
Tile:9_flip 7 4 0
Tile:5 2 5 1
Tile:7_flip 7 5 0
Tile:3 3 4 1
Tile:7 8 5 0
Tile:5_flip 8 6 1
Tile:9_flip 7 3 0
Tile:10 5 8 1
Tile:7_flip 6 3 0
Tile:7_flip 5 6 1
Destroy 8 6 0
Tile:6 8 6 1
Tile:8 9 6 0
Tile:7 7 2 1
Destroy 9 6 0
Map 12 7 1
Tile:5_flip 9 6 0
Map 12 5 1
Drop 2 0 0
Tile:8 2 6 1
Tile:1 3 6 0
Tile:11 1 6 1
Tile:8 6 2 0
Tile:14_flip 9 5 1
Tile:0 10 5 0
Tile:15 1 5 1
Tile:12_flip 2 4 0
Tile:9 5 4 1
Tile:8 6 1 0
Tile:8 11 5 1
Tile:2_flip 11 6 0
Tile:10 11 4 1
Tile:0 12 6 0
Map 12 7 1
Tile:13 5 2 0
Malus 0 0 1
Bonus 0 0 0
Tile:6 2 7 1
Drop 0 0 0
Malus 0 0 1
Bonus 0 0 0
Drop 0 0 1
GAMEOVER DRAW
# Game ended: Sun Apr 05 17:54:45 EDT 2020
