# Server version 0.08 running on LAPTOP-QJHLSQ4D:8123
# Game ID: 68
# Board class: Saboteur.SaboteurBoard
# Timeout: 20000
# First Move Timeout: 30000
# Date: Mon Mar 30 16:59:50 EDT 2020
# Player 1: Player-0, '260760794', running on LAPTOP-QJHLSQ4D
# Player 2: Player-1, 'RandomPlayer', running on LAPTOP-QJHLSQ4D
START Player-0 260760794
START Player-1 RandomPlayer
BoardInit:Destroy,Tile:9,Tile:7,Tile:0,Tile:1,Tile:7,Map,Tile:6,Tile:6,Tile:10,Tile:3,Tile:0,Tile:5,Tile:10,Tile:7,Map,Tile:11,Malus,Tile:0,Tile:9,Tile:5,Tile:4,Tile:0,Tile:8,Tile:10,Tile:8,Tile:9,Tile:7,Tile:12,Tile:6,Map,Bonus,Map,Map,Destroy,Map,Tile:14,Destroy,Bonus,Bonus,Tile:5-Tile:8,Tile:7,Tile:5,Malus,Tile:8,Tile:9,Tile:15-Tile:9,Bonus,Tile:8,Tile:6,Tile:13,Tile:2,Tile:6-Tile:hidden1,Tile:nugget,Tile:hidden2
Tile:9 4 5 1
Tile:6_flip 6 5 0
Tile:8 5 4 1
Tile:9_flip 7 5 0
Tile:7 5 3 1
Tile:9_flip 7 4 0
Tile:8 7 6 1
Tile:7 7 3 0
Tile:15 5 6 1
Tile:6_flip 8 6 0
Tile:5_flip 8 7 1
Tile:6_flip 9 6 0
Destroy 5 4 1
Tile:8 10 6 0
Tile:1 6 4 1
Tile:2_flip 10 7 0
Tile:7 11 7 1
Map 12 3 0
Tile:6 11 8 1
Malus 0 0 0
Drop 6 0 1
Tile:0 11 6 0
Map 12 3 1
Tile:9_flip 12 6 0
GAMEOVER WINNER 0
# Game ended: Mon Mar 30 16:59:50 EDT 2020
