# Server version 0.08 running on LAPTOP-QJHLSQ4D:8123
# Game ID: 44
# Board class: Saboteur.SaboteurBoard
# Timeout: 20000
# First Move Timeout: 30000
# Date: Fri Mar 27 15:42:10 EDT 2020
# Player 1: Player-0, '260760794', running on LAPTOP-QJHLSQ4D
# Player 2: Player-1, 'Human', running on LAPTOP-QJHLSQ4D
START Player-0 260760794
START Player-1 Human
BoardInit:Malus,Tile:8,Tile:5,Map,Bonus,Tile:1,Tile:9,Map,Tile:8,Tile:9,Tile:7,Destroy,Tile:9,Tile:2,Tile:0,Tile:6,Tile:11,Bonus,Tile:8,Tile:13,Tile:0,Tile:7,Tile:6,Tile:5,Tile:10,Tile:8,Bonus,Tile:14,Tile:12,Tile:7,Tile:15,Tile:9,Tile:5,Map,Map,Tile:7,Tile:4,Tile:0,Bonus,Tile:6,Tile:6-Tile:5,Tile:9,Tile:3,Tile:0,Tile:6,Malus,Tile:10-Destroy,Destroy,Tile:7,Map,Map,Tile:10,Tile:8-Tile:nugget,Tile:hidden1,Tile:hidden2
Tile:6 6 5 1
Map 12 3 0
Tile:0 7 5 1
Map 12 3 0
Tile:5 6 4 1
Map 12 3 0
Tile:9 5 6 1
Tile:7 8 5 0
Tile:9 8 6 1
Map 12 3 0
Tile:8 9 6 1
Tile:10 9 5 0
Tile:5 9 4 1
Tile:8 10 4 0
Tile:7 11 4 1
Tile:9 10 5 0
Tile:10 9 7 1
Tile:8 10 3 0
Tile:0 11 3 1
GAMEOVER WINNER 1
# Game ended: Fri Mar 27 15:43:27 EDT 2020
