# Server version 0.08 running on LAPTOP-QJHLSQ4D:8123
# Game ID: 200
# Board class: Saboteur.SaboteurBoard
# Timeout: 20000
# First Move Timeout: 30000
# Date: Sun Apr 05 17:39:01 EDT 2020
# Player 1: Player-0, 'RandomPlayer', running on LAPTOP-QJHLSQ4D
# Player 2: Player-1, '260760794', running on LAPTOP-QJHLSQ4D
START Player-0 RandomPlayer
START Player-1 260760794
BoardInit:Tile:10,Map,Destroy,Tile:6,Malus,Tile:12,Tile:5,Tile:6,Tile:7,Bonus,Tile:7,Tile:9,Map,Tile:15,Tile:0,Tile:5,Tile:3,Tile:8,Bonus,Bonus,Tile:0,Map,Tile:4,Tile:6,Malus,Tile:6,Tile:0,Tile:9,Tile:8,Tile:8,Tile:1,Tile:10,Bonus,Tile:9,Tile:5,Tile:14,Destroy,Map,Tile:9,Tile:8,Destroy-Map,Tile:5,Tile:7,Tile:10,Tile:11,Tile:7,Tile:2-Tile:13,Tile:9,Map,Tile:7,Tile:0,Tile:6,Tile:8-Tile:nugget,Tile:hidden1,Tile:hidden2
Map 12 3 1
Tile:7_flip 4 5 0
Tile:7 6 5 1
Tile:9_flip 5 4 0
Tile:10 6 6 1
Tile:6_flip 4 4 0
Tile:10 6 7 1
Drop 3 0 0
Tile:5_flip 6 8 1
Tile:6 3 4 0
Malus 0 0 1
Map 12 5 0
Destroy 6 5 1
Drop 6 0 0
Tile:7 6 5 1
Map 12 7 0
Tile:0 5 8 1
Drop 1 0 0
Tile:2 5 3 1
Drop 3 0 0
Tile:7_flip 4 3 1
Drop 2 0 0
Map 12 5 1
Map 12 3 0
Tile:3 3 3 1
Drop 5 0 0
Malus 0 0 1
Drop 0 0 0
Tile:11 2 4 1
Drop 5 0 0
Tile:0 6 3 1
Drop 0 0 0
Tile:4_flip 5 6 1
Drop 6 0 0
Tile:8 4 2 1
Drop 3 0 0
Tile:7 7 3 1
Drop 3 0 0
Destroy 7 3 1
Map 12 5 0
Tile:5 4 8 1
Drop 2 0 0
Destroy 6 3 1
Drop 1 0 0
Drop 4 0 1
Drop 3 0 0
Drop 3 0 1
Drop 0 0 0
Tile:9 4 1 1
Drop 2 0 0
Drop 0 0 1
Drop 0 0 0
Drop 1 0 1
Drop 0 0 0
Drop 0 0 1
GAMEOVER DRAW
# Game ended: Sun Apr 05 17:39:10 EDT 2020
