# Server version 0.08 running on LAPTOP-QJHLSQ4D:8123
# Game ID: 264
# Board class: Saboteur.SaboteurBoard
# Timeout: 20000
# First Move Timeout: 30000
# Date: Wed Apr 08 17:04:33 EDT 2020
# Player 1: Player-0, 'RandomPlayer', running on LAPTOP-QJHLSQ4D
# Player 2: Player-1, '260779480', running on LAPTOP-QJHLSQ4D
START Player-0 RandomPlayer
START Player-1 260779480
BoardInit:Tile:0,Map,Malus,Tile:5,Tile:9,Tile:6,Map,Tile:8,Tile:9,Tile:7,Tile:5,Tile:8,Tile:0,Destroy,Tile:7,Tile:7,Tile:13,Map,Bonus,Destroy,Tile:4,Tile:0,Tile:6,Tile:5,Map,Tile:8,Tile:14,Tile:15,Tile:11,Bonus,Bonus,Tile:7,Tile:3,Tile:8,Tile:5,Tile:8,Bonus,Tile:9,Tile:7,Tile:6,Tile:1-Tile:9,Tile:2,Tile:6,Tile:10,Tile:12,Destroy,Tile:10-Tile:10,Tile:9,Map,Map,Tile:0,Tile:6,Malus-Tile:hidden2,Tile:hidden1,Tile:nugget
Drop 1 0 1
Map 12 7 0
Tile:9_flip 6 5 1
Tile:6 4 5 0
Tile:6 6 6 1
Map 12 3 0
Tile:9_flip 7 6 1
Drop 6 0 0
Map 12 3 1
Tile:9 7 5 0
Tile:9_flip 8 5 1
Tile:7 4 4 0
Tile:10 8 6 1
Tile:8 7 4 0
Tile:10 8 7 1
Destroy 6 6 0
Tile:5 6 4 1
Tile:7_flip 3 5 0
Tile:7 8 4 1
Tile:8 6 6 0
Drop 5 0 1
Destroy 7 6 0
Drop 0 0 1
Tile:5_flip 7 6 0
Tile:6 8 8 1
Tile:5_flip 9 8 0
Map 12 7 1
Tile:8 3 4 0
Malus 0 0 1
Map 12 5 0
Drop 6 0 1
Malus 0 0 0
Bonus 0 0 1
Bonus 0 0 0
Drop 4 0 1
Tile:0 2 4 0
Tile:5 9 7 1
Drop 3 0 0
Tile:0 10 7 1
Drop 6 0 0
Tile:0 11 7 1
GAMEOVER WINNER 1
# Game ended: Wed Apr 08 17:04:33 EDT 2020
