# Server version 0.08 running on LAPTOP-QJHLSQ4D:8123
# Game ID: 365
# Board class: Saboteur.SaboteurBoard
# Timeout: 20000
# First Move Timeout: 30000
# Date: Thu Apr 09 22:11:05 EDT 2020
# Player 1: Player-0, '260760794', running on LAPTOP-QJHLSQ4D
# Player 2: Player-1, 'RandomPlayer', running on LAPTOP-QJHLSQ4D
START Player-0 260760794
START Player-1 RandomPlayer
BoardInit:Tile:9,Tile:9,Map,Tile:7,Tile:0,Destroy,Tile:13,Tile:6,Map,Tile:10,Tile:6,Tile:8,Map,Tile:10,Tile:7,Bonus,Tile:4,Tile:7,Malus,Tile:12,Tile:8,Bonus,Bonus,Tile:9,Tile:15,Tile:11,Tile:7,Tile:0,Tile:6,Map,Malus,Tile:5,Tile:6,Tile:0,Tile:14,Tile:2,Tile:9,Tile:3,Tile:5,Tile:10,Tile:7-Tile:6,Tile:0,Tile:9,Tile:8,Map,Destroy,Tile:8-Bonus,Tile:8,Tile:5,Map,Destroy,Tile:1,Tile:5-Tile:hidden1,Tile:nugget,Tile:hidden2
Map 12 5 1
Map 12 3 0
Tile:8 5 6 1
Tile:8 6 5 0
Tile:0 4 5 1
Tile:9_flip 7 5 0
Tile:6 5 7 1
Tile:5 7 4 0
Tile:0 4 7 1
Tile:6 8 4 0
Tile:9_flip 8 3 1
Tile:5_flip 9 4 0
Destroy 4 5 1
Tile:10 9 3 0
Tile:6 7 6 1
Tile:8 9 2 0
Map 12 5 1
Tile:7 10 2 0
Tile:7 8 6 1
Tile:10 10 3 0
Map 12 7 1
Tile:7_flip 10 4 0
Tile:13 8 7 1
Drop 2 0 0
Map 12 5 1
Drop 4 0 0
Tile:15 6 4 1
Drop 6 0 0
Tile:8 6 6 1
Tile:0 11 4 0
Tile:9 3 7 1
Map 12 5 0
Tile:4 3 6 1
Tile:9_flip 12 4 0
GAMEOVER WINNER 0
# Game ended: Thu Apr 09 22:11:14 EDT 2020
