# Server version 0.08 running on LAPTOP-QJHLSQ4D:8123
# Game ID: 281
# Board class: Saboteur.SaboteurBoard
# Timeout: 20000
# First Move Timeout: 30000
# Date: Thu Apr 09 16:54:32 EDT 2020
# Player 1: Player-0, '260779480', running on LAPTOP-QJHLSQ4D
# Player 2: Player-1, 'RandomPlayer', running on LAPTOP-QJHLSQ4D
START Player-0 260779480
START Player-1 RandomPlayer
BoardInit:Tile:1,Tile:6,Tile:7,Tile:5,Malus,Malus,Tile:14,Tile:10,Tile:2,Tile:0,Tile:9,Tile:8,Tile:9,Tile:0,Bonus,Tile:12,Map,Map,Tile:10,Tile:6,Tile:5,Tile:0,Tile:0,Destroy,Tile:11,Map,Bonus,Destroy,Tile:5,Tile:15,Bonus,Bonus,Map,Tile:7,Tile:3,Tile:8,Tile:13,Tile:6,Tile:5,Tile:6,Tile:6-Tile:9,Destroy,Tile:9,Tile:7,Tile:10,Tile:9,Tile:8-Tile:8,Tile:4,Tile:7,Tile:8,Map,Tile:7,Map-Tile:hidden1,Tile:nugget,Tile:hidden2
Tile:9_flip 5 6 1
Map 12 3 0
Tile:7_flip 4 5 1
Map 12 7 0
Tile:7_flip 5 7 1
Tile:8 6 5 0
Drop 6 0 1
Tile:8 7 5 0
Tile:9 6 6 1
Tile:6 8 5 0
Tile:9_flip 7 6 1
Malus 0 0 0
Destroy 5 7 1
Tile:8 9 5 0
Drop 0 0 1
Tile:0 10 5 0
Drop 1 0 1
Tile:0 11 5 0
GAMEOVER WINNER 0
# Game ended: Thu Apr 09 16:54:41 EDT 2020
