# Server version 0.08 running on LAPTOP-QJHLSQ4D:8123
# Game ID: 310
# Board class: Saboteur.SaboteurBoard
# Timeout: 20000
# First Move Timeout: 30000
# Date: Thu Apr 09 17:28:11 EDT 2020
# Player 1: Player-0, 'RandomPlayer', running on LAPTOP-QJHLSQ4D
# Player 2: Player-1, '260779480', running on LAPTOP-QJHLSQ4D
START Player-0 RandomPlayer
START Player-1 260779480
BoardInit:Tile:5,Tile:8,Destroy,Tile:0,Tile:9,Bonus,Tile:8,Tile:6,Tile:0,Map,Tile:5,Bonus,Map,Tile:6,Tile:5,Tile:14,Tile:11,Tile:6,Tile:8,Bonus,Malus,Tile:6,Tile:10,Tile:10,Map,Tile:4,Tile:7,Tile:6,Tile:12,Malus,Bonus,Tile:2,Tile:9,Tile:15,Tile:9,Tile:1,Tile:9,Tile:8,Tile:10,Tile:7,Tile:13-Tile:9,Tile:0,Tile:7,Destroy,Tile:7,Map,Tile:8-Tile:0,Tile:3,Map,Tile:5,Destroy,Map,Tile:7-Tile:hidden1,Tile:hidden2,Tile:nugget
Map 12 3 1
Map 12 5 0
Tile:8 6 5 1
Tile:5 6 4 0
Tile:9_flip 7 4 1
Tile:3 5 4 0
Tile:9 7 3 1
Tile:0 4 5 0
Tile:8 8 3 1
Tile:7 8 2 0
Tile:0 9 3 1
Map 12 7 0
Tile:0 10 3 1
Destroy 7 4 0
Map 12 7 1
Tile:6 11 3 0
Tile:7 7 5 1
Tile:14 8 4 0
Tile:7_flip 7 6 1
Drop 5 0 0
Tile:8 8 6 1
Tile:8 11 2 0
Malus 0 0 1
Drop 1 0 0
Tile:5_flip 9 6 1
Drop 0 0 0
Map 12 5 1
Bonus 0 0 0
Tile:10 9 5 1
Tile:6_flip 11 1 0
Tile:5 9 4 1
Drop 1 0 0
Tile:7 10 4 1
Tile:2_flip 12 2 0
Tile:9 10 5 1
Tile:15 6 6 0
Drop 3 0 1
Tile:6 11 5 0
Tile:9 12 4 1
Tile:6 3 5 0
Tile:9 12 6 1
GAMEOVER WINNER 1
# Game ended: Thu Apr 09 17:28:21 EDT 2020
