# Server version 0.08 running on LAPTOP-QJHLSQ4D:8123
# Game ID: 352
# Board class: Saboteur.SaboteurBoard
# Timeout: 20000
# First Move Timeout: 30000
# Date: Thu Apr 09 18:37:49 EDT 2020
# Player 1: Player-0, '260779480', running on LAPTOP-QJHLSQ4D
# Player 2: Player-1, '260779480', running on LAPTOP-QJHLSQ4D
START Player-0 260779480
START Player-1 260779480
BoardInit:Tile:7,Tile:5,Tile:0,Tile:7,Destroy,Tile:7,Map,Bonus,Map,Tile:10,Tile:6,Map,Tile:15,Tile:0,Tile:1,Tile:10,Tile:7,Tile:6,Tile:8,Tile:6,Tile:9,Tile:2,Tile:5,Tile:5,Bonus,Tile:14,Tile:0,Tile:6,Map,Tile:8,Tile:9,Bonus,Tile:4,Tile:8,Tile:6,Tile:11,Malus,Tile:8,Destroy,Tile:9,Map-Tile:8,Destroy,Tile:0,Tile:13,Malus,Tile:5,Tile:3-Tile:10,Map,Tile:12,Tile:9,Tile:7,Tile:9,Bonus-Tile:hidden2,Tile:nugget,Tile:hidden1
Drop 3 0 1
Map 12 3 0
Tile:8 6 5 1
Tile:9_flip 7 5 0
Tile:5 7 4 1
Tile:9_flip 8 4 0
Tile:7 8 3 1
Tile:10 8 5 0
Map 12 3 1
Tile:7_flip 8 6 0
Map 12 7 1
Tile:5_flip 9 6 0
Tile:6 7 3 1
Map 12 7 0
Drop 3 0 1
Tile:10 9 5 0
Drop 5 0 1
Tile:10 9 4 0
Tile:7 7 2 1
Tile:6 6 6 0
Tile:8 6 2 1
Tile:6 6 3 0
Malus 0 0 1
Bonus 0 0 0
Tile:9 9 3 1
Tile:0 10 3 0
Tile:0 11 3 1
Drop 4 0 0
Drop 3 0 1
Drop 5 0 0
Map 12 5 1
Tile:8 12 4 0
GAMEOVER WINNER 0
# Game ended: Thu Apr 09 18:37:59 EDT 2020
