# Server version 0.08 running on LAPTOP-QJHLSQ4D:8123
# Game ID: 262
# Board class: Saboteur.SaboteurBoard
# Timeout: 20000
# First Move Timeout: 30000
# Date: Wed Apr 08 17:04:16 EDT 2020
# Player 1: Player-0, '260779480', running on LAPTOP-QJHLSQ4D
# Player 2: Player-1, 'RandomPlayer', running on LAPTOP-QJHLSQ4D
START Player-0 260779480
START Player-1 RandomPlayer
BoardInit:Tile:7,Tile:8,Tile:10,Tile:6,Tile:11,Bonus,Map,Tile:6,Tile:14,Tile:9,Destroy,Tile:5,Malus,Tile:0,Tile:0,Tile:8,Tile:5,Destroy,Tile:7,Tile:9,Bonus,Tile:15,Map,Tile:2,Tile:10,Destroy,Tile:9,Tile:7,Tile:7,Tile:6,Tile:5,Tile:7,Tile:8,Map,Tile:4,Tile:9,Tile:1,Tile:0,Tile:0,Bonus,Tile:6-Tile:9,Malus,Map,Map,Tile:13,Bonus,Tile:5-Tile:10,Tile:6,Tile:8,Tile:8,Map,Tile:3,Tile:12-Tile:hidden1,Tile:nugget,Tile:hidden2
Drop 3 0 1
Map 12 3 0
Tile:9 5 6 1
Tile:8 6 5 0
Map 12 5 1
Tile:8 7 5 0
Tile:11 5 7 1
Tile:8 8 5 0
Tile:13 6 6 1
Tile:6 9 5 0
Tile:14_flip 9 4 1
Tile:6 10 5 0
Tile:7 10 4 1
Tile:6 11 5 0
GAMEOVER WINNER 0
# Game ended: Wed Apr 08 17:04:16 EDT 2020
