# Server version 0.08 running on LAPTOP-QJHLSQ4D:8123
# Game ID: 97
# Board class: Saboteur.SaboteurBoard
# Timeout: 20000
# First Move Timeout: 30000
# Date: Mon Mar 30 17:06:21 EDT 2020
# Player 1: Player-0, '260760794', running on LAPTOP-QJHLSQ4D
# Player 2: Player-1, 'RandomPlayer', running on LAPTOP-QJHLSQ4D
START Player-0 260760794
START Player-1 RandomPlayer
BoardInit:Map,Tile:6,Destroy,Tile:9,Map,Tile:0,Tile:8,Tile:1,Tile:5,Tile:10,Tile:5,Map,Bonus,Tile:15,Tile:6,Malus,Malus,Tile:0,Tile:6,Tile:10,Tile:9,Tile:12,Tile:6,Tile:8,Tile:14,Tile:13,Tile:11,Tile:5,Tile:0,Tile:7,Tile:6,Tile:7,Map,Bonus,Destroy,Tile:4,Tile:7,Tile:8,Destroy,Tile:9,Tile:2-Bonus,Tile:9,Tile:3,Tile:8,Tile:9,Tile:5,Map-Tile:7,Tile:7,Tile:8,Map,Tile:0,Bonus,Tile:10-Tile:nugget,Tile:hidden1,Tile:hidden2
Tile:5_flip 5 6 1
Map 12 3 0
Tile:9_flip 6 5 1
Tile:6_flip 6 4 0
Tile:3_flip 6 6 1
Tile:9_flip 7 4 0
Destroy 7 4 1
Tile:0 7 4 0
Tile:9_flip 8 4 1
Tile:7 7 6 0
Map 12 5 1
Tile:10 8 3 0
Drop 2 0 1
Map 12 5 0
Drop 3 0 1
Tile:15 8 2 0
Tile:6_flip 8 1 1
Malus 0 0 0
Drop 1 0 1
Tile:0 7 1 0
Map 12 7 1
Tile:0 6 1 0
Malus 0 0 1
Drop 3 0 0
Drop 0 0 1
Drop 5 0 0
Drop 0 0 1
Drop 0 0 0
Drop 6 0 1
Drop 6 0 0
Drop 1 0 1
Drop 1 0 0
Drop 6 0 1
Drop 6 0 0
Drop 3 0 1
Drop 0 0 0
Destroy 5 6 1
Drop 4 0 0
Map 12 5 1
Drop 0 0 0
Drop 4 0 1
Drop 4 0 0
Destroy 6 4 1
Bonus 0 0 0
Drop 4 0 1
Tile:10 7 7 0
Drop 2 0 1
Tile:9_flip 9 1 0
Drop 0 0 1
Tile:8 9 0 0
Drop 0 0 1
Tile:8 10 0 0
Drop 1 0 1
Tile:13 6 4 0
Drop 0 0 1
GAMEOVER DRAW
# Game ended: Mon Mar 30 17:06:21 EDT 2020
