# Server version 0.08 running on LAPTOP-QJHLSQ4D:8123
# Game ID: 356
# Board class: Saboteur.SaboteurBoard
# Timeout: 20000
# First Move Timeout: 30000
# Date: Thu Apr 09 18:39:44 EDT 2020
# Player 1: Player-0, '260779480', running on LAPTOP-QJHLSQ4D
# Player 2: Player-1, '260779480', running on LAPTOP-QJHLSQ4D
START Player-0 260779480
START Player-1 260779480
BoardInit:Map,Tile:15,Tile:9,Tile:6,Tile:7,Tile:10,Tile:5,Tile:6,Map,Destroy,Tile:10,Tile:7,Tile:5,Tile:8,Tile:6,Tile:3,Tile:0,Bonus,Tile:11,Tile:5,Malus,Tile:8,Map,Tile:0,Tile:9,Destroy,Tile:7,Tile:6,Tile:10,Tile:8,Bonus,Tile:9,Tile:0,Tile:8,Tile:1,Tile:7,Tile:13,Tile:12,Tile:2,Tile:9,Map-Bonus,Tile:8,Destroy,Tile:0,Tile:5,Map,Bonus-Tile:4,Tile:9,Tile:7,Map,Tile:14,Malus,Tile:6-Tile:hidden1,Tile:nugget,Tile:hidden2
Map 12 3 1
Map 12 3 0
Map 12 7 1
Tile:9_flip 6 5 0
Tile:8 6 4 1
Tile:6 7 4 0
Tile:9_flip 8 4 1
Tile:6 8 5 0
Tile:0 9 5 1
Malus 0 0 0
Bonus 0 0 1
Tile:6 10 5 0
Map 12 5 1
Drop 2 0 0
Drop 0 0 1
Tile:8 11 5 0
GAMEOVER WINNER 0
# Game ended: Thu Apr 09 18:39:53 EDT 2020
