# Server version 0.08 running on LAPTOP-QJHLSQ4D:8123
# Game ID: 136
# Board class: Saboteur.SaboteurBoard
# Timeout: 20000
# First Move Timeout: 30000
# Date: Mon Mar 30 17:15:14 EDT 2020
# Player 1: Player-0, '260760794', running on LAPTOP-QJHLSQ4D
# Player 2: Player-1, 'RandomPlayer', running on LAPTOP-QJHLSQ4D
START Player-0 260760794
START Player-1 RandomPlayer
BoardInit:Tile:3,Tile:15,Tile:6,Tile:8,Tile:8,Tile:9,Bonus,Map,Tile:0,Tile:12,Tile:7,Destroy,Malus,Tile:6,Tile:5,Tile:7,Destroy,Tile:0,Tile:8,Destroy,Tile:9,Map,Tile:14,Malus,Tile:6,Map,Tile:11,Tile:8,Tile:9,Tile:6,Tile:7,Tile:0,Tile:5,Tile:9,Tile:1,Tile:4,Tile:6,Map,Tile:10,Bonus,Map-Tile:5,Tile:9,Bonus,Tile:13,Bonus,Tile:7,Map-Tile:0,Tile:10,Tile:7,Tile:5,Tile:8,Tile:10,Tile:2-Tile:hidden2,Tile:nugget,Tile:hidden1
Drop 3 0 1
Tile:2_flip 6 5 0
Tile:9_flip 5 4 1
Tile:15 6 4 0
Tile:6_flip 7 5 1
Tile:8 6 3 0
Tile:3 6 2 1
Tile:9_flip 7 3 0
Drop 2 0 1
Map 12 3 0
Drop 0 0 1
Tile:7_flip 7 4 0
Tile:8 4 5 1
Tile:12 8 4 0
Tile:0 8 5 1
Tile:6_flip 9 5 0
Drop 1 0 1
Tile:0 10 5 0
Map 12 3 1
Tile:7 11 5 0
Tile:5_flip 9 6 1
Tile:8 11 6 0
Tile:8 5 3 1
Map 12 5 0
Tile:7_flip 11 7 1
Malus 0 0 0
Bonus 0 0 1
Map 12 7 0
Destroy 6 3 1
Tile:5 10 6 0
Tile:14 12 6 1
Tile:8 6 3 0
Tile:6_flip 4 4 1
Tile:0 8 6 0
Tile:11 7 6 1
Tile:9 7 2 0
Drop 3 0 1
Tile:4_flip 10 7 0
Tile:5_flip 7 7 1
Tile:6_flip 7 1 0
Tile:9 6 7 1
Tile:10 6 8 0
Tile:7_flip 5 6 1
Tile:10 6 9 0
Tile:6_flip 8 1 1
Tile:0 9 1 0
Map 12 5 1
Destroy 10 6 0
Tile:10 4 6 1
Destroy 6 4 0
Tile:1 4 3 1
Map 12 7 0
Malus 0 0 1
Drop 0 0 0
Drop 0 0 1
GAMEOVER DRAW
# Game ended: Mon Mar 30 17:15:14 EDT 2020
