# Server version 0.08 running on LAPTOP-QJHLSQ4D:8123
# Game ID: 39
# Board class: Saboteur.SaboteurBoard
# Timeout: 20000
# First Move Timeout: 30000
# Date: Thu Mar 26 17:41:51 EDT 2020
# Player 1: Player-0, 'Human', running on LAPTOP-QJHLSQ4D
# Player 2: Player-1, '260760794', running on LAPTOP-QJHLSQ4D
START Player-0 Human
START Player-1 260760794
BoardInit:Tile:11,Tile:0,Map,Destroy,Tile:6,Tile:5,Malus,Tile:0,Tile:8,Map,Map,Tile:0,Destroy,Tile:8,Tile:3,Tile:7,Tile:9,Tile:5,Tile:8,Tile:6,Tile:4,Bonus,Tile:12,Tile:6,Tile:9,Tile:7,Tile:2,Bonus,Tile:0,Bonus,Tile:1,Malus,Map,Tile:9,Tile:7,Tile:7,Tile:6,Map,Tile:8,Tile:10,Tile:10-Destroy,Tile:5,Tile:13,Tile:10,Tile:9,Tile:7,Tile:9-Tile:8,Bonus,Tile:5,Map,Tile:6,Tile:14,Tile:15-Tile:hidden1,Tile:hidden2,Tile:nugget
Tile:5_flip 5 6 1
Map 12 3 0
Tile:13 5 4 1
Tile:6 6 5 0
Map 12 3 1
Destroy 6 5 0
Tile:10 5 3 1
Tile:0 6 5 0
Tile:9 5 2 1
Tile:5 5 1 0
Tile:7 6 2 1
Tile:0 4 6 0
Map 12 3 1
Map 12 5 0
Tile:9 6 3 1
GAMEOVER USER CANCEL UNDECIDED
# Game ended: Thu Mar 26 17:42:35 EDT 2020
