# Server version 0.08 running on LAPTOP-QJHLSQ4D:8123
# Game ID: 161
# Board class: Saboteur.SaboteurBoard
# Timeout: 20000
# First Move Timeout: 30000
# Date: Sun Apr 05 16:18:18 EDT 2020
# Player 1: Player-0, 'RandomPlayer', running on LAPTOP-QJHLSQ4D
# Player 2: Player-1, '260760794', running on LAPTOP-QJHLSQ4D
START Player-0 RandomPlayer
START Player-1 260760794
BoardInit:Tile:0,Tile:0,Malus,Tile:15,Tile:11,Map,Map,Tile:9,Bonus,Tile:7,Tile:6,Tile:9,Tile:9,Tile:4,Tile:8,Bonus,Tile:6,Tile:5,Tile:7,Tile:9,Tile:6,Malus,Tile:8,Map,Tile:0,Destroy,Tile:10,Bonus,Tile:6,Tile:9,Destroy,Tile:6,Tile:8,Tile:14,Tile:3,Bonus,Tile:7,Tile:0,Tile:8,Tile:1,Tile:5-Tile:5,Destroy,Tile:8,Map,Tile:10,Map,Tile:5-Tile:7,Tile:10,Map,Tile:12,Tile:2,Tile:7,Tile:13-Tile:hidden1,Tile:nugget,Tile:hidden2
Map 12 3 1
Tile:7_flip 5 6 0
Map 12 5 1
Tile:2 6 6 0
Tile:5_flip 6 5 1
Map 12 7 0
Tile:5 6 4 1
Tile:0 7 6 0
Map 12 7 1
Tile:7_flip 6 7 0
Tile:8 7 4 1
Tile:15 7 3 0
Tile:6_flip 8 4 1
Tile:12 7 7 0
Tile:9_flip 9 4 1
Tile:9_flip 8 6 0
Tile:8 9 5 1
Map 12 5 0
Tile:11_flip 10 5 1
Tile:4_flip 8 7 0
Tile:7_flip 10 6 1
Tile:9 8 5 0
Tile:10 10 4 1
Tile:13 7 2 0
Tile:0 11 6 1
Map 12 5 0
Tile:8 12 6 1
Tile:10 10 3 0
Tile:10 10 2 1
Drop 4 0 0
Tile:6_flip 10 1 1
Drop 6 0 0
Tile:6_flip 11 1 1
Tile:6_flip 9 1 0
Tile:0 12 1 1
Tile:14 13 6 0
Tile:3_flip 11 2 1
Tile:7 13 5 0
Tile:7 12 2 1
Tile:9 4 5 0
Destroy 10 5 1
Drop 2 0 0
Tile:5_flip 13 1 1
Tile:5 8 1 0
Tile:8 10 5 1
GAMEOVER WINNER 1
# Game ended: Sun Apr 05 16:18:27 EDT 2020
