# Server version 0.08 running on LAPTOP-QJHLSQ4D:8123
# Game ID: 299
# Board class: Saboteur.SaboteurBoard
# Timeout: 20000
# First Move Timeout: 30000
# Date: Thu Apr 09 17:03:51 EDT 2020
# Player 1: Player-0, 'RandomPlayer', running on LAPTOP-QJHLSQ4D
# Player 2: Player-1, '260779480', running on LAPTOP-QJHLSQ4D
START Player-0 RandomPlayer
START Player-1 260779480
BoardInit:Tile:5,Malus,Tile:0,Map,Tile:7,Tile:4,Tile:8,Tile:5,Tile:9,Tile:6,Tile:15,Tile:0,Tile:9,Map,Tile:7,Tile:5,Tile:6,Tile:11,Tile:9,Bonus,Tile:2,Tile:7,Map,Tile:0,Bonus,Map,Tile:6,Destroy,Tile:13,Tile:9,Tile:8,Map,Tile:10,Tile:8,Tile:7,Tile:8,Destroy,Tile:6,Tile:9,Tile:0,Bonus-Destroy,Malus,Tile:3,Tile:10,Tile:12,Tile:1,Tile:6-Tile:8,Bonus,Tile:14,Tile:10,Tile:7,Tile:5,Map-Tile:hidden1,Tile:hidden2,Tile:nugget
Drop 2 0 1
Drop 3 0 0
Tile:6 6 5 1
Tile:5 6 4 0
Tile:0 7 4 1
Tile:8 8 4 0
Malus 0 0 1
Map 12 3 0
Tile:8 9 4 1
Drop 6 0 0
Tile:9_flip 10 4 1
Bonus 0 0 0
Tile:10 10 3 1
Tile:14_flip 8 3 0
Tile:9 10 2 1
Tile:7_flip 9 5 0
Drop 2 0 1
Map 12 7 0
Tile:6 11 2 1
Tile:5_flip 5 6 0
Tile:9_flip 12 2 1
Tile:4_flip 8 5 0
Drop 6 0 1
Drop 5 0 0
Map 12 7 1
Tile:6 4 6 0
Drop 4 0 1
Tile:7 9 3 0
Drop 1 0 1
Destroy 9 5 0
Drop 6 0 1
Malus 0 0 0
Bonus 0 0 1
Tile:11_flip 12 1 0
Tile:8 12 4 1
Tile:8 4 5 0
Tile:10 12 6 1
GAMEOVER WINNER 1
# Game ended: Thu Apr 09 17:04:00 EDT 2020
