# Server version 0.08 running on LAPTOP-QJHLSQ4D:8123
# Game ID: 261
# Board class: Saboteur.SaboteurBoard
# Timeout: 20000
# First Move Timeout: 30000
# Date: Wed Apr 08 17:04:07 EDT 2020
# Player 1: Player-0, '260779480', running on LAPTOP-QJHLSQ4D
# Player 2: Player-1, 'RandomPlayer', running on LAPTOP-QJHLSQ4D
START Player-0 260779480
START Player-1 RandomPlayer
BoardInit:Tile:13,Tile:8,Tile:8,Tile:5,Map,Bonus,Map,Tile:0,Tile:10,Tile:15,Tile:6,Tile:5,Tile:11,Map,Bonus,Bonus,Tile:14,Map,Tile:12,Malus,Tile:7,Tile:0,Destroy,Destroy,Tile:8,Tile:0,Tile:9,Tile:6,Tile:2,Tile:6,Tile:1,Tile:5,Tile:7,Tile:9,Tile:10,Tile:10,Tile:9,Map,Malus,Tile:7,Tile:8-Tile:6,Tile:7,Tile:9,Tile:6,Tile:3,Map,Tile:4-Tile:5,Tile:0,Tile:7,Tile:8,Destroy,Bonus,Tile:9-Tile:hidden1,Tile:hidden2,Tile:nugget
Map 12 3 1
Tile:8 6 5 0
Tile:9_flip 5 6 1
Tile:8 7 5 0
Tile:7 5 4 1
Tile:9_flip 8 5 0
Tile:13 8 4 1
Tile:5_flip 8 6 0
Tile:6_flip 4 4 1
Tile:7_flip 7 6 0
Drop 1 0 1
Tile:5 7 4 0
Tile:8 5 7 1
Tile:0 6 7 0
Tile:6_flip 9 4 1
Map 12 3 0
Tile:6_flip 4 6 1
Tile:0 7 7 0
Tile:14 10 4 1
Map 12 7 0
Tile:10 9 5 1
Tile:5_flip 5 8 0
Tile:7 8 3 1
Tile:0 8 7 0
Tile:11_flip 9 7 1
Drop 3 0 0
Tile:8 9 8 1
Tile:0 4 8 0
Drop 0 0 1
Tile:6 4 5 0
Tile:12_flip 3 4 1
Tile:6 4 7 0
Destroy 7 6 1
Tile:5 3 5 0
Tile:9 9 6 1
Tile:9 3 6 0
Drop 6 0 1
Tile:10 6 4 0
Tile:7 6 3 1
Map 12 5 0
Tile:2 10 6 1
Tile:7_flip 7 6 0
Tile:8 3 7 1
Drop 0 0 0
Drop 2 0 1
Drop 4 0 0
Tile:9_flip 10 3 1
Drop 2 0 0
Tile:1 5 3 1
Drop 1 0 0
Map 12 7 1
Malus 0 0 0
Malus 0 0 1
Bonus 0 0 0
Map 12 5 1
GAMEOVER DRAW
# Game ended: Wed Apr 08 17:04:07 EDT 2020
