# Server version 0.08 running on LAPTOP-QJHLSQ4D:8123
# Game ID: 214
# Board class: Saboteur.SaboteurBoard
# Timeout: 20000
# First Move Timeout: 30000
# Date: Sun Apr 05 17:55:54 EDT 2020
# Player 1: Player-0, 'RandomPlayer', running on LAPTOP-QJHLSQ4D
# Player 2: Player-1, '260760794', running on LAPTOP-QJHLSQ4D
START Player-0 RandomPlayer
START Player-1 260760794
BoardInit:Tile:10,Map,Tile:8,Tile:7,Destroy,Tile:14,Tile:9,Tile:3,Tile:9,Tile:10,Tile:5,Map,Tile:4,Bonus,Tile:2,Tile:1,Tile:7,Destroy,Tile:8,Tile:0,Map,Tile:6,Map,Tile:6,Tile:6,Tile:9,Tile:5,Tile:15,Tile:5,Tile:12,Tile:0,Tile:7,Tile:6,Tile:5,Tile:0,Tile:13,Tile:7,Tile:10,Bonus,Tile:0,Bonus-Bonus,Tile:8,Malus,Map,Tile:8,Tile:9,Tile:8-Malus,Destroy,Map,Tile:11,Tile:6,Tile:7,Tile:9-Tile:hidden2,Tile:hidden1,Tile:nugget
Map 12 3 1
Tile:7_flip 4 5 0
Tile:8 6 5 1
Malus 0 0 0
Bonus 0 0 1
Tile:11_flip 7 5 0
Tile:8 6 6 1
Tile:14_flip 4 4 0
Tile:9_flip 7 6 1
Tile:3_flip 5 6 0
Tile:9_flip 7 7 1
Tile:9_flip 5 4 0
Tile:5 6 4 1
Drop 4 0 0
Tile:9_flip 7 4 1
Destroy 7 4 0
Tile:8 7 4 1
Drop 6 0 0
Tile:7 8 4 1
Destroy 4 5 0
Tile:10 8 5 1
Map 12 7 0
Map 12 5 1
Map 12 5 0
Map 12 7 1
Drop 0 0 0
Tile:6 6 7 1
Tile:10 5 3 0
Tile:5_flip 7 8 1
Tile:6_flip 6 8 0
Tile:5_flip 6 9 1
Map 12 3 0
Tile:8 7 3 1
Tile:6 4 5 0
Tile:6 8 3 1
Tile:7_flip 3 5 0
Tile:8 9 3 1
Drop 3 0 0
Tile:0 10 3 1
Tile:13 5 2 0
Tile:7 11 3 1
Tile:9 5 9 0
Tile:2_flip 11 4 1
Tile:5 8 2 0
Malus 0 0 1
Drop 3 0 0
Destroy 11 4 1
Drop 1 0 0
Tile:4_flip 11 4 1
Bonus 0 0 0
Drop 1 0 1
Tile:12 6 2 0
Tile:0 4 2 1
Tile:0 5 7 0
Drop 0 0 1
GAMEOVER DRAW
# Game ended: Sun Apr 05 17:56:03 EDT 2020
