# Server version 0.08 running on LAPTOP-QJHLSQ4D:8123
# Game ID: 186
# Board class: Saboteur.SaboteurBoard
# Timeout: 20000
# First Move Timeout: 30000
# Date: Sun Apr 05 17:10:53 EDT 2020
# Player 1: Player-0, '260760794', running on LAPTOP-QJHLSQ4D
# Player 2: Player-1, 'RandomPlayer', running on LAPTOP-QJHLSQ4D
START Player-0 260760794
START Player-1 RandomPlayer
BoardInit:Destroy,Tile:10,Tile:6,Tile:5,Tile:8,Destroy,Tile:7,Tile:6,Tile:9,Tile:6,Tile:0,Tile:11,Map,Tile:0,Tile:7,Destroy,Tile:9,Map,Tile:10,Malus,Tile:4,Map,Tile:8,Malus,Tile:6,Tile:1,Tile:8,Map,Tile:10,Tile:8,Tile:14,Tile:5,Bonus,Tile:7,Bonus,Bonus,Tile:5,Tile:0,Tile:7,Tile:7,Tile:8-Tile:9,Tile:6,Tile:9,Tile:3,Tile:5,Tile:15,Map-Tile:13,Map,Tile:0,Tile:2,Bonus,Tile:12,Tile:9-Tile:nugget,Tile:hidden1,Tile:hidden2
Tile:15 5 4 1
Map 12 3 0
Tile:6_flip 6 5 1
Tile:9_flip 7 5 0
Tile:5 4 5 1
Tile:5 7 4 0
Tile:9_flip 4 6 1
Tile:10 7 6 0
Tile:7_flip 5 6 1
Tile:6_flip 8 4 0
Tile:9_flip 4 7 1
Tile:6_flip 9 4 0
Drop 6 0 1
Destroy 9 4 0
Map 12 7 1
Tile:11 4 8 0
Tile:3_flip 8 5 1
Destroy 8 4 0
Drop 1 0 1
Tile:2 3 7 0
Tile:10 3 8 1
Malus 0 0 0
Destroy 7 6 1
Tile:13 8 4 0
Drop 4 0 1
Malus 0 0 0
Drop 3 0 1
Tile:0 9 4 0
Drop 4 0 1
Tile:12 9 5 0
Map 12 3 1
Tile:8 7 6 0
Drop 6 0 1
Tile:5_flip 7 7 0
Drop 0 0 1
Tile:7 8 6 0
Drop 3 0 1
Tile:1 10 4 0
Bonus 0 0 1
Tile:0 11 4 0
Drop 4 0 1
Tile:7_flip 8 7 0
Drop 0 0 1
Map 12 5 0
Drop 4 0 1
Drop 3 0 0
Drop 2 0 1
Tile:0 12 4 0
Drop 0 0 1
Drop 2 0 0
Drop 0 0 1
Map 12 7 0
Drop 1 0 1
Drop 0 0 0
Drop 0 0 1
GAMEOVER DRAW
# Game ended: Sun Apr 05 17:11:02 EDT 2020
