# Server version 0.08 running on LAPTOP-QJHLSQ4D:8123
# Game ID: 134
# Board class: Saboteur.SaboteurBoard
# Timeout: 20000
# First Move Timeout: 30000
# Date: Mon Mar 30 17:15:07 EDT 2020
# Player 1: Player-0, 'RandomPlayer', running on LAPTOP-QJHLSQ4D
# Player 2: Player-1, '260760794', running on LAPTOP-QJHLSQ4D
START Player-0 RandomPlayer
START Player-1 260760794
BoardInit:Tile:8,Tile:5,Tile:0,Destroy,Tile:9,Tile:11,Tile:6,Tile:10,Tile:6,Tile:0,Tile:7,Tile:0,Tile:8,Tile:2,Malus,Tile:10,Tile:15,Map,Tile:3,Tile:14,Tile:7,Tile:6,Tile:6,Malus,Map,Tile:7,Map,Tile:6,Map,Tile:5,Tile:7,Bonus,Bonus,Tile:12,Tile:5,Map,Destroy,Tile:7,Tile:0,Tile:13,Tile:1-Destroy,Bonus,Tile:10,Tile:8,Map,Tile:8,Tile:9-Tile:9,Tile:5,Bonus,Tile:9,Tile:4,Tile:9,Tile:8-Tile:nugget,Tile:hidden2,Tile:hidden1
Map 12 3 1
Tile:9 5 4 0
Tile:8 6 4 1
Tile:4 6 3 0
Tile:8 6 5 1
Destroy 6 4 0
Tile:10 6 6 1
Tile:9 4 5 0
Tile:9 6 7 1
Tile:10 5 3 0
Tile:9_flip 6 4 1
Drop 3 0 0
Tile:8 7 5 1
Tile:9_flip 6 8 0
Tile:0 7 7 1
Tile:11_flip 8 7 0
Malus 0 0 1
Drop 1 0 0
Tile:6 6 9 1
Drop 3 0 0
Tile:6 7 9 1
Map 12 7 0
Tile:7 8 5 1
Drop 0 0 0
Tile:8 8 9 1
Drop 5 0 0
Map 12 5 1
Drop 0 0 0
Map 12 7 1
Drop 6 0 0
Tile:15 7 4 1
Drop 1 0 0
Tile:3 9 9 1
Drop 6 0 0
Tile:7_flip 7 6 1
Drop 0 0 0
Tile:6 8 10 1
Map 12 7 0
Tile:5 7 3 1
Drop 0 0 0
Tile:0 8 3 1
Drop 4 0 0
Tile:1 9 3 1
Malus 0 0 0
Destroy 4 5 1
Drop 3 0 0
Destroy 9 3 1
Drop 0 0 0
Drop 3 0 1
Drop 2 0 0
Drop 1 0 1
Drop 0 0 0
Bonus 0 0 1
Drop 0 0 0
Tile:7 9 3 1
GAMEOVER DRAW
# Game ended: Mon Mar 30 17:15:07 EDT 2020
