# Server version 0.08 running on LAPTOP-QJHLSQ4D:8123
# Game ID: 111
# Board class: Saboteur.SaboteurBoard
# Timeout: 20000
# First Move Timeout: 30000
# Date: Mon Mar 30 17:07:22 EDT 2020
# Player 1: Player-0, '260760794', running on LAPTOP-QJHLSQ4D
# Player 2: Player-1, 'RandomPlayer', running on LAPTOP-QJHLSQ4D
START Player-0 260760794
START Player-1 RandomPlayer
BoardInit:Tile:7,Tile:7,Tile:8,Bonus,Map,Tile:6,Tile:9,Tile:5,Tile:6,Tile:10,Map,Tile:6,Map,Tile:12,Tile:11,Tile:9,Tile:13,Bonus,Tile:7,Tile:0,Tile:3,Tile:14,Tile:15,Tile:5,Map,Tile:9,Tile:1,Destroy,Malus,Tile:6,Map,Tile:0,Tile:7,Tile:0,Tile:4,Tile:2,Bonus,Tile:5,Tile:8,Tile:7,Destroy-Tile:8,Map,Tile:0,Tile:5,Tile:6,Tile:10,Bonus-Tile:8,Tile:9,Tile:9,Destroy,Tile:10,Malus,Tile:8-Tile:hidden1,Tile:nugget,Tile:hidden2
Drop 3 0 1
Malus 0 0 0
Drop 5 0 1
Tile:7 6 5 0
Drop 2 0 1
Tile:8 6 6 0
Drop 1 0 1
Tile:6 6 7 0
Map 12 5 1
Tile:5_flip 7 6 0
Drop 4 0 1
Tile:10 7 5 0
Drop 4 0 1
Tile:6_flip 7 4 0
Drop 2 0 1
Tile:12 8 4 0
Drop 0 0 1
Destroy 7 4 0
Drop 1 0 1
Tile:9 7 4 0
Map 12 3 1
Tile:9_flip 7 3 0
Map 12 7 1
Tile:14_flip 6 3 0
Drop 2 0 1
Tile:5 7 2 0
Drop 3 0 1
Tile:9_flip 8 2 0
Drop 4 0 1
Tile:9_flip 8 1 0
Drop 3 0 1
Tile:6_flip 8 0 0
Map 12 7 1
Tile:0 7 0 0
Drop 4 0 1
Tile:0 7 1 0
Drop 2 0 1
Tile:2_flip 6 1 0
Map 12 7 1
Tile:5 6 0 0
Drop 4 0 1
Tile:7_flip 8 3 0
Drop 6 0 1
Tile:0 9 3 0
Drop 4 0 1
Tile:8 10 3 0
Drop 2 0 1
Tile:10 10 4 0
Drop 0 0 1
Destroy 8 1 0
Drop 0 0 1
Drop 0 0 0
Drop 1 0 1
Drop 0 0 0
Drop 0 0 1
GAMEOVER DRAW
# Game ended: Mon Mar 30 17:07:22 EDT 2020
