# Server version 0.08 running on LAPTOP-QJHLSQ4D:8123
# Game ID: 305
# Board class: Saboteur.SaboteurBoard
# Timeout: 20000
# First Move Timeout: 30000
# Date: Thu Apr 09 17:26:13 EDT 2020
# Player 1: Player-0, 'RandomPlayer', running on LAPTOP-QJHLSQ4D
# Player 2: Player-1, '260779480', running on LAPTOP-QJHLSQ4D
START Player-0 RandomPlayer
START Player-1 260779480
BoardInit:Malus,Malus,Map,Tile:2,Tile:8,Map,Tile:5,Tile:6,Map,Tile:9,Tile:3,Bonus,Map,Tile:12,Destroy,Tile:0,Bonus,Tile:5,Destroy,Map,Tile:6,Tile:10,Tile:7,Tile:13,Tile:7,Bonus,Tile:0,Tile:9,Tile:11,Bonus,Tile:8,Map,Destroy,Tile:8,Tile:7,Tile:6,Tile:10,Tile:8,Tile:6,Tile:10,Tile:9-Tile:0,Tile:15,Tile:0,Tile:7,Tile:9,Tile:4,Tile:9-Tile:6,Tile:7,Tile:8,Tile:5,Tile:1,Tile:14,Tile:5-Tile:hidden1,Tile:nugget,Tile:hidden2
Drop 1 0 1
Tile:8 5 4 0
Tile:9_flip 6 4 1
Tile:6 4 4 0
Map 12 3 1
Tile:5 3 4 0
Tile:8 6 5 1
Tile:7_flip 5 6 0
Tile:9_flip 7 5 1
Tile:6 7 6 0
Map 12 7 1
Tile:2 5 3 0
Tile:0 8 6 1
Tile:5 4 3 0
Map 12 5 1
Tile:12_flip 4 5 0
Malus 0 0 1
Drop 3 0 0
Tile:0 9 6 1
Drop 2 0 0
Tile:7 10 6 1
Drop 6 0 0
Tile:6 10 7 1
Drop 3 0 0
Drop 2 0 1
Drop 2 0 0
Drop 0 0 1
Drop 0 0 0
Tile:0 11 7 1
Drop 6 0 0
Drop 6 0 1
Drop 4 0 0
Tile:8 12 6 1
GAMEOVER WINNER 1
# Game ended: Thu Apr 09 17:26:22 EDT 2020
