# Server version 0.08 running on LAPTOP-QJHLSQ4D:8123
# Game ID: 257
# Board class: Saboteur.SaboteurBoard
# Timeout: 20000
# First Move Timeout: 30000
# Date: Wed Apr 08 14:23:08 EDT 2020
# Player 1: Player-0, '260760794', running on LAPTOP-QJHLSQ4D
# Player 2: Player-1, 'RandomPlayer', running on LAPTOP-QJHLSQ4D
START Player-0 260760794
START Player-1 RandomPlayer
BoardInit:Tile:10,Tile:5,Map,Tile:8,Map,Tile:11,Tile:8,Tile:7,Tile:6,Malus,Tile:0,Destroy,Tile:10,Tile:14,Tile:9,Tile:6,Bonus,Tile:10,Tile:13,Tile:7,Tile:1,Tile:7,Destroy,Malus,Tile:0,Tile:9,Map,Map,Tile:5,Tile:3,Tile:15,Map,Tile:7,Bonus,Bonus,Tile:2,Tile:0,Bonus,Tile:8,Tile:12,Tile:8-Tile:9,Tile:4,Tile:0,Tile:9,Tile:6,Tile:8,Tile:6-Tile:6,Tile:7,Tile:9,Map,Tile:5,Tile:5,Destroy-Tile:hidden2,Tile:nugget,Tile:hidden1
Tile:6 4 5 1
Map 12 3 0
Tile:9 3 5 1
Tile:5_flip 6 5 0
Tile:9 3 6 1
Tile:8 6 4 0
Tile:6 3 7 1
Tile:5_flip 7 4 0
Tile:8 2 7 1
Tile:7 7 3 0
Tile:6_flip 6 3 1
Malus 0 0 0
Drop 5 0 1
Destroy 7 4 0
Drop 2 0 1
Tile:5_flip 7 4 0
Drop 0 0 1
Destroy 7 4 0
Drop 3 0 1
Tile:6 7 4 0
Map 12 7 1
Tile:7 8 4 0
Map 12 5 1
Tile:7_flip 8 5 0
Drop 4 0 1
Tile:7 9 5 0
Destroy 6 4 1
Tile:9 6 4 0
Drop 6 0 1
Map 12 5 0
Drop 1 0 1
Tile:9_flip 9 6 0
Drop 4 0 1
Map 12 7 0
Drop 0 0 1
Tile:10 9 7 0
Drop 3 0 1
Tile:6_flip 8 6 0
Bonus 0 0 1
Malus 0 0 0
Drop 4 0 1
Tile:11_flip 2 6 0
Drop 0 0 1
Tile:14 8 7 0
Drop 4 0 1
Tile:2_flip 7 6 0
Drop 2 0 1
Tile:12_flip 1 7 0
Drop 0 0 1
Tile:3 5 4 0
Drop 0 0 1
Drop 0 0 0
Drop 1 0 1
Drop 0 0 0
Drop 0 0 1
GAMEOVER DRAW
# Game ended: Wed Apr 08 14:23:17 EDT 2020
