# Server version 0.08 running on LAPTOP-QJHLSQ4D:8123
# Game ID: 231
# Board class: Saboteur.SaboteurBoard
# Timeout: 20000
# First Move Timeout: 30000
# Date: Mon Apr 06 15:37:42 EDT 2020
# Player 1: Player-0, 'RandomPlayer', running on LAPTOP-QJHLSQ4D
# Player 2: Player-1, '260760794', running on LAPTOP-QJHLSQ4D
START Player-0 RandomPlayer
START Player-1 260760794
BoardInit:Tile:6,Tile:8,Tile:9,Bonus,Bonus,Tile:2,Destroy,Destroy,Tile:10,Tile:7,Tile:4,Map,Tile:10,Tile:11,Tile:0,Tile:0,Map,Map,Map,Tile:8,Tile:3,Tile:6,Tile:8,Malus,Tile:7,Tile:5,Tile:5,Tile:5,Map,Tile:14,Bonus,Destroy,Tile:6,Tile:6,Tile:0,Bonus,Tile:9,Tile:7,Tile:15,Map,Tile:6-Tile:7,Tile:8,Tile:5,Tile:9,Tile:13,Tile:8,Tile:12-Tile:1,Tile:0,Tile:10,Malus,Tile:9,Tile:7,Tile:9-Tile:nugget,Tile:hidden2,Tile:hidden1
Tile:5_flip 5 6 1
Tile:1 4 5 0
Tile:6_flip 6 5 1
Tile:7 7 5 0
Tile:9_flip 7 6 1
Tile:9_flip 7 7 0
Tile:9 6 6 1
Drop 2 0 0
Tile:8 6 7 1
Tile:2 4 6 0
Tile:10 7 8 1
Tile:7_flip 7 9 0
Tile:8 8 9 1
Tile:9 8 8 0
Tile:10 8 7 1
Tile:11 8 6 0
Tile:0 9 8 1
Map 12 7 0
Map 12 3 1
Tile:0 3 5 0
Tile:7 10 8 1
Destroy 9 8 0
Destroy 10 8 1
Tile:6 9 6 0
Tile:8 9 8 1
Tile:8 4 7 0
Tile:7 10 8 1
Tile:0 2 5 0
Tile:5 9 7 1
Tile:5 3 6 0
Tile:3_flip 1 5 1
Tile:5 5 4 0
Tile:4_flip 8 10 1
Tile:14 9 9 0
Tile:6 10 7 1
Drop 0 0 0
Tile:0 11 7 1
Destroy 3 5 0
Tile:9_flip 12 6 1
Tile:6_flip 5 7 0
Tile:15 1 4 1
Tile:8 12 4 0
GAMEOVER WINNER 0
# Game ended: Mon Apr 06 15:37:52 EDT 2020
