# Server version 0.08 running on LAPTOP-QJHLSQ4D:8123
# Game ID: 35
# Board class: Saboteur.SaboteurBoard
# Timeout: 20000
# First Move Timeout: 30000
# Date: Thu Mar 26 17:30:31 EDT 2020
# Player 1: Player-0, 'Human', running on LAPTOP-QJHLSQ4D
# Player 2: Player-1, '260760794', running on LAPTOP-QJHLSQ4D
START Player-0 Human
START Player-1 260760794
BoardInit:Tile:6,Destroy,Tile:10,Tile:6,Tile:8,Tile:9,Tile:9,Tile:8,Destroy,Tile:8,Tile:7,Tile:6,Tile:14,Tile:5,Map,Tile:11,Map,Tile:6,Tile:4,Tile:13,Tile:1,Map,Tile:9,Tile:9,Tile:9,Tile:3,Tile:0,Tile:7,Bonus,Tile:5,Tile:12,Tile:5,Destroy,Map,Bonus,Tile:10,Tile:0,Tile:7,Tile:8,Bonus,Tile:5-Tile:2,Tile:0,Tile:15,Tile:6,Tile:10,Map,Tile:8-Tile:0,Tile:7,Malus,Tile:7,Malus,Map,Bonus-Tile:hidden2,Tile:hidden1,Tile:nugget
Map 12 3 1
Map 12 5 0
Tile:2_flip 5 6 1
Tile:7 6 5 0
Tile:6 6 6 1
Tile:6 7 6 0
Tile:15 7 5 1
Tile:0 8 6 0
Tile:0 9 6 1
Tile:8 10 6 0
Tile:10 10 7 1
Tile:8 11 6 0
Tile:8 11 5 1
Tile:9_flip 12 6 0
GAMEOVER WINNER 0
# Game ended: Thu Mar 26 17:32:15 EDT 2020
