# Server version 0.08 running on LAPTOP-QJHLSQ4D:8123
# Game ID: 92
# Board class: Saboteur.SaboteurBoard
# Timeout: 20000
# First Move Timeout: 30000
# Date: Mon Mar 30 17:06:00 EDT 2020
# Player 1: Player-0, 'RandomPlayer', running on LAPTOP-QJHLSQ4D
# Player 2: Player-1, '260760794', running on LAPTOP-QJHLSQ4D
START Player-0 RandomPlayer
START Player-1 260760794
BoardInit:Tile:6,Tile:5,Tile:9,Tile:2,Tile:6,Tile:8,Tile:8,Tile:15,Destroy,Tile:10,Map,Tile:10,Map,Tile:7,Tile:8,Tile:9,Tile:14,Tile:8,Tile:6,Tile:13,Tile:7,Bonus,Destroy,Tile:0,Tile:4,Tile:8,Tile:9,Destroy,Malus,Tile:7,Tile:0,Bonus,Tile:0,Map,Tile:0,Tile:1,Bonus,Tile:6,Bonus,Tile:11,Tile:12-Tile:10,Tile:5,Tile:9,Tile:9,Map,Tile:7,Map-Tile:7,Malus,Tile:5,Map,Tile:6,Tile:3,Tile:5-Tile:nugget,Tile:hidden2,Tile:hidden1
Map 12 3 1
Tile:3 6 5 0
Map 12 5 1
Map 12 5 0
Tile:10 6 6 1
Tile:5 4 5 0
Tile:5_flip 6 7 1
Tile:2 5 4 0
Tile:6 6 4 1
Tile:8 7 4 0
Tile:8 7 3 1
Malus 0 0 0
Map 12 7 1
Tile:7_flip 4 4 0
Destroy 6 5 1
Tile:15 5 6 0
Map 12 7 1
Tile:6_flip 4 3 0
Drop 3 0 1
Tile:9 7 5 0
Drop 2 0 1
Tile:5 7 2 0
Drop 0 0 1
Tile:5_flip 8 5 0
Destroy 7 2 1
Tile:0 5 3 0
Drop 0 0 1
Tile:7 6 5 0
Drop 5 0 1
Destroy 6 7 0
Malus 0 0 1
Drop 1 0 0
Drop 6 0 1
Drop 6 0 0
Drop 3 0 1
Drop 4 0 0
Drop 3 0 1
Map 12 7 0
Drop 0 0 1
Drop 0 0 0
Drop 4 0 1
Drop 4 0 0
Bonus 0 0 1
Bonus 0 0 0
Tile:12 8 3 1
Tile:7_flip 3 3 0
Tile:9_flip 7 2 1
Tile:6_flip 7 1 0
Tile:0 6 1 1
Tile:8 6 3 0
Tile:8 6 7 1
Tile:11 5 7 0
Tile:14 6 8 1
Drop 0 0 0
Drop 0 0 1
GAMEOVER DRAW
# Game ended: Mon Mar 30 17:06:01 EDT 2020
