# Server version 0.08 running on LAPTOP-QJHLSQ4D:8123
# Game ID: 86
# Board class: Saboteur.SaboteurBoard
# Timeout: 20000
# First Move Timeout: 30000
# Date: Mon Mar 30 17:05:19 EDT 2020
# Player 1: Player-0, 'RandomPlayer', running on LAPTOP-QJHLSQ4D
# Player 2: Player-1, '260760794', running on LAPTOP-QJHLSQ4D
START Player-0 RandomPlayer
START Player-1 260760794
BoardInit:Destroy,Bonus,Malus,Bonus,Tile:10,Tile:5,Tile:9,Tile:7,Tile:7,Tile:2,Tile:9,Tile:6,Tile:6,Map,Malus,Tile:6,Tile:12,Tile:13,Tile:8,Destroy,Tile:7,Map,Tile:10,Tile:0,Tile:0,Tile:9,Destroy,Map,Tile:8,Tile:5,Map,Tile:1,Tile:0,Tile:15,Tile:7,Tile:9,Tile:0,Tile:6,Bonus,Tile:9,Tile:11-Tile:7,Map,Tile:14,Tile:6,Tile:3,Tile:8,Tile:4-Map,Tile:5,Tile:5,Tile:8,Bonus,Tile:8,Tile:10-Tile:nugget,Tile:hidden2,Tile:hidden1
Map 12 3 1
Drop 3 0 0
Tile:8 6 5 1
Tile:5 4 5 0
Malus 0 0 1
Drop 1 0 0
Tile:10 6 4 1
Drop 1 0 0
Tile:9_flip 6 3 1
Drop 6 0 0
Tile:7 7 5 1
Map 12 3 0
Tile:14 6 6 1
Drop 3 0 0
Tile:6_flip 6 2 1
Map 12 5 0
Malus 0 0 1
Drop 1 0 0
Tile:12 7 2 1
Drop 3 0 0
Tile:3_flip 7 6 1
Destroy 4 5 0
Tile:7 8 6 1
Map 12 3 0
Tile:4_flip 8 7 1
Drop 5 0 0
Destroy 7 2 1
Drop 0 0 0
Tile:0 7 2 1
Drop 6 0 0
Tile:8 8 2 1
Drop 1 0 0
Map 12 5 1
Drop 4 0 0
Tile:0 9 2 1
Drop 0 0 0
Tile:7 10 2 1
Drop 3 0 0
Tile:7_flip 10 3 1
Drop 6 0 0
Tile:8 11 3 1
GAMEOVER WINNER 1
# Game ended: Mon Mar 30 17:05:19 EDT 2020
