# Server version 0.08 running on LAPTOP-QJHLSQ4D:8123
# Game ID: 129
# Board class: Saboteur.SaboteurBoard
# Timeout: 20000
# First Move Timeout: 30000
# Date: Mon Mar 30 17:14:43 EDT 2020
# Player 1: Player-0, 'RandomPlayer', running on LAPTOP-QJHLSQ4D
# Player 2: Player-1, '260760794', running on LAPTOP-QJHLSQ4D
START Player-0 RandomPlayer
START Player-1 260760794
BoardInit:Tile:6,Tile:9,Tile:8,Destroy,Tile:7,Tile:6,Map,Tile:10,Tile:0,Tile:3,Map,Tile:9,Tile:10,Map,Tile:8,Bonus,Tile:7,Tile:14,Tile:9,Tile:7,Tile:6,Tile:5,Tile:10,Tile:7,Tile:12,Malus,Tile:0,Tile:15,Tile:6,Tile:9,Map,Tile:5,Bonus,Destroy,Tile:7,Tile:0,Tile:11,Tile:13,Tile:5,Malus,Tile:9-Tile:8,Tile:6,Tile:8,Tile:2,Tile:4,Tile:1,Tile:5-Tile:0,Destroy,Map,Bonus,Map,Bonus,Tile:8-Tile:hidden2,Tile:nugget,Tile:hidden1
Tile:5_flip 6 5 1
Map 12 7 0
Tile:6_flip 6 4 1
Map 12 5 0
Tile:8 7 4 1
Drop 4 0 0
Tile:7 7 3 1
Tile:6_flip 5 4 0
Map 12 3 1
Drop 0 0 0
Tile:0 8 4 1
Destroy 6 4 0
Map 12 5 1
Tile:10 5 6 0
Tile:8 6 4 1
Destroy 7 3 0
Tile:8 7 3 1
Drop 0 0 0
Tile:6 8 3 1
Map 12 5 0
Tile:9 6 3 1
Tile:7_flip 4 4 0
Tile:6_flip 9 4 1
Tile:9_flip 6 2 0
Tile:7 10 4 1
Drop 4 0 0
Tile:4_flip 10 5 1
Tile:9_flip 4 3 0
Tile:10 9 5 1
Tile:3_flip 7 5 0
Tile:6 9 6 1
Tile:15 6 1 0
Map 12 7 1
Tile:5 7 2 0
Tile:0 10 6 1
Malus 0 0 0
Drop 4 0 1
Tile:9 6 0 0
Drop 0 0 1
Destroy 9 6 0
Drop 4 0 1
Tile:0 11 6 0
Drop 5 0 1
Tile:5_flip 12 6 0
Drop 4 0 1
Tile:7 8 2 0
Drop 3 0 1
Drop 2 0 0
Drop 0 0 1
Malus 0 0 0
Drop 0 0 1
Drop 0 0 0
Drop 1 0 1
Drop 0 0 0
Drop 0 0 1
GAMEOVER DRAW
# Game ended: Mon Mar 30 17:14:43 EDT 2020
