# Server version 0.08 running on LAPTOP-QJHLSQ4D:8123
# Game ID: 234
# Board class: Saboteur.SaboteurBoard
# Timeout: 20000
# First Move Timeout: 30000
# Date: Mon Apr 06 15:51:22 EDT 2020
# Player 1: Player-0, 'RandomPlayer', running on LAPTOP-QJHLSQ4D
# Player 2: Player-1, '260760794', running on LAPTOP-QJHLSQ4D
START Player-0 RandomPlayer
START Player-1 260760794
BoardInit:Tile:3,Tile:8,Tile:14,Map,Tile:6,Map,Tile:9,Tile:8,Tile:5,Tile:4,Tile:9,Tile:7,Tile:10,Tile:7,Tile:6,Tile:9,Tile:1,Tile:8,Tile:8,Tile:5,Tile:5,Tile:10,Map,Destroy,Tile:6,Bonus,Tile:0,Tile:9,Bonus,Tile:8,Bonus,Destroy,Tile:0,Tile:13,Map,Tile:11,Tile:12,Tile:7,Tile:5,Malus,Tile:15-Destroy,Map,Tile:7,Tile:9,Malus,Tile:0,Tile:6-Tile:7,Map,Bonus,Tile:6,Tile:0,Tile:10,Tile:2-Tile:hidden2,Tile:hidden1,Tile:nugget
Map 12 3 1
Tile:6_flip 5 4 0
Tile:6_flip 6 5 1
Tile:0 4 5 0
Tile:0 7 5 1
Map 12 3 0
Tile:6_flip 8 5 1
Tile:10 5 6 0
Tile:9_flip 9 5 1
Map 12 7 0
Tile:5_flip 9 6 1
Tile:2_flip 4 4 0
Tile:9_flip 9 4 1
Tile:8 8 6 0
Tile:10 9 3 1
Tile:7_flip 8 7 0
Tile:6_flip 9 7 1
Tile:7_flip 8 4 0
Tile:9_flip 10 7 1
Tile:9 4 3 0
Tile:8 10 8 1
Tile:5_flip 6 4 0
Tile:5 10 6 1
Tile:8 6 3 0
Map 12 5 1
Tile:4_flip 6 6 0
Tile:6_flip 11 6 1
Destroy 4 5 0
Tile:0 12 6 1
Tile:10 11 7 0
Tile:7 13 6 1
Drop 1 0 0
Destroy 12 6 1
Destroy 8 6 0
Tile:0 12 6 1
Tile:8 6 2 0
Map 12 7 1
Tile:8 6 1 0
Tile:3 6 0 1
Tile:9 3 4 0
Tile:5_flip 13 7 1
Tile:7 3 3 0
Tile:14 7 1 1
Tile:11 7 0 0
Tile:1 7 2 1
Tile:13 11 8 0
Tile:12 7 3 1
Tile:7_flip 10 9 0
Tile:15 8 3 1
Malus 0 0 0
Drop 0 0 1
Drop 0 0 0
Bonus 0 0 1
Drop 0 0 0
Drop 0 0 1
GAMEOVER DRAW
# Game ended: Mon Apr 06 15:51:31 EDT 2020
