# Server version 0.08 running on LAPTOP-QJHLSQ4D:8123
# Game ID: 74
# Board class: Saboteur.SaboteurBoard
# Timeout: 20000
# First Move Timeout: 30000
# Date: Mon Mar 30 17:00:31 EDT 2020
# Player 1: Player-0, '260760794', running on LAPTOP-QJHLSQ4D
# Player 2: Player-1, 'RandomPlayer', running on LAPTOP-QJHLSQ4D
START Player-0 260760794
START Player-1 RandomPlayer
BoardInit:Tile:0,Destroy,Tile:2,Tile:8,Malus,Tile:7,Tile:9,Tile:10,Tile:0,Bonus,Tile:7,Tile:6,Map,Destroy,Map,Map,Tile:9,Tile:5,Bonus,Tile:8,Map,Tile:10,Tile:15,Map,Tile:6,Tile:7,Destroy,Tile:6,Tile:6,Tile:4,Tile:0,Tile:9,Tile:0,Tile:13,Tile:5,Tile:8,Tile:7,Tile:5,Tile:12,Tile:1,Tile:9-Bonus,Tile:3,Bonus,Map,Tile:9,Tile:14,Tile:10-Tile:8,Tile:11,Tile:5,Tile:6,Tile:7,Tile:8,Malus-Tile:nugget,Tile:hidden2,Tile:hidden1
Tile:3_flip 5 6 1
Malus 0 0 0
Drop 1 0 1
Tile:8 6 6 0
Map 12 5 1
Tile:8 6 7 0
Drop 5 0 1
Tile:11 6 8 0
Drop 0 0 1
Tile:7 7 6 0
Malus 0 0 1
Destroy 6 7 0
Drop 0 0 1
Bonus 0 0 0
Map 12 7 1
Tile:5_flip 6 9 0
Map 12 7 1
Map 12 3 0
Drop 3 0 1
Tile:6 7 8 0
Drop 2 0 1
Tile:8 6 5 0
Map 12 3 1
Tile:10 6 4 0
Drop 5 0 1
Map 12 5 0
Drop 0 0 1
Tile:7 6 3 0
Drop 5 0 1
Tile:6 7 5 0
Destroy 7 5 1
Tile:6 7 5 0
Drop 6 0 1
Tile:9_flip 8 5 0
Drop 3 0 1
Tile:4 7 4 0
Drop 3 0 1
Tile:10 8 4 0
Drop 6 0 1
Tile:5 8 3 0
Drop 2 0 1
Tile:8 6 7 0
Drop 0 0 1
Tile:7 8 8 0
Drop 4 0 1
Tile:13 7 7 0
Drop 2 0 1
Tile:1 9 3 0
Drop 0 0 1
Tile:8 8 9 0
Drop 0 0 1
Tile:5 7 9 0
Drop 1 0 1
Destroy 5 6 0
Drop 0 0 1
GAMEOVER DRAW
# Game ended: Mon Mar 30 17:00:31 EDT 2020
