# Server version 0.08 running on LAPTOP-QJHLSQ4D:8123
# Game ID: 91
# Board class: Saboteur.SaboteurBoard
# Timeout: 20000
# First Move Timeout: 30000
# Date: Mon Mar 30 17:05:56 EDT 2020
# Player 1: Player-0, 'RandomPlayer', running on LAPTOP-QJHLSQ4D
# Player 2: Player-1, '260760794', running on LAPTOP-QJHLSQ4D
START Player-0 RandomPlayer
START Player-1 260760794
BoardInit:Tile:9,Bonus,Tile:14,Tile:2,Tile:5,Tile:10,Tile:7,Tile:7,Tile:9,Malus,Map,Tile:6,Tile:5,Tile:8,Tile:1,Tile:8,Tile:8,Tile:7,Tile:9,Tile:9,Tile:5,Bonus,Tile:5,Destroy,Map,Tile:9,Tile:8,Tile:3,Tile:7,Map,Map,Tile:0,Tile:10,Malus,Tile:12,Bonus,Tile:6,Tile:8,Tile:11,Tile:0,Tile:6-Bonus,Tile:15,Tile:6,Map,Tile:6,Tile:10,Destroy-Tile:13,Tile:0,Tile:7,Tile:0,Tile:4,Map,Destroy-Tile:hidden1,Tile:hidden2,Tile:nugget
Map 12 3 1
Tile:0 6 5 0
Tile:9_flip 7 5 1
Destroy 6 5 0
Tile:14_flip 7 4 1
Drop 2 0 0
Tile:5_flip 8 4 1
Tile:2 4 5 0
Tile:7 8 3 1
Map 12 7 0
Tile:6 7 3 1
Drop 0 0 0
Map 12 5 1
Tile:6_flip 3 5 0
Tile:5 6 3 1
Tile:4 7 2 0
Tile:1 6 5 1
Tile:8 7 6 0
Tile:6_flip 6 6 1
Tile:10 4 6 0
Tile:9_flip 6 7 1
Tile:9_flip 4 7 0
Tile:15 6 8 1
Tile:7 5 4 0
Tile:5_flip 8 6 1
Destroy 6 5 0
Map 12 7 1
Tile:7_flip 7 7 0
Tile:10 6 4 1
Tile:9 3 7 0
Tile:5 8 5 1
Drop 3 0 0
Tile:7_flip 6 9 1
Map 12 7 0
Tile:8 9 5 1
Tile:0 7 9 0
Tile:12 10 5 1
Tile:3_flip 5 7 0
Tile:6 6 5 1
Tile:8 8 9 0
Tile:11_flip 9 9 1
Tile:0 2 5 0
Tile:6_flip 9 8 1
Drop 2 0 0
Tile:8 10 8 1
Drop 0 0 0
Tile:10 10 9 1
Tile:8 3 8 0
Tile:9_flip 11 8 1
Drop 1 0 0
Destroy 10 9 1
Malus 0 0 0
Map 12 7 1
Drop 0 0 0
Bonus 0 0 1
GAMEOVER DRAW
# Game ended: Mon Mar 30 17:05:56 EDT 2020
