# Server version 0.08 running on LAPTOP-QJHLSQ4D:8123
# Game ID: 324
# Board class: Saboteur.SaboteurBoard
# Timeout: 20000
# First Move Timeout: 30000
# Date: Thu Apr 09 17:40:06 EDT 2020
# Player 1: Player-0, 'RandomPlayer', running on LAPTOP-QJHLSQ4D
# Player 2: Player-1, '260779480', running on LAPTOP-QJHLSQ4D
START Player-0 RandomPlayer
START Player-1 260779480
BoardInit:Tile:0,Tile:11,Tile:9,Tile:0,Map,Tile:5,Tile:7,Tile:6,Tile:8,Bonus,Tile:6,Tile:9,Tile:7,Tile:8,Tile:1,Tile:15,Tile:6,Tile:7,Destroy,Tile:10,Destroy,Tile:10,Tile:12,Tile:0,Tile:6,Map,Tile:9,Tile:5,Tile:3,Tile:8,Tile:8,Tile:13,Tile:0,Map,Tile:8,Tile:7,Tile:2,Destroy,Tile:5,Malus,Map-Bonus,Tile:9,Map,Bonus,Malus,Bonus,Tile:5-Map,Tile:4,Tile:9,Tile:14,Tile:7,Tile:6,Tile:10-Tile:hidden1,Tile:hidden2,Tile:nugget
Map 12 3 1
Tile:6_flip 5 4 0
Tile:9_flip 6 4 1
Tile:9_flip 6 5 0
Tile:9 6 3 1
Drop 2 0 0
Map 12 7 1
Tile:11_flip 6 2 0
Tile:0 7 3 1
Tile:7_flip 5 2 0
Tile:8 8 3 1
Tile:6_flip 9 3 0
Malus 0 0 1
Drop 6 0 0
Tile:6 10 3 1
Map 12 7 0
Drop 6 0 1
Drop 1 0 0
Tile:6 11 3 1
Drop 3 0 0
Drop 6 0 1
Drop 2 0 0
Drop 6 0 1
Drop 0 0 0
Drop 6 0 1
Drop 2 0 0
Drop 3 0 1
Drop 5 0 0
Tile:9 12 4 1
Drop 6 0 0
Drop 6 0 1
Drop 1 0 0
Tile:8 12 6 1
GAMEOVER WINNER 1
# Game ended: Thu Apr 09 17:40:16 EDT 2020
