# Server version 0.08 running on LAPTOP-QJHLSQ4D:8123
# Game ID: 307
# Board class: Saboteur.SaboteurBoard
# Timeout: 20000
# First Move Timeout: 30000
# Date: Thu Apr 09 17:26:58 EDT 2020
# Player 1: Player-0, 'RandomPlayer', running on LAPTOP-QJHLSQ4D
# Player 2: Player-1, '260779480', running on LAPTOP-QJHLSQ4D
START Player-0 RandomPlayer
START Player-1 260779480
BoardInit:Bonus,Tile:8,Tile:8,Tile:10,Map,Tile:5,Map,Tile:3,Tile:13,Tile:6,Tile:5,Tile:4,Tile:5,Tile:8,Tile:6,Malus,Tile:9,Tile:6,Tile:14,Tile:0,Tile:7,Tile:0,Tile:9,Tile:6,Bonus,Destroy,Bonus,Tile:8,Tile:1,Tile:5,Map,Tile:10,Tile:7,Map,Destroy,Tile:7,Tile:9,Map,Tile:10,Tile:12,Bonus-Tile:7,Tile:9,Tile:9,Malus,Map,Tile:7,Tile:0-Tile:0,Tile:11,Tile:8,Destroy,Tile:2,Tile:15,Tile:6-Tile:hidden1,Tile:nugget,Tile:hidden2
Map 12 3 1
Tile:15 5 6 0
Tile:9_flip 6 5 1
Tile:8 5 4 0
Tile:8 6 4 1
Tile:6 5 7 0
Map 12 7 1
Tile:5 4 4 0
Map 12 5 1
Tile:10 6 6 0
Tile:9_flip 7 4 1
Drop 4 0 0
Tile:7 7 3 1
Tile:3_flip 4 5 0
Tile:7_flip 7 5 1
Tile:2 4 7 0
Tile:6 8 5 1
Tile:6_flip 3 7 0
Malus 0 0 1
Malus 0 0 0
Bonus 0 0 1
Destroy 6 6 0
Tile:9_flip 9 5 1
Drop 0 0 0
Tile:9 9 4 1
Drop 2 0 0
Tile:0 10 4 1
Destroy 3 7 0
Drop 0 0 1
Drop 5 0 0
Drop 2 0 1
Drop 0 0 0
Drop 5 0 1
Drop 6 0 0
Drop 0 0 1
Drop 3 0 0
Drop 6 0 1
Drop 2 0 0
Drop 0 0 1
Map 12 7 0
Drop 0 0 1
Drop 6 0 0
Drop 3 0 1
Map 12 5 0
Drop 4 0 1
Drop 3 0 0
Drop 3 0 1
Drop 0 0 0
Drop 2 0 1
Drop 2 0 0
Drop 2 0 1
Drop 0 0 0
Drop 1 0 1
Drop 0 0 0
Drop 0 0 1
GAMEOVER DRAW
# Game ended: Thu Apr 09 17:27:07 EDT 2020
