# Server version 0.08 running on LAPTOP-QJHLSQ4D:8123
# Game ID: 326
# Board class: Saboteur.SaboteurBoard
# Timeout: 20000
# First Move Timeout: 30000
# Date: Thu Apr 09 17:41:34 EDT 2020
# Player 1: Player-0, 'RandomPlayer', running on LAPTOP-QJHLSQ4D
# Player 2: Player-1, '260779480', running on LAPTOP-QJHLSQ4D
START Player-0 RandomPlayer
START Player-1 260779480
BoardInit:Tile:0,Tile:8,Tile:0,Tile:14,Tile:5,Tile:11,Tile:9,Tile:5,Map,Malus,Tile:7,Tile:6,Malus,Map,Tile:8,Tile:10,Tile:9,Tile:9,Tile:2,Tile:3,Tile:7,Tile:0,Tile:8,Tile:9,Tile:6,Tile:7,Map,Tile:12,Tile:5,Destroy,Tile:8,Tile:9,Bonus,Tile:4,Tile:13,Tile:6,Tile:10,Tile:1,Bonus,Tile:6,Tile:6-Tile:10,Tile:7,Destroy,Map,Tile:5,Map,Tile:0-Tile:15,Bonus,Bonus,Tile:8,Map,Tile:7,Destroy-Tile:hidden1,Tile:nugget,Tile:hidden2
Map 12 3 1
Tile:15 5 4 0
Map 12 7 1
Map 12 3 0
Tile:0 6 5 1
Tile:14 7 5 0
Tile:10 5 6 1
Tile:8 4 5 0
Tile:9 5 7 1
Tile:5_flip 5 8 0
Map 12 5 1
Tile:7 4 4 0
Tile:0 6 7 1
Tile:11 4 8 0
Tile:0 7 7 1
Tile:6_flip 3 4 0
Tile:8 8 7 1
Tile:10 4 6 0
Malus 0 0 1
Destroy 7 5 0
Tile:9_flip 9 7 1
Map 12 3 0
Tile:7 9 6 1
Malus 0 0 0
Drop 4 0 1
Drop 0 0 0
Drop 0 0 1
Drop 0 0 0
Drop 0 0 1
Drop 5 0 0
Drop 0 0 1
Drop 3 0 0
Drop 0 0 1
Destroy 9 7 0
Bonus 0 0 1
Drop 3 0 0
Tile:8 9 7 1
Drop 3 0 0
Tile:8 10 7 1
Drop 6 0 0
Tile:6 11 7 1
Drop 2 0 0
Tile:10 12 6 1
GAMEOVER WINNER 1
# Game ended: Thu Apr 09 17:41:44 EDT 2020
