# Server version 0.08 running on LAPTOP-QJHLSQ4D:8123
# Game ID: 48
# Board class: Saboteur.SaboteurBoard
# Timeout: 20000
# First Move Timeout: 30000
# Date: Fri Mar 27 20:17:21 EDT 2020
# Player 1: Player-0, '260760794', running on LAPTOP-QJHLSQ4D
# Player 2: Player-1, 'Human', running on LAPTOP-QJHLSQ4D
START Player-0 260760794
START Player-1 Human
BoardInit:Map,Tile:7,Tile:0,Map,Tile:9,Tile:6,Tile:7,Tile:8,Tile:10,Tile:10,Bonus,Tile:6,Tile:1,Map,Tile:0,Tile:9,Bonus,Tile:4,Tile:6,Destroy,Tile:11,Tile:8,Tile:5,Tile:9,Tile:3,Tile:10,Tile:5,Tile:13,Tile:12,Map,Tile:7,Tile:7,Destroy,Bonus,Tile:9,Tile:8,Malus,Tile:5,Tile:15,Tile:5,Tile:8-Bonus,Tile:6,Tile:14,Tile:0,Tile:7,Map,Tile:6-Tile:8,Malus,Tile:2,Destroy,Tile:0,Map,Tile:9-Tile:nugget,Tile:hidden2,Tile:hidden1
Tile:0 6 5 1
Malus 0 0 0
Bonus 0 0 1
Map 12 3 0
Tile:6 7 5 1
Map 12 3 0
Map 12 3 1
Tile:8 7 4 0
Tile:0 8 4 1
Tile:2 9 4 0
Map 12 5 1
Tile:0 10 4 0
Tile:10 7 3 1
Tile:9 9 5 0
Tile:7 7 2 1
Map 12 3 0
Tile:9 5 6 1
GAMEOVER TIMEOUT WINNER 1
# Game ended: Fri Mar 27 20:19:53 EDT 2020
