# Server version 0.08 running on LAPTOP-QJHLSQ4D:8123
# Game ID: 367
# Board class: Saboteur.SaboteurBoard
# Timeout: 20000
# First Move Timeout: 30000
# Date: Thu Apr 09 23:21:06 EDT 2020
# Player 1: Player-0, '260760794', running on LAPTOP-QJHLSQ4D
# Player 2: Player-1, 'RandomPlayer', running on LAPTOP-QJHLSQ4D
START Player-0 260760794
START Player-1 RandomPlayer
BoardInit:Tile:8,Tile:0,Tile:0,Tile:8,Bonus,Tile:10,Tile:3,Tile:13,Tile:9,Tile:15,Tile:5,Tile:7,Tile:7,Tile:7,Tile:5,Map,Destroy,Tile:9,Tile:9,Tile:9,Bonus,Tile:0,Tile:8,Tile:7,Tile:6,Tile:9,Bonus,Tile:6,Bonus,Map,Map,Map,Malus,Tile:0,Tile:6,Destroy,Tile:6,Tile:5,Tile:6,Tile:14,Tile:5-Malus,Tile:10,Tile:2,Tile:7,Tile:11,Tile:8,Tile:12-Destroy,Map,Tile:10,Tile:8,Map,Tile:1,Tile:4-Tile:hidden2,Tile:hidden1,Tile:nugget
Tile:8 5 4 1
Map 12 3 0
Drop 5 0 1
Map 12 5 0
Tile:0 6 5 1
Tile:8 7 5 0
Tile:2 5 3 1
Tile:8 8 5 0
Tile:11 7 6 1
Tile:0 9 5 0
Tile:3_flip 4 5 1
Drop 5 0 0
Tile:8 4 4 1
Tile:7 10 5 0
Malus 0 0 1
Drop 2 0 0
Tile:5_flip 10 6 1
Map 12 7 0
Tile:5_flip 6 4 1
Drop 4 0 0
Tile:9_flip 6 3 1
Drop 2 0 0
Tile:7_flip 7 7 1
Drop 0 0 0
Destroy 4 5 1
Drop 2 0 0
Tile:6 3 4 1
Drop 5 0 0
Tile:9 7 4 1
Drop 0 0 0
Tile:8 8 7 1
Drop 0 0 0
Tile:10 6 2 1
Drop 2 0 0
Tile:7 8 4 1
Drop 6 0 0
Tile:6_flip 9 7 1
Drop 6 0 0
Malus 0 0 1
Drop 6 0 0
Tile:6_flip 10 7 1
Drop 6 0 0
Tile:5 7 3 1
Drop 0 0 0
Tile:6 4 5 1
Drop 0 0 0
Map 12 5 1
Drop 0 0 0
Drop 0 0 1
Drop 0 0 0
Drop 0 0 1
Map 12 5 0
Drop 1 0 1
Map 12 5 0
Drop 0 0 1
GAMEOVER DRAW
# Game ended: Thu Apr 09 23:21:16 EDT 2020
