# Server version 0.08 running on LAPTOP-QJHLSQ4D:8123
# Game ID: 217
# Board class: Saboteur.SaboteurBoard
# Timeout: 20000
# First Move Timeout: 30000
# Date: Sun Apr 05 20:34:01 EDT 2020
# Player 1: Player-0, '260760794', running on LAPTOP-QJHLSQ4D
# Player 2: Player-1, 'RandomPlayer', running on LAPTOP-QJHLSQ4D
START Player-0 260760794
START Player-1 RandomPlayer
BoardInit:Tile:8,Bonus,Tile:11,Tile:0,Tile:7,Tile:9,Tile:8,Tile:6,Tile:5,Tile:8,Tile:8,Tile:7,Tile:3,Tile:14,Tile:9,Tile:6,Tile:2,Bonus,Destroy,Tile:6,Tile:15,Malus,Tile:7,Destroy,Tile:9,Map,Bonus,Tile:9,Tile:5,Tile:12,Map,Map,Tile:8,Tile:10,Bonus,Tile:10,Tile:0,Malus,Tile:0,Tile:13,Map-Map,Tile:5,Map,Tile:6,Tile:5,Tile:10,Tile:4-Tile:7,Destroy,Tile:6,Tile:7,Tile:9,Tile:1,Tile:0-Tile:hidden1,Tile:nugget,Tile:hidden2
Tile:10 5 4 1
Tile:9_flip 5 6 0
Tile:6_flip 4 6 1
Tile:1 4 5 0
Tile:4_flip 5 7 1
Tile:7_flip 3 5 0
Tile:8 5 3 1
Tile:6_flip 5 2 0
Drop 0 0 1
Tile:6 4 2 0
Tile:11 4 1 1
Destroy 5 7 0
Tile:5_flip 5 7 1
Tile:0 3 6 0
Drop 3 0 1
Tile:14 5 1 0
Tile:5 4 0 1
Tile:7_flip 4 7 0
Tile:2_flip 6 5 1
Tile:6 7 5 0
Destroy 5 4 1
Tile:0 3 2 0
Tile:7 8 5 1
Tile:7 5 0 0
Drop 4 0 1
Destroy 5 3 0
Tile:9_flip 6 4 1
Tile:9 7 4 0
Tile:7 6 3 1
Malus 0 0 0
Drop 3 0 1
Tile:8 2 2 0
Map 12 7 1
Tile:9 7 3 0
Drop 4 0 1
Tile:6 8 4 0
Drop 0 0 1
Tile:10 2 3 0
Map 12 7 1
Tile:12 6 2 0
Drop 4 0 1
Tile:10 2 1 0
Map 12 7 1
Drop 5 0 0
Drop 4 0 1
Drop 3 0 0
Drop 3 0 1
Map 12 5 0
Drop 2 0 1
Malus 0 0 0
Drop 0 0 1
Drop 0 0 0
Drop 1 0 1
Drop 0 0 0
Drop 0 0 1
GAMEOVER DRAW
# Game ended: Sun Apr 05 20:43:10 EDT 2020
