# Server version 0.08 running on LAPTOP-QJHLSQ4D:8123
# Game ID: 285
# Board class: Saboteur.SaboteurBoard
# Timeout: 20000
# First Move Timeout: 30000
# Date: Thu Apr 09 16:56:53 EDT 2020
# Player 1: Player-0, '260779480', running on LAPTOP-QJHLSQ4D
# Player 2: Player-1, '260779480', running on LAPTOP-QJHLSQ4D
START Player-0 260779480
START Player-1 260779480
BoardInit:Tile:7,Tile:9,Tile:7,Tile:8,Tile:7,Tile:4,Tile:6,Tile:6,Tile:11,Map,Destroy,Malus,Tile:9,Tile:9,Tile:10,Malus,Tile:2,Tile:13,Tile:0,Tile:8,Tile:10,Tile:7,Tile:5,Tile:5,Destroy,Tile:14,Map,Tile:6,Tile:3,Tile:6,Destroy,Tile:6,Bonus,Tile:8,Tile:9,Tile:5,Tile:0,Map,Tile:7,Tile:0,Tile:12-Map,Bonus,Bonus,Tile:5,Tile:10,Tile:1,Tile:9-Tile:8,Map,Tile:15,Bonus,Tile:8,Tile:0,Map-Tile:hidden1,Tile:hidden2,Tile:nugget
Map 12 3 1
Map 12 3 0
Tile:9_flip 6 5 1
Map 12 7 0
Tile:10 6 4 1
Tile:8 6 3 0
Tile:5_flip 7 3 1
Tile:8 7 2 0
Tile:6 8 2 1
Tile:8 9 2 0
Tile:7 10 2 1
Map 12 5 0
Tile:7_flip 10 3 1
Malus 0 0 0
Bonus 0 0 1
Tile:6 11 3 0
Tile:9 12 2 1
Malus 0 0 0
Bonus 0 0 1
Tile:9 12 1 0
Tile:10 12 0 1
Tile:8 12 4 0
Tile:10 12 6 1
GAMEOVER WINNER 1
# Game ended: Thu Apr 09 16:57:02 EDT 2020
