# Server version 0.08 running on LAPTOP-QJHLSQ4D:8123
# Game ID: 361
# Board class: Saboteur.SaboteurBoard
# Timeout: 20000
# First Move Timeout: 30000
# Date: Thu Apr 09 19:52:17 EDT 2020
# Player 1: Player-0, 'RandomPlayer', running on LAPTOP-QJHLSQ4D
# Player 2: Player-1, '260760794', running on LAPTOP-QJHLSQ4D
START Player-0 RandomPlayer
START Player-1 260760794
BoardInit:Tile:0,Tile:6,Destroy,Destroy,Tile:6,Malus,Map,Tile:10,Map,Tile:7,Tile:7,Tile:9,Tile:8,Tile:9,Tile:14,Malus,Tile:8,Tile:7,Tile:0,Tile:6,Tile:12,Tile:8,Bonus,Destroy,Tile:9,Map,Map,Tile:6,Tile:5,Tile:0,Tile:4,Tile:9,Map,Tile:10,Tile:3,Tile:13,Tile:0,Tile:9,Tile:11,Tile:5,Tile:1-Bonus,Tile:5,Tile:8,Tile:10,Tile:7,Tile:7,Bonus-Tile:8,Tile:6,Tile:5,Bonus,Tile:2,Map,Tile:15-Tile:nugget,Tile:hidden2,Tile:hidden1
Drop 1 0 1
Tile:2_flip 4 5 0
Tile:8 6 5 1
Tile:6_flip 4 4 0
Tile:0 7 5 1
Tile:5_flip 5 6 0
Tile:6 8 5 1
Tile:6_flip 5 4 0
Map 12 3 1
Tile:15 8 4 0
Map 12 7 1
Tile:7 9 5 0
Tile:10 9 6 1
Drop 2 0 0
Tile:8 9 7 1
Tile:8 6 4 0
Tile:7 10 7 1
Tile:9 9 8 0
Tile:8 10 8 1
Tile:7_flip 3 4 0
Tile:0 11 8 1
Tile:6_flip 6 3 0
Drop 5 0 1
Destroy 9 6 0
Tile:7 7 3 1
Drop 5 0 0
Tile:9 9 6 1
Destroy 3 4 0
Map 12 5 1
Tile:10 9 9 0
Drop 4 0 1
Drop 2 0 0
Drop 6 0 1
Tile:0 3 5 0
Drop 2 0 1
Tile:9 6 6 0
Drop 6 0 1
Tile:10 6 7 0
Drop 2 0 1
Tile:6_flip 7 6 0
Drop 6 0 1
Tile:5 4 6 0
Drop 6 0 1
Tile:9_flip 12 8 0
Drop 3 0 1
Tile:13 2 5 0
Drop 4 0 1
Malus 0 0 0
Bonus 0 0 1
Map 12 5 0
Map 12 3 1
Malus 0 0 0
Bonus 0 0 1
Drop 0 0 0
Drop 0 0 1
GAMEOVER DRAW
# Game ended: Thu Apr 09 19:52:27 EDT 2020
