# Server version 0.08 running on LAPTOP-QJHLSQ4D:8123
# Game ID: 141
# Board class: Saboteur.SaboteurBoard
# Timeout: 20000
# First Move Timeout: 30000
# Date: Sat Apr 04 17:27:12 EDT 2020
# Player 1: Player-0, '260760794', running on LAPTOP-QJHLSQ4D
# Player 2: Player-1, 'RandomPlayer', running on LAPTOP-QJHLSQ4D
START Player-0 260760794
START Player-1 RandomPlayer
BoardInit:Tile:0,Tile:8,Tile:1,Tile:6,Destroy,Tile:5,Tile:0,Tile:7,Tile:10,Tile:6,Map,Bonus,Tile:8,Tile:0,Tile:9,Tile:9,Tile:5,Tile:6,Bonus,Tile:7,Map,Destroy,Tile:6,Tile:0,Tile:14,Bonus,Map,Tile:6,Tile:8,Tile:7,Tile:7,Tile:4,Tile:15,Tile:2,Tile:5,Bonus,Tile:10,Tile:5,Tile:13,Map,Malus-Malus,Tile:10,Map,Destroy,Tile:12,Tile:8,Tile:9-Tile:11,Tile:7,Tile:3,Tile:8,Map,Tile:9,Tile:9-Tile:nugget,Tile:hidden2,Tile:hidden1
Drop 2 0 1
Map 12 3 0
Drop 1 0 1
Tile:8 6 5 0
Drop 4 0 1
Tile:6_flip 7 5 0
Drop 3 0 1
Tile:5_flip 8 5 0
Drop 0 0 1
Tile:7_flip 7 6 0
Drop 1 0 1
Tile:6_flip 8 6 0
Drop 6 0 1
Tile:7_flip 8 7 0
Destroy 7 5 1
Tile:0 9 6 0
Tile:8 10 6 1
Tile:3 10 5 0
Tile:0 9 7 1
Tile:11_flip 11 6 0
Tile:9 11 5 1
Tile:7_flip 11 7 0
Tile:5_flip 6 6 1
Tile:6_flip 11 4 0
Map 12 3 1
Tile:9_flip 12 4 0
Destroy 11 7 1
Tile:9_flip 11 7 0
Tile:14 11 8 1
Tile:6 10 4 0
Drop 2 0 1
Tile:7_flip 10 8 0
Tile:8 7 5 1
Tile:4 10 3 0
Drop 4 0 1
Tile:2_flip 9 4 0
Tile:7_flip 5 6 1
Tile:8 10 7 0
Tile:6_flip 4 5 1
Tile:5 8 4 0
Tile:15 7 4 1
Map 12 5 0
Drop 6 0 1
Tile:9_flip 9 3 0
Tile:10 6 4 1
Tile:0 8 3 0
Tile:13 7 3 1
Destroy 11 4 0
Tile:0 3 5 1
Drop 2 0 0
Tile:5 2 5 1
Drop 0 0 0
Drop 1 0 1
Drop 0 0 0
Drop 0 0 1
GAMEOVER DRAW
# Game ended: Sat Apr 04 17:27:22 EDT 2020
