# Server version 0.08 running on LAPTOP-QJHLSQ4D:8123
# Game ID: 205
# Board class: Saboteur.SaboteurBoard
# Timeout: 20000
# First Move Timeout: 30000
# Date: Sun Apr 05 17:52:06 EDT 2020
# Player 1: Player-0, 'RandomPlayer', running on LAPTOP-QJHLSQ4D
# Player 2: Player-1, '260760794', running on LAPTOP-QJHLSQ4D
START Player-0 RandomPlayer
START Player-1 260760794
BoardInit:Bonus,Destroy,Tile:6,Map,Map,Tile:5,Bonus,Map,Tile:4,Tile:3,Tile:7,Tile:10,Tile:12,Tile:9,Destroy,Tile:7,Tile:0,Tile:1,Map,Tile:6,Tile:13,Tile:6,Map,Tile:5,Tile:8,Tile:14,Tile:0,Tile:9,Tile:7,Tile:9,Tile:11,Tile:5,Tile:2,Malus,Tile:7,Tile:6,Tile:8,Tile:9,Tile:10,Tile:9,Tile:8-Tile:8,Tile:0,Destroy,Bonus,Map,Malus,Tile:5-Tile:7,Tile:8,Bonus,Tile:0,Tile:10,Tile:15,Tile:6-Tile:hidden1,Tile:nugget,Tile:hidden2
Map 12 3 1
Tile:8 4 5 0
Tile:5_flip 6 5 1
Tile:10 5 4 0
Malus 0 0 1
Drop 4 0 0
Map 12 5 1
Map 12 5 0
Destroy 6 5 1
Drop 1 0 0
Tile:6_flip 6 5 1
Drop 3 0 0
Tile:7 7 5 1
Drop 4 0 0
Tile:8 7 6 1
Drop 0 0 0
Destroy 7 5 1
Drop 5 0 0
Tile:0 8 6 1
Drop 3 0 0
Map 12 7 1
Drop 2 0 0
Tile:12_flip 3 5 1
Drop 0 0 0
Tile:13 9 6 1
Drop 2 0 0
Tile:8 7 5 1
Drop 0 0 0
Map 12 3 1
Drop 5 0 0
Tile:7 7 4 1
Drop 0 0 0
Tile:11 9 5 1
Drop 6 0 0
Tile:2_flip 10 5 1
Drop 0 0 0
Tile:7_flip 6 6 1
Drop 4 0 0
Tile:8 7 7 1
Drop 0 0 0
Tile:10 7 8 1
Drop 4 0 0
Tile:8 7 9 1
Malus 0 0 0
Bonus 0 0 1
Drop 3 0 0
Tile:0 10 6 1
Drop 0 0 0
Tile:0 11 6 1
Drop 2 0 0
Tile:4 4 4 1
Drop 0 0 0
Drop 1 0 1
Drop 0 0 0
Drop 0 0 1
GAMEOVER DRAW
# Game ended: Sun Apr 05 17:52:15 EDT 2020
