# Server version 0.08 running on LAPTOP-QJHLSQ4D:8123
# Game ID: 31
# Board class: Saboteur.SaboteurBoard
# Timeout: 20000
# First Move Timeout: 30000
# Date: Wed Mar 25 23:14:52 EDT 2020
# Player 1: Player-0, '260760794', running on LAPTOP-QJHLSQ4D
# Player 2: Player-1, '260760794', running on LAPTOP-QJHLSQ4D
START Player-0 260760794
START Player-1 260760794
BoardInit:Tile:6,Tile:7,Tile:6,Tile:10,Bonus,Tile:10,Tile:9,Tile:5,Tile:5,Tile:7,Map,Tile:1,Tile:7,Tile:12,Tile:9,Tile:0,Bonus,Tile:8,Tile:8,Tile:4,Tile:8,Destroy,Tile:9,Tile:7,Bonus,Tile:5,Tile:2,Tile:3,Tile:9,Tile:6,Tile:0,Tile:11,Tile:14,Tile:6,Tile:15,Tile:13,Tile:10,Tile:5,Tile:8,Destroy,Bonus-Tile:0,Map,Map,Map,Tile:0,Tile:9,Destroy-Malus,Map,Malus,Tile:7,Tile:8,Tile:6,Map-Tile:nugget,Tile:hidden1,Tile:hidden2
Map 12 3 1
Map 12 3 0
Map 12 3 1
Map 12 3 0
Map 12 3 1
Tile:7_flip 5 6 0
Tile:0 6 6 1
Tile:8 5 4 0
Tile:9 5 3 1
Tile:6 6 3 0
Tile:6_flip 5 2 1
Tile:7 6 2 0
Map 12 3 1
Tile:5_flip 7 3 0
Tile:9 7 2 1
Tile:10 7 1 0
Tile:6_flip 7 0 1
Tile:7 8 0 0
Tile:7_flip 8 1 1
Tile:1 6 0 0
Tile:0 5 0 1
Tile:12 8 2 0
Tile:5_flip 6 5 1
Tile:0 7 6 0
Tile:9_flip 8 6 1
Tile:10 8 5 0
Tile:8 8 4 1
Tile:8 9 4 0
Tile:8 10 4 1
Tile:7 11 4 0
Tile:9 11 5 1
Tile:4 12 4 0
Tile:2_flip 11 6 1
Tile:5 10 6 0
Tile:9 10 7 1
Tile:3 11 7 0
Tile:14 10 5 1
Tile:6 12 6 0
Tile:0 7 4 1
Tile:5 8 3 0
Tile:15 10 3 1
Tile:11 9 5 0
Tile:10 9 6 1
Tile:6_flip 10 2 0
Tile:8 8 7 1
Tile:13 11 2 0
Destroy 8 6 1
Destroy 11 2 0
Drop 0 0 1
Destroy 8 1 0
Drop 0 0 1
Malus 0 0 0
Drop 0 0 1
Drop 0 0 0
Bonus 0 0 1
GAMEOVER DRAW
# Game ended: Wed Mar 25 23:14:52 EDT 2020
