# Server version 0.08 running on LAPTOP-QJHLSQ4D:8123
# Game ID: 93
# Board class: Saboteur.SaboteurBoard
# Timeout: 20000
# First Move Timeout: 30000
# Date: Mon Mar 30 17:06:05 EDT 2020
# Player 1: Player-0, '260760794', running on LAPTOP-QJHLSQ4D
# Player 2: Player-1, 'RandomPlayer', running on LAPTOP-QJHLSQ4D
START Player-0 260760794
START Player-1 RandomPlayer
BoardInit:Tile:7,Bonus,Bonus,Tile:8,Tile:8,Tile:15,Tile:6,Tile:3,Destroy,Tile:5,Tile:7,Map,Map,Tile:8,Tile:13,Map,Tile:9,Tile:11,Tile:9,Tile:6,Tile:8,Tile:5,Tile:2,Map,Tile:7,Tile:0,Tile:9,Destroy,Tile:1,Destroy,Bonus,Tile:6,Tile:0,Tile:0,Tile:5,Tile:7,Tile:9,Tile:5,Map,Tile:4,Tile:12-Tile:9,Tile:10,Tile:10,Malus,Malus,Tile:6,Tile:7-Map,Tile:14,Tile:10,Tile:0,Bonus,Tile:6,Tile:8-Tile:hidden1,Tile:nugget,Tile:hidden2
Tile:9 5 6 1
Map 12 3 0
Tile:7_flip 4 5 1
Tile:8 6 6 0
Tile:7 6 5 1
Tile:8 6 7 0
Tile:10 5 4 1
Tile:6_flip 7 6 0
Tile:6 8 6 1
Tile:14 6 8 0
Destroy 4 5 1
Tile:5_flip 9 6 0
Tile:8 7 7 1
Map 12 5 0
Drop 2 0 1
Tile:10 7 8 0
Tile:7 5 3 1
Map 12 7 0
Tile:10 7 9 1
Tile:11_flip 9 5 0
Tile:9 5 7 1
Tile:6_flip 9 4 0
Tile:9 8 4 1
Tile:5_flip 10 4 0
Tile:2_flip 5 8 1
Tile:3 10 3 0
Tile:13 4 3 1
Tile:8 8 3 0
Tile:9_flip 4 2 1
Tile:0 7 3 0
Tile:6_flip 4 5 1
Tile:15 7 10 0
Map 12 3 1
Tile:6_flip 8 2 0
Tile:0 8 7 1
Tile:0 9 7 0
Drop 6 0 1
Tile:0 10 7 0
Tile:1 3 3 1
Tile:5_flip 11 7 0
Drop 4 0 1
Tile:4 11 6 0
Drop 5 0 1
Tile:7_flip 6 3 0
Tile:12_flip 7 2 1
Destroy 10 7 0
Tile:9_flip 6 2 1
Destroy 9 6 0
Malus 0 0 1
Bonus 0 0 0
Tile:8 2 3 1
Map 12 7 0
Tile:7_flip 5 2 1
Drop 0 0 0
Drop 0 0 1
GAMEOVER DRAW
# Game ended: Mon Mar 30 17:06:05 EDT 2020
