# Server version 0.08 running on LAPTOP-QJHLSQ4D:8123
# Game ID: 21
# Board class: Saboteur.SaboteurBoard
# Timeout: 20000
# First Move Timeout: 30000
# Date: Wed Mar 25 21:31:05 EDT 2020
# Player 1: Player-0, 'Human', running on LAPTOP-QJHLSQ4D
# Player 2: Player-1, '260760794', running on LAPTOP-QJHLSQ4D
START Player-0 Human
START Player-1 260760794
BoardInit:Tile:8,Tile:5,Tile:2,Tile:9,Tile:0,Tile:6,Tile:0,Tile:5,Tile:6,Tile:7,Tile:10,Tile:10,Tile:8,Tile:0,Tile:8,Tile:3,Tile:9,Malus,Tile:15,Map,Tile:8,Tile:1,Tile:0,Tile:14,Tile:6,Tile:13,Map,Tile:8,Map,Tile:7,Bonus,Destroy,Bonus,Tile:7,Malus,Tile:12,Destroy,Tile:10,Map,Tile:11,Bonus-Tile:6,Tile:4,Bonus,Map,Map,Tile:9,Tile:9-Tile:6,Destroy,Tile:5,Tile:9,Tile:7,Tile:7,Tile:5-Tile:hidden2,Tile:hidden1,Tile:nugget
Tile:9_flip 6 5 1
Tile:5 6 4 0
Map 12 7 1
Tile:7 7 4 0
Map 12 5 1
Tile:9 7 5 0
Tile:8 7 6 1
Tile:6 8 5 0
Tile:0 8 6 1
Tile:6 9 5 0
Tile:6_flip 9 6 1
Tile:7 10 5 0
Tile:9_flip 9 7 1
Tile:5 9 4 0
Tile:6_flip 4 5 1
Tile:0 10 4 0
Tile:0 11 4 1
Tile:7 12 4 0
Tile:2_flip 5 6 1
Tile:10 12 6 0
GAMEOVER WINNER 0
# Game ended: Wed Mar 25 21:33:42 EDT 2020
