# Server version 0.08 running on LAPTOP-QJHLSQ4D:8123
# Game ID: 52
# Board class: Saboteur.SaboteurBoard
# Timeout: 20000
# First Move Timeout: 30000
# Date: Fri Mar 27 20:35:17 EDT 2020
# Player 1: Player-0, '260760794', running on LAPTOP-QJHLSQ4D
# Player 2: Player-1, 'Human', running on LAPTOP-QJHLSQ4D
START Player-0 260760794
START Player-1 Human
BoardInit:Tile:3,Tile:5,Map,Bonus,Tile:7,Tile:7,Map,Tile:2,Tile:6,Tile:10,Tile:8,Bonus,Tile:7,Bonus,Tile:11,Malus,Map,Tile:4,Tile:9,Tile:10,Tile:0,Tile:7,Tile:6,Tile:6,Bonus,Tile:0,Map,Tile:9,Tile:9,Tile:1,Tile:5,Tile:6,Tile:8,Tile:5,Tile:10,Tile:5,Tile:7,Tile:8,Tile:15,Map,Tile:8-Destroy,Tile:12,Tile:0,Tile:14,Map,Destroy,Tile:13-Tile:0,Destroy,Tile:8,Malus,Tile:6,Tile:9,Tile:9-Tile:nugget,Tile:hidden2,Tile:hidden1
Map 12 3 1
Malus 0 0 0
Drop 4 0 1
Tile:0 6 5 0
Drop 5 0 1
Tile:8 7 5 0
Drop 6 0 1
Tile:6 8 5 0
Drop 4 0 1
Tile:9_flip 9 5 0
Drop 3 0 1
Tile:9 9 6 0
Drop 2 0 1
Tile:5_flip 9 7 0
Drop 6 0 1
Tile:7 10 6 0
Drop 6 0 1
Malus 0 0 0
Drop 6 0 1
Tile:2 9 4 0
Drop 3 0 1
Tile:10 7 4 0
Drop 3 0 1
Tile:4 7 3 0
Drop 6 0 1
Tile:7 10 4 0
Bonus 0 0 1
Tile:10 7 6 0
Drop 6 0 1
Tile:9 8 4 0
Drop 4 0 1
Tile:6 8 7 0
Drop 6 0 1
Tile:6 7 7 0
Drop 6 0 1
Tile:5 8 3 0
Drop 6 0 1
Tile:0 6 7 0
Drop 1 0 1
Tile:1 9 3 0
Drop 6 0 1
Map 12 3 0
Drop 5 0 1
Tile:8 5 7 0
Drop 5 0 1
Drop 3 0 0
Drop 4 0 1
Tile:5 5 4 0
Drop 2 0 1
Destroy 9 3 0
Drop 0 0 1
Drop 0 0 0
Drop 0 0 1
Drop 0 0 0
Drop 0 0 1
GAMEOVER DRAW
# Game ended: Fri Mar 27 20:38:53 EDT 2020
