# Server version 0.08 running on LAPTOP-QJHLSQ4D:8123
# Game ID: 313
# Board class: Saboteur.SaboteurBoard
# Timeout: 20000
# First Move Timeout: 30000
# Date: Thu Apr 09 17:32:11 EDT 2020
# Player 1: Player-0, '260779480', running on LAPTOP-QJHLSQ4D
# Player 2: Player-1, '260779480', running on LAPTOP-QJHLSQ4D
START Player-0 260779480
START Player-1 260779480
BoardInit:Tile:2,Bonus,Tile:0,Bonus,Tile:0,Destroy,Tile:10,Tile:9,Bonus,Tile:9,Tile:7,Tile:10,Tile:8,Bonus,Destroy,Tile:7,Tile:6,Tile:6,Tile:8,Tile:12,Map,Tile:7,Tile:7,Tile:10,Tile:7,Tile:5,Tile:15,Tile:14,Tile:0,Tile:0,Tile:6,Map,Tile:5,Tile:8,Tile:9,Malus,Tile:9,Tile:11,Destroy,Tile:5,Tile:4-Tile:9,Map,Tile:8,Map,Tile:3,Tile:13,Tile:1-Map,Map,Tile:5,Tile:6,Malus,Tile:8,Tile:6-Tile:hidden1,Tile:nugget,Tile:hidden2
Map 12 3 1
Map 12 3 0
Map 12 7 1
Map 12 7 0
Tile:8 6 5 1
Tile:8 7 5 0
Tile:9_flip 8 5 1
Tile:6 8 6 0
Tile:0 9 6 1
Malus 0 0 0
Bonus 0 0 1
Tile:6 10 6 0
Tile:0 11 6 1
Tile:9_flip 12 6 0
GAMEOVER WINNER 0
# Game ended: Thu Apr 09 17:32:20 EDT 2020
