# Server version 0.08 running on LAPTOP-QJHLSQ4D:8123
# Game ID: 38
# Board class: Saboteur.SaboteurBoard
# Timeout: 20000
# First Move Timeout: 30000
# Date: Thu Mar 26 17:39:40 EDT 2020
# Player 1: Player-0, '260760794', running on LAPTOP-QJHLSQ4D
# Player 2: Player-1, 'Human', running on LAPTOP-QJHLSQ4D
START Player-0 260760794
START Player-1 Human
BoardInit:Map,Map,Tile:7,Destroy,Destroy,Tile:10,Destroy,Tile:6,Tile:10,Bonus,Tile:11,Tile:6,Tile:6,Bonus,Tile:8,Map,Tile:8,Tile:9,Tile:0,Tile:8,Map,Tile:4,Map,Malus,Tile:12,Tile:9,Tile:10,Tile:1,Tile:9,Bonus,Tile:7,Tile:5,Tile:15,Tile:5,Tile:9,Tile:5,Tile:2,Tile:7,Tile:0,Tile:14,Tile:0-Tile:7,Tile:5,Tile:13,Malus,Map,Tile:3,Tile:6-Tile:0,Tile:7,Tile:9,Tile:8,Bonus,Tile:8,Tile:6-Tile:hidden2,Tile:hidden1,Tile:nugget
Map 12 5 1
Tile:7_flip 5 6 0
Map 12 7 1
Map 12 3 0
Tile:6 6 6 1
Tile:0 7 6 0
Tile:7 8 6 1
Tile:9 5 4 0
Destroy 6 6 1
Tile:8 5 3 0
Destroy 5 6 1
Tile:8 5 2 0
Tile:11 5 6 1
Tile:6 6 3 0
Tile:6 7 3 1
Tile:6_flip 6 2 0
Tile:8 6 6 1
Map 12 3 0
Tile:8 8 7 1
Tile:6 9 7 0
Tile:10 8 8 1
Tile:10 9 6 0
Map 12 3 1
Tile:9_flip 10 7 0
Drop 6 0 1
Tile:4 10 6 0
Tile:7 9 5 1
Tile:8 7 2 0
Tile:0 8 3 1
Tile:9 7 1 0
Tile:9 7 0 1
Tile:1 8 1 0
Tile:7 9 3 1
Tile:5_flip 8 0 0
Tile:12 8 2 1
Tile:5_flip 9 4 0
Tile:9 8 9 1
Tile:5 5 1 0
Tile:2 9 9 1
Tile:7_flip 6 7 0
Tile:0 7 7 1
Tile:14 6 1 0
Tile:0 8 4 1
Destroy 8 1 0
Tile:5 7 4 1
Drop 3 0 0
Tile:13 4 5 1
Drop 0 0 0
Tile:3 10 9 1
Drop 2 0 0
Tile:15 8 10 1
Drop 0 0 0
Tile:10 9 10 1
Drop 0 0 0
Drop 0 0 1
GAMEOVER DRAW
# Game ended: Thu Mar 26 17:41:36 EDT 2020
