# Server version 0.08 running on LAPTOP-QJHLSQ4D:8123
# Game ID: 345
# Board class: Saboteur.SaboteurBoard
# Timeout: 20000
# First Move Timeout: 30000
# Date: Thu Apr 09 18:34:15 EDT 2020
# Player 1: Player-0, 'RandomPlayer', running on LAPTOP-QJHLSQ4D
# Player 2: Player-1, '260779480', running on LAPTOP-QJHLSQ4D
START Player-0 RandomPlayer
START Player-1 260779480
BoardInit:Tile:5,Tile:9,Tile:7,Map,Map,Tile:8,Tile:6,Tile:8,Tile:10,Tile:5,Bonus,Map,Tile:6,Tile:10,Tile:2,Tile:4,Tile:6,Tile:5,Tile:0,Tile:13,Tile:0,Tile:5,Tile:6,Tile:6,Tile:9,Tile:12,Bonus,Tile:7,Tile:11,Tile:9,Tile:8,Tile:3,Malus,Tile:9,Malus,Bonus,Tile:8,Tile:8,Map,Map,Tile:7-Map,Tile:14,Destroy,Tile:10,Tile:0,Tile:0,Tile:7-Tile:1,Destroy,Tile:7,Tile:15,Destroy,Bonus,Tile:9-Tile:hidden2,Tile:hidden1,Tile:nugget
Map 12 3 1
Tile:9 4 5 0
Tile:0 6 5 1
Tile:1 7 5 0
Tile:10 5 4 1
Destroy 4 5 0
Map 12 7 1
Map 12 5 0
Tile:6 5 6 1
Tile:9_flip 5 3 0
Tile:0 6 6 1
Tile:5 5 2 0
Tile:7 7 6 1
Destroy 5 4 0
Tile:6 7 7 1
Tile:7_flip 4 5 0
Tile:5_flip 8 7 1
Tile:8 6 2 0
Tile:10 8 6 1
Tile:8 6 1 0
Tile:6_flip 8 5 1
Tile:10 5 4 0
Tile:0 9 5 1
Tile:4 4 4 0
Tile:6 10 5 1
Tile:13 11 5 0
Tile:9 10 4 1
Tile:5_flip 11 6 0
Drop 4 0 1
Tile:12_flip 6 7 0
Drop 6 0 1
Tile:15 6 3 0
Tile:8 11 4 1
Tile:3_flip 5 1 0
Malus 0 0 1
Drop 4 0 0
Malus 0 0 1
Drop 0 0 0
Tile:8 12 4 1
Map 12 7 0
Drop 0 0 1
Drop 4 0 0
Drop 0 0 1
Map 12 7 0
Drop 0 0 1
Drop 3 0 0
Drop 4 0 1
Drop 0 0 0
Drop 1 0 1
Drop 2 0 0
Drop 1 0 1
Drop 0 0 0
Map 12 7 1
Drop 0 0 0
Drop 0 0 1
GAMEOVER DRAW
# Game ended: Thu Apr 09 18:34:24 EDT 2020
