# Server version 0.08 running on LAPTOP-QJHLSQ4D:8123
# Game ID: 89
# Board class: Saboteur.SaboteurBoard
# Timeout: 20000
# First Move Timeout: 30000
# Date: Mon Mar 30 17:05:48 EDT 2020
# Player 1: Player-0, 'RandomPlayer', running on LAPTOP-QJHLSQ4D
# Player 2: Player-1, '260760794', running on LAPTOP-QJHLSQ4D
START Player-0 RandomPlayer
START Player-1 260760794
BoardInit:Tile:11,Tile:13,Tile:5,Tile:8,Bonus,Tile:10,Tile:12,Tile:1,Tile:9,Tile:0,Tile:5,Tile:7,Tile:9,Tile:5,Tile:6,Map,Map,Bonus,Tile:3,Map,Tile:7,Tile:7,Bonus,Map,Tile:9,Tile:15,Tile:10,Bonus,Tile:5,Malus,Destroy,Tile:6,Map,Tile:8,Tile:6,Tile:8,Tile:0,Tile:9,Malus,Tile:8,Tile:2-Tile:14,Tile:10,Destroy,Tile:0,Tile:7,Destroy,Tile:0-Tile:6,Tile:4,Tile:8,Map,Tile:9,Tile:6,Tile:7-Tile:hidden2,Tile:hidden1,Tile:nugget
Tile:0 6 5 1
Tile:6_flip 7 5 0
Tile:11_flip 8 5 1
Tile:9 8 4 0
Tile:5_flip 9 4 1
Tile:8 5 6 0
Tile:7 8 3 1
Tile:6_flip 4 5 0
Tile:12_flip 7 3 1
Tile:10 9 3 0
Tile:9_flip 9 2 1
Tile:0 8 2 0
Tile:0 7 2 1
Tile:7 9 1 0
Tile:9 6 2 1
Tile:7_flip 8 1 0
Tile:5_flip 6 3 1
Tile:8 7 6 0
Map 12 3 1
Tile:13 8 6 0
Tile:3 9 6 1
Tile:1 6 6 0
Tile:7_flip 9 7 1
Map 12 7 0
Tile:14 10 7 1
Tile:4 8 0 0
Tile:9 10 6 1
Map 12 7 0
Tile:10 10 5 1
Tile:15 5 4 0
Tile:5 10 4 1
Map 12 3 0
Tile:6_flip 11 4 1
Tile:7_flip 11 5 0
Map 12 5 1
Tile:6 3 5 0
Tile:6_flip 12 4 1
Tile:5_flip 13 4 0
Tile:0 11 6 1
Tile:8 13 3 0
Malus 0 0 1
Drop 0 0 0
Tile:2 6 1 1
Bonus 0 0 0
Tile:10 8 7 1
Tile:8 3 4 0
Destroy 11 4 1
Tile:9_flip 12 6 0
Destroy 10 7 1
Tile:8 8 8 0
Destroy 9 6 1
Map 12 3 0
Drop 1 0 1
Drop 0 0 0
Drop 0 0 1
GAMEOVER DRAW
# Game ended: Mon Mar 30 17:05:48 EDT 2020
