# Server version 0.08 running on LAPTOP-QJHLSQ4D:8123
# Game ID: 76
# Board class: Saboteur.SaboteurBoard
# Timeout: 20000
# First Move Timeout: 30000
# Date: Mon Mar 30 17:00:48 EDT 2020
# Player 1: Player-0, '260760794', running on LAPTOP-QJHLSQ4D
# Player 2: Player-1, 'RandomPlayer', running on LAPTOP-QJHLSQ4D
START Player-0 260760794
START Player-1 RandomPlayer
BoardInit:Tile:8,Tile:9,Destroy,Tile:10,Tile:9,Map,Tile:8,Tile:6,Tile:4,Malus,Tile:7,Tile:8,Bonus,Tile:0,Bonus,Destroy,Tile:15,Tile:5,Tile:9,Tile:10,Tile:6,Tile:10,Tile:9,Malus,Tile:1,Tile:7,Map,Tile:8,Tile:2,Tile:7,Tile:12,Map,Tile:8,Map,Map,Map,Tile:0,Tile:0,Tile:0,Tile:6,Tile:7-Tile:13,Bonus,Tile:9,Bonus,Tile:3,Tile:5,Tile:11-Destroy,Tile:6,Tile:5,Tile:6,Tile:14,Tile:5,Tile:7-Tile:hidden1,Tile:hidden2,Tile:nugget
Tile:11 4 5 1
Tile:7 6 5 0
Tile:9_flip 4 4 1
Tile:9_flip 6 6 0
Destroy 4 5 1
Tile:10 6 7 0
Tile:5 5 4 1
Map 12 3 0
Tile:8 5 6 1
Tile:6 6 4 0
Tile:9_flip 6 3 1
Malus 0 0 0
Drop 3 0 1
Tile:8 6 2 0
Bonus 0 0 1
Tile:0 7 2 0
Tile:13 4 6 1
Tile:6_flip 6 1 0
Tile:8 4 5 1
Tile:5_flip 7 1 0
Tile:15 5 7 1
Tile:10 7 0 0
Tile:6 3 6 1
Tile:5_flip 8 2 0
Tile:9 3 5 1
Malus 0 0 0
Drop 3 0 1
Tile:10 8 1 0
Drop 2 0 1
Tile:5 8 0 0
Bonus 0 0 1
Tile:7 7 4 0
Tile:9_flip 4 7 1
Map 12 5 0
Tile:12_flip 3 7 1
Map 12 7 0
Tile:2 4 3 1
Tile:7_flip 7 5 0
Tile:0 8 5 1
Tile:0 9 5 0
Tile:8 9 0 1
Tile:14 10 5 0
Tile:0 5 2 1
Tile:6_flip 10 4 0
Tile:1 9 4 1
Tile:6 6 8 0
Tile:7_flip 3 3 1
Tile:8 11 4 0
Drop 3 0 1
Destroy 7 2 0
Drop 0 0 1
Destroy 6 5 0
Map 12 3 1
Map 12 7 0
Drop 0 0 1
GAMEOVER DRAW
# Game ended: Mon Mar 30 17:00:48 EDT 2020
