# Server version 0.08 running on LAPTOP-QJHLSQ4D:8123
# Game ID: 193
# Board class: Saboteur.SaboteurBoard
# Timeout: 20000
# First Move Timeout: 30000
# Date: Sun Apr 05 17:35:57 EDT 2020
# Player 1: Player-0, '260760794', running on LAPTOP-QJHLSQ4D
# Player 2: Player-1, 'RandomPlayer', running on LAPTOP-QJHLSQ4D
START Player-0 260760794
START Player-1 RandomPlayer
BoardInit:Tile:13,Tile:4,Tile:15,Tile:8,Map,Malus,Tile:14,Tile:10,Tile:10,Tile:0,Bonus,Tile:2,Bonus,Tile:1,Tile:7,Tile:5,Tile:9,Tile:6,Tile:5,Tile:9,Bonus,Tile:9,Destroy,Tile:6,Tile:11,Tile:8,Destroy,Tile:0,Tile:10,Tile:0,Tile:3,Map,Tile:8,Tile:9,Tile:7,Malus,Map,Map,Tile:5,Map,Tile:8-Tile:5,Tile:12,Tile:7,Map,Tile:6,Tile:7,Tile:8-Bonus,Tile:9,Destroy,Tile:6,Tile:0,Tile:6,Tile:7-Tile:hidden2,Tile:nugget,Tile:hidden1
Tile:7_flip 4 5 1
Tile:7 6 5 0
Tile:5 4 4 1
Tile:6 6 6 0
Tile:13 5 4 1
Tile:8 7 6 0
Drop 4 0 1
Tile:6_flip 8 6 0
Tile:14_flip 7 5 1
Tile:9_flip 9 6 0
Tile:7_flip 9 7 1
Tile:0 10 7 0
Drop 0 0 1
Tile:10 9 5 0
Drop 3 0 1
Malus 0 0 0
Drop 3 0 1
Tile:5_flip 11 7 0
Drop 5 0 1
Tile:2 11 6 0
Drop 1 0 1
Tile:9_flip 9 4 0
Drop 1 0 1
Tile:9_flip 9 3 0
Destroy 11 7 1
Tile:6_flip 12 6 0
Drop 0 0 1
Tile:8 11 7 0
Drop 2 0 1
Tile:4_flip 11 8 0
Bonus 0 0 1
Tile:6_flip 13 6 0
Tile:5_flip 6 4 1
Map 12 3 0
Destroy 7 5 1
Tile:9 12 8 0
Tile:7_flip 10 6 1
Malus 0 0 0
Map 12 3 1
Map 12 5 0
Drop 4 0 1
Destroy 12 6 0
Bonus 0 0 1
Drop 3 0 0
Tile:8 12 6 1
GAMEOVER WINNER 1
# Game ended: Sun Apr 05 17:36:07 EDT 2020
