# Server version 0.08 running on LAPTOP-QJHLSQ4D:8123
# Game ID: 337
# Board class: Saboteur.SaboteurBoard
# Timeout: 20000
# First Move Timeout: 30000
# Date: Thu Apr 09 18:30:20 EDT 2020
# Player 1: Player-0, '260779480', running on LAPTOP-QJHLSQ4D
# Player 2: Player-1, 'RandomPlayer', running on LAPTOP-QJHLSQ4D
START Player-0 260779480
START Player-1 RandomPlayer
BoardInit:Tile:6,Bonus,Tile:7,Tile:9,Tile:5,Tile:8,Tile:6,Malus,Map,Tile:7,Tile:13,Bonus,Tile:0,Tile:9,Tile:6,Destroy,Tile:9,Tile:0,Tile:8,Map,Malus,Tile:7,Map,Destroy,Tile:5,Tile:0,Tile:12,Tile:7,Tile:10,Tile:10,Tile:6,Tile:9,Tile:5,Tile:6,Tile:8,Destroy,Tile:10,Tile:8,Tile:14,Tile:9,Map-Tile:8,Tile:11,Tile:1,Bonus,Tile:2,Bonus,Tile:15-Tile:4,Tile:7,Map,Tile:0,Map,Tile:3,Tile:5-Tile:nugget,Tile:hidden1,Tile:hidden2
Tile:11_flip 5 4 1
Map 12 3 0
Tile:2 4 4 1
Map 12 7 0
Drop 4 0 1
Tile:9_flip 6 5 0
Drop 2 0 1
Tile:8 6 6 0
Tile:6 3 4 1
Tile:0 7 6 0
Tile:5 6 4 1
Tile:7 8 6 0
Tile:8 4 5 1
Tile:5_flip 8 7 0
Tile:7 7 4 1
Tile:7_flip 7 5 0
Tile:6_flip 3 3 1
Tile:9 6 7 0
Drop 0 0 1
Tile:0 8 5 0
Tile:9 5 3 1
Map 12 5 0
Tile:0 3 5 1
Malus 0 0 0
Map 12 5 1
Tile:7 9 5 0
Map 12 7 1
Drop 1 0 0
Drop 2 0 1
Tile:7_flip 9 6 0
Drop 4 0 1
Tile:0 10 6 0
Drop 6 0 1
Drop 0 0 0
Drop 4 0 1
Tile:6 11 6 0
Drop 3 0 1
Tile:9_flip 12 6 0
Drop 0 0 1
Tile:8 12 4 0
GAMEOVER WINNER 0
# Game ended: Thu Apr 09 18:30:30 EDT 2020
