# Server version 0.08 running on LAPTOP-QJHLSQ4D:8123
# Game ID: 358
# Board class: Saboteur.SaboteurBoard
# Timeout: 20000
# First Move Timeout: 30000
# Date: Thu Apr 09 19:51:08 EDT 2020
# Player 1: Player-0, 'RandomPlayer', running on LAPTOP-QJHLSQ4D
# Player 2: Player-1, '260760794', running on LAPTOP-QJHLSQ4D
START Player-0 RandomPlayer
START Player-1 260760794
BoardInit:Tile:7,Tile:9,Tile:12,Tile:6,Tile:5,Map,Tile:5,Tile:0,Tile:4,Bonus,Tile:0,Tile:0,Tile:9,Tile:9,Tile:2,Bonus,Tile:6,Tile:8,Tile:10,Malus,Tile:1,Map,Tile:10,Tile:5,Tile:9,Tile:7,Tile:6,Map,Tile:8,Tile:13,Bonus,Destroy,Tile:9,Tile:14,Tile:7,Tile:15,Map,Tile:0,Tile:8,Tile:6,Tile:7-Map,Map,Tile:7,Tile:10,Destroy,Tile:8,Tile:3-Destroy,Tile:11,Tile:5,Tile:6,Bonus,Malus,Tile:8-Tile:hidden2,Tile:nugget,Tile:hidden1
Map 12 3 1
Drop 3 0 0
Map 12 7 1
Drop 1 0 0
Tile:8 6 5 1
Tile:9_flip 5 6 0
Tile:7 7 5 1
Drop 2 0 0
Tile:10 7 6 1
Drop 2 0 0
Tile:7_flip 7 7 1
Tile:5_flip 5 7 0
Tile:0 8 7 1
Drop 2 0 0
Tile:9_flip 9 7 1
Tile:9 6 4 0
Tile:5 9 6 1
Drop 1 0 0
Tile:6 10 6 1
Destroy 7 7 0
Tile:5_flip 7 4 1
Tile:8 4 7 0
Tile:10 7 3 1
Map 12 7 0
Tile:10 7 2 1
Tile:5 10 5 0
Tile:9 7 1 1
Tile:0 11 6 0
Tile:6 8 1 1
Drop 5 0 0
Tile:8 9 1 1
Map 12 7 0
Drop 4 0 1
Tile:13 9 8 0
Tile:9_flip 10 1 1
Map 12 3 0
Tile:7 10 0 1
Tile:15 9 2 0
Map 12 5 1
Destroy 6 5 0
Tile:8 6 5 1
Tile:6 4 5 0
Tile:7_flip 10 2 1
Tile:14 11 5 0
Drop 1 0 1
Tile:0 3 5 0
Drop 3 0 1
Tile:0 11 2 0
Drop 1 0 1
Malus 0 0 0
Bonus 0 0 1
Drop 0 0 0
Drop 1 0 1
Drop 0 0 0
Drop 0 0 1
GAMEOVER DRAW
# Game ended: Thu Apr 09 19:51:19 EDT 2020
