# Server version 0.08 running on LAPTOP-QJHLSQ4D:8123
# Game ID: 287
# Board class: Saboteur.SaboteurBoard
# Timeout: 20000
# First Move Timeout: 30000
# Date: Thu Apr 09 16:57:51 EDT 2020
# Player 1: Player-0, '260779480', running on LAPTOP-QJHLSQ4D
# Player 2: Player-1, '260779480', running on LAPTOP-QJHLSQ4D
START Player-0 260779480
START Player-1 260779480
BoardInit:Tile:8,Bonus,Bonus,Tile:15,Tile:6,Tile:13,Tile:7,Tile:3,Destroy,Tile:14,Tile:7,Tile:8,Destroy,Tile:9,Malus,Tile:1,Map,Malus,Tile:10,Tile:8,Bonus,Tile:6,Tile:0,Tile:11,Tile:9,Tile:8,Tile:8,Map,Tile:9,Tile:5,Tile:0,Tile:5,Tile:7,Tile:9,Map,Tile:7,Tile:0,Tile:4,Map,Tile:2,Tile:7-Tile:6,Tile:10,Map,Tile:9,Tile:0,Tile:5,Tile:5-Tile:10,Tile:6,Tile:12,Destroy,Bonus,Tile:6,Map-Tile:hidden2,Tile:hidden1,Tile:nugget
Map 12 3 1
Map 12 3 0
Tile:8 6 5 1
Tile:6 7 5 0
Tile:6 8 5 1
Tile:6 9 5 0
Tile:9_flip 10 5 1
Tile:10 10 4 0
Tile:6 10 6 1
Drop 5 0 0
Tile:0 11 6 1
Drop 4 0 0
Drop 5 0 1
Tile:8 12 6 0
GAMEOVER WINNER 0
# Game ended: Thu Apr 09 16:58:00 EDT 2020
