# Server version 0.08 running on LAPTOP-QJHLSQ4D:8123
# Game ID: 218
# Board class: Saboteur.SaboteurBoard
# Timeout: 20000
# First Move Timeout: 30000
# Date: Mon Apr 06 15:22:52 EDT 2020
# Player 1: Player-0, '260760794', running on LAPTOP-QJHLSQ4D
# Player 2: Player-1, 'RandomPlayer', running on LAPTOP-QJHLSQ4D
START Player-0 260760794
START Player-1 RandomPlayer
BoardInit:Map,Map,Tile:9,Tile:8,Tile:10,Tile:13,Tile:6,Map,Tile:6,Tile:8,Tile:9,Tile:7,Tile:10,Tile:5,Bonus,Tile:0,Map,Map,Tile:6,Tile:7,Tile:5,Tile:7,Tile:8,Bonus,Tile:5,Malus,Tile:9,Tile:11,Tile:14,Bonus,Tile:12,Tile:1,Bonus,Tile:6,Tile:0,Tile:8,Tile:6,Tile:5,Destroy,Destroy,Destroy-Tile:7,Tile:2,Tile:15,Malus,Tile:10,Tile:0,Tile:0-Tile:9,Map,Tile:7,Tile:4,Tile:8,Tile:9,Tile:3-Tile:hidden1,Tile:nugget,Tile:hidden2
Tile:7_flip 5 6 1
Map 12 3 0
Malus 0 0 1
Map 12 5 0
Tile:2_flip 4 5 1
Drop 4 0 0
Tile:9_flip 4 4 1
Drop 5 0 0
Tile:0 3 5 1
Map 12 7 0
Tile:6 2 5 1
Drop 4 0 0
Tile:6_flip 6 6 1
Drop 0 0 0
Drop 5 0 1
Drop 0 0 0
Tile:10 5 4 1
Drop 5 0 0
Tile:0 7 6 1
Drop 3 0 0
Tile:10 6 7 1
Map 12 7 0
Map 12 7 1
Drop 0 0 0
Map 12 5 1
Bonus 0 0 0
Tile:6 8 6 1
Tile:7 9 6 0
Tile:15 4 3 1
Tile:7 8 5 0
Tile:10 2 4 1
Tile:7_flip 9 7 0
Tile:5 2 3 1
Tile:8 10 7 0
Tile:9 6 8 1
Tile:6_flip 11 7 0
Tile:8 11 8 1
Tile:8 12 6 0
GAMEOVER WINNER 0
# Game ended: Mon Apr 06 15:23:01 EDT 2020
