# Server version 0.08 running on LAPTOP-QJHLSQ4D:8123
# Game ID: 203
# Board class: Saboteur.SaboteurBoard
# Timeout: 20000
# First Move Timeout: 30000
# Date: Sun Apr 05 17:41:22 EDT 2020
# Player 1: Player-0, '260760794', running on LAPTOP-QJHLSQ4D
# Player 2: Player-1, 'Human', running on LAPTOP-QJHLSQ4D
START Player-0 260760794
START Player-1 Human
BoardInit:Tile:13,Tile:8,Tile:5,Tile:9,Tile:10,Tile:6,Tile:8,Tile:8,Bonus,Destroy,Malus,Bonus,Tile:6,Destroy,Tile:4,Tile:10,Tile:0,Tile:1,Destroy,Tile:9,Tile:6,Tile:10,Tile:7,Tile:9,Map,Tile:8,Bonus,Tile:5,Map,Tile:2,Tile:12,Map,Tile:7,Tile:7,Tile:9,Malus,Tile:11,Tile:15,Tile:7,Map,Tile:14-Tile:6,Bonus,Tile:8,Map,Tile:9,Tile:6,Map-Tile:0,Tile:3,Tile:5,Tile:0,Tile:7,Tile:0,Tile:5-Tile:hidden2,Tile:hidden1,Tile:nugget
Map 12 5 1
Tile:5_flip 6 5 0
Map 12 3 1
Tile:8 6 4 0
Tile:6 7 4 1
Tile:9_flip 8 4 0
Tile:6 8 5 1
Tile:6_flip 9 5 0
Tile:8 9 6 1
Tile:8 10 6 0
Tile:8 11 6 1
Tile:3 10 5 0
Tile:5 11 5 1
Tile:5_flip 12 6 0
Tile:6 11 7 1
GAMEOVER WINNER 1
# Game ended: Sun Apr 05 17:42:02 EDT 2020
