# Server version 0.08 running on LAPTOP-QJHLSQ4D:8123
# Game ID: 272
# Board class: Saboteur.SaboteurBoard
# Timeout: 20000
# First Move Timeout: 30000
# Date: Thu Apr 09 16:45:29 EDT 2020
# Player 1: Player-0, '260779480', running on LAPTOP-QJHLSQ4D
# Player 2: Player-1, 'RandomPlayer', running on LAPTOP-QJHLSQ4D
START Player-0 260779480
START Player-1 RandomPlayer
BoardInit:Tile:8,Tile:12,Map,Tile:7,Tile:9,Map,Tile:5,Bonus,Tile:4,Tile:10,Tile:13,Tile:8,Tile:9,Destroy,Destroy,Tile:8,Tile:7,Map,Tile:7,Tile:8,Tile:9,Tile:14,Tile:5,Tile:6,Tile:11,Bonus,Tile:0,Bonus,Tile:8,Tile:0,Tile:2,Tile:10,Tile:6,Tile:15,Tile:5,Tile:3,Malus,Bonus,Map,Destroy,Tile:1-Map,Tile:9,Tile:6,Tile:6,Map,Tile:6,Tile:0-Malus,Tile:5,Tile:9,Tile:7,Tile:0,Tile:7,Tile:10-Tile:hidden2,Tile:nugget,Tile:hidden1
Tile:6_flip 6 5 1
Tile:9_flip 7 5 0
Map 12 3 1
Tile:10 7 4 0
Map 12 7 1
Tile:5 7 3 0
Tile:9_flip 5 6 1
Map 12 3 0
Drop 0 0 1
Tile:0 8 3 0
Tile:5 4 6 1
Malus 0 0 0
Drop 4 0 1
Tile:8 9 3 0
Map 12 7 1
Tile:7 10 3 0
Destroy 7 4 1
Tile:8 7 4 0
Drop 3 0 1
Map 12 7 0
Drop 2 0 1
Tile:8 10 4 0
Drop 0 0 1
Drop 6 0 0
Drop 2 0 1
Tile:6 11 4 0
Drop 0 0 1
Drop 1 0 0
Drop 5 0 1
Drop 4 0 0
Drop 0 0 1
Drop 0 0 0
Drop 6 0 1
Drop 0 0 0
Drop 3 0 1
Drop 6 0 0
Drop 3 0 1
Drop 6 0 0
Drop 0 0 1
Drop 1 0 0
Drop 2 0 1
Drop 6 0 0
Map 12 7 1
Drop 3 0 0
Drop 4 0 1
Drop 3 0 0
Drop 2 0 1
Drop 0 0 0
Drop 0 0 1
Drop 0 0 0
Drop 0 0 1
Drop 0 0 0
Drop 1 0 1
Drop 0 0 0
Drop 0 0 1
GAMEOVER DRAW
# Game ended: Thu Apr 09 16:45:38 EDT 2020
