# Server version 0.08 running on LAPTOP-QJHLSQ4D:8123
# Game ID: 198
# Board class: Saboteur.SaboteurBoard
# Timeout: 20000
# First Move Timeout: 30000
# Date: Sun Apr 05 17:38:03 EDT 2020
# Player 1: Player-0, 'RandomPlayer', running on LAPTOP-QJHLSQ4D
# Player 2: Player-1, '260760794', running on LAPTOP-QJHLSQ4D
START Player-0 RandomPlayer
START Player-1 260760794
BoardInit:Tile:10,Malus,Tile:9,Tile:6,Tile:9,Tile:6,Tile:7,Map,Tile:10,Bonus,Tile:9,Tile:7,Tile:0,Map,Tile:2,Tile:10,Tile:0,Tile:11,Tile:9,Tile:5,Tile:8,Tile:8,Tile:7,Map,Tile:0,Map,Tile:15,Tile:5,Tile:8,Tile:6,Tile:7,Tile:12,Tile:6,Tile:14,Malus,Destroy,Tile:8,Destroy,Tile:13,Map,Bonus-Tile:4,Tile:1,Map,Tile:5,Tile:9,Bonus,Bonus-Destroy,Tile:5,Tile:6,Tile:0,Tile:7,Tile:3,Tile:8-Tile:nugget,Tile:hidden1,Tile:hidden2
Map 12 3 1
Tile:8 5 4 0
Tile:9_flip 6 4 1
Tile:0 4 4 0
Tile:9_flip 6 3 1
Tile:5 5 3 0
Tile:9_flip 6 2 1
Tile:6_flip 4 5 0
Tile:7 6 1 1
Tile:6 5 2 0
Tile:5_flip 6 5 1
Drop 0 0 0
Tile:1 3 4 1
Drop 6 0 0
Tile:9_flip 4 6 1
Tile:6_flip 4 2 0
Tile:0 3 5 1
Tile:3_flip 2 5 0
Tile:10 4 7 1
Tile:11 3 2 0
Tile:9 5 1 1
Tile:7 3 1 0
Tile:10 4 8 1
Tile:10 5 6 0
Tile:4_flip 4 3 1
Drop 0 0 0
Drop 0 0 1
Map 12 5 0
Tile:8 2 1 1
Tile:5 3 6 0
Tile:2 2 4 1
Map 12 3 0
Tile:7 2 0 1
Tile:8 1 1 0
Tile:15 2 2 1
Tile:14 3 7 0
Malus 0 0 1
Drop 3 0 0
Tile:6 4 9 1
Destroy 2 1 0
Tile:13 2 1 1
Destroy 2 0 0
Tile:8 5 0 1
Drop 2 0 0
Drop 4 0 1
Drop 3 0 0
Tile:7_flip 3 9 1
Map 12 7 0
Tile:0 1 4 1
Map 12 5 0
Tile:0 2 7 1
Bonus 0 0 0
Drop 1 0 1
Tile:6_flip 5 9 0
Drop 0 0 1
GAMEOVER DRAW
# Game ended: Sun Apr 05 17:38:12 EDT 2020
