# Server version 0.08 running on LAPTOP-QJHLSQ4D:8123
# Game ID: 277
# Board class: Saboteur.SaboteurBoard
# Timeout: 20000
# First Move Timeout: 30000
# Date: Thu Apr 09 16:47:59 EDT 2020
# Player 1: Player-0, 'RandomPlayer', running on LAPTOP-QJHLSQ4D
# Player 2: Player-1, '260779480', running on LAPTOP-QJHLSQ4D
START Player-0 RandomPlayer
START Player-1 260779480
BoardInit:Tile:7,Tile:6,Tile:8,Malus,Tile:9,Tile:8,Tile:7,Tile:10,Destroy,Tile:13,Map,Tile:11,Tile:7,Map,Tile:8,Tile:6,Tile:9,Tile:12,Tile:14,Malus,Tile:8,Tile:6,Destroy,Tile:5,Bonus,Tile:5,Bonus,Tile:0,Tile:9,Tile:10,Tile:0,Tile:7,Tile:1,Tile:5,Tile:6,Tile:15,Tile:10,Tile:5,Map,Map,Destroy-Tile:4,Tile:0,Tile:0,Tile:9,Map,Tile:7,Tile:8-Tile:3,Tile:6,Bonus,Tile:9,Map,Tile:2,Bonus-Tile:hidden1,Tile:nugget,Tile:hidden2
Map 12 3 1
Tile:2 5 4 0
Tile:8 6 5 1
Tile:3_flip 5 6 0
Tile:8 7 5 1
Tile:6_flip 4 4 0
Tile:9_flip 8 5 1
Tile:9 8 4 0
Tile:9_flip 9 4 1
Tile:10 8 3 0
Tile:7_flip 9 5 1
Tile:13 10 5 0
Map 12 7 1
Tile:6_flip 6 4 0
Drop 0 0 1
Tile:8 6 6 0
Tile:8 8 2 1
Tile:6 10 6 0
Tile:9 9 3 1
Tile:12 11 5 0
Tile:0 10 3 1
Tile:11_flip 7 4 0
Tile:8 11 3 1
Tile:6 7 6 0
Drop 5 0 1
Tile:5 10 4 0
Drop 3 0 1
Drop 3 0 0
Drop 4 0 1
Tile:5_flip 6 7 0
Tile:9 12 2 1
Map 12 5 0
Drop 1 0 1
Tile:7 11 6 0
Drop 6 0 1
Tile:5 9 6 0
Drop 1 0 1
Drop 6 0 0
Tile:10 12 1 1
Tile:5_flip 11 7 0
Map 12 5 1
Map 12 5 0
Drop 6 0 1
Drop 5 0 0
Drop 1 0 1
Drop 0 0 0
Drop 0 0 1
Tile:10 12 0 0
Drop 2 0 1
Tile:0 13 3 0
Drop 2 0 1
Malus 0 0 0
Bonus 0 0 1
Drop 0 0 0
Drop 0 0 1
GAMEOVER DRAW
# Game ended: Thu Apr 09 16:48:09 EDT 2020
