# Server version 0.08 running on LAPTOP-QJHLSQ4D:8123
# Game ID: 163
# Board class: Saboteur.SaboteurBoard
# Timeout: 20000
# First Move Timeout: 30000
# Date: Sun Apr 05 16:24:14 EDT 2020
# Player 1: Player-0, '260760794', running on LAPTOP-QJHLSQ4D
# Player 2: Player-1, 'RandomPlayer', running on LAPTOP-QJHLSQ4D
START Player-0 260760794
START Player-1 RandomPlayer
BoardInit:Tile:5,Map,Bonus,Tile:0,Tile:7,Tile:10,Tile:9,Tile:1,Tile:7,Tile:0,Malus,Tile:9,Tile:6,Bonus,Map,Tile:0,Map,Tile:6,Tile:6,Tile:13,Tile:10,Tile:5,Tile:11,Destroy,Tile:8,Tile:2,Tile:8,Tile:9,Tile:5,Destroy,Tile:4,Tile:6,Tile:8,Tile:0,Bonus,Tile:7,Tile:12,Tile:7,Bonus,Tile:14,Tile:5-Map,Tile:8,Tile:9,Malus,Tile:6,Tile:10,Map-Map,Tile:15,Tile:3,Tile:9,Destroy,Tile:7,Tile:8-Tile:hidden2,Tile:hidden1,Tile:nugget
Tile:6_flip 4 5 1
Map 12 3 0
Tile:9_flip 6 5 1
Map 12 5 0
Drop 4 0 1
Tile:8 6 6 0
Tile:7_flip 5 6 1
Tile:10 6 7 0
Tile:5_flip 7 6 1
Tile:7_flip 6 8 0
Tile:8 5 4 1
Tile:9_flip 7 8 0
Tile:10 5 3 1
Tile:9_flip 7 9 0
Tile:6_flip 6 9 1
Tile:15 7 5 0
Drop 0 0 1
Tile:3_flip 5 9 0
Drop 1 0 1
Tile:6 7 10 0
Tile:7 5 8 1
Tile:0 3 5 0
Tile:6_flip 8 10 1
Tile:5_flip 9 10 0
Tile:11_flip 8 11 1
Destroy 5 8 0
Tile:9_flip 5 8 1
Tile:0 4 8 0
Tile:8 5 2 1
Tile:9_flip 9 9 0
Malus 0 0 1
Bonus 0 0 0
Tile:10 4 6 1
Tile:6_flip 9 8 0
Tile:5 8 8 1
Tile:13 6 10 0
Tile:4_flip 8 12 1
Tile:7 10 8 0
Tile:12_flip 4 4 1
Tile:7_flip 10 9 0
Drop 4 0 1
Destroy 8 11 0
Tile:8 6 2 1
Tile:1 5 10 0
Drop 4 0 1
Tile:14 4 7 0
Map 12 3 1
Drop 0 0 0
Malus 0 0 1
Destroy 9 8 0
Map 12 7 1
Drop 1 0 0
Tile:5 7 7 1
Drop 0 0 0
Drop 0 0 1
GAMEOVER DRAW
# Game ended: Sun Apr 05 16:24:23 EDT 2020
