# Server version 0.08 running on LAPTOP-QJHLSQ4D:8123
# Game ID: 216
# Board class: Saboteur.SaboteurBoard
# Timeout: 20000
# First Move Timeout: 30000
# Date: Sun Apr 05 17:56:38 EDT 2020
# Player 1: Player-0, '260760794', running on LAPTOP-QJHLSQ4D
# Player 2: Player-1, 'RandomPlayer', running on LAPTOP-QJHLSQ4D
START Player-0 260760794
START Player-1 RandomPlayer
BoardInit:Map,Destroy,Tile:9,Tile:6,Tile:8,Tile:5,Tile:11,Tile:10,Tile:7,Map,Tile:9,Malus,Tile:10,Tile:8,Tile:0,Tile:5,Bonus,Tile:5,Tile:6,Tile:9,Tile:0,Tile:10,Tile:0,Bonus,Tile:12,Tile:6,Tile:8,Tile:7,Map,Tile:2,Bonus,Tile:9,Tile:9,Map,Destroy,Tile:5,Map,Tile:15,Map,Malus,Tile:8-Tile:13,Bonus,Tile:7,Tile:7,Tile:1,Destroy,Tile:3-Tile:14,Tile:7,Tile:0,Tile:8,Tile:6,Tile:4,Tile:6-Tile:nugget,Tile:hidden2,Tile:hidden1
Drop 2 0 1
Tile:6_flip 6 5 0
Drop 1 0 1
Tile:6_flip 7 5 0
Tile:7_flip 7 6 1
Tile:6_flip 8 5 0
Tile:9 5 4 1
Tile:5_flip 9 5 0
Map 12 3 1
Tile:10 9 4 0
Tile:8 8 6 1
Map 12 3 0
Tile:3_flip 5 6 1
Tile:8 9 3 0
Tile:9 8 3 1
Tile:0 10 3 0
Tile:0 9 6 1
Tile:5_flip 11 3 0
Drop 1 0 1
Tile:5_flip 10 6 0
Tile:6_flip 5 3 1
Tile:4 11 2 0
Destroy 11 3 1
Tile:14_flip 10 5 0
Tile:11_flip 6 6 1
Tile:9_flip 11 3 0
Tile:0 6 4 1
Tile:6 11 5 0
Drop 6 0 1
Tile:10 11 4 0
Tile:13 4 3 1
Tile:7_flip 12 6 0
Map 12 7 1
Tile:9 12 4 0
GAMEOVER WINNER 0
# Game ended: Sun Apr 05 17:56:47 EDT 2020
