# Server version 0.08 running on LAPTOP-QJHLSQ4D:8123
# Game ID: 353
# Board class: Saboteur.SaboteurBoard
# Timeout: 20000
# First Move Timeout: 30000
# Date: Thu Apr 09 18:38:19 EDT 2020
# Player 1: Player-0, '260779480', running on LAPTOP-QJHLSQ4D
# Player 2: Player-1, '260779480', running on LAPTOP-QJHLSQ4D
START Player-0 260779480
START Player-1 260779480
BoardInit:Map,Tile:6,Tile:13,Bonus,Bonus,Map,Tile:4,Tile:6,Tile:3,Destroy,Map,Tile:1,Tile:9,Tile:8,Malus,Tile:11,Tile:9,Malus,Tile:0,Bonus,Tile:5,Bonus,Tile:0,Tile:7,Tile:7,Tile:10,Map,Tile:15,Destroy,Tile:8,Tile:10,Tile:6,Tile:6,Tile:0,Tile:9,Tile:12,Tile:5,Tile:9,Tile:5,Tile:8,Destroy-Tile:7,Tile:8,Tile:0,Tile:14,Tile:2,Tile:7,Map-Tile:9,Tile:8,Tile:6,Tile:7,Tile:10,Map,Tile:5-Tile:hidden2,Tile:nugget,Tile:hidden1
Map 12 3 1
Map 12 3 0
Map 12 7 1
Tile:8 6 5 0
Tile:8 7 5 1
Tile:9_flip 8 5 0
Tile:7 8 4 1
Map 12 7 0
Tile:7_flip 8 6 1
Tile:6 9 6 0
Tile:0 10 6 1
Tile:6 11 6 0
Map 12 5 1
Drop 6 0 0
Tile:9_flip 12 6 1
GAMEOVER WINNER 1
# Game ended: Thu Apr 09 18:38:28 EDT 2020
