# Server version 0.08 running on LAPTOP-QJHLSQ4D:8123
# Game ID: 300
# Board class: Saboteur.SaboteurBoard
# Timeout: 20000
# First Move Timeout: 30000
# Date: Thu Apr 09 17:23:33 EDT 2020
# Player 1: Player-0, '260779480', running on LAPTOP-QJHLSQ4D
# Player 2: Player-1, 'RandomPlayer', running on LAPTOP-QJHLSQ4D
START Player-0 260779480
START Player-1 RandomPlayer
BoardInit:Tile:9,Tile:9,Tile:5,Tile:9,Tile:7,Destroy,Map,Tile:5,Tile:6,Tile:3,Tile:8,Tile:8,Malus,Tile:11,Map,Tile:0,Bonus,Map,Map,Tile:2,Tile:8,Tile:7,Tile:15,Tile:10,Map,Tile:5,Bonus,Tile:13,Map,Tile:7,Tile:8,Bonus,Tile:7,Destroy,Tile:10,Destroy,Tile:1,Tile:0,Tile:6,Tile:6,Tile:9-Bonus,Tile:14,Tile:12,Tile:4,Tile:0,Tile:6,Tile:10-Tile:9,Tile:6,Tile:7,Malus,Tile:5,Tile:0,Tile:8-Tile:nugget,Tile:hidden2,Tile:hidden1
Drop 2 0 1
Tile:8 6 5 0
Tile:9_flip 5 4 1
Tile:9_flip 7 5 0
Tile:4_flip 7 6 1
Tile:6_flip 7 4 0
Tile:5_flip 8 4 1
Tile:9 8 3 0
Map 12 5 1
Malus 0 0 0
Bonus 0 0 1
Tile:9_flip 9 3 0
Tile:6 4 5 1
Tile:8 9 2 0
Tile:8 3 5 1
Tile:0 10 2 0
Tile:7_flip 2 5 1
Tile:0 11 2 0
Tile:6_flip 8 2 1
Map 12 3 0
Tile:14 6 6 1
Drop 5 0 0
Drop 5 0 1
Drop 5 0 0
Drop 4 0 1
Drop 4 0 0
Map 12 5 1
Drop 2 0 0
Tile:10 9 4 1
Drop 6 0 0
Map 12 5 1
Drop 0 0 0
Tile:8 2 4 1
Drop 0 0 0
Tile:8 9 1 1
Drop 6 0 0
Tile:7_flip 3 6 1
Drop 6 0 0
Tile:10 2 3 1
Drop 0 0 0
Tile:0 10 1 1
Drop 0 0 0
Map 12 7 1
Drop 1 0 0
Drop 4 0 1
Drop 1 0 0
Tile:9_flip 2 2 1
Drop 0 0 0
Tile:1 4 6 1
Drop 1 0 0
Tile:15 9 0 1
Drop 1 0 0
Malus 0 0 1
Bonus 0 0 0
Drop 0 0 1
GAMEOVER DRAW
# Game ended: Thu Apr 09 17:23:42 EDT 2020
