# Server version 0.08 running on LAPTOP-QJHLSQ4D:8123
# Game ID: 120
# Board class: Saboteur.SaboteurBoard
# Timeout: 20000
# First Move Timeout: 30000
# Date: Mon Mar 30 17:13:47 EDT 2020
# Player 1: Player-0, '260760794', running on LAPTOP-QJHLSQ4D
# Player 2: Player-1, 'RandomPlayer', running on LAPTOP-QJHLSQ4D
START Player-0 260760794
START Player-1 RandomPlayer
BoardInit:Tile:10,Tile:8,Tile:11,Tile:12,Tile:0,Tile:7,Tile:2,Tile:4,Tile:13,Malus,Tile:8,Tile:6,Tile:10,Tile:6,Bonus,Tile:7,Tile:9,Map,Tile:9,Map,Tile:8,Tile:5,Destroy,Tile:3,Tile:7,Tile:8,Map,Tile:0,Tile:7,Tile:0,Tile:9,Map,Tile:5,Tile:6,Tile:10,Tile:1,Tile:9,Tile:14,Malus,Tile:5,Tile:0-Bonus,Tile:6,Map,Tile:9,Tile:7,Map,Tile:5-Destroy,Tile:8,Tile:15,Bonus,Destroy,Tile:6,Bonus-Tile:hidden2,Tile:nugget,Tile:hidden1
Map 12 3 1
Tile:6_flip 6 5 0
Tile:7_flip 4 5 1
Tile:8 6 6 0
Tile:6_flip 5 4 1
Tile:15 6 7 0
Drop 4 0 1
Tile:12 6 4 0
Tile:2 7 6 1
Tile:8 6 8 0
Tile:13 8 6 1
Malus 0 0 0
Drop 6 0 1
Tile:7 7 8 0
Map 12 5 1
Tile:6_flip 9 6 0
Drop 6 0 1
Tile:7 10 6 0
Drop 3 0 1
Map 12 3 0
Drop 2 0 1
Map 12 5 0
Drop 3 0 1
Tile:4_flip 10 7 0
Destroy 5 4 1
Tile:3 8 5 0
Drop 0 0 1
Tile:6 7 5 0
Drop 4 0 1
Tile:5 7 4 0
Map 12 3 1
Tile:8 6 9 0
Drop 6 0 1
Map 12 7 0
Drop 3 0 1
Tile:6 8 4 0
Drop 3 0 1
Tile:1 9 4 0
Drop 6 0 1
Tile:14_flip 8 3 0
Drop 4 0 1
Tile:5_flip 10 4 0
Drop 5 0 1
Tile:0 9 3 0
Drop 4 0 1
Destroy 10 6 0
Drop 2 0 1
Destroy 8 3 0
Drop 0 0 1
Drop 1 0 0
Drop 0 0 1
Tile:0 5 9 0
Drop 1 0 1
Drop 0 0 0
Drop 0 0 1
GAMEOVER DRAW
# Game ended: Mon Mar 30 17:13:47 EDT 2020
