# Server version 0.08 running on LAPTOP-QJHLSQ4D:8123
# Game ID: 238
# Board class: Saboteur.SaboteurBoard
# Timeout: 20000
# First Move Timeout: 30000
# Date: Mon Apr 06 15:56:03 EDT 2020
# Player 1: Player-0, '260760794', running on LAPTOP-QJHLSQ4D
# Player 2: Player-1, 'RandomPlayer', running on LAPTOP-QJHLSQ4D
START Player-0 260760794
START Player-1 RandomPlayer
BoardInit:Map,Tile:7,Tile:0,Tile:4,Destroy,Map,Malus,Map,Tile:2,Map,Tile:13,Tile:9,Tile:6,Tile:10,Tile:7,Tile:6,Tile:0,Destroy,Tile:8,Tile:8,Tile:0,Map,Tile:5,Bonus,Tile:7,Tile:10,Tile:15,Bonus,Tile:9,Tile:3,Tile:8,Tile:5,Destroy,Tile:6,Tile:1,Tile:5,Tile:11,Tile:7,Tile:9,Tile:14,Tile:6-Tile:0,Malus,Tile:8,Tile:9,Tile:8,Tile:12,Tile:6-Tile:10,Tile:7,Map,Bonus,Tile:5,Bonus,Tile:9-Tile:hidden1,Tile:nugget,Tile:hidden2
Tile:6 5 6 1
Map 12 3 0
Tile:9_flip 6 6 1
Tile:7 6 5 0
Map 12 7 1
Tile:7_flip 6 7 0
Tile:0 4 6 1
Map 12 5 0
Destroy 4 6 1
Map 12 7 0
Drop 1 0 1
Tile:9_flip 7 7 0
Tile:12_flip 4 5 1
Tile:9 7 6 0
Tile:6_flip 8 6 1
Tile:5_flip 9 6 0
Drop 6 0 1
Tile:6_flip 9 5 0
Tile:0 8 5 1
Tile:10 8 7 0
Tile:13 8 8 1
Tile:8 10 5 0
Tile:2_flip 11 5 1
Tile:10 11 4 0
Tile:8 7 8 1
Destroy 11 5 0
Tile:0 4 6 1
Tile:10 11 3 0
Drop 2 0 1
Tile:4 10 4 0
Tile:5_flip 9 8 1
Map 12 3 0
Tile:9_flip 8 9 1
Tile:5_flip 11 5 0
Drop 5 0 1
Tile:6_flip 11 2 0
Tile:15 8 10 1
Tile:5_flip 12 2 0
Tile:11_flip 8 11 1
Tile:7_flip 10 6 0
Tile:7 11 6 1
Map 12 3 0
Destroy 8 6 1
Tile:3 12 1 0
Tile:6_flip 6 8 1
Tile:14 6 9 0
Tile:9 7 5 1
Drop 0 0 0
Tile:0 11 1 1
Drop 0 0 0
Malus 0 0 1
Bonus 0 0 0
Tile:1 10 2 1
Drop 0 0 0
Malus 0 0 1
GAMEOVER DRAW
# Game ended: Mon Apr 06 15:56:12 EDT 2020
