# Server version 0.08 running on LAPTOP-QJHLSQ4D:8123
# Game ID: 295
# Board class: Saboteur.SaboteurBoard
# Timeout: 20000
# First Move Timeout: 30000
# Date: Thu Apr 09 17:02:12 EDT 2020
# Player 1: Player-0, 'RandomPlayer', running on LAPTOP-QJHLSQ4D
# Player 2: Player-1, '260779480', running on LAPTOP-QJHLSQ4D
START Player-0 RandomPlayer
START Player-1 260779480
BoardInit:Destroy,Map,Tile:15,Tile:0,Tile:12,Bonus,Tile:9,Tile:10,Map,Tile:1,Malus,Map,Tile:9,Tile:8,Bonus,Tile:6,Tile:7,Tile:10,Tile:0,Tile:13,Map,Tile:7,Tile:2,Bonus,Tile:7,Destroy,Tile:10,Tile:6,Bonus,Tile:9,Tile:4,Tile:6,Tile:6,Tile:7,Tile:8,Tile:9,Map,Tile:5,Tile:9,Malus,Tile:0-Tile:8,Tile:5,Tile:3,Tile:6,Destroy,Tile:11,Tile:5-Tile:8,Tile:8,Tile:0,Tile:5,Map,Tile:14,Tile:7-Tile:nugget,Tile:hidden2,Tile:hidden1
Drop 5 0 1
Tile:14_flip 5 4 0
Tile:8 6 5 1
Tile:8 6 6 0
Tile:6 7 5 1
Tile:7 6 4 0
Tile:5_flip 8 5 1
Map 12 3 0
Tile:9 8 4 1
Tile:8 6 7 0
Map 12 3 1
Tile:5_flip 6 8 0
Malus 0 0 1
Drop 0 0 0
Tile:9_flip 9 4 1
Map 12 3 0
Tile:5 9 3 1
Drop 0 0 0
Tile:7 10 3 1
Map 12 7 0
Drop 0 0 1
Drop 2 0 0
Map 12 7 1
Drop 3 0 0
Drop 6 0 1
Drop 0 0 0
Tile:7_flip 10 4 1
Destroy 7 5 0
Tile:0 7 5 1
Drop 6 0 0
Drop 2 0 1
Drop 1 0 0
Drop 2 0 1
Drop 4 0 0
Tile:6 11 4 1
Drop 3 0 0
Tile:8 12 4 1
GAMEOVER WINNER 1
# Game ended: Thu Apr 09 17:02:22 EDT 2020
