# Server version 0.08 running on LAPTOP-QJHLSQ4D:8123
# Game ID: 138
# Board class: Saboteur.SaboteurBoard
# Timeout: 20000
# First Move Timeout: 30000
# Date: Sat Apr 04 17:25:33 EDT 2020
# Player 1: Player-0, 'RandomPlayer', running on LAPTOP-QJHLSQ4D
# Player 2: Player-1, '260760794', running on LAPTOP-QJHLSQ4D
START Player-0 RandomPlayer
START Player-1 260760794
BoardInit:Tile:14,Tile:5,Tile:7,Map,Destroy,Tile:5,Tile:5,Tile:2,Destroy,Tile:10,Tile:0,Map,Tile:6,Map,Tile:3,Tile:9,Tile:7,Map,Malus,Tile:4,Bonus,Tile:6,Tile:9,Destroy,Map,Bonus,Tile:10,Tile:8,Tile:7,Tile:8,Tile:0,Bonus,Tile:8,Tile:15,Tile:9,Tile:9,Tile:11,Tile:8,Bonus,Tile:5,Map-Tile:9,Tile:6,Tile:0,Tile:7,Tile:12,Tile:0,Tile:1-Tile:6,Tile:8,Malus,Tile:7,Tile:10,Tile:6,Tile:13-Tile:nugget,Tile:hidden1,Tile:hidden2
Tile:1 6 5 1
Tile:6_flip 7 5 0
Tile:14 8 5 1
Tile:6_flip 5 4 0
Tile:7_flip 7 6 1
Tile:8 4 5 0
Tile:7 8 6 1
Tile:13 8 7 0
Tile:5_flip 9 7 1
Tile:10 9 6 0
Tile:6 8 8 1
Tile:7_flip 5 6 0
Tile:0 9 8 1
Map 12 7 0
Tile:6_flip 10 8 1
Map 12 5 0
Tile:9_flip 10 9 1
Tile:9_flip 10 10 0
Tile:3 11 8 1
Tile:5 8 4 0
Malus 0 0 1
Map 12 5 0
Tile:7_flip 11 9 1
Map 12 3 0
Tile:0 12 9 1
Destroy 8 6 0
Map 12 3 1
Drop 5 0 0
Tile:9 7 8 1
Drop 2 0 0
Tile:7_flip 7 9 1
Drop 4 0 0
Tile:10 9 5 1
Drop 6 0 0
Tile:8 9 4 1
Drop 0 0 0
Tile:9_flip 10 4 1
Drop 3 0 0
Tile:11 10 5 1
Drop 6 0 0
Tile:0 11 5 1
Drop 2 0 0
Map 12 5 1
Drop 1 0 0
Tile:0 8 9 1
Drop 3 0 0
Tile:12 6 6 1
Drop 0 0 0
Destroy 10 5 1
Drop 2 0 0
Destroy 9 6 1
Drop 0 0 0
Drop 1 0 1
Drop 0 0 0
Drop 0 0 1
GAMEOVER DRAW
# Game ended: Sat Apr 04 17:25:43 EDT 2020
