# Server version 0.08 running on LAPTOP-QJHLSQ4D:8123
# Game ID: 211
# Board class: Saboteur.SaboteurBoard
# Timeout: 20000
# First Move Timeout: 30000
# Date: Sun Apr 05 17:54:15 EDT 2020
# Player 1: Player-0, '260760794', running on LAPTOP-QJHLSQ4D
# Player 2: Player-1, 'RandomPlayer', running on LAPTOP-QJHLSQ4D
START Player-0 260760794
START Player-1 RandomPlayer
BoardInit:Tile:6,Tile:6,Tile:9,Tile:6,Tile:10,Tile:7,Tile:5,Tile:5,Map,Destroy,Map,Tile:4,Bonus,Tile:9,Map,Bonus,Tile:6,Tile:12,Tile:9,Tile:9,Tile:7,Tile:8,Malus,Map,Tile:0,Tile:1,Bonus,Tile:5,Tile:5,Tile:11,Map,Tile:0,Destroy,Tile:9,Tile:3,Tile:2,Bonus,Tile:0,Tile:15,Malus,Tile:8-Tile:8,Tile:0,Tile:10,Tile:7,Tile:10,Tile:8,Tile:13-Tile:7,Tile:8,Destroy,Map,Tile:6,Tile:7,Tile:14-Tile:nugget,Tile:hidden2,Tile:hidden1
Tile:8 5 6 1
Map 12 3 0
Tile:0 4 5 1
Tile:6_flip 6 5 0
Tile:6 3 5 1
Tile:6_flip 7 5 0
Tile:10 5 4 1
Tile:7 8 5 0
Tile:5 3 4 1
Tile:5_flip 8 6 0
Tile:13 6 6 1
Tile:6 7 6 0
Tile:9_flip 6 7 1
Destroy 8 5 0
Tile:7_flip 6 8 1
Tile:9_flip 8 5 0
Tile:8 7 8 1
Tile:7 8 4 0
Tile:6 7 4 1
Tile:7 7 3 0
Tile:9 2 5 1
Tile:9 6 3 0
Tile:7_flip 5 7 1
Tile:8 6 2 0
Tile:10 2 4 1
Tile:8 6 1 0
Drop 0 0 1
Destroy 8 4 0
Tile:0 7 1 1
Tile:5_flip 8 8 0
Tile:5_flip 4 4 1
Tile:14 2 6 0
Map 12 3 1
Tile:11_flip 8 1 0
Map 12 5 1
Tile:9_flip 8 4 0
Map 12 5 1
Tile:2 8 0 0
Drop 6 0 1
Tile:0 7 2 0
Drop 0 0 1
Malus 0 0 0
Destroy 2 6 1
Tile:1 4 6 0
Drop 4 0 1
Map 12 5 0
Map 12 3 1
Tile:4 8 3 0
Drop 0 0 1
Drop 0 0 0
Drop 0 0 1
Tile:0 3 6 0
Drop 1 0 1
Tile:12_flip 7 0 0
Drop 0 0 1
GAMEOVER DRAW
# Game ended: Sun Apr 05 17:54:24 EDT 2020
