# Server version 0.08 running on LAPTOP-QJHLSQ4D:8123
# Game ID: 108
# Board class: Saboteur.SaboteurBoard
# Timeout: 20000
# First Move Timeout: 30000
# Date: Mon Mar 30 17:07:08 EDT 2020
# Player 1: Player-0, '260760794', running on LAPTOP-QJHLSQ4D
# Player 2: Player-1, 'RandomPlayer', running on LAPTOP-QJHLSQ4D
START Player-0 260760794
START Player-1 RandomPlayer
BoardInit:Tile:5,Tile:9,Tile:0,Map,Tile:8,Map,Tile:15,Tile:3,Bonus,Tile:6,Tile:7,Tile:7,Tile:11,Tile:5,Destroy,Bonus,Tile:6,Tile:8,Tile:0,Tile:9,Bonus,Malus,Tile:10,Map,Tile:9,Tile:1,Bonus,Tile:9,Malus,Tile:8,Tile:2,Tile:13,Tile:9,Tile:14,Tile:10,Tile:6,Tile:0,Tile:8,Tile:0,Map,Tile:7-Tile:6,Destroy,Tile:7,Tile:5,Tile:5,Tile:10,Destroy-Tile:4,Map,Tile:7,Map,Tile:8,Tile:12,Tile:6-Tile:hidden2,Tile:nugget,Tile:hidden1
Tile:7 6 5 1
Map 12 3 0
Tile:6 4 5 1
Map 12 5 0
Drop 4 0 1
Map 12 7 0
Drop 2 0 1
Tile:9_flip 6 6 0
Tile:0 3 5 1
Tile:3_flip 6 7 0
Drop 1 0 1
Tile:6_flip 7 7 0
Tile:5_flip 8 7 1
Tile:7 8 6 0
Tile:7_flip 2 5 1
Tile:4_flip 7 8 0
Destroy 6 7 1
Tile:7_flip 6 7 0
Drop 1 0 1
Tile:12_flip 7 6 0
Destroy 2 5 1
Map 12 5 0
Tile:11 5 6 1
Malus 0 0 0
Drop 0 0 1
Drop 0 0 0
Drop 5 0 1
Tile:9_flip 5 4 0
Drop 4 0 1
Tile:5_flip 5 7 0
Bonus 0 0 1
Tile:6 2 5 0
Tile:6_flip 4 4 1
Tile:13 1 5 0
Tile:2_flip 1 6 1
Map 12 7 0
Tile:9 0 5 1
Tile:8 0 4 0
Tile:0 3 4 1
Tile:14_flip 4 7 0
Tile:9 4 8 1
Tile:6_flip 2 6 0
Tile:15 2 7 1
Tile:8 0 3 0
Tile:7_flip 2 8 1
Tile:8 1 4 0
Tile:10 4 9 1
Drop 0 0 0
Tile:0 3 6 1
Tile:9_flip 1 3 0
Malus 0 0 1
Map 12 7 0
Drop 0 0 1
Drop 0 0 0
Drop 0 0 1
GAMEOVER DRAW
# Game ended: Mon Mar 30 17:07:08 EDT 2020
