# Server version 0.08 running on LAPTOP-QJHLSQ4D:8123
# Game ID: 331
# Board class: Saboteur.SaboteurBoard
# Timeout: 20000
# First Move Timeout: 30000
# Date: Thu Apr 09 17:48:38 EDT 2020
# Player 1: Player-0, '260779480', running on LAPTOP-QJHLSQ4D
# Player 2: Player-1, 'RandomPlayer', running on LAPTOP-QJHLSQ4D
START Player-0 260779480
START Player-1 RandomPlayer
BoardInit:Tile:11,Tile:0,Tile:10,Tile:15,Tile:9,Tile:8,Tile:7,Tile:8,Tile:3,Tile:6,Malus,Map,Destroy,Malus,Bonus,Tile:0,Tile:5,Bonus,Tile:9,Tile:6,Map,Tile:10,Destroy,Tile:9,Tile:7,Map,Tile:0,Tile:5,Destroy,Map,Tile:5,Map,Tile:7,Tile:6,Tile:6,Tile:7,Map,Tile:9,Bonus,Tile:1,Tile:13-Tile:8,Tile:9,Tile:5,Tile:8,Tile:6,Bonus,Tile:12-Tile:14,Tile:4,Tile:8,Tile:0,Tile:7,Tile:2,Tile:10-Tile:hidden2,Tile:hidden1,Tile:nugget
Tile:6 6 5 1
Tile:8 7 5 0
Tile:9_flip 8 5 1
Tile:10 8 4 0
Tile:5 5 4 1
Tile:7 8 3 0
Tile:9 5 6 1
Tile:8 8 6 0
Tile:8 5 7 1
Tile:8 9 6 0
Tile:7_flip 9 7 1
Tile:6 10 6 0
Tile:8 6 4 1
Map 12 3 0
Tile:11_flip 7 4 1
Malus 0 0 0
Destroy 7 5 1
Drop 3 0 0
Drop 3 0 1
Tile:0 6 6 0
Bonus 0 0 1
Tile:6 7 5 0
Drop 1 0 1
Tile:0 11 6 0
Map 12 5 1
Tile:9_flip 12 6 0
GAMEOVER WINNER 0
# Game ended: Thu Apr 09 17:48:47 EDT 2020
