# Server version 0.08 running on LAPTOP-QJHLSQ4D:8123
# Game ID: 189
# Board class: Saboteur.SaboteurBoard
# Timeout: 20000
# First Move Timeout: 30000
# Date: Sun Apr 05 17:25:01 EDT 2020
# Player 1: Player-0, 'Human', running on LAPTOP-QJHLSQ4D
# Player 2: Player-1, '260760794', running on LAPTOP-QJHLSQ4D
START Player-0 Human
START Player-1 260760794
BoardInit:Malus,Map,Tile:0,Tile:7,Tile:9,Tile:7,Bonus,Tile:8,Tile:5,Tile:0,Tile:8,Tile:6,Tile:8,Tile:5,Tile:12,Tile:15,Tile:8,Tile:5,Tile:9,Tile:7,Tile:3,Map,Bonus,Map,Bonus,Tile:8,Tile:9,Tile:0,Tile:6,Tile:13,Tile:9,Tile:5,Tile:10,Tile:1,Destroy,Bonus,Tile:11,Tile:2,Tile:9,Tile:7,Tile:6-Map,Tile:0,Tile:10,Tile:7,Tile:10,Malus,Destroy-Destroy,Tile:4,Map,Tile:14,Tile:6,Map,Tile:6-Tile:hidden2,Tile:nugget,Tile:hidden1
Map 12 3 1
Map 12 3 0
Tile:7 6 5 1
Tile:6 6 6 0
Malus 0 0 1
Drop 1 0 0
Tile:9_flip 7 6 1
Drop 1 0 0
Tile:10 7 5 1
Drop 5 0 0
Tile:5 7 4 1
Drop 3 0 0
Tile:8 8 4 1
Drop 3 0 0
Tile:8 9 4 1
Drop 1 0 0
Tile:10 9 5 1
Drop 6 0 0
Tile:8 10 4 1
Drop 6 0 0
Tile:12 11 4 1
Drop 5 0 0
Tile:3_flip 10 5 1
Drop 6 0 0
Tile:9_flip 10 3 1
Drop 6 0 0
Malus 0 0 1
Drop 6 0 0
Tile:9_flip 10 2 1
Drop 6 0 0
Tile:6_flip 10 1 1
Drop 5 0 0
Tile:9_flip 11 1 1
Drop 3 0 0
Tile:10 11 2 1
Drop 3 0 0
Destroy 11 4 1
Drop 3 0 0
Tile:11_flip 11 4 1
Drop 2 0 0
Tile:9 11 3 1
Bonus 0 0 0
Tile:6_flip 13 3 1
Drop 4 0 0
Destroy 11 4 1
Drop 4 0 0
Tile:0 9 2 1
Drop 3 0 0
Drop 2 0 1
Drop 2 0 0
Tile:0 4 5 1
Drop 1 0 0
Drop 1 0 1
Drop 0 0 0
Drop 0 0 1
GAMEOVER DRAW
# Game ended: Sun Apr 05 17:27:01 EDT 2020
