# Server version 0.08 running on LAPTOP-QJHLSQ4D:8123
# Game ID: 328
# Board class: Saboteur.SaboteurBoard
# Timeout: 20000
# First Move Timeout: 30000
# Date: Thu Apr 09 17:47:22 EDT 2020
# Player 1: Player-0, '260779480', running on LAPTOP-QJHLSQ4D
# Player 2: Player-1, 'RandomPlayer', running on LAPTOP-QJHLSQ4D
START Player-0 260779480
START Player-1 RandomPlayer
BoardInit:Malus,Tile:8,Tile:7,Tile:0,Tile:8,Tile:7,Tile:2,Tile:14,Tile:7,Tile:5,Bonus,Tile:13,Tile:5,Tile:3,Tile:8,Tile:6,Destroy,Tile:7,Tile:12,Bonus,Map,Tile:9,Bonus,Tile:10,Tile:9,Tile:0,Tile:9,Tile:0,Destroy,Malus,Tile:9,Tile:6,Tile:5,Tile:8,Map,Map,Tile:4,Tile:10,Map,Tile:6,Tile:5-Tile:6,Tile:6,Tile:9,Destroy,Tile:10,Tile:7,Map-Tile:11,Bonus,Tile:0,Tile:8,Tile:1,Tile:15,Map-Tile:nugget,Tile:hidden2,Tile:hidden1
Tile:7_flip 5 6 1
Map 12 3 0
Tile:6_flip 5 4 1
Tile:8 6 4 0
Destroy 5 6 1
Tile:8 7 4 0
Tile:6 7 5 1
Tile:0 8 4 0
Drop 0 0 1
Tile:0 9 4 0
Tile:7_flip 4 5 1
Tile:7 10 4 0
Drop 2 0 1
Tile:5_flip 10 5 0
Tile:2_flip 5 6 1
Drop 5 0 0
Tile:5_flip 6 6 1
Tile:6_flip 9 5 0
Tile:10 6 3 1
Tile:7_flip 9 6 0
Drop 4 0 1
Drop 0 0 0
Tile:8 6 2 1
Drop 1 0 0
Map 12 7 1
Drop 1 0 0
Tile:12_flip 4 6 1
Tile:0 10 6 0
Destroy 4 6 1
Tile:0 11 6 0
Destroy 8 4 1
Tile:9 7 3 0
Tile:9_flip 6 1 1
Tile:6 8 3 0
Tile:9_flip 12 6 1
Malus 0 0 0
Map 12 3 1
Map 12 7 0
Map 12 5 1
Drop 1 0 0
Map 12 5 1
Tile:6 9 3 0
Bonus 0 0 1
Tile:8 9 2 0
Tile:7 10 2 1
Tile:10 9 1 0
Tile:5_flip 10 3 1
Tile:10 9 0 0
Tile:9_flip 7 2 1
Drop 1 0 0
Tile:4 6 0 1
Drop 1 0 0
Tile:5 4 6 1
Drop 0 0 0
Drop 0 0 1
GAMEOVER DRAW
# Game ended: Thu Apr 09 17:47:32 EDT 2020
