# Server version 0.08 running on LAPTOP-QJHLSQ4D:8123
# Game ID: 188
# Board class: Saboteur.SaboteurBoard
# Timeout: 20000
# First Move Timeout: 30000
# Date: Sun Apr 05 17:14:36 EDT 2020
# Player 1: Player-0, 'Human', running on LAPTOP-QJHLSQ4D
# Player 2: Player-1, '260760794', running on LAPTOP-QJHLSQ4D
START Player-0 Human
START Player-1 260760794
BoardInit:Tile:8,Tile:13,Tile:7,Tile:6,Tile:7,Tile:4,Tile:5,Destroy,Tile:0,Tile:9,Tile:5,Tile:7,Malus,Tile:0,Tile:9,Tile:0,Map,Tile:9,Tile:0,Tile:10,Map,Tile:2,Tile:8,Tile:6,Tile:5,Tile:10,Destroy,Tile:6,Map,Tile:7,Tile:5,Tile:9,Tile:6,Tile:15,Bonus,Tile:8,Tile:10,Bonus,Map,Tile:1,Tile:9-Tile:6,Tile:3,Malus,Tile:11,Bonus,Tile:8,Destroy-Bonus,Tile:7,Tile:12,Tile:14,Map,Map,Tile:8-Tile:nugget,Tile:hidden2,Tile:hidden1
Malus 0 0 1
Bonus 0 0 0
Tile:8 6 5 1
Map 12 3 0
Tile:7 7 5 1
Tile:6 7 6 0
Tile:7 8 6 1
Tile:8 6 4 0
Tile:5_flip 8 7 1
Destroy 8 6 0
Tile:8 8 6 1
Tile:9 8 5 0
Tile:5_flip 9 5 1
Drop 5 0 0
Tile:6_flip 9 6 1
Drop 2 0 0
Tile:9_flip 10 6 1
Drop 4 0 0
Map 12 3 1
Tile:9 9 4 0
Tile:11 10 5 1
Drop 1 0 0
Tile:3_flip 10 7 1
Tile:7 10 4 0
Tile:8 9 3 1
Tile:0 10 3 0
Tile:5_flip 11 3 1
Tile:6_flip 11 2 0
Malus 0 0 1
Drop 4 0 0
Destroy 11 3 1
Drop 1 0 0
Tile:5_flip 11 3 1
Drop 0 0 0
Tile:6_flip 12 2 1
GAMEOVER WINNER 1
# Game ended: Sun Apr 05 17:17:39 EDT 2020
