# Server version 0.08 running on LAPTOP-QJHLSQ4D:8123
# Game ID: 107
# Board class: Saboteur.SaboteurBoard
# Timeout: 20000
# First Move Timeout: 30000
# Date: Mon Mar 30 17:07:03 EDT 2020
# Player 1: Player-0, '260760794', running on LAPTOP-QJHLSQ4D
# Player 2: Player-1, 'RandomPlayer', running on LAPTOP-QJHLSQ4D
START Player-0 260760794
START Player-1 RandomPlayer
BoardInit:Tile:8,Destroy,Bonus,Tile:3,Tile:0,Tile:12,Tile:6,Tile:5,Tile:7,Tile:9,Tile:0,Malus,Tile:10,Tile:1,Tile:5,Tile:8,Tile:8,Tile:6,Map,Tile:9,Tile:14,Bonus,Tile:6,Tile:9,Tile:6,Tile:10,Tile:10,Tile:7,Map,Tile:9,Tile:8,Tile:7,Map,Tile:2,Tile:0,Tile:15,Tile:0,Tile:5,Tile:7,Tile:13,Tile:11-Destroy,Map,Malus,Tile:4,Tile:7,Map,Bonus-Tile:9,Map,Tile:6,Bonus,Tile:5,Tile:8,Destroy-Tile:nugget,Tile:hidden2,Tile:hidden1
Map 12 3 1
Map 12 3 0
Drop 1 0 1
Tile:8 6 5 0
Tile:4 6 4 1
Tile:9 6 6 0
Tile:7_flip 4 5 1
Tile:12 7 5 0
Drop 3 0 1
Tile:6 6 7 0
Drop 1 0 1
Tile:5_flip 7 7 0
Tile:7 5 4 1
Malus 0 0 0
Drop 3 0 1
Tile:3 7 6 0
Destroy 7 7 1
Tile:5_flip 7 7 0
Drop 2 0 1
Destroy 6 5 0
Drop 1 0 1
Tile:8 6 5 0
Map 12 3 1
Destroy 6 5 0
Drop 5 0 1
Tile:9 4 4 0
Drop 0 0 1
Tile:10 5 6 0
Drop 5 0 1
Drop 5 0 0
Map 12 3 1
Tile:6 5 7 0
Drop 6 0 1
Tile:9_flip 4 3 0
Drop 3 0 1
Tile:1 3 3 0
Drop 2 0 1
Tile:7_flip 2 3 0
Map 12 5 1
Tile:9_flip 2 2 0
Drop 2 0 1
Tile:13 6 5 0
Drop 0 0 1
Tile:7_flip 4 7 0
Drop 4 0 1
Drop 3 0 0
Drop 2 0 1
Tile:2_flip 1 2 0
Drop 0 0 1
Tile:5 2 1 0
Drop 0 0 1
Drop 0 0 0
Drop 1 0 1
Drop 0 0 0
Drop 0 0 1
GAMEOVER DRAW
# Game ended: Mon Mar 30 17:07:03 EDT 2020
