# Server version 0.08 running on LAPTOP-QJHLSQ4D:8123
# Game ID: 19
# Board class: Saboteur.SaboteurBoard
# Timeout: 20000
# First Move Timeout: 30000
# Date: Wed Mar 25 17:46:28 EDT 2020
# Player 1: Player-0, 'Human', running on LAPTOP-QJHLSQ4D
# Player 2: Player-1, '260760794', running on LAPTOP-QJHLSQ4D
START Player-0 Human
START Player-1 260760794
BoardInit:Tile:11,Bonus,Tile:7,Tile:8,Tile:9,Bonus,Bonus,Bonus,Tile:1,Tile:4,Map,Tile:10,Tile:10,Tile:0,Tile:3,Tile:9,Tile:8,Tile:6,Tile:0,Tile:10,Tile:8,Tile:9,Map,Destroy,Destroy,Tile:5,Map,Tile:8,Tile:2,Tile:5,Map,Tile:0,Tile:7,Tile:5,Malus,Malus,Tile:6,Tile:15,Tile:8,Tile:7,Tile:9-Tile:13,Tile:14,Tile:6,Map,Destroy,Tile:6,Tile:9-Tile:6,Tile:0,Tile:7,Tile:7,Tile:5,Tile:12,Map-Tile:hidden1,Tile:nugget,Tile:hidden2
Tile:13 5 4 1
Tile:6 6 5 0
Tile:14 5 6 1
Tile:0 7 5 0
Tile:6 4 4 1
Tile:12 8 5 0
Map 12 3 1
Tile:8 6 4 0
Destroy 4 4 1
Map 12 5 0
Tile:6 4 4 1
Tile:7 6 3 0
Tile:9 4 3 1
Tile:10 4 2 0
Tile:11 4 1 1
Tile:0 7 4 0
Tile:7 4 0 1
Tile:9 3 4 0
Tile:9 3 5 1
Tile:6 8 4 0
Tile:1 4 5 1
Tile:10 8 3 0
Map 12 3 1
Tile:9 8 2 0
Tile:10 3 3 1
Tile:7 9 4 0
Tile:3 3 2 1
Destroy 3 2 0
Tile:8 3 6 1
Tile:8 9 2 0
Tile:0 4 6 1
Tile:5 9 1 0
Tile:8 3 7 1
Tile:0 10 2 0
Map 12 3 1
Tile:4 8 1 0
Destroy 3 3 1
Malus 0 0 0
Bonus 0 0 1
Tile:15 9 5 0
Map 12 3 1
Tile:7 11 2 0
Tile:2 2 6 1
Tile:5_flip 11 3 0
Map 12 3 1
Tile:5 10 3 0
Tile:7 3 3 1
Drop 2 0 0
Malus 0 0 1
Bonus 0 0 0
Tile:6 2 7 1
Tile:5 2 3 0
Tile:8 1 6 1
Drop 0 0 0
Tile:9 1 5 1
GAMEOVER DRAW
# Game ended: Wed Mar 25 17:50:00 EDT 2020
