# Server version 0.08 running on LAPTOP-QJHLSQ4D:8123
# Game ID: 142
# Board class: Saboteur.SaboteurBoard
# Timeout: 20000
# First Move Timeout: 30000
# Date: Sat Apr 04 18:17:51 EDT 2020
# Player 1: Player-0, '260760794', running on LAPTOP-QJHLSQ4D
# Player 2: Player-1, 'RandomPlayer', running on LAPTOP-QJHLSQ4D
START Player-0 260760794
START Player-1 RandomPlayer
BoardInit:Tile:9,Map,Tile:10,Map,Destroy,Tile:6,Tile:8,Tile:0,Tile:1,Tile:13,Tile:10,Tile:8,Tile:9,Tile:9,Tile:6,Tile:15,Destroy,Tile:7,Tile:5,Tile:8,Tile:9,Tile:0,Bonus,Malus,Tile:14,Tile:0,Tile:6,Tile:12,Bonus,Tile:8,Tile:5,Tile:9,Tile:6,Map,Map,Tile:7,Tile:7,Malus,Tile:10,Tile:11,Map-Tile:8,Tile:3,Bonus,Tile:5,Tile:7,Tile:4,Tile:6-Tile:0,Bonus,Tile:2,Destroy,Tile:5,Map,Tile:7-Tile:hidden2,Tile:nugget,Tile:hidden1
Tile:6 4 5 1
Map 12 3 0
Tile:7_flip 3 5 1
Map 12 5 0
Tile:9 4 4 1
Map 12 7 0
Drop 2 0 1
Tile:6_flip 6 5 0
Tile:3 7 5 1
Tile:7_flip 7 6 0
Drop 0 0 1
Tile:13 8 6 0
Tile:10 6 6 1
Tile:8 9 6 0
Drop 3 0 1
Tile:9_flip 10 6 0
Tile:6_flip 10 5 1
Tile:5_flip 11 5 0
Tile:4 11 4 1
Tile:15 10 7 0
Destroy 6 6 1
Tile:8 10 8 0
Tile:9_flip 4 3 1
Tile:7_flip 10 9 0
Tile:5 3 3 1
Malus 0 0 0
Destroy 11 5 1
Tile:0 11 8 0
Drop 6 0 1
Tile:12_flip 9 8 0
Drop 4 0 1
Tile:8 11 5 0
Drop 4 0 1
Tile:9_flip 12 8 0
Drop 0 0 1
Tile:2_flip 12 9 0
Map 12 7 1
Tile:7_flip 11 6 0
Drop 0 0 1
Malus 0 0 0
Drop 4 0 1
Tile:11_flip 12 6 0
Map 12 7 1
Tile:0 11 9 0
Drop 4 0 1
Tile:0 13 9 0
Drop 3 0 1
Destroy 11 6 0
Drop 2 0 1
Map 12 7 0
Drop 0 0 1
Drop 0 0 0
Drop 1 0 1
Drop 0 0 0
Drop 0 0 1
GAMEOVER DRAW
# Game ended: Sat Apr 04 18:18:01 EDT 2020
