# Server version 0.08 running on LAPTOP-QJHLSQ4D:8123
# Game ID: 145
# Board class: Saboteur.SaboteurBoard
# Timeout: 20000
# First Move Timeout: 30000
# Date: Sun Apr 05 15:52:44 EDT 2020
# Player 1: Player-0, 'RandomPlayer', running on LAPTOP-QJHLSQ4D
# Player 2: Player-1, '260760794', running on LAPTOP-QJHLSQ4D
START Player-0 RandomPlayer
START Player-1 260760794
BoardInit:Tile:5,Tile:0,Tile:10,Malus,Tile:9,Tile:7,Tile:15,Malus,Tile:11,Map,Tile:0,Tile:7,Map,Tile:0,Tile:1,Tile:14,Tile:6,Tile:6,Tile:9,Bonus,Map,Bonus,Map,Destroy,Bonus,Map,Tile:13,Bonus,Tile:4,Tile:8,Tile:5,Tile:9,Tile:10,Tile:3,Tile:8,Tile:10,Tile:7,Tile:7,Tile:5,Tile:6,Destroy-Tile:8,Tile:9,Tile:6,Tile:0,Tile:5,Tile:7,Map-Tile:12,Tile:9,Tile:8,Destroy,Tile:2,Tile:6,Tile:8-Tile:nugget,Tile:hidden2,Tile:hidden1
Map 12 3 1
Tile:8 6 5 0
Tile:5_flip 7 5 1
Drop 1 0 0
Tile:10 6 6 1
Tile:2 4 5 0
Tile:9_flip 6 7 1
Tile:8 5 7 0
Tile:15 6 8 1
Tile:6 4 7 0
Tile:9_flip 7 4 1
Drop 1 0 0
Tile:5 6 4 1
Drop 0 0 0
Map 12 5 1
Tile:0 3 5 0
Tile:7 7 3 1
Tile:7 5 4 0
Tile:6 6 3 1
Tile:7_flip 4 4 0
Tile:9_flip 6 2 1
Tile:0 3 7 0
Map 12 7 1
Drop 5 0 0
Tile:6_flip 6 1 1
Destroy 7 4 0
Tile:11_flip 7 4 1
Tile:14_flip 2 7 0
Tile:8 4 6 1
Map 12 5 0
Map 12 5 1
Tile:6_flip 2 5 0
Tile:0 5 2 1
Tile:9 4 2 0
Tile:13 4 3 1
Drop 3 0 0
Tile:0 3 6 1
Tile:3_flip 2 6 0
Tile:8 1 5 1
Tile:7_flip 5 1 0
Tile:5 3 3 1
Tile:8 7 1 0
Tile:10 6 9 1
Tile:6_flip 8 1 0
Destroy 6 9 1
Tile:10 1 6 0
Drop 4 0 1
Drop 2 0 0
Drop 0 0 1
Drop 1 0 0
Drop 0 0 1
Malus 0 0 0
Drop 0 0 1
Drop 0 0 0
Drop 0 0 1
GAMEOVER DRAW
# Game ended: Sun Apr 05 15:52:53 EDT 2020
