# Server version 0.08 running on LAPTOP-QJHLSQ4D:8123
# Game ID: 118
# Board class: Saboteur.SaboteurBoard
# Timeout: 20000
# First Move Timeout: 30000
# Date: Mon Mar 30 17:13:38 EDT 2020
# Player 1: Player-0, '260760794', running on LAPTOP-QJHLSQ4D
# Player 2: Player-1, 'RandomPlayer', running on LAPTOP-QJHLSQ4D
START Player-0 260760794
START Player-1 RandomPlayer
BoardInit:Bonus,Malus,Tile:5,Tile:10,Tile:14,Bonus,Tile:5,Tile:9,Tile:4,Tile:13,Tile:7,Tile:11,Tile:6,Bonus,Tile:1,Destroy,Tile:6,Tile:0,Tile:8,Tile:9,Bonus,Tile:9,Tile:10,Map,Tile:15,Tile:9,Map,Tile:8,Tile:8,Tile:0,Tile:6,Destroy,Tile:0,Tile:7,Map,Tile:10,Map,Tile:0,Tile:8,Map,Tile:7-Malus,Tile:7,Tile:6,Map,Tile:6,Tile:2,Destroy-Tile:3,Tile:12,Tile:5,Tile:9,Tile:7,Tile:5,Tile:8-Tile:hidden1,Tile:nugget,Tile:hidden2
Tile:6_flip 4 5 1
Tile:8 6 5 0
Tile:6_flip 6 4 1
Malus 0 0 0
Destroy 6 4 1
Tile:10 6 4 0
Map 12 3 1
Tile:5 6 3 0
Drop 0 0 1
Tile:9_flip 7 3 0
Bonus 0 0 1
Tile:9 7 4 0
Tile:2_flip 6 6 1
Tile:11_flip 8 4 0
Tile:4_flip 8 5 1
Tile:5 8 3 0
Tile:7 5 4 1
Tile:13 9 3 0
Tile:5_flip 4 6 1
Tile:0 10 3 0
Tile:6_flip 3 6 1
Tile:9_flip 11 3 0
Tile:7_flip 9 4 1
Tile:3_flip 11 4 0
Drop 3 0 1
Map 12 3 0
Tile:14_flip 9 2 1
Tile:7 10 4 0
Tile:5_flip 12 4 1
Tile:8 10 5 0
Drop 3 0 1
Tile:9_flip 10 6 0
Tile:1 10 2 1
Tile:0 11 5 0
Tile:6 2 6 1
Tile:7_flip 9 6 0
Tile:15 10 7 1
Tile:9 10 8 0
Tile:0 4 4 1
Tile:12 11 8 0
Map 12 7 1
Map 12 5 0
Map 12 5 1
Tile:10 10 9 0
Map 12 3 1
Tile:0 7 6 0
Tile:8 10 10 1
Destroy 10 6 0
Tile:7 11 10 1
Destroy 8 3 0
Drop 1 0 1
Drop 0 0 0
Tile:8 2 5 1
Drop 0 0 0
Drop 0 0 1
GAMEOVER DRAW
# Game ended: Mon Mar 30 17:13:39 EDT 2020
