# Server version 0.08 running on LAPTOP-QJHLSQ4D:8123
# Game ID: 318
# Board class: Saboteur.SaboteurBoard
# Timeout: 20000
# First Move Timeout: 30000
# Date: Thu Apr 09 17:34:39 EDT 2020
# Player 1: Player-0, '260779480', running on LAPTOP-QJHLSQ4D
# Player 2: Player-1, '260779480', running on LAPTOP-QJHLSQ4D
START Player-0 260779480
START Player-1 260779480
BoardInit:Tile:5,Tile:6,Tile:8,Tile:8,Tile:8,Tile:9,Tile:0,Destroy,Bonus,Destroy,Tile:14,Tile:8,Tile:6,Tile:12,Tile:11,Tile:0,Tile:6,Tile:5,Tile:7,Map,Tile:9,Tile:7,Tile:9,Tile:10,Tile:9,Tile:1,Map,Tile:2,Tile:8,Tile:0,Tile:7,Tile:0,Malus,Tile:7,Tile:5,Tile:13,Tile:10,Tile:4,Map,Map,Tile:5-Tile:7,Map,Tile:10,Destroy,Malus,Tile:15,Tile:3-Map,Bonus,Bonus,Tile:6,Bonus,Tile:6,Tile:9-Tile:nugget,Tile:hidden2,Tile:hidden1
Map 12 3 1
Map 12 3 0
Tile:7 6 5 1
Tile:6 6 6 0
Tile:8 7 6 1
Tile:8 8 6 0
Malus 0 0 1
Bonus 0 0 0
Tile:8 9 6 1
Tile:6 10 6 0
Tile:0 11 6 1
Tile:9_flip 12 6 0
Tile:10 12 4 1
GAMEOVER WINNER 1
# Game ended: Thu Apr 09 17:34:48 EDT 2020
