# Server version 0.08 running on LAPTOP-QJHLSQ4D:8123
# Game ID: 155
# Board class: Saboteur.SaboteurBoard
# Timeout: 20000
# First Move Timeout: 30000
# Date: Sun Apr 05 16:13:43 EDT 2020
# Player 1: Player-0, '260760794', running on LAPTOP-QJHLSQ4D
# Player 2: Player-1, 'RandomPlayer', running on LAPTOP-QJHLSQ4D
START Player-0 260760794
START Player-1 RandomPlayer
BoardInit:Tile:0,Tile:9,Tile:1,Tile:8,Malus,Bonus,Tile:6,Bonus,Tile:5,Tile:8,Tile:7,Tile:5,Bonus,Tile:11,Bonus,Tile:5,Tile:8,Destroy,Map,Tile:4,Destroy,Tile:3,Tile:10,Tile:12,Tile:10,Tile:5,Tile:0,Map,Tile:6,Malus,Tile:7,Map,Tile:10,Tile:7,Tile:7,Tile:0,Tile:9,Tile:9,Tile:8,Tile:13,Tile:6-Tile:14,Map,Destroy,Tile:8,Map,Tile:15,Tile:6-Tile:7,Map,Tile:0,Tile:9,Tile:2,Tile:6,Tile:9-Tile:nugget,Tile:hidden1,Tile:hidden2
Tile:14 6 5 1
Map 12 3 0
Tile:6_flip 6 4 1
Tile:9_flip 5 6 0
Tile:8 5 7 1
Tile:8 6 7 0
Map 12 5 1
Tile:9_flip 7 7 0
Tile:1 4 7 1
Tile:9_flip 7 8 0
Tile:5_flip 7 9 1
Tile:8 6 9 0
Destroy 6 7 1
Tile:6_flip 6 7 0
Tile:6_flip 7 4 1
Tile:11 6 8 0
Drop 0 0 1
Tile:5_flip 6 10 0
Tile:7_flip 5 9 1
Tile:5 7 6 0
Tile:15 5 8 1
Tile:2_flip 8 6 0
Tile:8 3 7 1
Tile:7_flip 4 5 0
Destroy 6 9 1
Destroy 7 7 0
Tile:10 3 6 1
Tile:3 8 4 0
Tile:10 8 5 1
Map 12 5 0
Drop 0 0 1
Tile:12_flip 4 6 0
Tile:7 9 6 1
Map 12 7 0
Drop 3 0 1
Tile:0 5 10 0
Tile:10 3 5 1
Tile:5_flip 9 7 0
Tile:9 2 7 1
Tile:9_flip 7 7 0
Tile:6_flip 5 4 1
Tile:4_flip 7 5 0
Drop 0 0 1
Tile:13 6 9 0
Tile:0 4 10 1
Malus 0 0 0
Drop 4 0 1
Tile:7_flip 3 8 0
Drop 0 0 1
Drop 1 0 0
Drop 0 0 1
Tile:0 3 10 0
Drop 1 0 1
Drop 0 0 0
Drop 0 0 1
GAMEOVER DRAW
# Game ended: Sun Apr 05 16:13:52 EDT 2020
