# Server version 0.08 running on LAPTOP-QJHLSQ4D:8123
# Game ID: 302
# Board class: Saboteur.SaboteurBoard
# Timeout: 20000
# First Move Timeout: 30000
# Date: Thu Apr 09 17:24:17 EDT 2020
# Player 1: Player-0, '260779480', running on LAPTOP-QJHLSQ4D
# Player 2: Player-1, 'RandomPlayer', running on LAPTOP-QJHLSQ4D
START Player-0 260779480
START Player-1 RandomPlayer
BoardInit:Destroy,Map,Map,Tile:0,Tile:0,Tile:11,Tile:12,Tile:8,Bonus,Tile:5,Tile:9,Malus,Malus,Tile:13,Tile:7,Map,Tile:9,Tile:5,Tile:14,Bonus,Tile:4,Tile:5,Tile:6,Tile:10,Tile:2,Tile:8,Tile:7,Map,Tile:15,Tile:6,Tile:5,Tile:3,Bonus,Tile:6,Destroy,Tile:8,Tile:1,Bonus,Tile:7,Tile:10,Tile:9-Tile:0,Tile:6,Tile:10,Tile:0,Tile:9,Tile:7,Map-Map,Tile:8,Tile:8,Destroy,Tile:6,Tile:9,Tile:7-Tile:nugget,Tile:hidden2,Tile:hidden1
Tile:7 6 5 1
Map 12 3 0
Drop 1 0 1
Map 12 7 0
Tile:9 4 5 1
Tile:8 6 6 0
Drop 6 0 1
Tile:8 7 6 0
Drop 0 0 1
Tile:8 8 6 0
Tile:12 9 6 1
Tile:6 8 7 0
Tile:9 7 7 1
Malus 0 0 0
Drop 5 0 1
Tile:0 9 7 0
Destroy 9 7 1
Map 12 5 0
Drop 3 0 1
Tile:7 9 7 0
Drop 6 0 1
Tile:9 9 8 0
Map 12 5 1
Tile:5_flip 10 8 0
Drop 5 0 1
Tile:10 10 7 0
Drop 0 0 1
Tile:5 10 6 0
Drop 6 0 1
Tile:8 11 6 0
Drop 1 0 1
Drop 2 0 0
Drop 6 0 1
Drop 1 0 0
Drop 0 0 1
Drop 5 0 0
Destroy 6 6 1
Tile:8 6 6 0
Drop 0 0 1
Drop 0 0 0
Drop 4 0 1
Drop 1 0 0
Drop 0 0 1
Drop 5 0 0
Drop 4 0 1
Drop 2 0 0
Drop 2 0 1
Drop 2 0 0
Drop 0 0 1
Map 12 3 0
Drop 0 0 1
Drop 0 0 0
Drop 1 0 1
Drop 0 0 0
Drop 0 0 1
GAMEOVER DRAW
# Game ended: Thu Apr 09 17:24:27 EDT 2020
