# Server version 0.08 running on LAPTOP-QJHLSQ4D:8123
# Game ID: 325
# Board class: Saboteur.SaboteurBoard
# Timeout: 20000
# First Move Timeout: 30000
# Date: Thu Apr 09 17:40:36 EDT 2020
# Player 1: Player-0, 'RandomPlayer', running on LAPTOP-QJHLSQ4D
# Player 2: Player-1, '260779480', running on LAPTOP-QJHLSQ4D
START Player-0 RandomPlayer
START Player-1 260779480
BoardInit:Tile:8,Tile:6,Tile:8,Tile:9,Tile:7,Tile:7,Destroy,Bonus,Tile:6,Tile:13,Bonus,Tile:9,Tile:10,Tile:8,Map,Tile:15,Tile:5,Tile:9,Tile:5,Tile:0,Tile:6,Tile:7,Tile:7,Tile:7,Tile:1,Map,Tile:5,Tile:9,Tile:2,Tile:14,Tile:5,Destroy,Tile:0,Tile:8,Malus,Map,Tile:0,Tile:10,Tile:6,Tile:8,Tile:9-Tile:11,Tile:3,Tile:0,Map,Map,Tile:10,Bonus-Tile:12,Tile:6,Bonus,Destroy,Map,Malus,Tile:4-Tile:hidden1,Tile:hidden2,Tile:nugget
Map 12 3 1
Map 12 7 0
Map 12 7 1
Drop 1 0 0
Tile:8 6 5 1
Destroy 6 5 0
Tile:8 6 5 1
Drop 4 0 0
Tile:0 7 5 1
Tile:9 6 6 0
Tile:6 8 5 1
Tile:12_flip 4 5 0
Tile:7 9 5 1
Tile:7 7 6 0
Tile:10 9 6 1
Tile:9_flip 9 7 0
Map 12 5 1
Drop 1 0 0
Tile:10 9 8 1
Drop 1 0 0
Tile:5_flip 9 9 1
Tile:8 7 7 0
Tile:6 8 7 1
Tile:13 8 9 0
Tile:5 8 4 1
Drop 2 0 0
Drop 0 0 1
Tile:9 5 4 0
Tile:5_flip 9 4 1
Tile:9_flip 5 6 0
Tile:7 9 3 1
Tile:0 4 6 0
Tile:5_flip 7 8 1
Tile:7_flip 8 10 0
Tile:0 8 3 1
Destroy 8 10 0
Drop 5 0 1
Tile:7_flip 8 10 0
Tile:0 7 3 1
Map 12 5 0
Tile:6 6 7 1
Tile:8 5 7 0
Tile:9 6 3 1
Tile:8 6 4 0
Drop 0 0 1
Drop 3 0 0
Drop 3 0 1
Tile:14_flip 3 6 0
Drop 1 0 1
Tile:10 3 7 0
Drop 1 0 1
Drop 0 0 0
Malus 0 0 1
Drop 0 0 0
Drop 0 0 1
GAMEOVER DRAW
# Game ended: Thu Apr 09 17:40:45 EDT 2020
