# Server version 0.08 running on LAPTOP-QJHLSQ4D:8123
# Game ID: 338
# Board class: Saboteur.SaboteurBoard
# Timeout: 20000
# First Move Timeout: 30000
# Date: Thu Apr 09 18:30:43 EDT 2020
# Player 1: Player-0, '260779480', running on LAPTOP-QJHLSQ4D
# Player 2: Player-1, 'RandomPlayer', running on LAPTOP-QJHLSQ4D
START Player-0 260779480
START Player-1 RandomPlayer
BoardInit:Tile:7,Tile:9,Tile:6,Tile:8,Tile:2,Tile:13,Tile:12,Tile:10,Tile:3,Tile:0,Tile:6,Tile:4,Malus,Tile:5,Bonus,Tile:7,Tile:6,Tile:8,Tile:8,Tile:6,Tile:10,Bonus,Bonus,Malus,Tile:0,Tile:0,Tile:9,Tile:15,Tile:8,Map,Tile:9,Destroy,Tile:9,Tile:7,Tile:6,Destroy,Tile:9,Tile:0,Map,Tile:8,Tile:7-Tile:1,Tile:14,Destroy,Map,Map,Tile:5,Tile:5-Tile:10,Map,Tile:11,Tile:5,Bonus,Map,Tile:7-Tile:nugget,Tile:hidden1,Tile:hidden2
Map 12 5 1
Map 12 3 0
Drop 1 0 1
Map 12 7 0
Tile:5 5 4 1
Tile:8 6 4 0
Tile:6 7 4 1
Tile:9_flip 8 4 0
Tile:7_flip 4 5 1
Tile:10 8 3 0
Tile:3 7 3 1
Tile:10 8 2 0
Tile:5 6 3 1
Tile:5 8 1 0
Destroy 8 1 1
Tile:7 8 1 0
Tile:6 6 5 1
Tile:5_flip 8 5 0
Tile:2 7 5 1
Tile:8 7 1 0
Tile:6_flip 6 1 1
Tile:6_flip 7 0 0
Tile:8 5 6 1
Tile:0 8 0 0
Map 12 5 1
Malus 0 0 0
Drop 3 0 1
Tile:0 9 0 0
Drop 2 0 1
Tile:7 10 0 0
Drop 1 0 1
Map 12 5 0
Drop 4 0 1
Drop 2 0 0
Drop 0 0 1
Tile:7_flip 10 1 0
Drop 4 0 1
Drop 0 0 0
Drop 0 0 1
Tile:0 11 1 0
Drop 2 0 1
Tile:8 12 1 0
Map 12 7 1
Drop 3 0 0
Drop 4 0 1
Drop 1 0 0
Drop 3 0 1
Drop 2 0 0
Drop 2 0 1
Drop 2 0 0
Drop 0 0 1
Drop 1 0 0
Drop 1 0 1
Drop 0 0 0
Drop 0 0 1
GAMEOVER DRAW
# Game ended: Thu Apr 09 18:30:53 EDT 2020
