# Server version 0.08 running on LAPTOP-QJHLSQ4D:8123
# Game ID: 235
# Board class: Saboteur.SaboteurBoard
# Timeout: 20000
# First Move Timeout: 30000
# Date: Mon Apr 06 15:53:08 EDT 2020
# Player 1: Player-0, 'RandomPlayer', running on LAPTOP-QJHLSQ4D
# Player 2: Player-1, '260760794', running on LAPTOP-QJHLSQ4D
START Player-0 RandomPlayer
START Player-1 260760794
BoardInit:Tile:9,Bonus,Tile:0,Bonus,Destroy,Tile:8,Map,Tile:15,Map,Map,Malus,Tile:5,Tile:11,Tile:2,Bonus,Map,Tile:7,Tile:6,Tile:0,Tile:7,Tile:5,Tile:10,Tile:5,Tile:7,Tile:3,Tile:9,Tile:10,Tile:9,Tile:6,Malus,Tile:13,Destroy,Tile:8,Tile:8,Tile:0,Tile:7,Map,Destroy,Tile:5,Tile:1,Tile:6-Tile:6,Bonus,Tile:6,Tile:9,Tile:12,Tile:8,Tile:9-Tile:14,Tile:10,Tile:8,Tile:4,Map,Tile:7,Tile:0-Tile:hidden1,Tile:hidden2,Tile:nugget
Tile:9_flip 6 5 1
Tile:7 6 4 0
Tile:9_flip 6 6 1
Tile:10 6 7 0
Tile:9_flip 6 8 1
Map 12 7 0
Tile:8 6 9 1
Tile:8 5 9 0
Map 12 3 1
Tile:0 4 5 0
Map 12 5 1
Drop 1 0 0
Tile:0 7 9 1
Drop 2 0 0
Tile:6_flip 8 9 1
Tile:2_flip 9 9 0
Tile:6_flip 10 9 1
Tile:5 9 8 0
Tile:7 11 9 1
Tile:6_flip 5 4 0
Tile:0 10 8 1
Tile:8 6 10 0
Tile:5_flip 11 8 1
Tile:15 6 11 0
Tile:5 11 7 1
Tile:7_flip 10 10 0
Destroy 11 7 1
Tile:9_flip 11 10 0
Tile:10 11 7 1
Tile:9 3 5 0
Tile:6_flip 11 6 1
Tile:7 12 6 0
Tile:12 7 10 1
Destroy 11 9 0
Tile:8 10 6 1
Tile:10 11 11 0
Tile:0 9 6 1
Drop 6 0 0
Map 12 7 1
Destroy 7 10 0
Tile:5_flip 10 7 1
Tile:14_flip 8 6 0
Tile:6_flip 11 9 1
Malus 0 0 0
Drop 1 0 1
Drop 3 0 0
Drop 3 0 1
Tile:1 9 7 0
Drop 0 0 1
Drop 2 0 0
Drop 2 0 1
Map 12 7 0
Drop 1 0 1
Drop 0 0 0
Drop 0 0 1
GAMEOVER DRAW
# Game ended: Mon Apr 06 15:53:18 EDT 2020
