# Server version 0.08 running on LAPTOP-QJHLSQ4D:8123
# Game ID: 171
# Board class: Saboteur.SaboteurBoard
# Timeout: 20000
# First Move Timeout: 30000
# Date: Sun Apr 05 16:38:52 EDT 2020
# Player 1: Player-0, 'RandomPlayer', running on LAPTOP-QJHLSQ4D
# Player 2: Player-1, '260760794', running on LAPTOP-QJHLSQ4D
START Player-0 RandomPlayer
START Player-1 260760794
BoardInit:Tile:9,Tile:12,Tile:6,Tile:4,Tile:10,Tile:7,Map,Bonus,Tile:9,Malus,Tile:13,Tile:7,Tile:6,Tile:0,Tile:3,Tile:9,Tile:8,Tile:5,Tile:1,Map,Tile:7,Tile:5,Tile:5,Tile:7,Tile:6,Tile:14,Map,Destroy,Destroy,Map,Map,Tile:8,Malus,Tile:15,Tile:8,Bonus,Tile:7,Tile:9,Tile:5,Tile:8,Tile:6-Tile:2,Tile:10,Tile:8,Destroy,Tile:0,Tile:11,Map-Tile:10,Tile:6,Bonus,Tile:0,Tile:0,Bonus,Tile:9-Tile:nugget,Tile:hidden1,Tile:hidden2
Map 12 3 1
Drop 2 0 0
Tile:9_flip 6 5 1
Tile:10 5 6 0
Tile:10 6 6 1
Tile:9 5 4 0
Tile:10 6 7 1
Drop 3 0 0
Map 12 5 1
Tile:0 4 5 0
Tile:9_flip 6 8 1
Drop 1 0 0
Tile:6 6 9 1
Drop 4 0 0
Tile:6_flip 7 9 1
Tile:4 5 3 0
Tile:8 8 9 1
Tile:7_flip 5 9 0
Tile:8 8 8 1
Tile:5_flip 9 9 0
Tile:13 6 4 1
Tile:9 6 3 0
Tile:7_flip 7 8 1
Tile:5 3 5 0
Tile:5 8 7 1
Drop 2 0 0
Tile:6_flip 9 7 1
Map 12 7 0
Map 12 7 1
Destroy 5 6 0
Tile:1 10 7 1
Tile:6 3 6 0
Destroy 10 7 1
Drop 6 0 0
Tile:3 10 7 1
Tile:14_flip 5 8 0
Tile:8 10 8 1
Tile:7 4 6 0
Tile:11_flip 11 8 1
Tile:9_flip 8 10 0
Tile:7_flip 7 10 1
Drop 4 0 0
Tile:6 8 11 1
Tile:0 9 11 0
Tile:5 7 11 1
Tile:8 10 11 0
Destroy 8 11 1
Drop 0 0 0
Map 12 7 1
Tile:7_flip 10 9 0
Tile:2_flip 8 11 1
Map 12 7 0
Drop 0 0 1
Drop 0 0 0
Malus 0 0 1
GAMEOVER DRAW
# Game ended: Sun Apr 05 16:39:01 EDT 2020
