# Server version 0.08 running on LAPTOP-QJHLSQ4D:8123
# Game ID: 275
# Board class: Saboteur.SaboteurBoard
# Timeout: 20000
# First Move Timeout: 30000
# Date: Thu Apr 09 16:46:53 EDT 2020
# Player 1: Player-0, 'RandomPlayer', running on LAPTOP-QJHLSQ4D
# Player 2: Player-1, '260779480', running on LAPTOP-QJHLSQ4D
START Player-0 RandomPlayer
START Player-1 260779480
BoardInit:Tile:14,Tile:5,Tile:10,Malus,Tile:6,Tile:1,Tile:10,Tile:8,Tile:15,Tile:7,Tile:0,Tile:6,Tile:10,Tile:7,Destroy,Tile:8,Tile:5,Tile:9,Tile:5,Tile:7,Bonus,Tile:6,Tile:8,Map,Tile:9,Tile:8,Tile:9,Map,Tile:9,Tile:5,Tile:11,Destroy,Tile:6,Tile:3,Destroy,Tile:8,Malus,Tile:6,Tile:0,Tile:4,Tile:9-Tile:0,Bonus,Map,Tile:7,Tile:12,Tile:13,Tile:0-Map,Bonus,Map,Bonus,Tile:7,Map,Tile:2-Tile:hidden1,Tile:hidden2,Tile:nugget
Map 12 3 1
Map 12 7 0
Tile:0 6 5 1
Tile:5_flip 5 6 0
Tile:0 7 5 1
Tile:2_flip 4 6 0
Tile:6 8 5 1
Map 12 5 0
Tile:7 9 5 1
Tile:8 8 4 0
Tile:10 9 6 1
Tile:7_flip 7 4 0
Tile:10 9 7 1
Tile:6 9 8 0
Tile:0 10 8 1
Map 12 3 0
Drop 2 0 1
Drop 0 0 0
Drop 2 0 1
Tile:7 8 3 0
Drop 2 0 1
Malus 0 0 0
Bonus 0 0 1
Tile:6 9 4 0
Tile:8 11 8 1
Tile:1 8 8 0
Tile:9_flip 12 8 1
GAMEOVER WINNER 1
# Game ended: Thu Apr 09 16:47:02 EDT 2020
