# Server version 0.08 running on LAPTOP-QJHLSQ4D:8123
# Game ID: 342
# Board class: Saboteur.SaboteurBoard
# Timeout: 20000
# First Move Timeout: 30000
# Date: Thu Apr 09 18:32:26 EDT 2020
# Player 1: Player-0, 'RandomPlayer', running on LAPTOP-QJHLSQ4D
# Player 2: Player-1, '260779480', running on LAPTOP-QJHLSQ4D
START Player-0 RandomPlayer
START Player-1 260779480
BoardInit:Map,Tile:3,Tile:9,Tile:10,Tile:9,Tile:7,Tile:4,Map,Bonus,Tile:6,Tile:9,Tile:5,Destroy,Map,Bonus,Map,Tile:10,Destroy,Tile:0,Tile:7,Tile:8,Tile:6,Bonus,Tile:8,Tile:9,Tile:5,Tile:12,Tile:13,Malus,Tile:5,Tile:0,Tile:7,Destroy,Tile:7,Tile:8,Tile:5,Map,Tile:1,Tile:0,Tile:8,Tile:10-Map,Tile:8,Bonus,Tile:11,Tile:6,Tile:9,Tile:2-Tile:15,Tile:0,Tile:6,Tile:6,Malus,Tile:14,Tile:7-Tile:hidden1,Tile:nugget,Tile:hidden2
Map 12 3 1
Tile:14_flip 5 4 0
Map 12 7 1
Malus 0 0 0
Bonus 0 0 1
Tile:7 6 5 0
Tile:8 6 6 1
Tile:6 6 4 0
Tile:6 7 6 1
Tile:6 5 6 0
Tile:9_flip 8 6 1
Tile:7_flip 4 5 0
Tile:9 8 5 1
Tile:3 6 3 0
Tile:9_flip 9 5 1
Tile:6 8 7 0
Tile:9 9 6 1
Map 12 7 0
Drop 0 0 1
Destroy 8 5 0
Drop 0 0 1
Tile:5_flip 9 7 0
Tile:8 10 6 1
Tile:15 10 7 0
Tile:0 11 6 1
Drop 3 0 0
Tile:9_flip 12 6 1
GAMEOVER WINNER 1
# Game ended: Thu Apr 09 18:32:35 EDT 2020
