# Server version 0.08 running on LAPTOP-QJHLSQ4D:8123
# Game ID: 296
# Board class: Saboteur.SaboteurBoard
# Timeout: 20000
# First Move Timeout: 30000
# Date: Thu Apr 09 17:02:35 EDT 2020
# Player 1: Player-0, 'RandomPlayer', running on LAPTOP-QJHLSQ4D
# Player 2: Player-1, '260779480', running on LAPTOP-QJHLSQ4D
START Player-0 RandomPlayer
START Player-1 260779480
BoardInit:Malus,Tile:6,Tile:6,Tile:0,Tile:9,Tile:9,Tile:13,Tile:5,Tile:8,Tile:4,Tile:10,Tile:9,Tile:3,Tile:0,Destroy,Bonus,Tile:6,Tile:7,Tile:9,Map,Tile:11,Tile:15,Tile:7,Malus,Tile:0,Map,Tile:10,Tile:8,Tile:7,Tile:6,Tile:9,Tile:1,Destroy,Bonus,Map,Tile:10,Tile:2,Bonus,Map,Tile:5,Tile:5-Tile:5,Map,Tile:12,Tile:8,Tile:0,Destroy,Tile:14-Map,Bonus,Tile:6,Tile:8,Tile:7,Tile:8,Tile:7-Tile:hidden1,Tile:nugget,Tile:hidden2
Map 12 3 1
Tile:8 6 5 0
Tile:8 7 5 1
Tile:7_flip 4 5 0
Tile:6 8 5 1
Tile:7 7 4 0
Malus 0 0 1
Drop 2 0 0
Tile:9_flip 9 5 1
Map 12 7 0
Tile:8 9 4 1
Bonus 0 0 0
Tile:0 10 4 1
Tile:6 5 6 0
Drop 4 0 1
Tile:0 4 6 0
Drop 3 0 1
Tile:9_flip 7 6 0
Tile:6 11 4 1
Tile:8 9 6 0
Tile:9_flip 12 4 1
GAMEOVER WINNER 1
# Game ended: Thu Apr 09 17:02:44 EDT 2020
