# Server version 0.08 running on LAPTOP-QJHLSQ4D:8123
# Game ID: 329
# Board class: Saboteur.SaboteurBoard
# Timeout: 20000
# First Move Timeout: 30000
# Date: Thu Apr 09 17:47:56 EDT 2020
# Player 1: Player-0, '260779480', running on LAPTOP-QJHLSQ4D
# Player 2: Player-1, 'RandomPlayer', running on LAPTOP-QJHLSQ4D
START Player-0 260779480
START Player-1 RandomPlayer
BoardInit:Tile:10,Tile:6,Map,Tile:4,Tile:8,Bonus,Tile:5,Tile:1,Tile:7,Tile:9,Tile:7,Tile:14,Tile:8,Tile:6,Tile:11,Tile:7,Tile:7,Tile:5,Tile:6,Tile:5,Tile:0,Bonus,Tile:9,Map,Destroy,Destroy,Bonus,Tile:9,Tile:15,Tile:6,Malus,Tile:0,Tile:2,Malus,Tile:13,Destroy,Tile:6,Tile:5,Map,Tile:0,Map-Tile:8,Tile:10,Tile:12,Tile:8,Tile:9,Map,Map-Tile:8,Tile:9,Tile:3,Tile:10,Bonus,Tile:0,Tile:7-Tile:hidden2,Tile:hidden1,Tile:nugget
Map 12 7 1
Tile:8 6 5 0
Drop 1 0 1
Tile:9_flip 7 5 0
Tile:8 7 6 1
Tile:6 8 6 0
Tile:8 6 4 1
Tile:0 9 6 0
Tile:5 5 4 1
Tile:7 10 6 0
Tile:7_flip 10 7 1
Drop 0 0 0
Tile:10 5 6 1
Drop 4 0 0
Map 12 5 1
Tile:6 11 7 0
GAMEOVER WINNER 0
# Game ended: Thu Apr 09 17:48:05 EDT 2020
