# Server version 0.08 running on LAPTOP-QJHLSQ4D:8123
# Game ID: 340
# Board class: Saboteur.SaboteurBoard
# Timeout: 20000
# First Move Timeout: 30000
# Date: Thu Apr 09 18:31:30 EDT 2020
# Player 1: Player-0, '260779480', running on LAPTOP-QJHLSQ4D
# Player 2: Player-1, 'RandomPlayer', running on LAPTOP-QJHLSQ4D
START Player-0 260779480
START Player-1 RandomPlayer
BoardInit:Tile:2,Tile:1,Tile:5,Tile:8,Tile:6,Tile:9,Tile:9,Tile:7,Tile:0,Tile:9,Tile:14,Tile:0,Tile:9,Bonus,Tile:13,Tile:8,Tile:0,Tile:10,Tile:6,Tile:8,Map,Tile:11,Tile:12,Tile:10,Tile:5,Destroy,Bonus,Destroy,Tile:5,Tile:6,Tile:7,Tile:5,Malus,Tile:8,Tile:9,Tile:4,Tile:6,Map,Destroy,Tile:7,Tile:7-Tile:6,Tile:10,Map,Tile:0,Map,Tile:8,Tile:15-Map,Bonus,Tile:3,Bonus,Map,Tile:7,Malus-Tile:nugget,Tile:hidden1,Tile:hidden2
Tile:6 6 5 1
Map 12 3 0
Map 12 5 1
Map 12 7 0
Tile:5 6 4 1
Tile:8 7 4 0
Tile:2 4 5 1
Tile:9_flip 8 4 0
Tile:9 7 3 1
Tile:7 8 3 0
Map 12 7 1
Tile:9 8 5 0
Tile:0 9 5 1
Malus 0 0 0
Drop 0 0 1
Tile:0 10 5 0
Drop 5 0 1
Tile:8 11 5 0
Drop 3 0 1
Tile:10 12 4 0
GAMEOVER WINNER 0
# Game ended: Thu Apr 09 18:31:39 EDT 2020
