# Server version 0.08 running on LAPTOP-QJHLSQ4D:8123
# Game ID: 213
# Board class: Saboteur.SaboteurBoard
# Timeout: 20000
# First Move Timeout: 30000
# Date: Sun Apr 05 17:54:57 EDT 2020
# Player 1: Player-0, '260760794', running on LAPTOP-QJHLSQ4D
# Player 2: Player-1, 'RandomPlayer', running on LAPTOP-QJHLSQ4D
START Player-0 260760794
START Player-1 RandomPlayer
BoardInit:Tile:8,Tile:0,Tile:10,Tile:9,Tile:7,Tile:8,Tile:6,Tile:10,Tile:8,Map,Tile:8,Tile:12,Destroy,Tile:6,Tile:13,Tile:9,Tile:5,Tile:9,Tile:10,Tile:7,Tile:9,Tile:7,Tile:1,Tile:0,Malus,Bonus,Bonus,Tile:9,Tile:15,Tile:6,Tile:6,Map,Tile:3,Tile:4,Tile:7,Tile:5,Tile:2,Tile:6,Tile:5,Tile:11,Bonus-Tile:5,Map,Tile:8,Tile:14,Map,Tile:0,Map-Tile:0,Tile:7,Bonus,Malus,Map,Destroy,Destroy-Tile:nugget,Tile:hidden1,Tile:hidden2
Tile:8 4 5 1
Map 12 3 0
Tile:0 3 5 1
Tile:7 6 5 0
Map 12 7 1
Tile:9_flip 6 6 0
Map 12 5 1
Tile:8 6 7 0
Tile:8 5 6 1
Tile:10 6 8 0
Drop 3 0 1
Malus 0 0 0
Drop 4 0 1
Destroy 6 5 0
Drop 4 0 1
Tile:6_flip 6 5 0
Destroy 6 8 1
Tile:9_flip 7 5 0
Drop 3 0 1
Tile:9_flip 7 4 0
Map 12 7 1
Tile:7 7 3 0
Drop 0 0 1
Tile:7_flip 6 3 0
Drop 2 0 1
Destroy 7 3 0
Drop 0 0 1
Tile:12_flip 6 4 0
Drop 2 0 1
Tile:9_flip 7 3 0
Drop 4 0 1
Tile:6_flip 7 2 0
Drop 4 0 1
Map 12 7 0
Drop 3 0 1
Tile:4_flip 6 8 0
Drop 3 0 1
Tile:5_flip 8 2 0
Drop 6 0 1
Tile:6_flip 8 1 0
Drop 2 0 1
Tile:11 4 4 0
Drop 5 0 1
Tile:0 7 7 0
Drop 4 0 1
Tile:0 7 1 0
Drop 3 0 1
Tile:0 9 1 0
Drop 2 0 1
Map 12 7 0
Drop 0 0 1
Drop 0 0 0
Bonus 0 0 1
Drop 0 0 0
Tile:5 6 2 1
GAMEOVER DRAW
# Game ended: Sun Apr 05 17:55:06 EDT 2020
