# Server version 0.08 running on LAPTOP-QJHLSQ4D:8123
# Game ID: 282
# Board class: Saboteur.SaboteurBoard
# Timeout: 20000
# First Move Timeout: 30000
# Date: Thu Apr 09 16:54:55 EDT 2020
# Player 1: Player-0, 'RandomPlayer', running on LAPTOP-QJHLSQ4D
# Player 2: Player-1, '260779480', running on LAPTOP-QJHLSQ4D
START Player-0 RandomPlayer
START Player-1 260779480
BoardInit:Malus,Tile:0,Tile:7,Tile:6,Tile:15,Destroy,Tile:9,Map,Tile:3,Tile:6,Tile:6,Tile:5,Destroy,Tile:10,Malus,Tile:5,Map,Tile:10,Tile:6,Destroy,Tile:6,Tile:0,Tile:8,Map,Map,Bonus,Tile:12,Bonus,Tile:1,Tile:2,Tile:5,Map,Tile:8,Tile:14,Bonus,Tile:8,Bonus,Map,Tile:9,Tile:9,Tile:9-Tile:7,Tile:0,Tile:7,Tile:5,Tile:8,Tile:13,Tile:4-Tile:8,Tile:7,Tile:10,Tile:7,Tile:9,Tile:11,Tile:0-Tile:nugget,Tile:hidden2,Tile:hidden1
Drop 5 0 1
Tile:7 5 4 0
Tile:8 6 5 1
Tile:8 4 4 0
Tile:0 7 5 1
Tile:7_flip 6 6 0
Tile:7 8 5 1
Tile:9 4 3 0
Tile:9 8 6 1
Drop 0 0 0
Malus 0 0 1
Destroy 8 5 0
Tile:6_flip 8 5 1
Drop 4 0 0
Tile:7 9 5 1
Drop 0 0 0
Malus 0 0 1
Drop 5 0 0
Map 12 3 1
Drop 3 0 0
Tile:6 9 6 1
Destroy 4 4 0
Tile:6 10 6 1
Drop 0 0 0
Tile:8 11 6 1
Drop 4 0 0
Map 12 7 1
Map 12 7 0
Drop 3 0 1
Drop 2 0 0
Drop 3 0 1
Drop 4 0 0
Drop 5 0 1
Map 12 7 0
Tile:8 12 6 1
Drop 0 0 0
Drop 1 0 1
Drop 4 0 0
Drop 3 0 1
Bonus 0 0 0
Tile:9 12 4 1
GAMEOVER WINNER 1
# Game ended: Thu Apr 09 16:55:04 EDT 2020
