# Server version 0.08 running on LAPTOP-QJHLSQ4D:8123
# Game ID: 56
# Board class: Saboteur.SaboteurBoard
# Timeout: 20000
# First Move Timeout: 30000
# Date: Sat Mar 28 14:21:22 EDT 2020
# Player 1: Player-0, '260760794', running on LAPTOP-QJHLSQ4D
# Player 2: Player-1, '260760794', running on LAPTOP-QJHLSQ4D
START Player-0 260760794
START Player-1 260760794
BoardInit:Tile:5,Bonus,Tile:0,Tile:6,Destroy,Tile:7,Tile:8,Tile:0,Tile:6,Map,Tile:5,Bonus,Bonus,Tile:9,Tile:9,Tile:10,Tile:9,Tile:15,Tile:7,Destroy,Tile:7,Tile:13,Tile:8,Tile:14,Tile:3,Tile:0,Tile:9,Tile:9,Tile:8,Map,Tile:6,Tile:5,Tile:2,Map,Tile:7,Malus,Tile:5,Tile:6,Map,Map,Tile:11-Tile:10,Tile:4,Tile:8,Map,Tile:10,Malus,Tile:12-Tile:8,Tile:6,Bonus,Tile:0,Tile:7,Destroy,Tile:1-Tile:nugget,Tile:hidden2,Tile:hidden1
Map 12 3 1
Tile:8 6 5 0
Malus 0 0 1
Bonus 0 0 0
Tile:10 6 4 1
Tile:6_flip 6 3 0
Tile:8 7 3 1
Tile:0 8 3 0
Tile:12 9 3 1
Tile:7 7 2 0
Tile:4_flip 7 4 1
Map 12 3 0
Tile:0 6 2 1
Tile:1 7 5 0
Tile:5_flip 8 5 1
Tile:6_flip 5 2 0
Tile:5 8 4 1
Tile:7 9 4 0
Tile:10 9 5 1
Tile:15 5 4 0
Destroy 7 3 1
Tile:9_flip 9 6 0
Tile:8 7 3 1
Destroy 5 2 0
Tile:7_flip 4 5 1
Destroy 9 6 0
Tile:3_flip 5 2 1
Tile:10 5 6 0
Tile:8 5 1 1
Tile:0 6 1 0
Tile:6 7 1 1
Map 12 3 0
Tile:9 7 0 1
Tile:13 8 1 0
Tile:9_flip 8 0 1
Map 12 3 0
Tile:7 9 1 1
Malus 0 0 0
Drop 0 0 1
Tile:14 9 2 0
Map 12 3 1
Map 12 3 0
Drop 5 0 1
Tile:9 5 7 0
Drop 3 0 1
Drop 1 0 0
Drop 2 0 1
Tile:6 4 1 0
Drop 1 0 1
Tile:5_flip 5 8 0
Drop 2 0 1
Drop 0 0 0
Drop 0 0 1
Drop 0 0 0
Drop 0 0 1
GAMEOVER DRAW
# Game ended: Sat Mar 28 14:21:31 EDT 2020
