# Server version 0.08 running on LAPTOP-QJHLSQ4D:8123
# Game ID: 311
# Board class: Saboteur.SaboteurBoard
# Timeout: 20000
# First Move Timeout: 30000
# Date: Thu Apr 09 17:29:06 EDT 2020
# Player 1: Player-0, '260779480', running on LAPTOP-QJHLSQ4D
# Player 2: Player-1, 'RandomPlayer', running on LAPTOP-QJHLSQ4D
START Player-0 260779480
START Player-1 RandomPlayer
BoardInit:Map,Tile:0,Bonus,Malus,Tile:9,Map,Map,Destroy,Tile:10,Tile:7,Tile:9,Tile:9,Tile:8,Tile:2,Tile:0,Tile:8,Tile:10,Tile:6,Tile:0,Tile:10,Bonus,Tile:6,Tile:6,Map,Tile:9,Tile:1,Malus,Tile:9,Tile:5,Map,Bonus,Tile:7,Tile:13,Tile:5,Tile:5,Tile:3,Tile:7,Tile:8,Destroy,Tile:11,Tile:0-Map,Tile:8,Tile:4,Tile:7,Tile:12,Tile:15,Tile:8-Tile:6,Bonus,Tile:6,Tile:7,Destroy,Tile:14,Tile:5-Tile:hidden1,Tile:hidden2,Tile:nugget
Drop 3 0 1
Tile:6 6 5 0
Tile:8 5 6 1
Tile:6 7 5 0
Map 12 7 1
Tile:0 8 5 0
Tile:8 4 5 1
Map 12 3 0
Tile:9_flip 6 4 1
Malus 0 0 0
Map 12 3 1
Tile:7 9 5 0
Drop 6 0 1
Tile:9 9 6 0
Map 12 5 1
Tile:5_flip 10 6 0
Drop 1 0 1
Drop 5 0 0
Drop 3 0 1
Drop 2 0 0
Drop 2 0 1
Tile:10 10 5 0
Drop 3 0 1
Tile:8 10 4 0
Drop 5 0 1
Map 12 7 0
Drop 0 0 1
Tile:6 11 4 0
Drop 6 0 1
Tile:9_flip 12 4 0
Drop 0 0 1
Drop 5 0 0
Drop 4 0 1
Drop 1 0 0
Drop 0 0 1
Drop 1 0 0
Drop 4 0 1
Drop 6 0 0
Drop 6 0 1
Tile:8 12 6 0
GAMEOVER WINNER 0
# Game ended: Thu Apr 09 17:29:16 EDT 2020
