# Server version 0.08 running on LAPTOP-QJHLSQ4D:8123
# Game ID: 347
# Board class: Saboteur.SaboteurBoard
# Timeout: 20000
# First Move Timeout: 30000
# Date: Thu Apr 09 18:35:00 EDT 2020
# Player 1: Player-0, 'RandomPlayer', running on LAPTOP-QJHLSQ4D
# Player 2: Player-1, '260779480', running on LAPTOP-QJHLSQ4D
START Player-0 RandomPlayer
START Player-1 260779480
BoardInit:Tile:8,Tile:3,Tile:8,Destroy,Tile:10,Tile:6,Tile:10,Tile:5,Tile:2,Tile:1,Tile:9,Malus,Bonus,Bonus,Tile:7,Tile:5,Tile:9,Tile:14,Tile:4,Tile:9,Tile:13,Tile:6,Tile:11,Tile:9,Tile:6,Tile:12,Map,Tile:7,Tile:0,Tile:7,Map,Destroy,Tile:8,Tile:10,Tile:7,Destroy,Tile:8,Tile:0,Malus,Tile:5,Tile:0-Bonus,Map,Map,Map,Tile:8,Tile:6,Tile:15-Map,Tile:9,Tile:0,Bonus,Tile:5,Tile:7,Tile:6-Tile:hidden2,Tile:nugget,Tile:hidden1
Map 12 3 1
Tile:6 5 6 0
Map 12 7 1
Tile:5 4 6 0
Map 12 5 1
Tile:3 5 4 0
Tile:8 6 5 1
Destroy 5 4 0
Tile:8 7 5 1
Tile:5 7 4 0
Tile:8 8 4 1
Drop 3 0 0
Tile:6 9 4 1
Tile:7_flip 7 6 0
Tile:9_flip 10 4 1
Tile:6_flip 8 3 0
Tile:10 10 3 1
Tile:9_flip 6 4 0
Tile:9 10 2 1
Tile:1 4 5 0
Drop 3 0 1
Tile:9 10 1 0
Drop 6 0 1
Tile:0 11 1 0
Drop 6 0 1
Tile:6_flip 3 5 0
Drop 1 0 1
Drop 3 0 0
Drop 4 0 1
Tile:9_flip 4 7 0
Drop 3 0 1
Tile:14_flip 6 3 0
Drop 1 0 1
Tile:7_flip 3 7 0
Tile:8 12 1 1
Destroy 8 4 0
Tile:6 8 4 1
Destroy 7 6 0
Tile:8 12 0 1
Drop 6 0 0
Malus 0 0 1
Malus 0 0 0
Bonus 0 0 1
Drop 3 0 0
Drop 4 0 1
Drop 0 0 0
Drop 2 0 1
Drop 1 0 0
Drop 3 0 1
Bonus 0 0 0
Drop 0 0 1
Tile:10 10 5 0
Map 12 7 1
Drop 0 0 0
Map 12 3 1
GAMEOVER DRAW
# Game ended: Thu Apr 09 18:35:09 EDT 2020
