# Server version 0.08 running on LAPTOP-QJHLSQ4D:8123
# Game ID: 33
# Board class: Saboteur.SaboteurBoard
# Timeout: 20000
# First Move Timeout: 30000
# Date: Thu Mar 26 17:22:15 EDT 2020
# Player 1: Player-0, '260760794', running on LAPTOP-QJHLSQ4D
# Player 2: Player-1, 'Human', running on LAPTOP-QJHLSQ4D
START Player-0 260760794
START Player-1 Human
BoardInit:Tile:7,Map,Destroy,Tile:7,Tile:7,Tile:10,Tile:6,Tile:9,Map,Tile:12,Malus,Tile:5,Map,Tile:15,Tile:3,Tile:0,Destroy,Tile:5,Tile:8,Bonus,Bonus,Tile:6,Tile:9,Tile:1,Tile:8,Tile:7,Map,Tile:9,Tile:0,Tile:6,Destroy,Tile:4,Bonus,Tile:9,Tile:11,Map,Malus,Map,Tile:10,Tile:7,Tile:8-Tile:6,Tile:0,Tile:2,Tile:5,Tile:0,Tile:14,Tile:8-Tile:9,Tile:5,Tile:10,Tile:13,Bonus,Tile:8,Tile:6-Tile:nugget,Tile:hidden1,Tile:hidden2
Tile:8 6 5 1
Tile:9 5 6 0
Tile:0 7 5 1
Map 12 3 0
Tile:7 8 5 1
Tile:5_flip 5 7 0
Tile:6 8 6 1
Tile:13 9 6 0
Destroy 9 6 1
Tile:8 9 6 0
Tile:6 10 6 1
Tile:10 9 7 0
Malus 0 0 1
Bonus 0 0 0
Map 12 5 1
Tile:6 11 6 0
Map 12 3 1
Tile:7 11 5 0
Destroy 11 5 1
Tile:10 11 5 0
Tile:8 11 4 1
Tile:9_flip 12 4 0
GAMEOVER WINNER 0
# Game ended: Thu Mar 26 17:23:35 EDT 2020
