# Server version 0.08 running on LAPTOP-QJHLSQ4D:8123
# Game ID: 201
# Board class: Saboteur.SaboteurBoard
# Timeout: 20000
# First Move Timeout: 30000
# Date: Sun Apr 05 17:39:29 EDT 2020
# Player 1: Player-0, '260760794', running on LAPTOP-QJHLSQ4D
# Player 2: Player-1, 'RandomPlayer', running on LAPTOP-QJHLSQ4D
START Player-0 260760794
START Player-1 RandomPlayer
BoardInit:Tile:10,Tile:8,Tile:3,Tile:7,Tile:9,Tile:9,Tile:6,Bonus,Tile:8,Tile:6,Destroy,Tile:11,Tile:13,Tile:8,Tile:6,Bonus,Tile:8,Tile:7,Tile:8,Tile:5,Destroy,Map,Malus,Tile:14,Tile:9,Tile:7,Tile:5,Map,Tile:5,Tile:1,Bonus,Tile:9,Map,Tile:15,Map,Tile:0,Destroy,Tile:4,Tile:7,Tile:12,Tile:7-Tile:0,Tile:6,Tile:5,Tile:2,Tile:0,Map,Tile:10-Bonus,Tile:9,Tile:0,Map,Tile:6,Malus,Tile:10-Tile:hidden1,Tile:hidden2,Tile:nugget
Tile:0 4 5 1
Map 12 3 0
Tile:2 3 5 1
Tile:8 6 5 0
Map 12 7 1
Tile:7 7 5 0
Tile:6_flip 5 4 1
Tile:9_flip 7 6 0
Tile:10 3 6 1
Tile:9_flip 7 7 0
Tile:0 4 4 1
Tile:6_flip 6 4 0
Drop 6 0 1
Tile:6 7 4 0
Tile:9 2 5 1
Tile:8 8 4 0
Tile:6 3 4 1
Tile:10 8 5 0
Tile:6 5 6 1
Tile:7 9 4 0
Tile:13 6 6 1
Tile:5 8 3 0
Tile:5_flip 3 7 1
Map 12 5 0
Tile:8 2 4 1
Malus 0 0 0
Drop 3 0 1
Tile:7_flip 9 5 0
Destroy 4 5 1
Tile:14 10 5 0
Drop 1 0 1
Map 12 7 0
Drop 6 0 1
Tile:9 8 6 0
Drop 4 0 1
Tile:11_flip 3 3 0
Map 12 7 1
Tile:15 8 7 0
Destroy 9 5 1
Tile:1 4 5 0
Drop 2 0 1
Drop 4 0 0
Drop 4 0 1
Tile:12_flip 4 6 0
Drop 4 0 1
Tile:0 9 6 0
Drop 2 0 1
Tile:4 10 4 0
Drop 0 0 1
Drop 2 0 0
Drop 0 0 1
Drop 0 0 0
Drop 1 0 1
Drop 0 0 0
Drop 0 0 1
GAMEOVER DRAW
# Game ended: Sun Apr 05 17:39:38 EDT 2020
