# Server version 0.08 running on LAPTOP-QJHLSQ4D:8123
# Game ID: 228
# Board class: Saboteur.SaboteurBoard
# Timeout: 20000
# First Move Timeout: 30000
# Date: Mon Apr 06 15:30:29 EDT 2020
# Player 1: Player-0, 'RandomPlayer', running on LAPTOP-QJHLSQ4D
# Player 2: Player-1, '260760794', running on LAPTOP-QJHLSQ4D
START Player-0 RandomPlayer
START Player-1 260760794
BoardInit:Tile:5,Tile:10,Tile:4,Tile:9,Tile:5,Bonus,Bonus,Tile:1,Tile:2,Tile:0,Destroy,Tile:11,Tile:7,Tile:0,Tile:9,Destroy,Tile:10,Map,Map,Map,Bonus,Tile:10,Tile:9,Tile:6,Tile:6,Tile:0,Tile:6,Map,Tile:15,Tile:6,Tile:5,Tile:8,Map,Tile:7,Tile:5,Tile:9,Tile:3,Malus,Tile:6,Malus,Destroy-Tile:8,Bonus,Tile:7,Map,Tile:13,Tile:8,Tile:12-Tile:7,Tile:8,Tile:7,Tile:0,Tile:9,Tile:8,Tile:14-Tile:nugget,Tile:hidden2,Tile:hidden1
Map 12 3 1
Tile:7_flip 5 6 0
Tile:5_flip 6 5 1
Tile:8 4 5 0
Tile:8 6 4 1
Tile:10 4 6 0
Tile:5_flip 7 4 1
Tile:9 3 5 0
Tile:8 7 3 1
Tile:1 6 6 0
Tile:7 8 3 1
Tile:0 7 6 0
Destroy 8 3 1
Tile:9 4 4 0
Tile:7 8 3 1
Tile:11_flip 4 3 0
Tile:9 8 4 1
Destroy 6 5 0
Tile:2_flip 8 6 1
Tile:14 6 5 0
Tile:10 8 5 1
Tile:7 3 4 0
Drop 5 0 1
Tile:8 7 2 0
Drop 2 0 1
Tile:0 8 2 0
Tile:4_flip 4 7 1
Tile:10 7 1 0
Tile:6 6 2 1
Tile:0 9 2 0
Tile:13 2 4 1
Tile:6_flip 4 2 0
Tile:5_flip 10 2 1
Tile:0 3 3 0
Tile:15 6 1 1
Tile:8 5 4 0
Tile:5_flip 9 4 1
Drop 6 0 0
Tile:6_flip 10 1 1
Tile:7 7 0 0
Tile:6_flip 11 1 1
Map 12 3 0
Tile:9_flip 12 1 1
Map 12 5 0
Destroy 12 1 1
Drop 1 0 0
Map 12 7 1
Tile:6_flip 6 0 0
Tile:3_flip 1 4 1
Drop 1 0 0
Drop 0 0 1
Malus 0 0 0
Bonus 0 0 1
Drop 0 0 0
Drop 0 0 1
GAMEOVER DRAW
# Game ended: Mon Apr 06 15:30:38 EDT 2020
