# Server version 0.08 running on LAPTOP-QJHLSQ4D:8123
# Game ID: 53
# Board class: Saboteur.SaboteurBoard
# Timeout: 20000
# First Move Timeout: 30000
# Date: Fri Mar 27 20:39:25 EDT 2020
# Player 1: Player-0, '260760794', running on LAPTOP-QJHLSQ4D
# Player 2: Player-1, 'Human', running on LAPTOP-QJHLSQ4D
START Player-0 260760794
START Player-1 Human
BoardInit:Tile:6,Tile:0,Tile:8,Malus,Map,Tile:10,Map,Tile:5,Tile:9,Bonus,Map,Tile:0,Tile:5,Tile:5,Tile:14,Tile:7,Bonus,Tile:2,Malus,Tile:10,Tile:7,Tile:8,Tile:6,Bonus,Map,Tile:15,Bonus,Tile:6,Tile:9,Tile:6,Destroy,Tile:12,Tile:11,Tile:8,Tile:3,Tile:5,Tile:0,Map,Tile:9,Tile:8,Tile:6-Tile:13,Tile:9,Tile:0,Tile:7,Tile:1,Tile:10,Tile:8-Tile:7,Map,Destroy,Tile:4,Destroy,Tile:7,Tile:9-Tile:hidden2,Tile:nugget,Tile:hidden1
Tile:8 6 5 1
Map 12 3 0
Tile:6 7 5 1
Tile:7 7 4 0
Tile:8 8 5 1
Malus 0 0 0
Drop 4 0 1
Tile:7 9 5 0
Drop 4 0 1
Tile:4_flip 9 6 0
Drop 0 0 1
Tile:9 6 6 0
Drop 2 0 1
Tile:10 6 7 0
Drop 6 0 1
Tile:5 8 4 0
Drop 6 0 1
Tile:0 9 4 0
Drop 6 0 1
Tile:0 10 4 0
Malus 0 0 1
Destroy 6 6 0
Drop 5 0 1
Drop 5 0 0
Drop 5 0 1
Bonus 0 0 0
Drop 4 0 1
Tile:8 6 6 0
Map 12 3 1
Tile:7 7 6 0
Bonus 0 0 1
Tile:5 6 4 0
Map 12 5 1
Tile:15 7 7 0
Tile:6 11 4 1
Tile:2 12 4 0
Destroy 12 4 1
Tile:6 12 4 0
Map 12 7 1
Map 12 5 0
Tile:9 11 3 1
Tile:6_flip 11 2 0
Tile:9_flip 12 2 1
Tile:8 12 1 0
Tile:9 6 8 1
Tile:12_flip 11 1 0
Tile:0 10 2 1
Tile:5 9 2 0
Tile:6 9 3 1
Tile:8 12 0 0
Tile:0 8 3 1
Drop 0 0 0
Tile:3 5 4 1
Drop 0 0 0
Tile:11 5 6 1
GAMEOVER DRAW
# Game ended: Fri Mar 27 20:42:16 EDT 2020
