# Server version 0.08 running on LAPTOP-QJHLSQ4D:8123
# Game ID: 62
# Board class: Saboteur.SaboteurBoard
# Timeout: 20000
# First Move Timeout: 30000
# Date: Sat Mar 28 16:39:38 EDT 2020
# Player 1: Player-0, '260760794', running on LAPTOP-QJHLSQ4D
# Player 2: Player-1, 'Human', running on LAPTOP-QJHLSQ4D
START Player-0 260760794
START Player-1 Human
BoardInit:Tile:0,Tile:0,Tile:8,Map,Tile:9,Tile:11,Destroy,Bonus,Tile:0,Tile:3,Tile:8,Tile:5,Tile:12,Tile:7,Tile:6,Tile:9,Tile:5,Map,Tile:8,Tile:6,Tile:7,Destroy,Tile:13,Tile:9,Bonus,Tile:1,Malus,Tile:10,Map,Malus,Tile:9,Tile:2,Tile:5,Map,Tile:6,Destroy,Bonus,Tile:15,Tile:9,Tile:0,Tile:7-Tile:7,Tile:10,Tile:5,Tile:4,Tile:8,Tile:6,Map-Tile:8,Tile:10,Tile:6,Tile:7,Tile:14,Bonus,Map-Tile:hidden2,Tile:hidden1,Tile:nugget
Map 12 3 1
Map 12 3 0
Tile:8 6 5 1
Tile:0 7 5 0
Tile:8 8 5 1
Map 12 3 0
Tile:0 9 5 1
Tile:11_flip 10 5 0
Destroy 10 5 1
Tile:14 10 5 0
Tile:9 8 6 1
Tile:7 10 4 0
Tile:0 9 6 1
Tile:6_flip 10 6 0
Tile:6 11 6 1
Tile:5 11 5 0
Tile:8 12 6 1
GAMEOVER WINNER 1
# Game ended: Sat Mar 28 16:40:24 EDT 2020
