# Server version 0.08 running on LAPTOP-QJHLSQ4D:8123
# Game ID: 283
# Board class: Saboteur.SaboteurBoard
# Timeout: 20000
# First Move Timeout: 30000
# Date: Thu Apr 09 16:55:20 EDT 2020
# Player 1: Player-0, 'RandomPlayer', running on LAPTOP-QJHLSQ4D
# Player 2: Player-1, '260779480', running on LAPTOP-QJHLSQ4D
START Player-0 RandomPlayer
START Player-1 260779480
BoardInit:Tile:0,Tile:5,Tile:10,Tile:8,Tile:8,Tile:6,Bonus,Tile:3,Destroy,Tile:6,Tile:6,Map,Tile:8,Tile:10,Map,Tile:6,Tile:7,Tile:11,Tile:12,Tile:9,Bonus,Bonus,Map,Tile:14,Tile:8,Map,Tile:2,Tile:8,Tile:9,Tile:9,Tile:7,Tile:7,Tile:5,Tile:7,Tile:0,Tile:5,Tile:9,Tile:13,Tile:9,Tile:6,Tile:1-Tile:0,Map,Bonus,Malus,Tile:15,Tile:4,Malus-Map,Destroy,Tile:5,Tile:10,Tile:7,Destroy,Tile:0-Tile:nugget,Tile:hidden2,Tile:hidden1
Map 12 3 1
Tile:10 5 6 0
Tile:0 6 5 1
Drop 1 0 0
Tile:0 7 5 1
Drop 4 0 0
Tile:8 8 5 1
Drop 6 0 0
Tile:10 8 4 1
Tile:7 9 5 0
Malus 0 0 1
Map 12 5 0
Malus 0 0 1
Destroy 5 6 0
Tile:8 9 6 1
Map 12 7 0
Map 12 7 1
Drop 5 0 0
Tile:6 10 6 1
Drop 3 0 0
Drop 1 0 1
Drop 2 0 0
Drop 1 0 1
Drop 3 0 0
Map 12 5 1
Drop 5 0 0
Tile:8 11 6 1
Drop 3 0 0
Drop 6 0 1
Drop 4 0 0
Tile:9_flip 12 6 1
Drop 1 0 0
Drop 4 0 1
Drop 4 0 0
Drop 2 0 1
Drop 0 0 0
Drop 2 0 1
Drop 4 0 0
Tile:9 12 4 1
GAMEOVER WINNER 1
# Game ended: Thu Apr 09 16:55:29 EDT 2020
