# Server version 0.08 running on LAPTOP-QJHLSQ4D:8123
# Game ID: 178
# Board class: Saboteur.SaboteurBoard
# Timeout: 20000
# First Move Timeout: 30000
# Date: Sun Apr 05 17:03:56 EDT 2020
# Player 1: Player-0, '260760794', running on LAPTOP-QJHLSQ4D
# Player 2: Player-1, 'RandomPlayer', running on LAPTOP-QJHLSQ4D
START Player-0 260760794
START Player-1 RandomPlayer
BoardInit:Tile:10,Tile:8,Tile:7,Tile:5,Tile:7,Tile:9,Tile:10,Tile:8,Malus,Tile:12,Map,Tile:15,Tile:1,Destroy,Map,Tile:8,Map,Tile:0,Tile:4,Tile:0,Tile:0,Tile:7,Malus,Destroy,Tile:0,Tile:5,Tile:6,Tile:13,Tile:5,Tile:7,Bonus,Tile:14,Tile:2,Map,Destroy,Tile:7,Tile:9,Bonus,Bonus,Tile:8,Tile:10-Tile:6,Tile:11,Tile:9,Tile:6,Map,Tile:9,Tile:5-Tile:9,Tile:3,Tile:6,Tile:6,Bonus,Tile:8,Map-Tile:nugget,Tile:hidden1,Tile:hidden2
Tile:11 4 5 1
Map 12 3 0
Tile:6 4 6 1
Tile:8 6 5 0
Drop 4 0 1
Tile:5_flip 7 5 0
Tile:9 3 6 1
Tile:9_flip 7 4 0
Tile:10 3 7 1
Tile:8 7 3 0
Tile:6_flip 6 4 1
Tile:8 8 3 0
Drop 6 0 1
Tile:9_flip 9 3 0
Tile:7 3 5 1
Tile:6_flip 9 2 0
Tile:10 9 4 1
Tile:8 10 2 0
Tile:7_flip 10 3 1
Tile:0 11 2 0
Tile:1 11 3 1
Tile:6_flip 12 2 0
GAMEOVER WINNER 0
# Game ended: Sun Apr 05 17:04:05 EDT 2020
