# Server version 0.08 running on LAPTOP-QJHLSQ4D:8123
# Game ID: 51
# Board class: Saboteur.SaboteurBoard
# Timeout: 20000
# First Move Timeout: 30000
# Date: Fri Mar 27 20:30:14 EDT 2020
# Player 1: Player-0, '260760794', running on LAPTOP-QJHLSQ4D
# Player 2: Player-1, 'Human', running on LAPTOP-QJHLSQ4D
START Player-0 260760794
START Player-1 Human
BoardInit:Tile:7,Tile:8,Destroy,Tile:5,Tile:10,Bonus,Tile:10,Tile:13,Tile:5,Map,Tile:9,Tile:8,Tile:0,Tile:4,Tile:6,Destroy,Tile:0,Tile:8,Bonus,Tile:15,Map,Tile:5,Bonus,Tile:7,Tile:6,Tile:9,Tile:12,Tile:7,Bonus,Tile:1,Tile:8,Tile:9,Tile:5,Map,Map,Tile:7,Tile:0,Malus,Malus,Tile:9,Tile:11-Tile:0,Tile:7,Tile:10,Map,Tile:9,Tile:2,Map-Tile:6,Tile:6,Destroy,Tile:14,Tile:8,Tile:6,Tile:3-Tile:hidden2,Tile:nugget,Tile:hidden1
Map 12 3 1
Tile:6 6 5 0
Map 12 5 1
Tile:6 7 5 0
Tile:0 8 5 1
Tile:14 9 5 0
Destroy 9 5 1
Tile:8 9 5 0
Tile:7 10 5 1
Tile:6 9 6 0
Tile:5_flip 10 6 1
Map 12 3 0
Tile:9 9 4 1
Tile:5_flip 10 4 0
Tile:9 10 3 1
Tile:3 7 4 0
Tile:6 11 3 1
Tile:8 12 4 0
GAMEOVER WINNER 0
# Game ended: Fri Mar 27 20:30:47 EDT 2020
