# Server version 0.08 running on LAPTOP-QJHLSQ4D:8123
# Game ID: 102
# Board class: Saboteur.SaboteurBoard
# Timeout: 20000
# First Move Timeout: 30000
# Date: Mon Mar 30 17:06:43 EDT 2020
# Player 1: Player-0, '260760794', running on LAPTOP-QJHLSQ4D
# Player 2: Player-1, 'RandomPlayer', running on LAPTOP-QJHLSQ4D
START Player-0 260760794
START Player-1 RandomPlayer
BoardInit:Tile:5,Malus,Tile:8,Tile:6,Tile:7,Tile:2,Tile:8,Tile:6,Tile:7,Tile:5,Bonus,Tile:5,Tile:9,Map,Tile:9,Tile:11,Tile:9,Tile:9,Tile:8,Tile:0,Map,Malus,Tile:8,Tile:10,Tile:5,Tile:10,Tile:12,Tile:6,Bonus,Destroy,Tile:10,Tile:6,Map,Map,Tile:7,Tile:0,Tile:0,Map,Tile:0,Tile:3,Map-Destroy,Bonus,Tile:6,Tile:14,Tile:4,Tile:8,Tile:7-Tile:15,Tile:7,Tile:1,Bonus,Tile:9,Destroy,Tile:13-Tile:hidden1,Tile:nugget,Tile:hidden2
Tile:14 6 5 1
Tile:13 6 4 0
Tile:8 6 3 1
Malus 0 0 0
Destroy 6 5 1
Tile:6_flip 6 2 0
Drop 3 0 1
Tile:2_flip 7 2 0
Drop 5 0 1
Tile:6_flip 7 1 0
Bonus 0 0 1
Tile:5_flip 8 1 0
Tile:8 5 2 1
Tile:5 8 0 0
Tile:4 5 1 1
Map 12 3 0
Tile:9 5 6 1
Tile:7_flip 6 1 0
Tile:7 6 6 1
Tile:9_flip 6 0 0
Tile:9_flip 5 7 1
Tile:0 8 2 0
Tile:6 4 7 1
Malus 0 0 0
Drop 5 0 1
Tile:1 7 3 0
Drop 0 0 1
Tile:10 6 7 0
Drop 6 0 1
Tile:15 6 8 0
Drop 4 0 1
Tile:11 6 9 0
Drop 6 0 1
Tile:9 6 10 0
Bonus 0 0 1
Map 12 5 0
Tile:9 5 3 1
Tile:10 6 11 0
Tile:8 9 0 1
Map 12 7 0
Tile:0 3 7 1
Tile:3 8 3 0
Tile:5_flip 7 10 1
Tile:0 9 2 0
Map 12 5 1
Tile:6_flip 10 2 0
Tile:7 4 6 1
Tile:6_flip 7 4 0
Tile:8 4 2 1
Destroy 8 1 0
Tile:0 5 0 1
Destroy 6 3 0
Map 12 3 1
Drop 0 0 0
Drop 0 0 1
GAMEOVER DRAW
# Game ended: Mon Mar 30 17:06:43 EDT 2020
