# Server version 0.08 running on LAPTOP-QJHLSQ4D:8123
# Game ID: 165
# Board class: Saboteur.SaboteurBoard
# Timeout: 20000
# First Move Timeout: 30000
# Date: Sun Apr 05 16:25:03 EDT 2020
# Player 1: Player-0, 'RandomPlayer', running on LAPTOP-QJHLSQ4D
# Player 2: Player-1, '260760794', running on LAPTOP-QJHLSQ4D
START Player-0 RandomPlayer
START Player-1 260760794
BoardInit:Tile:10,Map,Tile:5,Tile:12,Tile:0,Malus,Tile:8,Tile:9,Tile:9,Tile:10,Tile:3,Tile:4,Tile:0,Tile:8,Tile:6,Tile:10,Map,Tile:6,Map,Bonus,Tile:8,Map,Tile:5,Tile:9,Tile:2,Tile:6,Malus,Tile:0,Tile:5,Tile:8,Tile:15,Map,Tile:6,Tile:7,Destroy,Tile:9,Destroy,Tile:14,Tile:8,Tile:7,Bonus-Destroy,Tile:13,Tile:6,Tile:0,Bonus,Map,Tile:5-Tile:11,Tile:7,Tile:9,Tile:7,Bonus,Tile:7,Tile:1-Tile:hidden1,Tile:hidden2,Tile:nugget
Map 12 3 1
Tile:7_flip 4 5 0
Tile:5_flip 6 5 1
Tile:7 6 4 0
Destroy 6 5 1
Tile:9 5 4 0
Tile:5_flip 6 5 1
Drop 5 0 0
Drop 1 0 1
Drop 0 0 0
Drop 4 0 1
Tile:9 5 6 0
Tile:9_flip 5 3 1
Tile:10 5 2 0
Tile:3 6 6 1
Drop 2 0 0
Tile:10 4 4 1
Tile:8 4 3 0
Map 12 5 1
Tile:10 5 1 0
Map 12 7 1
Drop 4 0 0
Tile:13 5 7 1
Tile:6 6 7 0
Tile:5 3 3 1
Tile:9_flip 4 2 0
Tile:6_flip 4 7 1
Tile:7_flip 3 2 0
Drop 0 0 1
Tile:6 4 8 0
Tile:8 5 0 1
Tile:8 3 8 0
Tile:0 2 8 1
Drop 6 0 0
Tile:2 7 7 1
Tile:7 8 7 0
Tile:5_flip 8 8 1
Tile:9 7 8 0
Drop 0 0 1
Map 12 7 0
Tile:6 1 8 1
Tile:14_flip 0 8 0
Destroy 5 6 1
Tile:7 3 1 0
Tile:8 4 0 1
Malus 0 0 0
Bonus 0 0 1
Tile:0 3 0 0
Destroy 4 5 1
Map 12 7 0
Tile:15 3 4 1
Drop 0 0 0
Tile:8 1 7 1
Drop 0 0 0
Malus 0 0 1
GAMEOVER DRAW
# Game ended: Sun Apr 05 16:25:12 EDT 2020
