# Server version 0.08 running on LAPTOP-QJHLSQ4D:8123
# Game ID: 248
# Board class: Saboteur.SaboteurBoard
# Timeout: 20000
# First Move Timeout: 30000
# Date: Wed Apr 08 13:25:54 EDT 2020
# Player 1: Player-0, '260779480', running on LAPTOP-QJHLSQ4D
# Player 2: Player-1, 'RandomPlayer', running on LAPTOP-QJHLSQ4D
START Player-0 260779480
START Player-1 RandomPlayer
BoardInit:Tile:8,Tile:8,Tile:8,Tile:6,Tile:9,Tile:9,Tile:7,Map,Tile:15,Tile:6,Tile:6,Tile:3,Tile:7,Malus,Tile:2,Malus,Destroy,Bonus,Map,Tile:11,Bonus,Map,Tile:5,Bonus,Map,Tile:5,Tile:6,Destroy,Tile:10,Tile:4,Tile:0,Tile:14,Tile:0,Tile:7,Tile:10,Bonus,Map,Tile:7,Tile:10,Tile:12,Tile:9-Tile:9,Tile:9,Tile:6,Tile:0,Tile:5,Map,Destroy-Tile:13,Tile:7,Tile:5,Tile:8,Tile:1,Tile:0,Tile:8-Tile:hidden1,Tile:nugget,Tile:hidden2
Tile:5_flip 5 6 1
Tile:8 6 5 0
Tile:9 6 4 1
Tile:8 7 4 0
Destroy 5 6 1
Tile:8 8 4 0
Tile:9 8 5 1
Tile:6 9 4 0
Tile:6 10 4 1
Map 12 3 0
Tile:8 9 3 1
Tile:9_flip 11 4 0
Tile:15 11 5 1
Tile:6_flip 11 3 0
Tile:8 8 3 1
Malus 0 0 0
Drop 6 0 1
Malus 0 0 0
Destroy 10 4 1
Tile:0 13 3 0
Drop 6 0 1
Drop 0 0 0
Bonus 0 0 1
Map 12 7 0
Drop 0 0 1
Drop 5 0 0
Map 12 5 1
Drop 2 0 0
Drop 2 0 1
Tile:7 9 5 0
Drop 4 0 1
Tile:5 9 2 0
Drop 6 0 1
Tile:5_flip 10 2 0
Drop 3 0 1
Tile:7 10 1 0
Drop 3 0 1
Drop 0 0 0
Map 12 5 1
Tile:7_flip 9 1 0
Drop 2 0 1
Drop 4 0 0
Drop 0 0 1
Drop 3 0 0
Drop 4 0 1
Drop 4 0 0
Drop 2 0 1
Drop 2 0 0
Drop 0 0 1
Drop 0 0 0
Drop 0 0 1
Drop 0 0 0
Drop 1 0 1
Drop 0 0 0
Drop 0 0 1
GAMEOVER DRAW
# Game ended: Wed Apr 08 13:26:03 EDT 2020
