# Server version 0.08 running on LAPTOP-QJHLSQ4D:8123
# Game ID: 8
# Board class: Saboteur.SaboteurBoard
# Timeout: 20000
# First Move Timeout: 30000
# Date: Tue Mar 24 14:22:02 EDT 2020
# Player 1: Player-0, 'RandomPlayer', running on LAPTOP-QJHLSQ4D
# Player 2: Player-1, 'Human', running on LAPTOP-QJHLSQ4D
START Player-0 RandomPlayer
START Player-1 Human
BoardInit:Tile:9,Tile:0,Tile:3,Tile:6,Tile:5,Map,Tile:6,Tile:9,Tile:10,Map,Bonus,Tile:9,Tile:15,Tile:0,Tile:6,Tile:13,Tile:7,Malus,Tile:10,Map,Map,Bonus,Tile:6,Bonus,Tile:12,Tile:0,Tile:8,Tile:0,Tile:1,Tile:8,Tile:4,Destroy,Tile:5,Tile:10,Tile:7,Bonus,Tile:8,Tile:6,Tile:7-Tile:14,Tile:7,Malus,Tile:8,Destroy,Tile:5,Destroy-Tile:2,Tile:11,Tile:9,Tile:7,Tile:8,Tile:9,Tile:5-Tile:hidden2,Tile:hidden1,Tile:nugget
Tile:7 6 5 1
Tile:8 4 5 0
Tile:8 6 6 1
Tile:9 6 7 0
Tile:9 6 8 1
Tile:6 6 9 0
Destroy 6 9 1
Tile:7 5 4 0
Tile:6 6 9 1
Tile:9 4 4 0
Tile:5 4 3 1
Tile:2_flip 5 6 0
Tile:14 5 3 1
Tile:0 7 9 0
Tile:3 8 9 1
Tile:9 4 6 0
Destroy 8 9 1
Tile:9 5 2 0
Tile:6 5 9 1
Drop 1 0 0
Tile:10 5 1 1
Drop 4 0 0
Tile:7 7 6 1
Tile:11_flip 5 8 0
Tile:6 7 7 1
Malus 0 0 0
