# Server version 0.08 running on LAPTOP-QJHLSQ4D:8123
# Game ID: 303
# Board class: Saboteur.SaboteurBoard
# Timeout: 20000
# First Move Timeout: 30000
# Date: Thu Apr 09 17:24:44 EDT 2020
# Player 1: Player-0, '260779480', running on LAPTOP-QJHLSQ4D
# Player 2: Player-1, 'RandomPlayer', running on LAPTOP-QJHLSQ4D
START Player-0 260779480
START Player-1 RandomPlayer
BoardInit:Bonus,Tile:10,Tile:6,Tile:9,Tile:11,Destroy,Tile:6,Tile:0,Tile:6,Malus,Destroy,Tile:5,Tile:15,Tile:5,Bonus,Tile:4,Tile:9,Tile:0,Tile:10,Tile:1,Map,Tile:13,Tile:8,Tile:9,Tile:7,Tile:5,Tile:6,Tile:6,Tile:7,Map,Tile:2,Tile:12,Map,Tile:0,Tile:8,Malus,Bonus,Tile:8,Tile:9,Tile:9,Tile:0-Tile:14,Tile:7,Map,Tile:8,Tile:3,Map,Destroy-Tile:5,Tile:8,Tile:10,Map,Tile:7,Tile:7,Bonus-Tile:hidden2,Tile:nugget,Tile:hidden1
Tile:14 6 5 1
Map 12 3 0
Tile:8 5 6 1
Tile:7 6 6 0
Tile:3_flip 4 5 1
Tile:8 6 7 0
Drop 6 0 1
Tile:9_flip 7 7 0
Tile:6_flip 4 6 1
Tile:10 7 6 0
Tile:6 3 6 1
Tile:10 7 5 0
Destroy 5 6 1
Tile:5 5 4 0
Tile:7 3 5 1
Tile:7 6 4 0
Map 12 5 1
Drop 6 0 0
Tile:9 7 4 1
Drop 1 0 0
Map 12 7 1
Drop 6 0 0
Tile:15 7 3 1
Drop 6 0 0
Map 12 7 1
Drop 3 0 0
Tile:6 5 7 1
Drop 3 0 0
Destroy 6 5 1
Tile:5_flip 6 5 0
Tile:7 7 2 1
Map 12 7 0
Tile:6 6 8 1
Drop 6 0 0
Tile:2 5 8 1
Drop 1 0 0
Tile:7 4 4 1
Drop 2 0 0
Tile:8 2 5 1
Tile:8 5 6 0
Drop 2 0 1
Tile:9_flip 8 4 0
Tile:8 7 8 1
Tile:6 8 8 0
Drop 4 0 1
Malus 0 0 0
Map 12 5 1
Malus 0 0 0
Bonus 0 0 1
Tile:9_flip 9 8 0
Drop 0 0 1
Tile:0 1 5 0
Bonus 0 0 1
Drop 0 0 0
Tile:0 3 4 1
GAMEOVER DRAW
# Game ended: Thu Apr 09 17:24:53 EDT 2020
