# Server version 0.08 running on LAPTOP-QJHLSQ4D:8123
# Game ID: 330
# Board class: Saboteur.SaboteurBoard
# Timeout: 20000
# First Move Timeout: 30000
# Date: Thu Apr 09 17:48:17 EDT 2020
# Player 1: Player-0, '260779480', running on LAPTOP-QJHLSQ4D
# Player 2: Player-1, 'RandomPlayer', running on LAPTOP-QJHLSQ4D
START Player-0 260779480
START Player-1 RandomPlayer
BoardInit:Tile:0,Tile:8,Tile:5,Tile:8,Tile:11,Destroy,Map,Tile:6,Tile:5,Tile:0,Tile:10,Tile:5,Tile:8,Tile:9,Tile:15,Tile:0,Bonus,Destroy,Tile:7,Tile:7,Tile:6,Tile:5,Tile:12,Tile:10,Tile:9,Tile:7,Malus,Map,Tile:7,Tile:7,Destroy,Tile:10,Map,Tile:9,Tile:13,Tile:8,Tile:6,Tile:9,Map,Tile:3,Map-Tile:14,Map,Tile:4,Bonus,Bonus,Tile:9,Tile:2-Malus,Tile:0,Bonus,Tile:8,Tile:1,Tile:6,Tile:6-Tile:hidden2,Tile:nugget,Tile:hidden1
Drop 3 0 1
Tile:8 6 5 0
Tile:4 6 4 1
Tile:8 7 5 0
Tile:9_flip 7 6 1
Tile:8 8 5 0
Drop 2 0 1
Malus 0 0 0
Drop 1 0 1
Tile:6 9 5 0
Drop 1 0 1
Tile:6 10 5 0
Drop 4 0 1
Tile:6 11 5 0
GAMEOVER WINNER 0
# Game ended: Thu Apr 09 17:48:26 EDT 2020
