# Server version 0.08 running on LAPTOP-QJHLSQ4D:8123
# Game ID: 58
# Board class: Saboteur.SaboteurBoard
# Timeout: 20000
# First Move Timeout: 30000
# Date: Sat Mar 28 16:04:55 EDT 2020
# Player 1: Player-0, '260760794', running on LAPTOP-QJHLSQ4D
# Player 2: Player-1, 'Human', running on LAPTOP-QJHLSQ4D
START Player-0 260760794
START Player-1 Human
BoardInit:Tile:10,Map,Tile:6,Tile:9,Tile:7,Tile:4,Tile:7,Tile:5,Tile:7,Bonus,Tile:0,Tile:8,Malus,Tile:10,Tile:0,Tile:15,Tile:8,Tile:9,Map,Malus,Destroy,Destroy,Tile:5,Map,Tile:6,Map,Tile:3,Destroy,Tile:9,Tile:7,Map,Tile:6,Bonus,Tile:9,Map,Tile:8,Tile:1,Tile:8,Tile:5,Tile:0,Tile:0-Tile:13,Tile:11,Tile:6,Tile:9,Tile:6,Bonus,Bonus-Tile:2,Tile:12,Tile:14,Tile:8,Tile:7,Tile:10,Tile:5-Tile:hidden1,Tile:nugget,Tile:hidden2
Tile:6 6 5 1
Tile:5_flip 7 5 0
Tile:9 7 4 1
Map 12 3 0
Tile:6 8 4 1
Tile:9_flip 9 4 0
Tile:6 9 5 1
Tile:14 10 5 0
Tile:10 5 6 1
Tile:5 10 4 0
Tile:7 9 3 1
Tile:12 11 4 0
Tile:11 5 7 1
Tile:8 8 3 0
Malus 0 0 1
Drop 5 0 0
Tile:0 4 5 1
Drop 1 0 0
Tile:8 8 2 1
Drop 3 0 0
Map 12 3 1
Malus 0 0 0
Bonus 0 0 1
Destroy 10 4 0
Destroy 10 5 1
Map 12 3 0
Tile:6 10 5 1
Map 12 3 0
Tile:0 11 5 1
GAMEOVER WINNER 1
# Game ended: Sat Mar 28 16:06:29 EDT 2020
