# Server version 0.08 running on LAPTOP-QJHLSQ4D:8123
# Game ID: 112
# Board class: Saboteur.SaboteurBoard
# Timeout: 20000
# First Move Timeout: 30000
# Date: Mon Mar 30 17:13:04 EDT 2020
# Player 1: Player-0, 'RandomPlayer', running on LAPTOP-QJHLSQ4D
# Player 2: Player-1, '260760794', running on LAPTOP-QJHLSQ4D
START Player-0 RandomPlayer
START Player-1 260760794
BoardInit:Tile:2,Map,Map,Tile:8,Tile:9,Tile:7,Tile:6,Tile:6,Tile:5,Tile:6,Tile:5,Tile:8,Tile:9,Malus,Malus,Map,Tile:7,Map,Tile:1,Tile:0,Destroy,Tile:10,Tile:9,Destroy,Tile:11,Tile:13,Tile:6,Tile:5,Bonus,Map,Tile:5,Tile:6,Tile:14,Tile:0,Tile:7,Tile:4,Map,Tile:7,Tile:9,Bonus,Tile:8-Tile:8,Destroy,Tile:9,Bonus,Tile:7,Tile:3,Tile:10-Tile:15,Tile:8,Tile:0,Tile:0,Tile:10,Tile:12,Bonus-Tile:nugget,Tile:hidden1,Tile:hidden2
Tile:3 6 5 1
Tile:15 5 4 0
Tile:2_flip 6 6 1
Drop 5 0 0
Map 12 3 1
Tile:8 4 5 0
Tile:8 7 6 1
Tile:10 4 4 0
Tile:9 7 5 1
Tile:12 8 6 0
Tile:5 7 4 1
Tile:6_flip 8 4 0
Tile:5_flip 9 4 1
Tile:8 4 3 0
Tile:9_flip 9 3 1
Tile:8 3 3 0
Malus 0 0 1
Drop 5 0 0
Tile:7_flip 8 3 1
Map 12 7 0
Tile:10 7 7 1
Map 12 3 0
Tile:6 8 5 1
Map 12 7 0
Tile:9 7 8 1
Destroy 9 4 0
Tile:7 8 8 1
Drop 0 0 0
Tile:1 9 5 1
Drop 5 0 0
Tile:11_flip 10 5 1
Map 12 3 0
Tile:5 10 4 1
Drop 6 0 0
Tile:14 11 4 1
Drop 3 0 0
Tile:9 10 6 1
Drop 3 0 0
Map 12 5 1
Drop 6 0 0
Tile:9_flip 11 3 1
Drop 4 0 0
Tile:6 7 9 1
Bonus 0 0 0
Tile:8 8 2 1
Tile:0 11 6 0
Tile:7 12 6 1
Tile:7_flip 2 3 0
Destroy 10 4 1
Tile:5_flip 3 4 0
Destroy 11 3 1
Tile:6 4 6 0
Drop 1 0 1
Tile:4 11 3 0
Drop 0 0 1
GAMEOVER DRAW
# Game ended: Mon Mar 30 17:13:04 EDT 2020
