# Server version 0.08 running on LAPTOP-QJHLSQ4D:8123
# Game ID: 54
# Board class: Saboteur.SaboteurBoard
# Timeout: 20000
# First Move Timeout: 30000
# Date: Fri Mar 27 20:42:22 EDT 2020
# Player 1: Player-0, 'Human', running on LAPTOP-QJHLSQ4D
# Player 2: Player-1, '260760794', running on LAPTOP-QJHLSQ4D
START Player-0 Human
START Player-1 260760794
BoardInit:Map,Tile:8,Map,Tile:6,Tile:0,Tile:13,Tile:9,Tile:7,Tile:8,Bonus,Destroy,Tile:6,Tile:6,Tile:7,Tile:9,Tile:6,Tile:14,Tile:12,Malus,Bonus,Tile:0,Tile:7,Bonus,Tile:5,Map,Malus,Tile:11,Tile:9,Tile:9,Bonus,Tile:5,Tile:10,Tile:4,Tile:8,Destroy,Tile:10,Tile:7,Tile:10,Tile:5,Map,Tile:0-Tile:1,Tile:9,Tile:2,Tile:5,Tile:6,Tile:3,Tile:8-Destroy,Map,Tile:8,Tile:7,Tile:0,Tile:15,Map-Tile:hidden1,Tile:nugget,Tile:hidden2
Tile:1 6 5 1
Map 12 5 0
Map 12 3 1
Map 12 3 0
Map 12 3 1
Tile:6 5 6 0
Tile:9_flip 7 5 1
Tile:0 6 6 0
Tile:2 7 4 1
Tile:8 7 6 0
Tile:5_flip 8 4 1
Tile:8 8 6 0
Tile:6 9 6 1
Tile:6 10 6 0
Tile:3 8 3 1
Tile:7 9 5 0
Tile:0 7 3 1
Tile:6 11 6 0
Tile:8 6 3 1
Tile:7 11 5 0
Malus 0 0 1
Bonus 0 0 0
Tile:9 6 2 1
Tile:7 12 6 0
Tile:8 6 1 1
Destroy 12 6 0
Map 12 3 1
Tile:5 10 5 0
Tile:6 7 1 1
Tile:9_flip 12 6 0
GAMEOVER WINNER 0
# Game ended: Fri Mar 27 20:44:23 EDT 2020
