# Server version 0.08 running on LAPTOP-QJHLSQ4D:8123
# Game ID: 260
# Board class: Saboteur.SaboteurBoard
# Timeout: 20000
# First Move Timeout: 30000
# Date: Wed Apr 08 17:04:02 EDT 2020
# Player 1: Player-0, '260779480', running on LAPTOP-QJHLSQ4D
# Player 2: Player-1, 'RandomPlayer', running on LAPTOP-QJHLSQ4D
START Player-0 260779480
START Player-1 RandomPlayer
BoardInit:Tile:4,Tile:6,Tile:9,Tile:9,Tile:13,Tile:10,Tile:8,Tile:0,Bonus,Destroy,Tile:14,Tile:9,Tile:5,Tile:10,Tile:8,Tile:7,Map,Tile:11,Tile:0,Tile:8,Tile:6,Map,Tile:6,Tile:8,Map,Tile:5,Tile:3,Tile:6,Tile:0,Map,Destroy,Tile:2,Map,Tile:7,Tile:5,Tile:9,Tile:7,Tile:0,Tile:10,Tile:7,Tile:15-Tile:12,Malus,Tile:6,Bonus,Destroy,Map,Tile:7-Tile:1,Tile:9,Tile:5,Malus,Bonus,Tile:8,Bonus-Tile:nugget,Tile:hidden1,Tile:hidden2
Map 12 7 1
Tile:8 6 5 0
Tile:12_flip 4 5 1
Tile:9_flip 7 5 0
Drop 1 0 1
Tile:6 7 6 0
Tile:4 7 4 1
Tile:9_flip 8 6 0
Tile:9 8 5 1
Malus 0 0 0
Drop 1 0 1
Tile:0 9 5 0
Malus 0 0 1
Bonus 0 0 0
Drop 4 0 1
Tile:9_flip 10 5 0
Destroy 7 6 1
Tile:7_flip 7 6 0
Drop 3 0 1
Tile:10 10 4 0
Map 12 7 1
Tile:8 10 3 0
Drop 0 0 1
Map 12 3 0
Drop 2 0 1
Tile:8 11 3 0
GAMEOVER WINNER 0
# Game ended: Wed Apr 08 17:04:02 EDT 2020
