# Server version 0.08 running on LAPTOP-QJHLSQ4D:8123
# Game ID: 297
# Board class: Saboteur.SaboteurBoard
# Timeout: 20000
# First Move Timeout: 30000
# Date: Thu Apr 09 17:03:01 EDT 2020
# Player 1: Player-0, 'RandomPlayer', running on LAPTOP-QJHLSQ4D
# Player 2: Player-1, '260779480', running on LAPTOP-QJHLSQ4D
START Player-0 RandomPlayer
START Player-1 260779480
BoardInit:Tile:6,Destroy,Tile:9,Tile:6,Map,Tile:8,Tile:11,Tile:2,Tile:6,Map,Tile:9,Tile:10,Tile:0,Bonus,Tile:5,Tile:1,Tile:7,Tile:12,Map,Map,Tile:15,Map,Tile:7,Tile:6,Tile:7,Tile:10,Destroy,Malus,Tile:9,Tile:0,Bonus,Tile:6,Tile:10,Malus,Tile:13,Tile:8,Tile:0,Bonus,Tile:3,Tile:5,Map-Tile:9,Tile:14,Tile:5,Destroy,Tile:7,Tile:0,Tile:8-Tile:5,Tile:8,Tile:4,Tile:9,Tile:7,Bonus,Tile:8-Tile:hidden2,Tile:hidden1,Tile:nugget
Drop 1 0 1
Tile:8 5 4 0
Tile:8 6 4 1
Tile:5 5 3 0
Tile:9_flip 7 4 1
Tile:9 7 5 0
Map 12 3 1
Destroy 6 4 0
Tile:6 6 3 1
Tile:2 8 5 0
Tile:9_flip 7 3 1
Drop 1 0 0
Tile:6 7 6 1
Tile:6_flip 9 5 0
Tile:9_flip 8 6 1
Drop 3 0 0
Tile:5_flip 8 7 1
Tile:8 6 2 0
Tile:0 7 7 1
Tile:1 6 4 0
Map 12 7 1
Tile:12_flip 5 2 0
Tile:7 7 2 1
Drop 5 0 0
Tile:0 6 6 1
Tile:6_flip 4 4 0
Tile:5 6 1 1
Tile:10 9 6 0
Tile:7_flip 5 6 1
Drop 2 0 0
Tile:9 4 5 1
Tile:4_flip 4 6 0
Tile:7_flip 3 4 1
Map 12 7 0
Tile:10 3 3 1
Tile:10 3 2 0
Tile:7 3 1 1
Malus 0 0 0
Bonus 0 0 1
Tile:0 7 1 0
Tile:0 8 1 1
Tile:6_flip 2 1 0
Map 12 5 1
Tile:5_flip 10 5 0
Drop 4 0 1
Drop 0 0 0
Drop 1 0 1
Tile:8 1 1 0
Drop 1 0 1
Malus 0 0 0
Drop 2 0 1
Drop 0 0 0
Drop 0 0 1
Drop 0 0 0
Drop 0 0 1
GAMEOVER DRAW
# Game ended: Thu Apr 09 17:03:10 EDT 2020
