# Server version 0.08 running on LAPTOP-QJHLSQ4D:8123
# Game ID: 180
# Board class: Saboteur.SaboteurBoard
# Timeout: 20000
# First Move Timeout: 30000
# Date: Sun Apr 05 17:06:08 EDT 2020
# Player 1: Player-0, '260760794', running on LAPTOP-QJHLSQ4D
# Player 2: Player-1, 'RandomPlayer', running on LAPTOP-QJHLSQ4D
START Player-0 260760794
START Player-1 RandomPlayer
BoardInit:Map,Tile:8,Map,Tile:5,Tile:1,Tile:13,Tile:9,Tile:8,Map,Tile:7,Tile:0,Tile:2,Bonus,Tile:8,Bonus,Tile:8,Tile:15,Tile:6,Tile:10,Tile:14,Tile:9,Tile:7,Tile:7,Tile:6,Tile:7,Tile:10,Tile:6,Tile:7,Bonus,Map,Tile:0,Tile:6,Tile:3,Tile:0,Bonus,Malus,Tile:4,Destroy,Tile:11,Tile:9,Destroy-Tile:9,Tile:9,Tile:0,Destroy,Malus,Tile:5,Tile:10-Tile:12,Tile:5,Tile:6,Map,Tile:5,Tile:8,Map-Tile:nugget,Tile:hidden1,Tile:hidden2
Drop 3 0 1
Map 12 3 0
Tile:5_flip 5 6 1
Tile:8 6 5 0
Tile:0 7 5 1
Tile:5_flip 8 5 0
Tile:9 6 4 1
Tile:5 8 4 0
Tile:10 6 6 1
Tile:8 9 4 0
Map 12 7 1
Tile:7 10 4 0
Tile:9_flip 6 3 1
Tile:2_flip 10 5 0
Tile:0 11 5 1
Tile:8 9 3 0
Tile:9 4 6 1
Tile:12 10 3 0
Malus 0 0 1
Drop 3 0 0
Map 12 7 1
Map 12 7 0
Tile:15 4 7 1
Drop 0 0 0
Tile:9 6 2 1
Drop 2 0 0
Tile:1 7 2 1
Drop 0 0 0
Drop 2 0 1
Drop 5 0 0
Tile:6_flip 4 5 1
Map 12 3 0
Tile:7_flip 8 3 1
Drop 6 0 0
Tile:10 9 2 1
Drop 3 0 0
Tile:7 5 4 1
Malus 0 0 0
Bonus 0 0 1
Destroy 10 3 0
Drop 4 0 1
Drop 2 0 0
Map 12 5 1
Drop 1 0 0
Tile:11 3 5 1
Drop 3 0 0
Destroy 10 4 1
Drop 0 0 0
Tile:3_flip 4 4 1
Drop 2 0 0
Drop 0 0 1
Drop 0 0 0
Drop 1 0 1
Drop 0 0 0
Tile:0 5 3 1
GAMEOVER DRAW
# Game ended: Sun Apr 05 17:06:18 EDT 2020
