# Server version 0.08 running on LAPTOP-QJHLSQ4D:8123
# Game ID: 291
# Board class: Saboteur.SaboteurBoard
# Timeout: 20000
# First Move Timeout: 30000
# Date: Thu Apr 09 17:00:08 EDT 2020
# Player 1: Player-0, '260779480', running on LAPTOP-QJHLSQ4D
# Player 2: Player-1, 'RandomPlayer', running on LAPTOP-QJHLSQ4D
START Player-0 260779480
START Player-1 RandomPlayer
BoardInit:Tile:5,Tile:7,Tile:7,Destroy,Map,Tile:13,Tile:9,Tile:11,Map,Tile:12,Tile:6,Tile:7,Tile:8,Tile:5,Tile:10,Map,Tile:8,Tile:7,Tile:6,Map,Tile:2,Tile:3,Malus,Tile:14,Bonus,Tile:1,Malus,Tile:15,Tile:8,Tile:8,Tile:5,Tile:10,Tile:9,Tile:5,Bonus,Tile:10,Map,Destroy,Tile:0,Tile:6,Tile:0-Tile:9,Tile:6,Tile:8,Tile:0,Bonus,Destroy,Tile:9-Map,Tile:4,Tile:7,Bonus,Tile:9,Tile:6,Tile:0-Tile:hidden1,Tile:hidden2,Tile:nugget
Tile:9 4 5 1
Map 12 3 0
Tile:9_flip 4 6 1
Tile:9_flip 6 5 0
Destroy 4 6 1
Tile:6 6 6 0
Drop 4 0 1
Tile:0 7 6 0
Tile:9_flip 6 4 1
Tile:7 8 6 0
Tile:6_flip 4 4 1
Tile:7_flip 8 7 0
Drop 2 0 1
Tile:7 9 7 0
Map 12 3 1
Tile:5_flip 9 8 0
Tile:8 6 3 1
Map 12 7 0
Drop 1 0 1
Drop 3 0 0
Drop 3 0 1
Map 12 5 0
Drop 5 0 1
Drop 3 0 0
Tile:6_flip 8 8 1
Tile:7_flip 8 9 0
Map 12 3 1
Drop 4 0 0
Tile:2 6 2 1
Drop 4 0 0
Tile:0 3 4 1
Drop 4 0 0
Tile:8 2 4 1
Drop 4 0 0
Tile:5_flip 2 5 1
Drop 0 0 0
Drop 6 0 1
Drop 2 0 0
Tile:9 5 2 1
Tile:8 7 3 0
Malus 0 0 1
Bonus 0 0 0
Tile:0 1 4 1
Tile:6_flip 9 9 0
Tile:8 5 4 1
Tile:5_flip 10 9 0
Tile:0 1 5 1
Tile:10 10 8 0
Tile:10 2 3 1
Tile:10 10 7 0
Drop 1 0 1
Drop 0 0 0
Map 12 3 1
Drop 0 0 0
Drop 0 0 1
GAMEOVER DRAW
# Game ended: Thu Apr 09 17:00:17 EDT 2020
