# Server version 0.08 running on LAPTOP-QJHLSQ4D:8123
# Game ID: 84
# Board class: Saboteur.SaboteurBoard
# Timeout: 20000
# First Move Timeout: 30000
# Date: Mon Mar 30 17:01:43 EDT 2020
# Player 1: Player-0, 'RandomPlayer', running on LAPTOP-QJHLSQ4D
# Player 2: Player-1, '260760794', running on LAPTOP-QJHLSQ4D
START Player-0 RandomPlayer
START Player-1 260760794
BoardInit:Tile:5,Tile:2,Map,Tile:0,Malus,Tile:10,Tile:7,Tile:7,Destroy,Bonus,Tile:9,Bonus,Destroy,Tile:7,Tile:6,Map,Malus,Tile:12,Tile:8,Bonus,Tile:6,Destroy,Bonus,Tile:11,Tile:10,Tile:10,Tile:5,Tile:0,Tile:0,Map,Tile:0,Tile:7,Map,Map,Tile:1,Tile:7,Tile:9,Tile:8,Tile:8,Tile:14,Tile:5-Tile:9,Tile:6,Tile:6,Tile:5,Tile:9,Tile:13,Tile:9-Tile:8,Tile:8,Map,Tile:6,Tile:15,Tile:4,Tile:3-Tile:hidden1,Tile:nugget,Tile:hidden2
Tile:9_flip 6 5 1
Tile:3 6 4 0
Tile:5_flip 6 6 1
Map 12 3 0
Map 12 3 1
Tile:8 5 4 0
Malus 0 0 1
Drop 5 0 0
Tile:9_flip 5 3 1
Drop 1 0 0
Destroy 5 3 1
Bonus 0 0 0
Tile:7_flip 4 4 1
Tile:15 5 3 0
Destroy 5 3 1
Tile:10 5 3 0
Tile:6_flip 4 5 1
Drop 0 0 0
Malus 0 0 1
Map 12 7 0
Tile:6 5 6 1
Drop 4 0 0
Tile:9 5 2 1
Drop 5 0 0
Tile:6_flip 6 2 1
Drop 0 0 0
Tile:6_flip 7 2 1
Destroy 6 6 0
Tile:5_flip 8 2 1
Drop 6 0 0
Tile:5 8 1 1
Drop 3 0 0
Tile:10 7 3 1
Map 12 7 0
Map 12 5 1
Drop 4 0 0
Tile:9 7 4 1
Map 12 7 0
Tile:9_flip 8 4 1
Drop 0 0 0
Tile:8 8 5 1
Drop 4 0 0
Tile:5 8 3 1
Bonus 0 0 0
Tile:8 9 5 1
Tile:11 7 5 0
Tile:1 10 5 1
Tile:7 11 5 0
Tile:13 11 6 1
Tile:7_flip 8 6 0
Tile:0 10 6 1
Tile:8 12 6 0
Tile:0 9 3 1
Tile:14 6 6 0
Drop 0 0 1
GAMEOVER DRAW
# Game ended: Mon Mar 30 17:01:43 EDT 2020
