# Server version 0.08 running on LAPTOP-QJHLSQ4D:8123
# Game ID: 362
# Board class: Saboteur.SaboteurBoard
# Timeout: 20000
# First Move Timeout: 30000
# Date: Thu Apr 09 19:52:39 EDT 2020
# Player 1: Player-0, '260760794', running on LAPTOP-QJHLSQ4D
# Player 2: Player-1, 'RandomPlayer', running on LAPTOP-QJHLSQ4D
START Player-0 260760794
START Player-1 RandomPlayer
BoardInit:Tile:0,Destroy,Bonus,Malus,Map,Tile:9,Tile:10,Tile:7,Tile:5,Map,Destroy,Tile:8,Tile:1,Tile:2,Tile:8,Tile:7,Tile:0,Destroy,Tile:9,Tile:8,Tile:10,Tile:0,Bonus,Tile:12,Tile:8,Tile:9,Bonus,Tile:6,Tile:6,Map,Map,Bonus,Map,Tile:5,Tile:11,Tile:7,Tile:3,Map,Tile:13,Tile:15,Tile:7-Tile:5,Tile:0,Tile:5,Tile:14,Tile:8,Tile:10,Tile:7-Malus,Tile:6,Tile:9,Tile:9,Tile:6,Tile:4,Tile:6-Tile:nugget,Tile:hidden2,Tile:hidden1
Tile:7 5 4 1
Tile:6 6 5 0
Tile:14_flip 4 4 1
Tile:9_flip 7 5 0
Tile:5 7 4 1
Tile:9_flip 8 4 0
Tile:8 8 3 1
Malus 0 0 0
Map 12 5 1
Malus 0 0 0
Bonus 0 0 1
Map 12 3 0
Drop 0 0 1
Tile:8 9 3 0
Destroy 9 3 1
Tile:6 9 3 0
Drop 5 0 1
Tile:6 10 3 0
Drop 3 0 1
Drop 4 0 0
Drop 2 0 1
Tile:8 11 3 0
GAMEOVER WINNER 0
# Game ended: Thu Apr 09 19:52:49 EDT 2020
