# Server version 0.08 running on LAPTOP-QJHLSQ4D:8123
# Game ID: 126
# Board class: Saboteur.SaboteurBoard
# Timeout: 20000
# First Move Timeout: 30000
# Date: Mon Mar 30 17:14:20 EDT 2020
# Player 1: Player-0, '260760794', running on LAPTOP-QJHLSQ4D
# Player 2: Player-1, 'RandomPlayer', running on LAPTOP-QJHLSQ4D
START Player-0 260760794
START Player-1 RandomPlayer
BoardInit:Tile:7,Tile:9,Tile:15,Tile:9,Destroy,Tile:7,Bonus,Tile:0,Tile:10,Destroy,Tile:13,Map,Tile:9,Tile:9,Tile:6,Map,Bonus,Tile:5,Malus,Bonus,Map,Map,Tile:2,Tile:12,Malus,Tile:10,Map,Tile:0,Tile:14,Tile:8,Destroy,Tile:8,Tile:5,Tile:10,Tile:4,Tile:7,Tile:1,Tile:5,Tile:0,Tile:5,Tile:8-Tile:7,Tile:8,Tile:6,Tile:9,Tile:6,Tile:6,Tile:6-Bonus,Tile:8,Map,Tile:0,Tile:11,Tile:3,Tile:7-Tile:nugget,Tile:hidden2,Tile:hidden1
Tile:6_flip 4 5 1
Map 12 3 0
Tile:6 4 6 1
Tile:8 6 5 0
Tile:8 6 4 1
Tile:9_flip 6 3 0
Tile:6 6 6 1
Tile:7 6 2 0
Destroy 4 6 1
Tile:0 7 4 0
Tile:7 7 5 1
Tile:11_flip 7 6 0
Tile:7_flip 5 6 1
Map 12 5 0
Tile:6 8 4 1
Tile:9_flip 9 4 0
Tile:9_flip 8 3 1
Map 12 7 0
Tile:9_flip 9 5 1
Tile:5 8 2 0
Tile:6 5 3 1
Tile:9 9 3 0
Tile:13 9 2 1
Tile:7 10 2 0
Tile:15 7 7 1
Tile:12_flip 7 3 0
Drop 0 0 1
Tile:10 9 1 0
Malus 0 0 1
Destroy 4 5 0
Tile:14_flip 4 3 1
Bonus 0 0 0
Destroy 4 3 1
Tile:8 10 3 0
Tile:2 11 3 1
Tile:3_flip 11 4 0
Tile:5 4 5 1
Tile:10 10 4 0
Tile:10 9 6 1
Tile:5_flip 12 4 0
Drop 6 0 1
Tile:8 7 8 0
Drop 0 0 1
Tile:0 8 8 0
Drop 2 0 1
Tile:0 6 8 0
Tile:1 9 8 1
Tile:7 10 8 0
Tile:4_flip 10 5 1
Tile:5_flip 10 9 0
Map 12 3 1
Map 12 7 0
Tile:8 9 0 1
Drop 0 0 0
Malus 0 0 1
GAMEOVER DRAW
# Game ended: Mon Mar 30 17:14:20 EDT 2020
