# Server version 0.08 running on LAPTOP-QJHLSQ4D:8123
# Game ID: 185
# Board class: Saboteur.SaboteurBoard
# Timeout: 20000
# First Move Timeout: 30000
# Date: Sun Apr 05 17:09:57 EDT 2020
# Player 1: Player-0, '260760794', running on LAPTOP-QJHLSQ4D
# Player 2: Player-1, 'RandomPlayer', running on LAPTOP-QJHLSQ4D
START Player-0 260760794
START Player-1 RandomPlayer
BoardInit:Malus,Tile:7,Tile:0,Tile:12,Tile:0,Map,Malus,Tile:13,Tile:1,Tile:9,Tile:0,Tile:7,Tile:5,Bonus,Destroy,Tile:8,Destroy,Tile:2,Tile:7,Bonus,Bonus,Tile:10,Destroy,Tile:8,Tile:9,Tile:5,Tile:8,Tile:9,Tile:8,Map,Map,Tile:9,Tile:10,Tile:0,Tile:8,Tile:6,Map,Tile:7,Tile:9,Tile:5,Tile:14-Map,Map,Tile:6,Tile:5,Tile:4,Tile:3,Tile:15-Tile:11,Tile:6,Tile:10,Tile:6,Bonus,Tile:6,Tile:7-Tile:hidden1,Tile:hidden2,Tile:nugget
Tile:3_flip 5 6 1
Tile:7 6 5 0
Map 12 7 1
Tile:6 6 6 0
Tile:6_flip 7 6 1
Tile:7 8 6 0
Drop 6 0 1
Map 12 3 0
Drop 3 0 1
Tile:6 8 7 0
Tile:5 4 5 1
Tile:9_flip 9 7 0
Tile:4 9 6 1
Tile:7_flip 9 8 0
Drop 3 0 1
Tile:6_flip 10 8 0
Map 12 7 1
Tile:8 10 9 0
Drop 1 0 1
Tile:2_flip 11 8 0
Tile:7 12 8 1
Tile:13 12 9 0
Tile:5_flip 13 9 1
Tile:10 10 10 0
Destroy 11 8 1
Tile:8 11 9 0
Destroy 10 9 1
Tile:11_flip 12 10 0
Drop 2 0 1
Tile:9 10 9 0
Destroy 10 9 1
Map 12 5 0
Tile:8 11 8 1
Tile:9_flip 11 7 0
Tile:8 10 9 1
Tile:12_flip 10 7 0
Tile:10 4 6 1
Tile:6_flip 11 6 0
Tile:8 12 6 1
GAMEOVER WINNER 1
# Game ended: Sun Apr 05 17:10:06 EDT 2020
