# Server version 0.08 running on LAPTOP-QJHLSQ4D:8123
# Game ID: 332
# Board class: Saboteur.SaboteurBoard
# Timeout: 20000
# First Move Timeout: 30000
# Date: Thu Apr 09 17:49:23 EDT 2020
# Player 1: Player-0, 'RandomPlayer', running on LAPTOP-QJHLSQ4D
# Player 2: Player-1, '260779480', running on LAPTOP-QJHLSQ4D
START Player-0 RandomPlayer
START Player-1 260779480
BoardInit:Tile:5,Bonus,Tile:5,Tile:7,Destroy,Tile:9,Tile:8,Tile:10,Tile:15,Map,Bonus,Map,Tile:9,Tile:5,Tile:9,Tile:9,Tile:6,Tile:0,Tile:3,Tile:7,Tile:14,Tile:1,Tile:13,Map,Tile:8,Tile:11,Tile:8,Tile:7,Tile:6,Tile:2,Bonus,Tile:6,Tile:8,Tile:10,Tile:12,Destroy,Tile:6,Tile:8,Map,Map,Tile:4-Tile:5,Tile:0,Tile:0,Malus,Destroy,Tile:7,Tile:7-Tile:0,Tile:10,Tile:6,Map,Malus,Tile:9,Bonus-Tile:hidden2,Tile:hidden1,Tile:nugget
Drop 4 0 1
Tile:6_flip 5 4 0
Tile:0 6 4 1
Drop 5 0 0
Tile:0 7 4 1
Tile:9 5 6 0
Tile:5_flip 8 4 1
Tile:9 4 4 0
Tile:8 8 3 1
Map 12 7 0
Malus 0 0 1
Malus 0 0 0
Bonus 0 0 1
Drop 0 0 0
Tile:9_flip 9 3 1
Bonus 0 0 0
Tile:9 9 4 1
Tile:5_flip 5 7 0
Tile:6 10 4 1
Tile:0 6 5 0
Drop 5 0 1
Drop 3 0 0
Drop 5 0 1
Drop 5 0 0
Drop 6 0 1
Drop 5 0 0
Tile:8 11 4 1
Tile:10 9 5 0
Tile:8 12 4 1
Tile:7_flip 11 5 0
Drop 5 0 1
Tile:11 9 2 0
Drop 4 0 1
Tile:2_flip 13 4 0
Tile:8 12 6 1
GAMEOVER WINNER 1
# Game ended: Thu Apr 09 17:49:32 EDT 2020
