# Server version 0.08 running on LAPTOP-QJHLSQ4D:8123
# Game ID: 29
# Board class: Saboteur.SaboteurBoard
# Timeout: 20000
# First Move Timeout: 30000
# Date: Wed Mar 25 22:19:38 EDT 2020
# Player 1: Player-0, 'Human', running on LAPTOP-QJHLSQ4D
# Player 2: Player-1, '260760794', running on LAPTOP-QJHLSQ4D
START Player-0 Human
START Player-1 260760794
BoardInit:Tile:9,Map,Tile:9,Tile:7,Tile:5,Tile:1,Tile:8,Tile:11,Malus,Tile:10,Tile:0,Tile:12,Tile:9,Tile:7,Tile:6,Tile:3,Tile:9,Tile:6,Tile:5,Tile:7,Bonus,Bonus,Tile:7,Map,Malus,Tile:15,Tile:5,Map,Tile:8,Tile:8,Bonus,Map,Tile:13,Tile:5,Destroy,Tile:10,Tile:2,Tile:0,Tile:6,Tile:8,Tile:14-Bonus,Tile:9,Destroy,Tile:8,Tile:10,Tile:7,Tile:4-Tile:0,Tile:0,Destroy,Tile:6,Tile:6,Map,Map-Tile:hidden1,Tile:nugget,Tile:hidden2
Tile:9_flip 6 5 1
Tile:6 6 6 0
Tile:8 7 6 1
Tile:6 8 6 0
Tile:7 9 6 1
Tile:7 8 5 0
Tile:10 9 7 1
Map 12 5 0
Tile:4_flip 9 8 1
Tile:11 4 5 0
Tile:9 7 5 1
Tile:10 7 4 0
Tile:9 7 3 1
Tile:0 8 3 0
Tile:5_flip 9 3 1
Map 12 3 0
Tile:8 9 2 1
Map 12 7 0
Tile:0 10 2 1
Tile:6 11 2 0
Tile:9_flip 12 2 1
Tile:0 8 2 0
Tile:6 12 4 1
Destroy 12 4 0
Tile:9 12 1 1
Tile:7 11 1 0
Tile:5 12 0 1
Tile:7 6 4 0
Tile:7_flip 12 4 1
Drop 6 0 0
Tile:5 11 3 1
Drop 4 0 0
Tile:8 9 1 1
Drop 6 0 0
Tile:13 9 0 1
Tile:5_flip 11 4 0
Destroy 11 1 1
Drop 2 0 0
Tile:2 10 0 1
Tile:8 10 4 0
Tile:6 10 1 1
Tile:8 10 5 0
Tile:14 11 0 1
Tile:0 11 5 0
GAMEOVER WINNER 0
# Game ended: Wed Mar 25 22:22:36 EDT 2020
