# Server version 0.08 running on LAPTOP-QJHLSQ4D:8123
# Game ID: 41
# Board class: Saboteur.SaboteurBoard
# Timeout: 20000
# First Move Timeout: 30000
# Date: Fri Mar 27 15:05:54 EDT 2020
# Player 1: Player-0, '260760794', running on LAPTOP-QJHLSQ4D
# Player 2: Player-1, 'Human', running on LAPTOP-QJHLSQ4D
START Player-0 260760794
START Player-1 Human
BoardInit:Tile:0,Tile:5,Map,Tile:6,Map,Tile:13,Tile:5,Tile:6,Tile:0,Bonus,Tile:10,Tile:8,Tile:2,Map,Malus,Tile:6,Tile:6,Tile:14,Tile:6,Tile:7,Tile:9,Tile:11,Tile:7,Tile:3,Tile:8,Tile:4,Malus,Tile:7,Map,Tile:8,Tile:9,Tile:5,Tile:9,Tile:7,Tile:8,Tile:12,Tile:1,Tile:8,Bonus,Map,Tile:10-Tile:0,Tile:15,Tile:7,Destroy,Destroy,Destroy,Bonus-Tile:0,Tile:9,Map,Tile:9,Bonus,Tile:5,Tile:10-Tile:nugget,Tile:hidden1,Tile:hidden2
Tile:0 6 5 1
Map 12 3 0
Tile:0 7 5 1
Tile:0 8 5 0
Map 12 5 1
Tile:9_flip 9 5 0
Map 12 3 1
Tile:9 9 4 0
Tile:5 9 3 1
Tile:5_flip 10 4 0
Tile:7 10 3 1
Drop 0 0 0
Destroy 10 3 1
Tile:6_flip 10 3 0
Tile:0 11 3 1
GAMEOVER WINNER 1
# Game ended: Fri Mar 27 15:06:41 EDT 2020
