# Server version 0.08 running on LAPTOP-QJHLSQ4D:8123
# Game ID: 124
# Board class: Saboteur.SaboteurBoard
# Timeout: 20000
# First Move Timeout: 30000
# Date: Mon Mar 30 17:14:10 EDT 2020
# Player 1: Player-0, '260760794', running on LAPTOP-QJHLSQ4D
# Player 2: Player-1, 'RandomPlayer', running on LAPTOP-QJHLSQ4D
START Player-0 260760794
START Player-1 RandomPlayer
BoardInit:Tile:5,Tile:6,Tile:10,Tile:1,Tile:7,Tile:5,Tile:2,Destroy,Tile:8,Map,Tile:8,Tile:15,Bonus,Tile:7,Tile:9,Bonus,Tile:9,Tile:6,Map,Malus,Tile:8,Tile:6,Tile:4,Map,Tile:5,Bonus,Tile:5,Tile:0,Malus,Tile:10,Tile:9,Tile:10,Destroy,Bonus,Tile:13,Tile:7,Map,Tile:3,Tile:0,Tile:9,Map-Destroy,Tile:7,Tile:7,Map,Tile:8,Tile:14,Tile:6-Tile:12,Tile:0,Tile:6,Tile:11,Tile:9,Tile:0,Tile:8-Tile:hidden2,Tile:hidden1,Tile:nugget
Tile:6 5 6 1
Tile:8 6 6 0
Destroy 6 6 1
Tile:6_flip 6 6 0
Drop 1 0 1
Tile:1 6 5 0
Tile:14_flip 4 5 1
Tile:5_flip 7 5 0
Tile:2 7 6 1
Tile:6_flip 7 4 0
Tile:7_flip 6 4 1
Map 12 3 0
Tile:7_flip 6 7 1
Tile:15 6 3 0
Drop 2 0 1
Tile:7 8 4 0
Tile:8 4 6 1
Tile:9 8 5 0
Tile:9_flip 6 2 1
Tile:6_flip 9 5 0
Tile:8 3 6 1
Malus 0 0 0
Map 12 3 1
Tile:0 10 5 0
Drop 5 0 1
Map 12 5 0
Map 12 5 1
Tile:6_flip 11 5 0
Drop 6 0 1
Tile:11_flip 11 6 0
Drop 4 0 1
Tile:10 11 7 0
Drop 6 0 1
Tile:0 10 6 0
Destroy 6 2 1
Tile:10 6 2 0
Drop 3 0 1
Tile:7_flip 9 6 0
Map 12 5 1
Tile:3_flip 11 8 0
Drop 4 0 1
Tile:9_flip 12 8 0
Map 12 7 1
Destroy 10 6 0
Drop 4 0 1
Tile:0 10 6 0
Drop 3 0 1
Drop 1 0 0
Drop 2 0 1
Tile:12_flip 2 6 0
Drop 0 0 1
Drop 0 0 0
Drop 1 0 1
Drop 0 0 0
Drop 0 0 1
GAMEOVER DRAW
# Game ended: Mon Mar 30 17:14:10 EDT 2020
