# Server version 0.08 running on LAPTOP-QJHLSQ4D:8123
# Game ID: 278
# Board class: Saboteur.SaboteurBoard
# Timeout: 20000
# First Move Timeout: 30000
# Date: Thu Apr 09 16:48:44 EDT 2020
# Player 1: Player-0, 'RandomPlayer', running on LAPTOP-QJHLSQ4D
# Player 2: Player-1, '260779480', running on LAPTOP-QJHLSQ4D
START Player-0 RandomPlayer
START Player-1 260779480
BoardInit:Map,Map,Tile:5,Map,Map,Tile:2,Tile:10,Tile:9,Tile:7,Map,Tile:6,Map,Tile:6,Tile:0,Tile:6,Tile:5,Tile:12,Destroy,Tile:4,Tile:8,Tile:9,Tile:0,Tile:14,Tile:9,Tile:6,Bonus,Tile:7,Tile:10,Tile:7,Tile:9,Tile:13,Tile:9,Tile:0,Destroy,Bonus,Destroy,Bonus,Tile:11,Tile:7,Tile:8,Tile:0-Tile:8,Tile:3,Tile:15,Tile:5,Tile:8,Tile:6,Tile:10-Bonus,Tile:1,Tile:7,Tile:5,Tile:8,Malus,Malus-Tile:hidden2,Tile:nugget,Tile:hidden1
Drop 1 0 1
Tile:8 5 6 0
Map 12 3 1
Drop 1 0 0
Tile:8 6 5 1
Tile:5 4 6 0
Map 12 7 1
Tile:2_flip 4 5 0
Tile:8 7 5 1
Tile:9_flip 6 6 0
Tile:6 8 5 1
Drop 1 0 0
Tile:6 9 5 1
Drop 0 0 0
Tile:6 10 5 1
Tile:0 11 5 0
GAMEOVER WINNER 0
# Game ended: Thu Apr 09 16:48:53 EDT 2020
