# Server version 0.08 running on LAPTOP-QJHLSQ4D:8123
# Game ID: 144
# Board class: Saboteur.SaboteurBoard
# Timeout: 20000
# First Move Timeout: 30000
# Date: Sun Apr 05 15:47:44 EDT 2020
# Player 1: Player-0, 'RandomPlayer', running on LAPTOP-QJHLSQ4D
# Player 2: Player-1, '260760794', running on LAPTOP-QJHLSQ4D
START Player-0 RandomPlayer
START Player-1 260760794
BoardInit:Tile:2,Tile:0,Tile:7,Tile:8,Tile:9,Tile:4,Tile:5,Tile:15,Tile:7,Tile:9,Malus,Tile:14,Tile:8,Map,Tile:3,Tile:7,Bonus,Map,Tile:6,Tile:5,Tile:13,Tile:10,Map,Tile:5,Destroy,Tile:9,Tile:12,Tile:6,Tile:7,Tile:6,Tile:8,Tile:10,Bonus,Destroy,Tile:0,Tile:10,Tile:5,Malus,Tile:8,Map,Map-Tile:0,Bonus,Tile:9,Tile:7,Tile:9,Destroy,Tile:6-Bonus,Tile:0,Tile:6,Map,Tile:8,Tile:11,Tile:1-Tile:hidden1,Tile:nugget,Tile:hidden2
Tile:6 4 5 1
Tile:11_flip 5 4 0
Tile:9_flip 6 5 1
Map 12 3 0
Tile:7_flip 6 6 1
Tile:6_flip 3 5 0
Tile:2 5 3 1
Drop 4 0 0
Tile:9_flip 5 6 1
Tile:1 7 6 0
Tile:0 2 5 1
Tile:4_flip 5 7 0
Tile:5_flip 8 6 1
Tile:14_flip 4 4 0
Tile:9_flip 6 3 1
Drop 2 0 0
Destroy 2 5 1
Tile:9 6 4 0
Tile:7 8 5 1
Tile:0 4 6 0
Tile:6 4 3 1
Tile:7 7 4 0
Tile:3_flip 3 6 1
Map 12 5 0
