# Server version 0.08 running on LAPTOP-QJHLSQ4D:8123
# Game ID: 187
# Board class: Saboteur.SaboteurBoard
# Timeout: 20000
# First Move Timeout: 30000
# Date: Sun Apr 05 17:11:47 EDT 2020
# Player 1: Player-0, '260760794', running on LAPTOP-QJHLSQ4D
# Player 2: Player-1, 'RandomPlayer', running on LAPTOP-QJHLSQ4D
START Player-0 260760794
START Player-1 RandomPlayer
BoardInit:Destroy,Bonus,Malus,Tile:13,Tile:5,Tile:10,Map,Tile:9,Tile:8,Tile:1,Destroy,Map,Tile:7,Tile:4,Tile:6,Tile:6,Map,Tile:12,Tile:0,Tile:6,Map,Tile:10,Tile:9,Tile:14,Tile:11,Destroy,Map,Tile:9,Tile:7,Tile:8,Bonus,Tile:8,Tile:9,Tile:5,Tile:6,Tile:0,Tile:15,Tile:7,Tile:10,Tile:2,Map-Bonus,Tile:6,Tile:8,Tile:0,Tile:5,Tile:7,Malus-Tile:3,Tile:5,Tile:8,Tile:0,Bonus,Tile:9,Tile:7-Tile:hidden1,Tile:hidden2,Tile:nugget
Drop 3 0 1
Tile:7 6 5 0
Tile:8 6 6 1
Tile:9_flip 7 6 0
Drop 4 0 1
Tile:5 7 5 0
Drop 4 0 1
Tile:8 8 5 0
Tile:7_flip 5 6 1
Tile:9_flip 9 5 0
Map 12 5 1
Tile:10 9 6 0
Destroy 6 6 1
Map 12 3 0
Tile:5_flip 9 7 1
Tile:13 6 6 0
Tile:6_flip 4 5 1
Tile:6 7 7 0
Tile:8 8 7 1
Tile:3 5 4 0
Tile:7_flip 8 8 1
Tile:1 3 5 0
Tile:6 6 7 1
Tile:4_flip 4 6 0
Tile:0 2 5 1
Tile:6_flip 9 8 0
Tile:9 9 4 1
Destroy 9 5 0
Drop 2 0 1
Tile:12 10 4 0
Tile:7 10 8 1
Tile:9_flip 9 9 0
Malus 0 0 1
Bonus 0 0 0
Tile:11_flip 9 5 1
Tile:10 8 4 0
Map 12 7 1
Tile:0 8 9 0
Tile:9 9 10 1
Tile:0 5 7 0
Drop 2 0 1
Tile:7 9 3 0
Tile:15 8 6 1
Tile:8 9 11 0
Map 12 3 1
Tile:5 1 5 0
Tile:6 10 11 1
Tile:8 8 3 0
Drop 0 0 1
Tile:14 1 6 0
Tile:10 9 12 1
Tile:2 4 7 0
Map 12 3 1
Drop 0 0 0
Drop 0 0 1
GAMEOVER DRAW
# Game ended: Sun Apr 05 17:11:56 EDT 2020
