# Server version 0.08 running on LAPTOP-QJHLSQ4D:8123
# Game ID: 66
# Board class: Saboteur.SaboteurBoard
# Timeout: 20000
# First Move Timeout: 30000
# Date: Sat Mar 28 17:11:49 EDT 2020
# Player 1: Player-0, 'Human', running on LAPTOP-QJHLSQ4D
# Player 2: Player-1, '260760794', running on LAPTOP-QJHLSQ4D
START Player-0 Human
START Player-1 260760794
BoardInit:Tile:10,Tile:8,Destroy,Bonus,Tile:6,Map,Tile:0,Tile:9,Tile:8,Tile:7,Tile:5,Bonus,Tile:8,Tile:9,Tile:9,Tile:15,Malus,Map,Tile:5,Bonus,Tile:14,Tile:10,Tile:8,Map,Destroy,Tile:10,Tile:3,Map,Tile:7,Tile:0,Tile:9,Tile:7,Tile:13,Tile:6,Tile:6,Destroy,Tile:0,Tile:6,Malus,Tile:6,Tile:2-Bonus,Tile:9,Tile:0,Tile:5,Tile:12,Tile:5,Tile:1-Tile:4,Tile:8,Tile:7,Tile:7,Map,Tile:11,Map-Tile:nugget,Tile:hidden1,Tile:hidden2
Tile:1 6 5 1
Map 12 3 0
Tile:5_flip 7 5 1
Tile:8 5 4 0
Tile:10 7 4 1
Tile:8 5 3 0
Tile:6_flip 6 3 1
Map 12 5 0
Tile:9_flip 7 3 1
Tile:9 7 2 0
Tile:8 7 1 1
Tile:7 8 2 0
Tile:5_flip 8 1 1
Tile:7_flip 8 3 0
Tile:8 7 0 1
Tile:7 9 3 0
Tile:9_flip 8 0 1
Tile:9 9 4 0
Malus 0 0 1
Bonus 0 0 0
Tile:5_flip 10 4 1
Map 12 7 0
Tile:14_flip 10 3 1
Tile:10 9 5 0
Tile:8 11 3 1
Drop 6 0 0
Tile:5_flip 9 6 1
Drop 4 0 0
Tile:3_flip 11 4 1
Drop 6 0 0
Tile:7 12 4 1
Tile:0 8 6 0
Tile:9 6 1 1
Drop 5 0 0
Tile:13 11 2 1
Tile:6_flip 7 6 0
Tile:6_flip 11 1 1
Tile:7_flip 7 7 0
Tile:0 12 1 1
Destroy 10 3 0
Malus 0 0 1
Bonus 0 0 0
Tile:2 6 0 1
Tile:6_flip 8 7 0
Tile:0 9 7 1
Tile:6 10 7 0
Tile:0 11 7 1
Drop 3 0 0
Tile:12_flip 10 2 1
Drop 2 0 0
Destroy 11 4 1
Drop 1 0 0
Destroy 10 7 1
Drop 0 0 0
Drop 0 0 1
GAMEOVER DRAW
# Game ended: Sat Mar 28 17:14:56 EDT 2020
