# Server version 0.08 running on LAPTOP-QJHLSQ4D:8123
# Game ID: 317
# Board class: Saboteur.SaboteurBoard
# Timeout: 20000
# First Move Timeout: 30000
# Date: Thu Apr 09 17:34:15 EDT 2020
# Player 1: Player-0, '260779480', running on LAPTOP-QJHLSQ4D
# Player 2: Player-1, '260779480', running on LAPTOP-QJHLSQ4D
START Player-0 260779480
START Player-1 260779480
BoardInit:Tile:7,Map,Tile:13,Bonus,Tile:0,Map,Tile:10,Map,Map,Map,Tile:8,Tile:6,Tile:5,Tile:10,Bonus,Tile:11,Tile:0,Tile:6,Tile:0,Tile:3,Tile:6,Tile:7,Tile:15,Malus,Destroy,Tile:5,Malus,Destroy,Tile:6,Tile:8,Destroy,Tile:7,Bonus,Tile:9,Tile:5,Tile:0,Tile:9,Tile:7,Map,Tile:7,Tile:12-Tile:9,Tile:5,Tile:8,Tile:9,Bonus,Tile:14,Tile:6-Tile:1,Tile:8,Tile:8,Tile:10,Tile:4,Tile:9,Tile:2-Tile:hidden1,Tile:nugget,Tile:hidden2
Drop 5 0 1
Tile:8 6 5 0
Tile:8 7 5 1
Map 12 3 0
Tile:9_flip 8 5 1
Tile:8 8 4 0
Tile:9_flip 9 4 1
Map 12 7 0
Tile:6_flip 9 3 1
Map 12 5 0
Map 12 3 1
Tile:9_flip 10 3 0
Tile:8 10 2 1
Tile:6 11 2 0
Drop 3 0 1
Drop 3 0 0
Drop 0 0 1
Drop 6 0 0
Drop 1 0 1
Drop 0 0 0
Drop 3 0 1
Drop 6 0 0
Drop 1 0 1
Drop 1 0 0
Drop 6 0 1
Malus 0 0 0
Bonus 0 0 1
Drop 5 0 0
Malus 0 0 1
Bonus 0 0 0
Drop 5 0 1
Tile:8 12 2 0
Tile:10 12 1 1
Tile:10 12 4 0
GAMEOVER WINNER 0
# Game ended: Thu Apr 09 17:34:25 EDT 2020
