# Server version 0.08 running on LAPTOP-QJHLSQ4D:8123
# Game ID: 254
# Board class: Saboteur.SaboteurBoard
# Timeout: 20000
# First Move Timeout: 30000
# Date: Wed Apr 08 13:31:25 EDT 2020
# Player 1: Player-0, '260779480', running on LAPTOP-QJHLSQ4D
# Player 2: Player-1, 'RandomPlayer', running on LAPTOP-QJHLSQ4D
START Player-0 260779480
START Player-1 RandomPlayer
BoardInit:Tile:6,Tile:9,Tile:12,Tile:8,Destroy,Tile:5,Tile:6,Tile:8,Tile:8,Destroy,Tile:5,Tile:10,Map,Tile:13,Map,Bonus,Tile:8,Bonus,Bonus,Tile:10,Tile:6,Tile:6,Tile:0,Tile:15,Tile:4,Bonus,Tile:7,Tile:5,Tile:8,Tile:5,Tile:7,Tile:11,Tile:3,Map,Destroy,Tile:9,Tile:14,Tile:6,Tile:0,Tile:9,Tile:0-Tile:10,Tile:0,Map,Tile:7,Tile:7,Tile:9,Malus-Map,Tile:7,Map,Tile:2,Tile:1,Malus,Tile:9-Tile:hidden1,Tile:nugget,Tile:hidden2
Tile:10 5 6 1
Map 12 3 0
Tile:7 5 4 1
Map 12 7 0
Tile:0 4 5 1
Malus 0 0 0
Destroy 5 4 1
Tile:8 6 5 0
Map 12 7 1
Tile:8 7 5 0
Malus 0 0 1
Drop 1 0 0
Drop 0 0 1
Drop 1 0 0
Map 12 7 1
Drop 6 0 0
Map 12 7 1
Bonus 0 0 0
Drop 3 0 1
Tile:9_flip 8 5 0
Drop 2 0 1
Tile:9 8 4 0
Drop 3 0 1
Tile:6 9 4 0
Drop 5 0 1
Tile:7 10 4 0
Drop 0 0 1
Tile:10 10 5 0
Drop 6 0 1
Tile:10 10 6 0
Drop 1 0 1
Tile:5_flip 10 7 0
Drop 4 0 1
Tile:5 9 3 0
Drop 0 0 1
Map 12 5 0
Destroy 8 4 1
Tile:5_flip 10 3 0
Drop 0 0 1
Tile:9 10 2 0
Drop 4 0 1
Tile:6 11 2 0
Drop 5 0 1
Tile:9_flip 12 2 0
Drop 4 0 1
Drop 4 0 0
Drop 3 0 1
Drop 2 0 0
Drop 2 0 1
Drop 0 0 0
Drop 0 0 1
Drop 1 0 0
Drop 1 0 1
Drop 0 0 0
Drop 0 0 1
GAMEOVER DRAW
# Game ended: Wed Apr 08 13:31:34 EDT 2020
