# Server version 0.08 running on LAPTOP-QJHLSQ4D:8123
# Game ID: 77
# Board class: Saboteur.SaboteurBoard
# Timeout: 20000
# First Move Timeout: 30000
# Date: Mon Mar 30 17:01:02 EDT 2020
# Player 1: Player-0, '260760794', running on LAPTOP-QJHLSQ4D
# Player 2: Player-1, 'RandomPlayer', running on LAPTOP-QJHLSQ4D
START Player-0 260760794
START Player-1 RandomPlayer
BoardInit:Tile:8,Tile:3,Tile:0,Map,Tile:7,Tile:8,Tile:0,Tile:6,Destroy,Tile:10,Tile:7,Tile:8,Tile:9,Tile:0,Tile:12,Tile:2,Tile:9,Tile:6,Tile:1,Tile:13,Tile:5,Bonus,Tile:8,Bonus,Destroy,Tile:7,Tile:11,Malus,Tile:9,Map,Tile:6,Tile:5,Tile:9,Tile:7,Tile:6,Tile:14,Tile:9,Tile:5,Map,Tile:10,Tile:4-Tile:0,Bonus,Tile:10,Tile:7,Tile:6,Malus,Map-Map,Tile:5,Tile:8,Bonus,Tile:15,Destroy,Map-Tile:nugget,Tile:hidden1,Tile:hidden2
Drop 2 0 1
Map 12 3 0
Tile:8 6 5 1
Map 12 5 0
Tile:6 5 6 1
Map 12 7 0
Tile:7 6 4 1
Tile:5_flip 6 6 0
Drop 3 0 1
Tile:6_flip 7 5 0
Drop 4 0 1
Tile:8 8 5 0
Tile:7 9 5 1
Tile:15 7 6 0
Drop 3 0 1
Tile:8 8 4 0
Malus 0 0 1
Destroy 5 6 0
Tile:0 9 4 1
Drop 3 0 0
Tile:9 8 6 1
Drop 2 0 0
Tile:9_flip 9 6 1
Drop 5 0 0
Destroy 6 4 1
Drop 4 0 0
Tile:12_flip 7 4 1
Drop 3 0 0
Drop 2 0 1
Malus 0 0 0
Drop 0 0 1
Bonus 0 0 0
Destroy 9 4 1
Tile:5_flip 9 4 0
Drop 3 0 1
Tile:7 9 3 0
Drop 3 0 1
Tile:14_flip 8 3 0
Drop 6 0 1
Tile:7 6 4 0
Drop 6 0 1
Tile:3_flip 7 7 0
Drop 0 0 1
Tile:5_flip 8 7 0
Drop 4 0 1
Tile:10 9 7 0
Drop 2 0 1
Map 12 3 0
Drop 0 0 1
Tile:0 4 5 0
Drop 0 0 1
Drop 0 0 0
Drop 1 0 1
Drop 0 0 0
Drop 0 0 1
GAMEOVER DRAW
# Game ended: Mon Mar 30 17:01:02 EDT 2020
