# Server version 0.08 running on LAPTOP-QJHLSQ4D:8123
# Game ID: 370
# Board class: Saboteur.SaboteurBoard
# Timeout: 20000
# First Move Timeout: 30000
# Date: Thu Apr 09 23:41:51 EDT 2020
# Player 1: Player-0, 'RandomPlayer', running on LAPTOP-QJHLSQ4D
# Player 2: Player-1, '260760794', running on LAPTOP-QJHLSQ4D
START Player-0 RandomPlayer
START Player-1 260760794
BoardInit:Tile:10,Tile:9,Bonus,Map,Tile:15,Tile:6,Tile:7,Tile:12,Map,Tile:6,Tile:0,Map,Tile:9,Tile:8,Tile:7,Tile:0,Destroy,Tile:1,Tile:8,Tile:9,Tile:9,Tile:10,Destroy,Tile:5,Tile:10,Tile:2,Malus,Tile:0,Map,Tile:4,Tile:7,Tile:6,Malus,Tile:5,Tile:14,Tile:13,Tile:0,Destroy,Tile:6,Map,Tile:7-Bonus,Tile:9,Tile:8,Tile:6,Bonus,Tile:5,Tile:8-Map,Tile:7,Tile:11,Tile:5,Tile:3,Tile:8,Bonus-Tile:hidden2,Tile:hidden1,Tile:nugget
Drop 5 0 1
Tile:3_flip 5 6 0
Tile:8 6 5 1
Drop 1 0 0
Tile:8 7 5 1
Tile:11 7 6 0
Tile:9_flip 8 5 1
Tile:8 6 4 0
Tile:6 8 6 1
Tile:5_flip 6 6 0
Map 12 3 1
Tile:6_flip 5 4 0
Tile:0 9 6 1
Drop 2 0 0
Tile:9_flip 10 6 1
Drop 3 0 0
Tile:10 10 5 1
Drop 1 0 0
Tile:7 10 4 1
Map 12 3 0
Tile:8 10 7 1
Drop 6 0 0
Drop 3 0 1
Map 12 5 0
Drop 4 0 1
Drop 4 0 0
Drop 5 0 1
Tile:0 9 4 0
Malus 0 0 1
Drop 4 0 0
Map 12 5 1
Map 12 3 0
Drop 3 0 1
Drop 6 0 0
Malus 0 0 1
Drop 3 0 0
Drop 6 0 1
Drop 3 0 0
Tile:0 11 7 1
GAMEOVER WINNER 1
# Game ended: Thu Apr 09 23:42:00 EDT 2020
