# Server version 0.08 running on LAPTOP-QJHLSQ4D:8123
# Game ID: 4
# Board class: Saboteur.SaboteurBoard
# Timeout: 20000
# First Move Timeout: 30000
# Date: Sat Mar 14 14:59:18 EDT 2020
# Player 1: Player-0, 'Human', running on LAPTOP-QJHLSQ4D
# Player 2: Player-1, 'RandomPlayer', running on LAPTOP-QJHLSQ4D
START Player-0 Human
START Player-1 RandomPlayer
BoardInit:Tile:2,Tile:9,Tile:5,Tile:10,Tile:0,Tile:0,Tile:15,Tile:3,Tile:13,Bonus,Tile:11,Tile:10,Malus,Destroy,Tile:4,Destroy,Tile:14,Tile:7,Bonus,Bonus,Tile:12,Map,Tile:8,Tile:8,Tile:6,Tile:7,Tile:9,Tile:8,Tile:0,Tile:0,Map,Destroy,Tile:9,Tile:6,Tile:5,Tile:8,Tile:9,Tile:6,Tile:6-Bonus,Tile:1,Tile:7,Malus,Tile:5,Tile:6,Tile:5-Map,Tile:7,Tile:7,Tile:9,Tile:8,Tile:10,Map-Tile:hidden1,Tile:hidden2,Tile:nugget
Drop 3 0 1
Tile:7 6 5 0
Tile:1 4 5 1
Tile:9 6 6 0
Drop 1 0 1
Tile:8 7 6 0
Tile:5_flip 6 7 1
Tile:0 8 6 0
Tile:2_flip 9 6 1
Tile:9 7 7 0
Tile:0 5 7 1
Tile:10 7 8 0
Tile:11 7 9 1
Tile:7 8 7 0
Tile:5_flip 10 6 1
Tile:10 7 5 0
Malus 0 0 1
Bonus 0 0 0
Tile:4_flip 8 8 1
Tile:10 7 4 0
Tile:6 7 10 1
Destroy 8 6 0
Tile:12 8 9 1
Destroy 7 8 0
Tile:5 9 5 1
Tile:8 7 3 0
Tile:6_flip 6 10 1
Tile:7 10 5 0
Drop 2 0 1
Tile:8 8 3 0
Tile:14_flip 5 4 1
Tile:7 9 3 0
Tile:9 6 3 1
Tile:0 8 6 0
Tile:9 6 11 1
Tile:6 9 4 0
Drop 3 0 1
Tile:8 7 2 0
Tile:9 3 5 1
Tile:6 10 4 0
Tile:0 4 7 1
Destroy 10 6 0
Tile:15 7 1 1
Tile:3 8 2 0
Tile:5_flip 6 12 1
Map 12 3 0
Tile:6 3 7 1
Map 12 5 0
Map 12 7 1
Map 12 7 0
Drop 0 0 1
Drop 0 0 0
Drop 0 0 1
GAMEOVER DRAW
# Game ended: Sat Mar 14 15:14:34 EDT 2020
