# Server version 0.08 running on LAPTOP-QJHLSQ4D:8123
# Game ID: 70
# Board class: Saboteur.SaboteurBoard
# Timeout: 20000
# First Move Timeout: 30000
# Date: Mon Mar 30 17:00:09 EDT 2020
# Player 1: Player-0, 'RandomPlayer', running on LAPTOP-QJHLSQ4D
# Player 2: Player-1, '260760794', running on LAPTOP-QJHLSQ4D
START Player-0 RandomPlayer
START Player-1 260760794
BoardInit:Map,Tile:9,Tile:7,Tile:8,Tile:9,Tile:9,Bonus,Tile:6,Destroy,Tile:8,Tile:6,Map,Tile:14,Tile:8,Tile:1,Map,Tile:2,Tile:5,Tile:15,Tile:5,Tile:5,Map,Tile:8,Tile:10,Tile:0,Map,Destroy,Tile:7,Destroy,Malus,Tile:7,Tile:0,Tile:3,Tile:10,Tile:0,Tile:6,Tile:8,Tile:10,Tile:12,Malus,Bonus-Tile:9,Tile:5,Tile:7,Tile:7,Bonus,Tile:4,Tile:13-Tile:6,Tile:11,Tile:9,Bonus,Tile:6,Map,Tile:0-Tile:nugget,Tile:hidden1,Tile:hidden2
Tile:13 6 5 1
Tile:6_flip 5 4 0
Map 12 3 1
Map 12 7 0
Tile:9 6 6 1
Drop 4 0 0
Tile:9_flip 6 4 1
Drop 5 0 0
Tile:7 6 3 1
Tile:9 4 4 0
Tile:7 7 5 1
Tile:11_flip 7 6 0
Tile:5_flip 6 7 1
Tile:6 5 7 0
Tile:4_flip 7 7 1
Tile:9_flip 5 6 0
Destroy 6 5 1
Tile:8 6 5 0
Tile:6 4 5 1
Tile:9 4 7 0
Tile:2 4 3 1
Tile:6 4 8 0
Tile:1 5 3 1
Drop 5 0 0
Tile:5 3 3 1
Tile:5 3 8 0
Tile:14 3 4 1
Map 12 7 0
Destroy 6 5 1
Drop 2 0 0
Tile:8 6 5 1
Tile:8 2 4 0
Destroy 6 5 1
Tile:0 3 5 0
Tile:3 5 8 1
Map 12 3 0
Drop 3 0 1
Tile:7_flip 1 4 0
Tile:8 6 5 1
Tile:10 1 3 0
Drop 4 0 1
Tile:10 2 3 0
Drop 6 0 1
Map 12 5 0
Drop 4 0 1
Drop 3 0 0
Tile:7_flip 2 5 1
Tile:6_flip 2 2 0
Tile:0 3 2 1
Drop 1 0 0
Drop 0 0 1
Malus 0 0 0
Bonus 0 0 1
Drop 0 0 0
Drop 0 0 1
GAMEOVER DRAW
# Game ended: Mon Mar 30 17:00:09 EDT 2020
