# Server version 0.08 running on LAPTOP-QJHLSQ4D:8123
# Game ID: 104
# Board class: Saboteur.SaboteurBoard
# Timeout: 20000
# First Move Timeout: 30000
# Date: Mon Mar 30 17:06:51 EDT 2020
# Player 1: Player-0, '260760794', running on LAPTOP-QJHLSQ4D
# Player 2: Player-1, 'RandomPlayer', running on LAPTOP-QJHLSQ4D
START Player-0 260760794
START Player-1 RandomPlayer
BoardInit:Tile:8,Tile:0,Malus,Tile:0,Destroy,Tile:7,Map,Tile:10,Map,Tile:12,Bonus,Tile:4,Tile:8,Destroy,Tile:8,Tile:9,Tile:7,Tile:8,Bonus,Tile:15,Tile:7,Tile:14,Tile:13,Tile:6,Tile:6,Tile:8,Map,Tile:6,Tile:5,Tile:9,Tile:3,Map,Bonus,Tile:5,Tile:7,Tile:1,Map,Tile:10,Tile:5,Tile:6,Destroy-Bonus,Tile:0,Tile:5,Tile:10,Tile:9,Tile:11,Tile:9-Tile:2,Tile:9,Tile:6,Tile:7,Map,Malus,Tile:0-Tile:nugget,Tile:hidden2,Tile:hidden1
Tile:11_flip 6 5 1
Map 12 3 0
Tile:9 5 4 1
Malus 0 0 0
Drop 0 0 1
Tile:7 6 4 0
Drop 2 0 1
Tile:2_flip 6 6 0
Drop 3 0 1
Tile:9_flip 7 6 0
Malus 0 0 1
Drop 4 0 0
Drop 1 0 1
Drop 0 0 0
Drop 3 0 1
Destroy 6 5 0
Destroy 6 6 1
Drop 5 0 0
Bonus 0 0 1
Drop 3 0 0
Tile:9_flip 5 3 1
Drop 2 0 0
Tile:8 4 3 1
Drop 0 0 0
Drop 2 0 1
Drop 2 0 0
Tile:6 3 3 1
Drop 0 0 0
Tile:7_flip 7 7 1
Drop 5 0 0
Tile:0 2 3 1
Drop 0 0 0
Map 12 7 1
Map 12 5 0
Tile:3 3 2 1
Drop 3 0 0
Tile:13 7 5 1
Drop 3 0 0
Map 12 5 1
Drop 6 0 0
Tile:5 7 4 1
Drop 2 0 0
Tile:7 8 4 1
Drop 1 0 0
Tile:5_flip 4 4 1
Drop 3 0 0
Tile:7_flip 6 6 1
Drop 0 0 0
Map 12 7 1
Drop 2 0 0
Destroy 2 3 1
Drop 0 0 0
Drop 1 0 1
Drop 0 0 0
Drop 0 0 1
GAMEOVER DRAW
# Game ended: Mon Mar 30 17:06:51 EDT 2020
