# Server version 0.08 running on LAPTOP-QJHLSQ4D:8123
# Game ID: 289
# Board class: Saboteur.SaboteurBoard
# Timeout: 20000
# First Move Timeout: 30000
# Date: Thu Apr 09 16:58:38 EDT 2020
# Player 1: Player-0, '260779480', running on LAPTOP-QJHLSQ4D
# Player 2: Player-1, '260779480', running on LAPTOP-QJHLSQ4D
START Player-0 260779480
START Player-1 260779480
BoardInit:Tile:9,Bonus,Tile:9,Tile:9,Tile:7,Tile:0,Tile:10,Malus,Tile:5,Tile:5,Bonus,Tile:14,Tile:8,Tile:9,Tile:0,Tile:8,Bonus,Map,Tile:8,Destroy,Tile:6,Map,Tile:5,Tile:2,Tile:4,Tile:10,Tile:8,Tile:12,Tile:7,Tile:11,Tile:6,Malus,Tile:7,Tile:7,Map,Destroy,Tile:15,Tile:0,Destroy,Tile:0,Tile:13-Tile:5,Tile:6,Tile:3,Tile:8,Tile:6,Tile:7,Tile:1-Map,Tile:6,Map,Map,Tile:9,Tile:10,Bonus-Tile:hidden1,Tile:hidden2,Tile:nugget
Drop 2 0 1
Map 12 3 0
Tile:8 6 5 1
Map 12 7 0
Tile:6 7 5 1
Map 12 5 0
Tile:6 8 5 1
Tile:6 9 5 0
Tile:9_flip 10 5 1
Malus 0 0 0
Drop 2 0 1
Tile:9 10 4 0
Bonus 0 0 1
Tile:0 11 4 0
Tile:8 12 4 1
Tile:9 12 2 0
Tile:9 12 1 1
Tile:8 12 0 0
Tile:10 12 6 1
GAMEOVER WINNER 1
# Game ended: Thu Apr 09 16:58:47 EDT 2020
