# Server version 0.08 running on LAPTOP-QJHLSQ4D:8123
# Game ID: 348
# Board class: Saboteur.SaboteurBoard
# Timeout: 20000
# First Move Timeout: 30000
# Date: Thu Apr 09 18:35:54 EDT 2020
# Player 1: Player-0, '260779480', running on LAPTOP-QJHLSQ4D
# Player 2: Player-1, '260779480', running on LAPTOP-QJHLSQ4D
START Player-0 260779480
START Player-1 260779480
BoardInit:Tile:8,Destroy,Tile:0,Tile:1,Tile:5,Destroy,Tile:11,Map,Tile:15,Tile:8,Tile:6,Tile:13,Tile:4,Tile:3,Tile:7,Tile:14,Tile:0,Map,Tile:7,Tile:7,Bonus,Tile:6,Tile:9,Tile:2,Tile:0,Bonus,Tile:8,Bonus,Tile:9,Tile:12,Tile:5,Malus,Tile:5,Tile:6,Destroy,Tile:8,Tile:10,Tile:0,Tile:5,Tile:10,Map-Tile:6,Map,Bonus,Map,Tile:6,Tile:9,Tile:9-Tile:7,Map,Tile:7,Tile:8,Tile:9,Tile:10,Malus-Tile:hidden2,Tile:nugget,Tile:hidden1
Map 12 3 1
Map 12 3 0
Map 12 7 1
Tile:8 6 5 0
Tile:8 7 5 1
Tile:9_flip 8 5 0
Tile:6 8 6 1
Malus 0 0 0
Bonus 0 0 1
Map 12 7 0
Tile:6 9 6 1
Tile:8 10 6 0
Tile:6 11 6 1
Drop 6 0 0
Tile:9_flip 12 6 1
GAMEOVER WINNER 1
# Game ended: Thu Apr 09 18:36:03 EDT 2020
