# Server version 0.08 running on LAPTOP-QJHLSQ4D:8123
# Game ID: 179
# Board class: Saboteur.SaboteurBoard
# Timeout: 20000
# First Move Timeout: 30000
# Date: Sun Apr 05 17:05:44 EDT 2020
# Player 1: Player-0, '260760794', running on LAPTOP-QJHLSQ4D
# Player 2: Player-1, 'RandomPlayer', running on LAPTOP-QJHLSQ4D
START Player-0 260760794
START Player-1 RandomPlayer
BoardInit:Tile:5,Tile:11,Tile:10,Tile:9,Bonus,Tile:6,Destroy,Tile:7,Tile:10,Map,Tile:10,Map,Malus,Destroy,Tile:7,Destroy,Tile:5,Tile:3,Map,Tile:8,Map,Tile:8,Tile:0,Bonus,Bonus,Tile:6,Tile:7,Tile:8,Tile:0,Tile:0,Tile:8,Tile:14,Tile:7,Tile:0,Map,Tile:5,Bonus,Tile:4,Map,Tile:5,Tile:6-Tile:12,Tile:6,Tile:13,Tile:9,Malus,Tile:8,Tile:6-Tile:9,Tile:15,Tile:9,Tile:2,Tile:1,Tile:7,Tile:9-Tile:hidden1,Tile:nugget,Tile:hidden2
Tile:9_flip 5 6 1
Tile:9_flip 6 5 0
Tile:6 5 7 1
Tile:9_flip 6 4 0
Tile:13 4 6 1
Tile:9 6 6 0
Tile:6 4 7 1
Tile:6_flip 7 6 0
Tile:5 4 5 1
Tile:7 8 6 0
Tile:8 3 7 1
Map 12 3 0
Malus 0 0 1
Map 12 5 0
Drop 1 0 1
Destroy 8 6 0
Tile:12 8 6 1
Destroy 8 6 0
Destroy 6 4 1
Drop 3 0 0
Tile:10 6 4 1
Drop 2 0 0
Tile:7 6 3 1
Drop 0 0 0
Map 12 3 1
Bonus 0 0 0
Map 12 7 1
Tile:6_flip 8 6 0
Malus 0 0 1
Drop 5 0 0
Tile:7_flip 7 7 1
Drop 0 0 0
Tile:8 3 6 1
Drop 6 0 0
Drop 4 0 1
Drop 3 0 0
Tile:0 5 3 1
Drop 3 0 0
Tile:5_flip 8 7 1
Drop 6 0 0
Tile:7 5 4 1
Drop 2 0 0
Tile:6_flip 9 6 1
Drop 1 0 0
Drop 1 0 1
Drop 3 0 0
Tile:0 4 4 1
Drop 0 0 0
Drop 2 0 1
Drop 2 0 0
Map 12 3 1
Drop 0 0 0
Map 12 3 1
Drop 0 0 0
Drop 0 0 1
GAMEOVER DRAW
# Game ended: Sun Apr 05 17:05:54 EDT 2020
