# Server version 0.08 running on LAPTOP-QJHLSQ4D:8123
# Game ID: 105
# Board class: Saboteur.SaboteurBoard
# Timeout: 20000
# First Move Timeout: 30000
# Date: Mon Mar 30 17:06:55 EDT 2020
# Player 1: Player-0, 'RandomPlayer', running on LAPTOP-QJHLSQ4D
# Player 2: Player-1, '260760794', running on LAPTOP-QJHLSQ4D
START Player-0 RandomPlayer
START Player-1 260760794
BoardInit:Tile:5,Tile:14,Tile:10,Tile:9,Tile:6,Tile:8,Tile:9,Destroy,Tile:8,Bonus,Malus,Map,Bonus,Tile:7,Tile:5,Destroy,Tile:9,Tile:5,Map,Tile:4,Map,Tile:2,Map,Tile:6,Tile:0,Tile:7,Tile:3,Tile:7,Tile:6,Tile:13,Tile:1,Tile:8,Map,Tile:15,Tile:12,Malus,Tile:8,Tile:7,Tile:0,Tile:0,Tile:0-Tile:10,Tile:9,Tile:8,Tile:5,Destroy,Tile:9,Tile:11-Bonus,Map,Tile:6,Tile:10,Tile:6,Tile:7,Bonus-Tile:hidden2,Tile:nugget,Tile:hidden1
Tile:11_flip 6 5 1
Tile:7 6 4 0
Tile:5_flip 6 6 1
Tile:6 5 6 0
Destroy 5 6 1
Tile:14_flip 5 4 0
Drop 5 0 1
Map 12 5 0
Tile:6 4 5 1
Tile:9 5 6 0
Drop 2 0 1
Drop 4 0 0
Malus 0 0 1
Drop 1 0 0
Tile:5 3 5 1
Map 12 7 0
Drop 0 0 1
Destroy 6 6 0
Tile:9_flip 6 6 1
Bonus 0 0 0
Map 12 3 1
Destroy 6 4 0
Map 12 5 1
Tile:4 4 4 0
Map 12 7 1
Tile:2_flip 6 7 0
Tile:0 7 7 1
Tile:6_flip 8 7 0
Tile:9 8 8 1
Tile:7 6 4 0
Tile:9 8 9 1
Tile:13 5 7 0
Tile:1 9 7 1
Tile:7 9 9 0
Tile:3 10 7 1
Tile:15 3 6 0
Tile:8 10 8 1
Tile:5_flip 11 8 0
Tile:9 11 7 1
Tile:7_flip 5 8 0
Tile:8 11 6 1
Tile:7_flip 10 6 0
Tile:6_flip 11 5 1
Tile:6_flip 10 5 0
Tile:5_flip 12 6 1
Tile:8 9 10 0
Tile:12 6 8 1
Drop 2 0 0
Tile:0 9 8 1
Tile:0 9 5 0
Tile:0 8 5 1
Drop 0 0 0
Map 12 3 1
Drop 0 0 0
Drop 0 0 1
GAMEOVER DRAW
# Game ended: Mon Mar 30 17:06:55 EDT 2020
