# Server version 0.08 running on LAPTOP-QJHLSQ4D:8123
# Game ID: 335
# Board class: Saboteur.SaboteurBoard
# Timeout: 20000
# First Move Timeout: 30000
# Date: Thu Apr 09 17:50:47 EDT 2020
# Player 1: Player-0, 'RandomPlayer', running on LAPTOP-QJHLSQ4D
# Player 2: Player-1, '260779480', running on LAPTOP-QJHLSQ4D
START Player-0 RandomPlayer
START Player-1 260779480
BoardInit:Map,Tile:4,Tile:11,Tile:0,Tile:5,Tile:9,Tile:9,Bonus,Tile:8,Destroy,Tile:9,Tile:3,Tile:8,Map,Tile:0,Tile:5,Tile:6,Tile:5,Tile:6,Tile:7,Destroy,Map,Tile:14,Tile:8,Bonus,Malus,Tile:10,Tile:6,Destroy,Tile:13,Bonus,Tile:7,Map,Tile:9,Tile:12,Tile:0,Malus,Tile:0,Tile:1,Bonus,Tile:6-Tile:7,Tile:8,Tile:6,Tile:9,Tile:10,Tile:5,Tile:7-Tile:15,Map,Tile:10,Map,Tile:2,Tile:7,Tile:8-Tile:hidden2,Tile:nugget,Tile:hidden1
Drop 0 0 1
Tile:8 5 4 0
Map 12 3 1
Tile:2_flip 6 4 0
Tile:6_flip 6 5 1
Tile:0 7 5 0
Tile:8 8 5 1
Map 12 3 0
Tile:9_flip 9 5 1
Tile:9 9 4 0
Tile:8 10 4 1
Tile:10 6 6 0
Drop 3 0 1
Drop 0 0 0
Tile:8 11 4 1
Tile:4_flip 6 7 0
Tile:9_flip 12 4 1
GAMEOVER WINNER 1
# Game ended: Thu Apr 09 17:50:56 EDT 2020
