# Server version 0.08 running on LAPTOP-QJHLSQ4D:8123
# Game ID: 81
# Board class: Saboteur.SaboteurBoard
# Timeout: 20000
# First Move Timeout: 30000
# Date: Mon Mar 30 17:01:22 EDT 2020
# Player 1: Player-0, '260760794', running on LAPTOP-QJHLSQ4D
# Player 2: Player-1, 'RandomPlayer', running on LAPTOP-QJHLSQ4D
START Player-0 260760794
START Player-1 RandomPlayer
BoardInit:Tile:5,Tile:2,Tile:13,Tile:1,Map,Tile:5,Map,Tile:8,Tile:10,Tile:0,Tile:9,Map,Map,Tile:10,Tile:9,Tile:6,Tile:0,Tile:12,Tile:7,Tile:6,Tile:7,Tile:10,Tile:11,Bonus,Malus,Tile:8,Tile:9,Tile:7,Tile:4,Tile:9,Tile:9,Bonus,Tile:3,Tile:8,Map,Bonus,Tile:7,Tile:0,Bonus,Tile:14,Tile:15-Destroy,Tile:0,Tile:5,Destroy,Tile:7,Tile:8,Tile:5-Tile:6,Tile:6,Destroy,Tile:6,Tile:8,Map,Malus-Tile:hidden1,Tile:hidden2,Tile:nugget
Drop 2 0 1
Map 12 3 0
Tile:7_flip 4 5 1
Malus 0 0 0
Drop 0 0 1
Tile:1 6 5 0
Destroy 6 5 1
Tile:5_flip 6 5 0
Drop 1 0 1
Tile:8 6 4 0
Drop 3 0 1
Tile:8 6 3 0
Drop 5 0 1
Map 12 5 0
Drop 4 0 1
Tile:10 6 2 0
Drop 0 0 1
Tile:6_flip 6 1 0
Drop 1 0 1
Tile:12 7 1 0
Map 12 3 1
Tile:6_flip 7 3 0
Map 12 7 1
Tile:6_flip 8 3 0
Drop 2 0 1
Tile:6 7 4 0
Drop 0 0 1
Tile:8 9 3 0
Drop 6 0 1
Tile:0 10 3 0
Drop 1 0 1
Tile:9_flip 11 3 0
Drop 4 0 1
Tile:2_flip 11 4 0
Drop 3 0 1
Tile:8 12 4 0
Drop 2 0 1
Tile:6_flip 10 4 0
Map 12 5 1
Tile:7_flip 9 4 0
Drop 4 0 1
Tile:14 10 5 0
Drop 5 0 1
Tile:0 9 5 0
Drop 4 0 1
Tile:10 9 2 0
Drop 2 0 1
Destroy 11 4 0
Drop 0 0 1
Drop 2 0 0
Drop 0 0 1
Drop 0 0 0
Drop 1 0 1
Drop 0 0 0
Drop 0 0 1
GAMEOVER DRAW
# Game ended: Mon Mar 30 17:01:22 EDT 2020
