# Server version 0.08 running on LAPTOP-QJHLSQ4D:8123
# Game ID: 225
# Board class: Saboteur.SaboteurBoard
# Timeout: 20000
# First Move Timeout: 30000
# Date: Mon Apr 06 15:29:23 EDT 2020
# Player 1: Player-0, '260760794', running on LAPTOP-QJHLSQ4D
# Player 2: Player-1, 'RandomPlayer', running on LAPTOP-QJHLSQ4D
START Player-0 260760794
START Player-1 RandomPlayer
BoardInit:Tile:8,Tile:6,Tile:0,Tile:15,Tile:8,Map,Bonus,Tile:13,Tile:8,Tile:11,Map,Tile:10,Tile:6,Destroy,Tile:12,Tile:5,Map,Destroy,Tile:7,Bonus,Tile:3,Tile:0,Map,Tile:6,Map,Tile:8,Tile:5,Tile:7,Tile:7,Tile:2,Tile:9,Tile:5,Tile:9,Tile:10,Tile:4,Tile:6,Tile:14,Bonus,Malus,Destroy,Tile:9-Tile:0,Tile:1,Tile:0,Tile:9,Tile:8,Tile:9,Tile:10-Bonus,Tile:7,Tile:6,Tile:5,Map,Tile:7,Malus-Tile:hidden2,Tile:nugget,Tile:hidden1
Tile:9_flip 5 6 1
Map 12 3 0
Tile:9 4 5 1
Tile:6_flip 6 5 0
Tile:10 5 7 1
Tile:6_flip 7 5 0
Tile:8 4 4 1
Map 12 5 0
Tile:1 3 4 1
Tile:7 8 5 0
Tile:8 5 4 1
Tile:7_flip 8 6 0
Tile:0 6 4 1
Tile:5_flip 9 6 0
Tile:6 4 6 1
Tile:10 9 5 0
Tile:12_flip 3 6 1
Tile:5 9 4 0
Tile:8 4 3 1
Malus 0 0 0
Map 12 5 1
Destroy 9 5 0
Map 12 3 1
Destroy 9 6 0
Drop 5 0 1
Tile:6_flip 9 6 0
Bonus 0 0 1
Tile:8 10 6 0
Map 12 7 1
Tile:7 11 6 0
Drop 3 0 1
Tile:11_flip 10 5 0
Tile:7_flip 3 3 1
Tile:5_flip 11 7 0
Tile:9_flip 7 6 1
Tile:10 9 7 0
Tile:0 7 4 1
Tile:6 9 8 0
Tile:9 7 7 1
Tile:2 3 2 0
Tile:8 5 3 1
Destroy 11 6 0
Tile:14 5 8 1
Tile:0 8 8 0
Tile:5_flip 8 4 1
Drop 3 0 0
Tile:0 6 3 1
Tile:13 4 2 0
Map 12 3 1
Drop 1 0 0
Drop 1 0 1
Drop 0 0 0
Tile:9 2 4 1
Drop 0 0 0
Tile:4 4 1 1
GAMEOVER DRAW
# Game ended: Mon Apr 06 15:29:32 EDT 2020
