# Server version 0.08 running on LAPTOP-QJHLSQ4D:8123
# Game ID: 209
# Board class: Saboteur.SaboteurBoard
# Timeout: 20000
# First Move Timeout: 30000
# Date: Sun Apr 05 17:53:33 EDT 2020
# Player 1: Player-0, '260760794', running on LAPTOP-QJHLSQ4D
# Player 2: Player-1, 'RandomPlayer', running on LAPTOP-QJHLSQ4D
START Player-0 260760794
START Player-1 RandomPlayer
BoardInit:Map,Bonus,Tile:0,Malus,Destroy,Tile:5,Tile:0,Tile:2,Map,Malus,Tile:9,Tile:5,Tile:9,Destroy,Tile:0,Destroy,Tile:5,Tile:7,Tile:9,Tile:5,Tile:11,Tile:6,Map,Tile:8,Tile:8,Tile:13,Tile:8,Tile:4,Bonus,Bonus,Tile:7,Tile:10,Tile:7,Tile:3,Tile:15,Tile:10,Tile:7,Tile:9,Map,Tile:0,Tile:1-Tile:9,Map,Tile:8,Tile:12,Tile:6,Tile:6,Bonus-Tile:7,Tile:14,Map,Tile:10,Tile:6,Tile:8,Tile:6-Tile:nugget,Tile:hidden1,Tile:hidden2
Tile:6 6 5 1
Map 12 3 0
Tile:8 7 5 1
Tile:6_flip 8 5 0
Drop 1 0 1
Tile:6_flip 9 5 0
Tile:12 10 5 1
Tile:5_flip 9 6 0
Tile:9_flip 7 4 1
Tile:8 7 3 0
Drop 0 0 1
Tile:7 8 3 0
Drop 4 0 1
Tile:5 6 3 0
Destroy 7 5 1
Malus 0 0 0
Drop 5 0 1
Malus 0 0 0
Drop 3 0 1
Destroy 10 5 0
Drop 6 0 1
Tile:2_flip 10 5 0
Map 12 3 1
Tile:6 7 5 0
Drop 5 0 1
Tile:7_flip 8 4 0
Map 12 5 1
Tile:5_flip 9 4 0
Drop 6 0 1
Tile:10 9 3 0
Drop 4 0 1
Tile:8 9 2 0
Drop 6 0 1
Tile:10 9 1 0
Drop 4 0 1
Destroy 9 3 0
Drop 3 0 1
Tile:10 9 3 0
Bonus 0 0 1
Tile:9_flip 10 2 0
Drop 2 0 1
Tile:3_flip 10 3 0
Drop 4 0 1
Tile:14_flip 7 2 0
Drop 1 0 1
Tile:0 11 5 0
Map 12 5 1
Drop 0 0 0
Drop 0 0 1
Tile:13 5 4 0
Drop 0 0 1
Tile:4 5 3 0
Drop 1 0 1
Drop 0 0 0
Drop 0 0 1
GAMEOVER DRAW
# Game ended: Sun Apr 05 17:53:42 EDT 2020
