# Server version 0.08 running on LAPTOP-QJHLSQ4D:8123
# Game ID: 103
# Board class: Saboteur.SaboteurBoard
# Timeout: 20000
# First Move Timeout: 30000
# Date: Mon Mar 30 17:06:47 EDT 2020
# Player 1: Player-0, '260760794', running on LAPTOP-QJHLSQ4D
# Player 2: Player-1, '260760794', running on LAPTOP-QJHLSQ4D
START Player-0 260760794
START Player-1 260760794
BoardInit:Map,Tile:7,Destroy,Tile:8,Tile:0,Tile:7,Malus,Malus,Tile:6,Tile:9,Tile:10,Tile:0,Map,Tile:10,Tile:3,Tile:12,Map,Bonus,Tile:13,Destroy,Destroy,Tile:14,Tile:0,Bonus,Tile:15,Tile:5,Tile:7,Tile:9,Map,Tile:9,Tile:9,Tile:5,Tile:8,Bonus,Tile:6,Tile:1,Tile:7,Map,Tile:6,Tile:4,Map-Tile:8,Tile:8,Tile:2,Tile:6,Tile:8,Tile:0,Bonus-Tile:7,Tile:5,Tile:5,Tile:11,Tile:9,Tile:10,Tile:6-Tile:nugget,Tile:hidden1,Tile:hidden2
Tile:0 6 5 1
Tile:6_flip 7 5 0
Map 12 3 1
Tile:7 8 5 0
Tile:8 7 6 1
Tile:5 6 6 0
Tile:8 6 7 1
Tile:5_flip 6 8 0
Malus 0 0 1
Malus 0 0 0
Destroy 6 5 1
Drop 4 0 0
Bonus 0 0 1
Drop 0 0 0
Map 12 5 1
Drop 0 0 0
Tile:6 6 5 1
Drop 5 0 0
Map 12 7 1
Drop 3 0 0
Tile:13 6 4 1
Destroy 8 5 0
Tile:3 8 5 1
Drop 3 0 0
Tile:0 7 4 1
Drop 0 0 0
Tile:15 6 3 1
Drop 5 0 0
Tile:7 6 2 1
Drop 6 0 0
Tile:2_flip 7 7 1
Drop 1 0 0
Tile:8 8 6 1
Drop 4 0 0
Tile:0 8 4 1
Drop 4 0 0
Tile:6 8 7 1
Drop 3 0 0
Tile:7 9 4 1
Map 12 3 0
Tile:9 9 5 1
Drop 4 0 0
Tile:8 9 6 1
Bonus 0 0 0
Tile:6 10 6 1
Tile:12 11 6 0
Tile:6 9 7 1
Tile:1 10 7 0
Destroy 9 4 1
Tile:7 11 7 0
Tile:10 11 8 1
Tile:5_flip 11 9 0
Map 12 7 1
Tile:4_flip 5 6 0
Map 12 5 1
GAMEOVER DRAW
# Game ended: Mon Mar 30 17:06:47 EDT 2020
