# Server version 0.08 running on LAPTOP-QJHLSQ4D:8123
# Game ID: 230
# Board class: Saboteur.SaboteurBoard
# Timeout: 20000
# First Move Timeout: 30000
# Date: Mon Apr 06 15:37:16 EDT 2020
# Player 1: Player-0, '260760794', running on LAPTOP-QJHLSQ4D
# Player 2: Player-1, 'RandomPlayer', running on LAPTOP-QJHLSQ4D
START Player-0 260760794
START Player-1 RandomPlayer
BoardInit:Tile:5,Tile:9,Tile:9,Malus,Tile:10,Destroy,Tile:8,Destroy,Tile:0,Map,Tile:6,Tile:10,Tile:8,Tile:5,Tile:13,Tile:6,Tile:7,Tile:7,Tile:9,Map,Tile:6,Tile:0,Tile:7,Tile:10,Bonus,Tile:7,Tile:0,Tile:5,Tile:12,Tile:5,Destroy,Bonus,Map,Map,Tile:9,Bonus,Tile:3,Tile:6,Tile:6,Tile:9,Tile:8-Tile:1,Bonus,Tile:11,Tile:8,Tile:4,Malus,Tile:7-Tile:8,Map,Tile:15,Map,Tile:2,Tile:14,Tile:0-Tile:hidden1,Tile:nugget,Tile:hidden2
Tile:11 5 4 1
Map 12 3 0
Drop 1 0 1
Map 12 5 0
Tile:9_flip 6 4 1
Tile:9_flip 6 5 0
Tile:5 6 3 1
Tile:0 7 3 0
Drop 0 0 1
Tile:8 8 3 0
Tile:7_flip 4 5 1
Map 12 7 0
Drop 2 0 1
Tile:10 8 4 0
Tile:8 6 6 1
Tile:5_flip 8 5 0
Tile:4_flip 6 7 1
Tile:6_flip 9 3 0
Tile:6_flip 8 2 1
Tile:7_flip 9 4 0
Tile:10 4 4 1
Malus 0 0 0
Drop 0 0 1
Tile:0 10 4 0
Drop 2 0 1
Destroy 10 4 0
Drop 0 0 1
Tile:7 10 4 0
Drop 6 0 1
Tile:5_flip 10 5 0
Drop 1 0 1
Tile:5 9 5 0
Destroy 4 5 1
Tile:10 9 6 0
Drop 4 0 1
Destroy 10 5 0
Drop 2 0 1
Tile:14 9 7 0
Map 12 5 1
Tile:6 10 5 0
Drop 2 0 1
Tile:9_flip 11 5 0
Drop 0 0 1
Map 12 7 0
Drop 4 0 1
Drop 3 0 0
Drop 2 0 1
Tile:15 11 4 0
Drop 0 0 1
Tile:2 8 7 0
Drop 0 0 1
Drop 0 0 0
Drop 1 0 1
Drop 0 0 0
Drop 0 0 1
GAMEOVER DRAW
# Game ended: Mon Apr 06 15:37:25 EDT 2020
