# Server version 0.08 running on LAPTOP-QJHLSQ4D:8123
# Game ID: 14
# Board class: Saboteur.SaboteurBoard
# Timeout: 20000
# First Move Timeout: 30000
# Date: Wed Mar 25 12:04:30 EDT 2020
# Player 1: Player-0, 'RandomPlayer', running on LAPTOP-QJHLSQ4D
# Player 2: Player-1, 'Human', running on LAPTOP-QJHLSQ4D
START Player-0 RandomPlayer
START Player-1 Human
BoardInit:Tile:13,Tile:8,Map,Bonus,Tile:3,Tile:6,Tile:6,Tile:0,Tile:7,Tile:6,Bonus,Tile:1,Tile:0,Tile:0,Tile:5,Tile:6,Map,Tile:8,Tile:14,Tile:12,Tile:9,Tile:4,Tile:7,Tile:9,Map,Tile:5,Tile:11,Tile:0,Destroy,Destroy,Malus,Tile:5,Tile:8,Tile:7,Tile:10,Tile:8,Map,Tile:15,Tile:6-Tile:9,Bonus,Tile:9,Tile:10,Bonus,Tile:5,Tile:10-Tile:8,Tile:9,Malus,Tile:7,Destroy,Tile:2,Tile:7-Tile:hidden1,Tile:nugget,Tile:hidden2
Tile:9_flip 6 5 1
Tile:7 6 4 0
Tile:9 6 6 1
Tile:2_flip 4 5 0
Map 12 5 1
Tile:9_flip 5 6 0
Tile:5_flip 6 7 1
Tile:7_flip 5 7 0
Tile:6 7 6 1
Tile:6 8 6 0
Drop 3 0 1
Destroy 7 6 0
Drop 4 0 1
Tile:6_flip 4 4 0
Tile:0 7 6 1
Tile:1 3 5 0
Tile:7 9 6 1
Tile:0 4 6 0
Tile:5 8 5 1
Tile:8 9 7 0
Map 12 7 1
Tile:6_flip 8 7 0
Drop 5 0 1
Tile:0 3 6 0
Tile:7 10 7 1
Tile:8 2 5 0
Map 12 3 1
Tile:4_flip 10 8 0
Drop 4 0 1
Tile:8 5 4 0
Destroy 10 8 1
Tile:9 9 8 0
Tile:11_flip 10 8 1
Tile:5 7 7 0
Malus 0 0 1
Destroy 4 5 0
Drop 6 0 1
Drop 3 0 0
Drop 6 0 1
Malus 0 0 0
Bonus 0 0 1
Drop 1 0 0
Tile:6 9 5 1
Drop 0 0 0
Tile:8 10 5 1
Drop 2 0 0
Tile:9 10 4 1
Drop 1 0 0
Tile:13 11 5 1
Drop 0 0 0
Tile:10 10 3 1
Drop 0 0 0
Drop 0 0 1
GAMEOVER DRAW
# Game ended: Wed Mar 25 12:09:15 EDT 2020
