# Server version 0.08 running on LAPTOP-QJHLSQ4D:8123
# Game ID: 250
# Board class: Saboteur.SaboteurBoard
# Timeout: 20000
# First Move Timeout: 30000
# Date: Wed Apr 08 13:27:24 EDT 2020
# Player 1: Player-0, '260779480', running on LAPTOP-QJHLSQ4D
# Player 2: Player-1, 'RandomPlayer', running on LAPTOP-QJHLSQ4D
START Player-0 260779480
START Player-1 RandomPlayer
BoardInit:Tile:9,Tile:7,Tile:0,Tile:5,Tile:10,Tile:8,Tile:6,Tile:6,Tile:11,Tile:6,Tile:8,Map,Map,Tile:0,Tile:3,Bonus,Tile:9,Destroy,Tile:7,Tile:5,Tile:6,Map,Tile:7,Tile:13,Tile:5,Tile:8,Tile:14,Map,Tile:8,Tile:1,Bonus,Tile:6,Tile:9,Tile:15,Tile:9,Tile:7,Map,Tile:9,Tile:0,Tile:10,Tile:12-Tile:4,Malus,Tile:0,Bonus,Destroy,Malus,Destroy-Map,Tile:10,Tile:2,Tile:7,Tile:8,Tile:5,Bonus-Tile:hidden2,Tile:nugget,Tile:hidden1
Malus 0 0 1
Bonus 0 0 0
Tile:4 5 4 1
Map 12 3 0
Drop 0 0 1
Tile:8 6 5 0
Tile:9 4 5 1
Tile:8 7 5 0
Destroy 6 5 1
Tile:6 8 5 0
Tile:11_flip 9 5 1
Tile:6_flip 9 4 0
Tile:8 8 4 1
Map 12 7 0
Tile:10 4 4 1
Tile:0 10 4 0
Destroy 7 5 1
Tile:7 6 5 0
Tile:6_flip 8 3 1
Tile:10 6 6 0
Tile:9 7 4 1
Tile:5_flip 6 7 0
Tile:6 9 6 1
Map 12 5 0
Tile:7_flip 7 5 1
Tile:7_flip 5 7 0
Tile:5 8 6 1
Tile:8 4 3 0
Tile:7 11 4 1
Tile:5_flip 5 3 0
Tile:3_flip 11 5 1
Tile:5 5 2 0
Tile:8 7 3 1
Tile:6_flip 7 2 0
Tile:9 6 3 1
Drop 3 0 0
Tile:0 9 3 1
Drop 0 0 0
Map 12 5 1
Tile:9_flip 5 6 0
Tile:0 8 2 1
Tile:10 4 2 0
Tile:12_flip 3 3 1
Tile:7 4 1 0
Drop 1 0 1
Drop 3 0 0
Map 12 3 1
Drop 3 0 0
Drop 1 0 1
Drop 1 0 0
Tile:9 3 1 1
Map 12 3 0
Drop 1 0 1
Drop 0 0 0
Drop 0 0 1
GAMEOVER DRAW
# Game ended: Wed Apr 08 13:27:33 EDT 2020
