# Server version 0.08 running on LAPTOP-QJHLSQ4D:8123
# Game ID: 346
# Board class: Saboteur.SaboteurBoard
# Timeout: 20000
# First Move Timeout: 30000
# Date: Thu Apr 09 18:34:39 EDT 2020
# Player 1: Player-0, 'RandomPlayer', running on LAPTOP-QJHLSQ4D
# Player 2: Player-1, '260779480', running on LAPTOP-QJHLSQ4D
START Player-0 RandomPlayer
START Player-1 260779480
BoardInit:Tile:6,Tile:9,Tile:12,Malus,Tile:2,Tile:3,Bonus,Map,Tile:5,Tile:0,Tile:14,Tile:6,Tile:0,Tile:9,Tile:10,Tile:7,Tile:0,Tile:10,Tile:9,Tile:7,Tile:9,Tile:7,Bonus,Tile:11,Destroy,Tile:5,Tile:8,Malus,Tile:8,Destroy,Tile:6,Tile:7,Map,Tile:6,Tile:5,Tile:6,Tile:10,Map,Tile:8,Destroy,Tile:13-Tile:4,Tile:9,Tile:8,Map,Tile:5,Bonus,Tile:1-Tile:0,Map,Tile:15,Map,Tile:7,Bonus,Tile:8-Tile:hidden2,Tile:nugget,Tile:hidden1
Map 12 3 1
Drop 2 0 0
Tile:8 6 5 1
Tile:7 7 5 0
Tile:9 7 6 1
Tile:9_flip 5 4 0
Tile:6 8 6 1
Tile:3 5 3 0
Tile:5_flip 9 6 1
Map 12 5 0
Tile:5 9 5 1
Map 12 3 0
Drop 4 0 1
Tile:8 4 5 0
Tile:0 10 5 1
Tile:6 7 7 0
Drop 2 0 1
Drop 5 0 0
Tile:0 11 5 1
GAMEOVER WINNER 1
# Game ended: Thu Apr 09 18:34:48 EDT 2020
