# Server version 0.08 running on LAPTOP-QJHLSQ4D:8123
# Game ID: 122
# Board class: Saboteur.SaboteurBoard
# Timeout: 20000
# First Move Timeout: 30000
# Date: Mon Mar 30 17:13:58 EDT 2020
# Player 1: Player-0, '260760794', running on LAPTOP-QJHLSQ4D
# Player 2: Player-1, 'RandomPlayer', running on LAPTOP-QJHLSQ4D
START Player-0 260760794
START Player-1 RandomPlayer
BoardInit:Tile:9,Tile:10,Map,Tile:5,Tile:9,Tile:6,Tile:8,Malus,Malus,Tile:9,Tile:1,Tile:5,Tile:5,Bonus,Tile:0,Bonus,Tile:14,Tile:9,Tile:12,Tile:7,Tile:6,Destroy,Tile:10,Map,Tile:8,Tile:2,Tile:9,Tile:7,Tile:8,Tile:15,Tile:0,Destroy,Tile:5,Tile:7,Destroy,Tile:8,Tile:0,Tile:6,Map,Tile:13,Tile:7-Bonus,Tile:4,Tile:6,Tile:10,Map,Tile:11,Tile:8-Tile:3,Tile:6,Map,Bonus,Tile:7,Tile:0,Map-Tile:nugget,Tile:hidden1,Tile:hidden2
Map 12 3 1
Map 12 3 0
Tile:10 5 6 1
Map 12 5 0
Tile:9 4 5 1
Tile:3 6 5 0
Map 12 7 1
Tile:7_flip 6 6 0
Tile:8 4 4 1
Malus 0 0 0
Drop 4 0 1
Tile:6 7 6 0
Drop 3 0 1
Tile:0 8 6 0
Drop 2 0 1
Tile:10 7 5 0
Drop 6 0 1
Tile:5 7 4 0
Drop 2 0 1
Tile:9_flip 8 4 0
Drop 4 0 1
Tile:6 9 6 0
Drop 5 0 1
Tile:5_flip 10 6 0
Drop 0 0 1
Map 12 7 0
Drop 0 0 1
Tile:2 10 5 0
Drop 6 0 1
Tile:9_flip 11 5 0
Drop 1 0 1
Tile:15 11 6 0
Drop 4 0 1
Tile:7_flip 11 7 0
Drop 0 0 1
Tile:7 11 4 0
Destroy 7 4 1
Tile:7_flip 10 4 0
Drop 6 0 1
Tile:6_flip 10 3 0
Drop 6 0 1
Tile:13 9 3 0
Drop 0 0 1
Tile:8 8 3 0
Drop 4 0 1
Destroy 10 4 0
Drop 2 0 1
Destroy 10 3 0
Drop 0 0 1
Drop 2 0 0
Drop 0 0 1
Drop 0 0 0
Drop 1 0 1
Drop 0 0 0
Drop 0 0 1
GAMEOVER DRAW
# Game ended: Mon Mar 30 17:13:58 EDT 2020
