# Server version 0.08 running on LAPTOP-QJHLSQ4D:8123
# Game ID: 182
# Board class: Saboteur.SaboteurBoard
# Timeout: 20000
# First Move Timeout: 30000
# Date: Sun Apr 05 17:07:09 EDT 2020
# Player 1: Player-0, 'RandomPlayer', running on LAPTOP-QJHLSQ4D
# Player 2: Player-1, '260760794', running on LAPTOP-QJHLSQ4D
START Player-0 RandomPlayer
START Player-1 260760794
BoardInit:Tile:9,Tile:4,Tile:6,Tile:8,Tile:9,Tile:1,Tile:14,Destroy,Tile:9,Bonus,Tile:12,Tile:6,Tile:5,Tile:6,Tile:6,Tile:0,Tile:0,Tile:2,Map,Tile:7,Destroy,Tile:0,Bonus,Map,Tile:5,Tile:7,Tile:9,Malus,Map,Tile:13,Tile:5,Tile:7,Tile:8,Tile:8,Tile:10,Tile:11,Tile:15,Tile:5,Tile:8,Tile:9,Tile:7-Tile:10,Destroy,Tile:7,Tile:6,Tile:8,Tile:10,Malus-Bonus,Bonus,Map,Map,Tile:3,Map,Tile:0-Tile:hidden2,Tile:nugget,Tile:hidden1
Malus 0 0 1
Drop 5 0 0
Tile:9_flip 6 5 1
Bonus 0 0 0
Tile:6_flip 6 4 1
Map 12 7 0
Tile:9_flip 7 4 1
Tile:8 5 6 0
Tile:10 7 5 1
Drop 0 0 0
Tile:9_flip 7 6 1
Tile:3_flip 4 5 0
Tile:6_flip 7 3 1
Tile:6_flip 4 4 0
Tile:5_flip 8 3 1
Destroy 4 4 0
Tile:6_flip 8 2 1
Tile:4_flip 7 7 0
Tile:8 9 2 1
Tile:6_flip 9 1 0
Map 12 3 1
Drop 6 0 0
Tile:7 10 2 1
Tile:0 10 1 0
Tile:14 10 3 1
Tile:2_flip 6 3 0
Tile:5_flip 11 1 1
Map 12 3 0
Destroy 4 5 1
Map 12 5 0
Map 12 5 1
Drop 2 0 0
Drop 3 0 1
Tile:0 4 5 0
Tile:9_flip 5 7 1
Tile:7_flip 3 5 0
Tile:5 5 3 1
Tile:11 6 2 0
Tile:8 5 4 1
Tile:5 4 6 0
Tile:10 11 0 1
Tile:13 6 6 0
Tile:7_flip 4 7 1
Tile:1 4 4 0
Tile:15 5 8 1
Malus 0 0 0
Bonus 0 0 1
Drop 2 0 0
Tile:0 8 1 1
Drop 2 0 0
Tile:10 5 9 1
Tile:7_flip 9 3 0
Tile:8 5 10 1
Drop 0 0 0
Tile:12_flip 4 10 1
GAMEOVER DRAW
# Game ended: Sun Apr 05 17:07:18 EDT 2020
