# Server version 0.08 running on LAPTOP-QJHLSQ4D:8123
# Game ID: 263
# Board class: Saboteur.SaboteurBoard
# Timeout: 20000
# First Move Timeout: 30000
# Date: Wed Apr 08 17:04:23 EDT 2020
# Player 1: Player-0, 'RandomPlayer', running on LAPTOP-QJHLSQ4D
# Player 2: Player-1, '260779480', running on LAPTOP-QJHLSQ4D
START Player-0 RandomPlayer
START Player-1 260779480
BoardInit:Tile:15,Tile:9,Tile:8,Tile:9,Tile:8,Tile:0,Destroy,Tile:12,Tile:6,Bonus,Bonus,Tile:4,Malus,Tile:2,Tile:9,Tile:13,Destroy,Map,Map,Tile:14,Bonus,Tile:10,Tile:6,Tile:7,Tile:7,Tile:9,Tile:10,Malus,Tile:6,Tile:5,Tile:8,Tile:5,Tile:1,Tile:6,Tile:11,Map,Tile:7,Tile:7,Bonus,Map,Tile:10-Tile:0,Tile:5,Tile:5,Tile:0,Map,Destroy,Tile:3-Tile:0,Tile:6,Tile:7,Tile:8,Map,Tile:8,Tile:9-Tile:hidden2,Tile:nugget,Tile:hidden1
Map 12 3 1
Map 12 3 0
Tile:0 6 5 1
Tile:9 5 6 0
Tile:8 7 5 1
Tile:6 5 7 0
Tile:8 8 5 1
Drop 4 0 0
Tile:0 9 5 1
Tile:7 8 4 0
Tile:6 10 5 1
Tile:8 6 7 0
Tile:5_flip 11 5 1
Tile:9_flip 7 6 0
Malus 0 0 1
Drop 5 0 0
Tile:9 11 4 1
Drop 1 0 0
Tile:5_flip 12 4 1
Drop 3 0 0
Map 12 7 1
Drop 4 0 0
Drop 1 0 1
Drop 5 0 0
Tile:6_flip 12 2 1
Drop 0 0 0
Drop 1 0 1
Drop 5 0 0
Drop 0 0 1
Drop 4 0 0
Drop 0 0 1
Map 12 5 0
Drop 1 0 1
Drop 4 0 0
Drop 6 0 1
Drop 3 0 0
Drop 6 0 1
Drop 3 0 0
Drop 2 0 1
Map 12 5 0
Drop 5 0 1
Drop 4 0 0
Drop 2 0 1
Drop 4 0 0
Drop 5 0 1
Drop 3 0 0
Drop 2 0 1
Drop 2 0 0
Tile:8 5 4 1
Drop 1 0 0
Drop 2 0 1
Map 12 7 0
Drop 1 0 1
Drop 0 0 0
Drop 0 0 1
GAMEOVER DRAW
# Game ended: Wed Apr 08 17:04:23 EDT 2020
