# Server version 0.08 running on LAPTOP-QJHLSQ4D:8123
# Game ID: 233
# Board class: Saboteur.SaboteurBoard
# Timeout: 20000
# First Move Timeout: 30000
# Date: Mon Apr 06 15:48:19 EDT 2020
# Player 1: Player-0, 'RandomPlayer', running on LAPTOP-QJHLSQ4D
# Player 2: Player-1, '260760794', running on LAPTOP-QJHLSQ4D
START Player-0 RandomPlayer
START Player-1 260760794
BoardInit:Map,Tile:8,Tile:8,Tile:6,Destroy,Tile:0,Map,Tile:8,Tile:7,Tile:7,Map,Tile:7,Tile:5,Bonus,Tile:0,Tile:0,Tile:7,Tile:1,Tile:6,Tile:9,Tile:7,Tile:14,Tile:6,Tile:2,Tile:5,Map,Bonus,Tile:11,Tile:10,Malus,Destroy,Tile:6,Tile:9,Tile:4,Tile:12,Destroy,Tile:15,Tile:10,Tile:8,Map,Bonus-Tile:9,Tile:5,Tile:6,Tile:8,Tile:9,Tile:0,Bonus-Tile:3,Malus,Map,Tile:13,Tile:9,Tile:5,Tile:10-Tile:hidden2,Tile:nugget,Tile:hidden1
Tile:6_flip 4 5 1
Tile:13 4 6 0
Tile:8 3 5 1
Tile:9 3 6 0
Drop 3 0 1
Malus 0 0 0
Destroy 4 6 1
Tile:5_flip 4 6 0
Drop 3 0 1
Tile:0 6 5 0
Drop 1 0 1
Tile:7_flip 5 6 0
Map 12 7 1
Tile:8 3 7 0
Map 12 7 1
Tile:3_flip 3 8 0
Drop 3 0 1
Tile:6_flip 2 7 0
Map 12 5 1
Map 12 3 0
Drop 0 0 1
Tile:7_flip 2 5 0
Drop 6 0 1
Tile:8 7 5 0
Drop 5 0 1
Drop 4 0 0
Drop 6 0 1
Tile:10 2 4 0
Drop 6 0 1
Drop 0 0 0
Drop 2 0 1
Tile:14 4 8 0
Destroy 3 6 1
Tile:6_flip 6 6 0
Drop 2 0 1
Tile:4 3 4 0
Drop 3 0 1
Tile:2 1 7 0
Drop 4 0 1
Destroy 1 7 0
Drop 6 0 1
Tile:0 8 5 0
Drop 6 0 1
Tile:11_flip 6 7 0
Drop 2 0 1
Drop 3 0 0
Drop 1 0 1
Malus 0 0 0
Drop 0 0 1
Tile:1 5 7 0
Drop 2 0 1
Map 12 3 0
Drop 1 0 1
Map 12 7 0
Drop 0 0 1
GAMEOVER DRAW
# Game ended: Mon Apr 06 15:48:28 EDT 2020
