# Server version 0.08 running on LAPTOP-QJHLSQ4D:8123
# Game ID: 16
# Board class: Saboteur.SaboteurBoard
# Timeout: 20000
# First Move Timeout: 30000
# Date: Wed Mar 25 16:36:26 EDT 2020
# Player 1: Player-0, 'Human', running on LAPTOP-QJHLSQ4D
# Player 2: Player-1, 'RandomPlayer', running on LAPTOP-QJHLSQ4D
START Player-0 Human
START Player-1 RandomPlayer
BoardInit:Tile:11,Map,Tile:0,Tile:6,Tile:9,Tile:12,Tile:8,Tile:4,Bonus,Tile:8,Tile:0,Tile:6,Tile:9,Tile:15,Tile:13,Tile:8,Tile:6,Destroy,Tile:0,Tile:10,Tile:8,Map,Tile:8,Tile:9,Tile:14,Bonus,Tile:6,Tile:5,Tile:10,Tile:10,Tile:2,Tile:9,Map,Tile:6,Tile:1,Tile:5,Tile:7,Bonus,Map,Tile:0,Tile:7-Bonus,Tile:5,Destroy,Malus,Map,Tile:5,Tile:7-Tile:7,Map,Malus,Destroy,Tile:9,Tile:3,Tile:7-Tile:hidden2,Tile:hidden1,Tile:nugget
Tile:5_flip 6 5 1
Tile:9 6 4 0
Tile:11 4 5 1
Tile:7 7 4 0
Destroy 6 5 1
Tile:6 6 5 0
Tile:9_flip 7 5 1
Map 12 5 0
Tile:7_flip 7 6 1
Map 12 7 0
Drop 1 0 1
Tile:8 8 6 0
Tile:0 9 6 1
Tile:6 10 6 0
Tile:9 8 5 1
Tile:7 11 6 0
Tile:13 11 7 1
Destroy 11 7 0
Tile:5_flip 9 5 1
Tile:8 11 7 0
GAMEOVER WINNER 0
# Game ended: Wed Mar 25 16:38:02 EDT 2020
