# Server version 0.08 running on LAPTOP-QJHLSQ4D:8123
# Game ID: 85
# Board class: Saboteur.SaboteurBoard
# Timeout: 20000
# First Move Timeout: 30000
# Date: Mon Mar 30 17:05:13 EDT 2020
# Player 1: Player-0, '260760794', running on LAPTOP-QJHLSQ4D
# Player 2: Player-1, 'RandomPlayer', running on LAPTOP-QJHLSQ4D
START Player-0 260760794
START Player-1 RandomPlayer
BoardInit:Tile:9,Malus,Tile:6,Tile:7,Tile:0,Tile:9,Tile:10,Tile:1,Tile:6,Tile:4,Tile:8,Tile:11,Tile:12,Tile:13,Tile:0,Destroy,Map,Malus,Tile:6,Tile:10,Tile:5,Tile:7,Tile:5,Destroy,Bonus,Bonus,Tile:2,Tile:9,Map,Tile:7,Tile:0,Tile:6,Map,Bonus,Tile:7,Tile:8,Tile:7,Tile:9,Map,Tile:14,Tile:9-Destroy,Bonus,Tile:5,Map,Tile:8,Tile:0,Tile:6-Tile:8,Tile:10,Tile:8,Tile:5,Tile:15,Map,Tile:3-Tile:hidden2,Tile:nugget,Tile:hidden1
Tile:5_flip 5 6 1
Map 12 3 0
Destroy 5 6 1
Malus 0 0 0
Map 12 5 1
Tile:7 6 5 0
Drop 3 0 1
Tile:9_flip 6 6 0
Drop 5 0 1
Tile:3_flip 6 7 0
Bonus 0 0 1
Tile:1 7 7 0
Drop 4 0 1
Tile:11_flip 8 7 0
Tile:6 4 5 1
Tile:13 8 6 0
Tile:6 8 8 1
Tile:5_flip 9 6 0
Tile:8 5 4 1
Malus 0 0 0
Map 12 7 1
Tile:10 9 5 0
Drop 0 0 1
Tile:8 9 8 0
Drop 2 0 1
Tile:8 10 8 0
Drop 0 0 1
Tile:4 10 7 0
Drop 6 0 1
Tile:10 10 9 0
Drop 3 0 1
Tile:7 9 4 0
Map 12 7 1
Tile:7 8 5 0
Drop 4 0 1
Tile:15 9 9 0
Drop 2 0 1
Tile:6 8 4 0
Map 12 5 1
Tile:9_flip 8 3 0
Drop 6 0 1
Tile:14 11 8 0
Drop 0 0 1
Tile:9 11 7 0
Drop 4 0 1
Tile:8 11 6 0
Drop 2 0 1
Destroy 10 7 0
Drop 0 0 1
Destroy 9 6 0
Drop 0 0 1
Drop 0 0 0
Drop 1 0 1
Drop 0 0 0
Drop 0 0 1
GAMEOVER DRAW
# Game ended: Mon Mar 30 17:05:13 EDT 2020
