# Server version 0.08 running on LAPTOP-QJHLSQ4D:8123
# Game ID: 224
# Board class: Saboteur.SaboteurBoard
# Timeout: 20000
# First Move Timeout: 30000
# Date: Mon Apr 06 15:28:58 EDT 2020
# Player 1: Player-0, '260760794', running on LAPTOP-QJHLSQ4D
# Player 2: Player-1, 'RandomPlayer', running on LAPTOP-QJHLSQ4D
START Player-0 260760794
START Player-1 RandomPlayer
BoardInit:Tile:1,Map,Tile:7,Tile:11,Tile:5,Tile:5,Tile:10,Tile:9,Bonus,Tile:8,Tile:0,Malus,Tile:2,Tile:5,Tile:8,Map,Map,Tile:6,Tile:6,Tile:8,Tile:6,Tile:8,Destroy,Tile:8,Map,Map,Tile:10,Tile:13,Destroy,Map,Tile:7,Tile:0,Malus,Tile:7,Tile:4,Destroy,Tile:12,Tile:5,Tile:6,Tile:7,Tile:6-Tile:9,Tile:10,Bonus,Tile:7,Bonus,Tile:9,Tile:15-Tile:0,Bonus,Tile:3,Tile:14,Tile:9,Tile:0,Tile:9-Tile:hidden1,Tile:hidden2,Tile:nugget
Tile:10 5 6 1
Tile:9_flip 6 5 0
Tile:7 6 4 1
Map 12 3 0
Tile:9 4 5 1
Tile:9 6 6 0
Tile:5_flip 5 7 1
Tile:5_flip 7 6 0
Drop 2 0 1
Tile:9 7 5 0
Tile:15 7 4 1
Tile:8 8 5 0
Tile:10 7 3 1
Malus 0 0 0
Bonus 0 0 1
Tile:5_flip 9 5 0
Tile:7 7 2 1
Map 12 5 0
Tile:2_flip 4 7 1
Tile:6_flip 9 4 0
Tile:6 3 7 1
Tile:8 10 4 0
Tile:8 2 7 1
Tile:8 11 4 0
Tile:6 12 4 1
Tile:8 11 5 0
Destroy 5 7 1
Map 12 7 0
Tile:0 1 7 1
Tile:3_flip 6 7 0
Destroy 5 6 1
Tile:11 2 6 0
Tile:7_flip 10 5 1
Tile:14_flip 5 4 0
Tile:1 13 5 1
Tile:7_flip 12 6 0
Tile:10 4 6 1
Destroy 12 6 0
Tile:12_flip 0 7 1
Tile:5_flip 12 6 0
Tile:4_flip 5 6 1
Tile:7_flip 11 6 0
Tile:6 2 8 1
Tile:13 13 3 0
Map 12 7 1
Tile:0 7 7 0
Drop 3 0 1
Tile:0 1 8 0
Map 12 7 1
Drop 1 0 0
Tile:6 13 4 1
Tile:0 3 8 0
Drop 1 0 1
Drop 0 0 0
Drop 0 0 1
GAMEOVER DRAW
# Game ended: Mon Apr 06 15:29:07 EDT 2020
