# Server version 0.08 running on LAPTOP-QJHLSQ4D:8123
# Game ID: 164
# Board class: Saboteur.SaboteurBoard
# Timeout: 20000
# First Move Timeout: 30000
# Date: Sun Apr 05 16:24:38 EDT 2020
# Player 1: Player-0, 'RandomPlayer', running on LAPTOP-QJHLSQ4D
# Player 2: Player-1, '260760794', running on LAPTOP-QJHLSQ4D
START Player-0 RandomPlayer
START Player-1 260760794
BoardInit:Tile:9,Tile:10,Map,Tile:5,Tile:5,Destroy,Tile:1,Tile:8,Tile:8,Tile:8,Tile:9,Tile:9,Tile:7,Tile:15,Tile:0,Tile:8,Tile:14,Tile:9,Tile:6,Tile:10,Tile:2,Tile:11,Tile:0,Map,Tile:0,Map,Tile:12,Tile:9,Tile:10,Tile:4,Map,Destroy,Tile:7,Tile:6,Tile:13,Tile:6,Tile:3,Destroy,Map,Tile:6,Bonus-Tile:5,Malus,Tile:8,Tile:7,Malus,Map,Bonus-Tile:6,Bonus,Tile:7,Bonus,Tile:5,Tile:0,Tile:7-Tile:nugget,Tile:hidden1,Tile:hidden2
Map 12 3 1
Tile:7 6 5 0
Tile:9_flip 6 6 1
Drop 1 0 0
Map 12 5 1
Tile:6 6 7 0
Tile:5_flip 7 7 1
Tile:5 4 5 0
Tile:5 7 6 1
Tile:7 5 4 0
Tile:8 8 6 1
Tile:5 8 5 0
Tile:9_flip 9 6 1
Tile:9 8 7 0
Tile:7_flip 8 8 1
Tile:8 9 7 0
Tile:0 10 7 1
Destroy 6 5 0
Tile:7 6 5 1
Tile:9_flip 4 6 0
Tile:6_flip 11 7 1
Tile:8 12 6 0
Tile:2_flip 11 6 1
Tile:10 11 8 0
Tile:8 11 5 1
Tile:11 4 7 0
Tile:0 10 5 1
Tile:0 13 6 0
Tile:14_flip 11 4 1
Map 12 3 0
Tile:12 13 5 1
Tile:15 4 8 0
Tile:10 11 9 1
Tile:8 3 6 0
Malus 0 0 1
Destroy 11 8 0
Drop 5 0 1
Drop 3 0 0
Tile:13 11 8 1
Destroy 6 6 0
Tile:0 5 7 1
Drop 4 0 0
Map 12 3 1
Drop 4 0 0
Tile:3_flip 5 6 1
Drop 3 0 0
Drop 0 0 1
Drop 2 0 0
Tile:1 2 6 1
Bonus 0 0 0
Drop 1 0 1
Drop 0 0 0
Drop 1 0 1
Tile:6 12 8 0
Drop 0 0 1
GAMEOVER DRAW
# Game ended: Sun Apr 05 16:24:47 EDT 2020
