# Server version 0.08 running on LAPTOP-QJHLSQ4D:8123
# Game ID: 255
# Board class: Saboteur.SaboteurBoard
# Timeout: 20000
# First Move Timeout: 30000
# Date: Wed Apr 08 14:17:17 EDT 2020
# Player 1: Player-0, '260760794', running on LAPTOP-QJHLSQ4D
# Player 2: Player-1, 'RandomPlayer', running on LAPTOP-QJHLSQ4D
START Player-0 260760794
START Player-1 RandomPlayer
BoardInit:Tile:8,Tile:9,Bonus,Tile:6,Tile:10,Tile:9,Tile:6,Destroy,Map,Tile:4,Tile:8,Bonus,Map,Tile:7,Tile:8,Bonus,Tile:8,Tile:7,Tile:10,Tile:12,Map,Tile:5,Tile:7,Tile:6,Tile:13,Tile:10,Tile:2,Tile:5,Tile:7,Tile:3,Tile:8,Tile:5,Tile:9,Tile:0,Tile:11,Tile:7,Bonus,Tile:15,Tile:0,Tile:9,Destroy-Destroy,Tile:9,Tile:14,Malus,Map,Tile:0,Tile:6-Malus,Map,Tile:1,Tile:6,Tile:5,Tile:0,Map-Tile:hidden2,Tile:hidden1,Tile:nugget
Tile:9 5 6 1
Map 12 3 0
Map 12 7 1
Map 12 5 0
Tile:14_flip 4 5 1
Tile:6_flip 6 5 0
Tile:10 4 6 1
Tile:9_flip 7 5 0
Tile:6_flip 5 4 1
Tile:9_flip 7 6 0
Tile:6 6 6 1
Tile:6_flip 7 4 0
Tile:8 5 7 1
Tile:5_flip 8 4 0
Tile:8 4 7 1
Tile:7 8 3 0
Tile:0 4 4 1
Malus 0 0 0
Bonus 0 0 1
Tile:7_flip 7 3 0
Drop 4 0 1
Destroy 8 4 0
Destroy 7 3 1
Tile:5_flip 8 4 0
Drop 4 0 1
Tile:6 7 3 0
Map 12 7 1
Tile:10 7 7 0
Tile:7_flip 6 3 1
Tile:5_flip 7 8 0
Malus 0 0 1
Bonus 0 0 0
Tile:8 6 2 1
Tile:5 6 8 0
Tile:7_flip 3 7 1
Tile:3 6 1 0
Drop 3 0 1
Tile:7 7 2 0
Tile:11_flip 6 9 1
Tile:0 6 4 0
Map 12 5 1
Tile:4_flip 5 8 0
Tile:13 3 4 1
Tile:15 4 8 0
Tile:9_flip 3 6 1
Tile:0 5 9 0
Destroy 6 5 1
Tile:9 6 10 0
Map 12 7 1
Drop 0 0 0
Tile:8 3 3 1
Drop 0 0 0
Tile:0 5 1 1
Drop 0 0 0
Drop 0 0 1
GAMEOVER DRAW
# Game ended: Wed Apr 08 14:17:26 EDT 2020
