# Server version 0.08 running on LAPTOP-QJHLSQ4D:8123
# Game ID: 190
# Board class: Saboteur.SaboteurBoard
# Timeout: 20000
# First Move Timeout: 30000
# Date: Sun Apr 05 17:29:45 EDT 2020
# Player 1: Player-0, '260760794', running on LAPTOP-QJHLSQ4D
# Player 2: Player-1, 'Human', running on LAPTOP-QJHLSQ4D
START Player-0 260760794
START Player-1 Human
BoardInit:Tile:7,Tile:8,Tile:7,Tile:5,Tile:9,Tile:2,Tile:15,Tile:9,Tile:8,Tile:9,Tile:13,Map,Tile:6,Tile:11,Tile:0,Map,Bonus,Tile:6,Tile:8,Tile:7,Bonus,Tile:6,Destroy,Tile:5,Tile:0,Tile:6,Tile:14,Map,Tile:10,Tile:0,Tile:5,Bonus,Tile:12,Malus,Tile:6,Tile:0,Map,Bonus,Malus,Tile:5,Tile:8-Tile:10,Tile:9,Tile:3,Map,Tile:9,Map,Tile:1-Destroy,Tile:7,Tile:4,Tile:8,Destroy,Tile:10,Tile:7-Tile:hidden1,Tile:nugget,Tile:hidden2
Map 12 3 1
Tile:7 6 5 0
Map 12 5 1
Tile:8 6 6 0
Tile:9 5 4 1
Tile:5_flip 7 6 0
Tile:9 7 5 1
Tile:8 8 5 0
Tile:9 8 4 1
Tile:9_flip 9 5 0
Tile:8 9 4 1
Tile:9_flip 10 4 0
Tile:7_flip 10 5 1
Map 12 3 0
Tile:6 11 5 1
GAMEOVER WINNER 1
# Game ended: Sun Apr 05 17:32:29 EDT 2020
