# Server version 0.08 running on LAPTOP-QJHLSQ4D:8123
# Game ID: 10
# Board class: Saboteur.SaboteurBoard
# Timeout: 20000
# First Move Timeout: 30000
# Date: Tue Mar 24 19:28:55 EDT 2020
# Player 1: Player-0, 'Human', running on LAPTOP-QJHLSQ4D
# Player 2: Player-1, 'RandomPlayer', running on LAPTOP-QJHLSQ4D
START Player-0 Human
START Player-1 RandomPlayer
BoardInit:Tile:8,Tile:15,Map,Tile:6,Tile:0,Tile:10,Tile:5,Tile:11,Tile:7,Tile:10,Tile:5,Tile:7,Tile:9,Tile:7,Destroy,Tile:3,Tile:0,Tile:7,Bonus,Bonus,Tile:4,Tile:5,Tile:9,Tile:6,Tile:5,Tile:13,Map,Tile:0,Map,Bonus,Bonus,Tile:12,Tile:8,Tile:1,Tile:9,Tile:9,Tile:0,Tile:8,Tile:7-Tile:6,Tile:6,Tile:8,Tile:8,Malus,Destroy,Tile:10-Map,Tile:6,Destroy,Tile:2,Tile:9,Tile:14,Malus-Tile:nugget,Tile:hidden1,Tile:hidden2
Tile:6_flip 6 5 1
Tile:14 7 5 0
Tile:8 7 4 1
Tile:15 6 6 0
Tile:10 5 6 1
Tile:9 5 7 0
Drop 6 0 1
Tile:6 6 7 0
Destroy 6 6 1
Tile:6 7 7 0
Tile:8 8 4 1
Tile:2 9 4 0
Tile:8 4 5 1
Tile:10 6 6 0
Tile:5 5 4 1
Tile:7 7 3 0
Tile:5 7 6 1
Tile:7 8 6 0
Drop 3 0 1
Tile:7 4 4 0
Tile:0 6 4 1
Destroy 8 4 0
Destroy 5 6 1
Tile:3 10 4 0
Drop 5 0 1
Tile:10 5 6 0
Tile:5_flip 8 7 1
Tile:13 5 8 0
Tile:9_flip 5 9 1
Map 12 5 0
Tile:6 3 4 1
Tile:0 8 4 0
Map 12 3 1
Tile:6 5 10 0
Drop 3 0 1
Tile:12 6 10 0
Tile:8 2 4 1
Tile:9 3 3 0
Tile:0 6 8 1
Tile:8 3 2 0
Tile:7_flip 4 10 1
Tile:5 3 1 0
Tile:9 4 8 1
Tile:1 4 3 0
Tile:9 2 5 1
Tile:11 2 6 0
Map 12 3 1
Malus 0 0 0
Bonus 0 0 1
Drop 1 0 0
Malus 0 0 1
Bonus 0 0 0
Drop 0 0 1
GAMEOVER DRAW
# Game ended: Tue Mar 24 19:34:02 EDT 2020
