# Server version 0.08 running on LAPTOP-QJHLSQ4D:8123
# Game ID: 173
# Board class: Saboteur.SaboteurBoard
# Timeout: 20000
# First Move Timeout: 30000
# Date: Sun Apr 05 16:45:15 EDT 2020
# Player 1: Player-0, '260760794', running on LAPTOP-QJHLSQ4D
# Player 2: Player-1, 'RandomPlayer', running on LAPTOP-QJHLSQ4D
START Player-0 260760794
START Player-1 RandomPlayer
BoardInit:Tile:15,Tile:10,Tile:8,Tile:4,Tile:9,Bonus,Tile:10,Tile:5,Map,Tile:9,Tile:0,Tile:8,Destroy,Tile:11,Tile:5,Tile:0,Bonus,Tile:9,Tile:9,Tile:0,Tile:5,Tile:0,Map,Destroy,Bonus,Tile:7,Tile:6,Map,Map,Tile:14,Tile:5,Tile:2,Tile:8,Destroy,Map,Tile:12,Tile:7,Tile:1,Tile:6,Tile:6,Malus-Bonus,Tile:9,Tile:3,Map,Malus,Tile:6,Tile:13-Tile:10,Tile:6,Tile:8,Tile:7,Tile:7,Tile:7,Tile:8-Tile:nugget,Tile:hidden2,Tile:hidden1
Tile:13 5 4 1
Tile:8 6 5 0
Drop 5 0 1
Tile:10 6 6 0
Drop 2 0 1
Tile:10 6 7 0
Tile:15 5 6 1
Tile:8 6 8 0
Tile:9_flip 5 3 1
Tile:5_flip 7 8 0
Tile:9 4 5 1
Tile:9_flip 6 9 0
Tile:8 5 2 1
Tile:8 6 10 0
Destroy 6 5 1
Tile:7 6 5 0
Map 12 3 1
Tile:7_flip 6 11 0
Tile:5_flip 6 4 1
Tile:9_flip 7 10 0
Tile:10 5 7 1
Tile:6 7 11 0
Tile:5 4 4 1
Tile:7 8 11 0
Drop 0 0 1
Destroy 7 10 0
Tile:9 5 1 1
Tile:7 7 10 0
Map 12 5 1
Map 12 3 0
Tile:0 6 2 1
Tile:0 5 10 0
Tile:5_flip 8 12 1
Tile:4 5 0 0
Drop 3 0 1
Destroy 7 8 0
Tile:6 5 9 1
Tile:14_flip 7 12 0
Tile:8 5 8 1
Tile:11_flip 7 13 0
Drop 2 0 1
Tile:1 6 13 0
Tile:7 7 2 1
Tile:6_flip 7 8 0
Drop 2 0 1
Tile:2_flip 4 8 0
Tile:6 8 8 1
Tile:0 6 1 0
Drop 3 0 1
Tile:12 7 1 0
Drop 1 0 1
Tile:0 3 8 0
Map 12 7 1
Drop 0 0 0
Malus 0 0 1
GAMEOVER DRAW
# Game ended: Sun Apr 05 16:45:24 EDT 2020
