# Server version 0.08 running on LAPTOP-QJHLSQ4D:8123
# Game ID: 40
# Board class: Saboteur.SaboteurBoard
# Timeout: 20000
# First Move Timeout: 30000
# Date: Thu Mar 26 17:42:47 EDT 2020
# Player 1: Player-0, 'Human', running on LAPTOP-QJHLSQ4D
# Player 2: Player-1, '260760794', running on LAPTOP-QJHLSQ4D
START Player-0 Human
START Player-1 260760794
BoardInit:Tile:14,Tile:7,Tile:5,Tile:8,Tile:3,Bonus,Bonus,Tile:13,Tile:9,Tile:0,Tile:11,Destroy,Tile:5,Tile:7,Bonus,Tile:9,Tile:5,Map,Tile:6,Tile:9,Map,Tile:7,Tile:4,Map,Malus,Tile:10,Destroy,Tile:15,Map,Destroy,Tile:0,Tile:6,Tile:10,Tile:7,Tile:6,Tile:8,Tile:5,Tile:8,Tile:8,Tile:9,Tile:10-Malus,Map,Tile:12,Tile:1,Tile:2,Tile:8,Tile:6-Map,Tile:9,Tile:0,Tile:7,Tile:0,Tile:6,Bonus-Tile:hidden2,Tile:nugget,Tile:hidden1
Map 12 3 1
Map 12 3 0
Tile:2_flip 5 6 1
Tile:7 6 6 0
Tile:8 6 7 1
Tile:8 7 7 0
Tile:12_flip 5 7 1
Tile:7 5 4 0
Tile:1 6 5 1
Tile:13 8 7 0
Tile:6 9 7 1
Tile:0 10 7 0
Tile:14_flip 9 6 1
Destroy 6 7 0
Tile:5_flip 10 6 1
Tile:7 10 5 0
Tile:3 11 7 1
Tile:0 9 5 0
Tile:9 8 5 1
Map 12 5 0
Tile:6 6 7 1
Tile:9 8 8 0
Map 12 3 1
Tile:9 8 9 0
Tile:11 8 4 1
Map 12 7 0
Tile:5 8 3 1
Tile:10 8 10 0
Tile:5_flip 9 4 1
Tile:7 9 3 0
Map 12 3 1
Tile:15 8 11 0
Tile:4 7 6 1
Tile:6 9 9 0
Tile:10 8 6 1
Tile:6 10 9 0
Tile:0 4 5 1
Tile:8 3 5 0
Tile:5_flip 7 5 1
Tile:8 2 5 0
Tile:6_flip 3 4 1
Tile:9 1 5 0
Tile:10 7 4 1
Tile:9 3 6 0
Tile:8 1 6 1
Destroy 11 7 0
Destroy 10 9 1
Tile:0 11 7 0
Drop 0 0 1
Tile:7 10 9 0
Drop 0 0 1
Drop 1 0 0
Malus 0 0 1
Bonus 0 0 0
Drop 0 0 1
GAMEOVER DRAW
# Game ended: Thu Mar 26 17:44:48 EDT 2020
