# Server version 0.08 running on LAPTOP-QJHLSQ4D:8123
# Game ID: 37
# Board class: Saboteur.SaboteurBoard
# Timeout: 20000
# First Move Timeout: 30000
# Date: Thu Mar 26 17:36:34 EDT 2020
# Player 1: Player-0, '260760794', running on LAPTOP-QJHLSQ4D
# Player 2: Player-1, 'Human', running on LAPTOP-QJHLSQ4D
START Player-0 260760794
START Player-1 Human
BoardInit:Bonus,Tile:6,Tile:7,Tile:10,Tile:6,Tile:9,Map,Tile:1,Tile:7,Map,Tile:5,Bonus,Map,Destroy,Tile:8,Tile:6,Destroy,Map,Tile:0,Tile:7,Destroy,Tile:14,Tile:9,Tile:8,Tile:0,Tile:5,Tile:0,Malus,Tile:7,Tile:6,Tile:0,Tile:3,Tile:9,Tile:10,Tile:2,Bonus,Tile:8,Map,Map,Tile:4,Tile:10-Tile:11,Tile:15,Tile:12,Tile:8,Tile:13,Tile:5,Malus-Tile:8,Bonus,Tile:9,Tile:6,Tile:9,Tile:7,Tile:5-Tile:hidden1,Tile:nugget,Tile:hidden2
Tile:8 6 5 1
Tile:8 5 6 0
Tile:12 7 5 1
Tile:9 5 7 0
Tile:7 6 4 1
Tile:6 6 7 0
Tile:6 7 7 1
Tile:9_flip 6 6 0
Map 12 7 1
Tile:7 8 7 0
Drop 5 0 1
Map 12 3 0
Tile:7_flip 8 8 1
Tile:5 5 4 0
Map 12 5 1
Tile:6 4 5 0
Tile:8 9 8 1
Tile:10 9 7 0
Destroy 9 8 1
Map 12 3 0
Tile:0 3 5 1
Tile:9 9 6 0
Tile:5 9 5 1
Tile:1 10 6 0
Tile:9_flip 5 8 1
Tile:6 10 5 0
Destroy 10 5 1
Tile:7 11 6 0
Tile:0 4 8 1
Tile:14 10 5 0
Tile:0 3 8 1
Tile:8 10 4 0
Tile:0 2 8 1
Tile:5_flip 11 4 0
Tile:7 10 3 1
Tile:6 9 4 0
Tile:9 9 3 1
Tile:3_flip 11 7 0
Tile:8 9 8 1
Map 12 3 0
Map 12 3 1
Tile:10 9 2 0
Tile:10 9 1 1
Tile:4 7 6 0
Tile:2 9 0 1
Destroy 9 0 0
Tile:13 10 8 1
Drop 1 0 0
Tile:5 9 0 1
Malus 0 0 0
Malus 0 0 1
Bonus 0 0 0
Drop 1 0 1
Drop 0 0 0
Drop 0 0 1
GAMEOVER DRAW
# Game ended: Thu Mar 26 17:39:24 EDT 2020
