# Server version 0.08 running on LAPTOP-QJHLSQ4D:8123
# Game ID: 113
# Board class: Saboteur.SaboteurBoard
# Timeout: 20000
# First Move Timeout: 30000
# Date: Mon Mar 30 17:13:12 EDT 2020
# Player 1: Player-0, '260760794', running on LAPTOP-QJHLSQ4D
# Player 2: Player-1, 'RandomPlayer', running on LAPTOP-QJHLSQ4D
START Player-0 260760794
START Player-1 RandomPlayer
BoardInit:Tile:0,Tile:0,Tile:9,Tile:9,Tile:15,Map,Tile:6,Tile:10,Tile:7,Tile:8,Tile:0,Bonus,Tile:14,Tile:5,Tile:10,Map,Map,Tile:9,Malus,Tile:5,Tile:11,Tile:7,Tile:6,Tile:7,Tile:1,Tile:8,Tile:12,Bonus,Tile:6,Tile:6,Tile:8,Tile:4,Tile:8,Destroy,Tile:2,Tile:8,Tile:5,Map,Bonus,Tile:0,Map-Tile:6,Tile:5,Bonus,Tile:13,Destroy,Destroy,Malus-Tile:3,Map,Tile:9,Tile:7,Tile:7,Tile:10,Tile:9-Tile:hidden2,Tile:hidden1,Tile:nugget
Tile:5_flip 5 6 1
Map 12 3 0
Drop 1 0 1
Tile:0 6 5 0
Drop 4 0 1
Tile:9_flip 7 5 0
Drop 4 0 1
Map 12 5 0
Tile:9 4 5 1
Tile:10 7 4 0
Tile:15 7 3 1
Tile:8 7 6 0
Tile:7 4 4 1
Tile:9_flip 8 6 0
Tile:6 7 7 1
Tile:5 8 5 0
Tile:6 4 6 1
Map 12 7 0
Tile:14_flip 6 7 1
Tile:9_flip 8 7 0
Destroy 8 7 1
Tile:5_flip 8 7 0
Tile:11 6 8 1
Tile:7 9 5 0
Drop 2 0 1
Tile:7_flip 9 6 0
Tile:6 6 9 1
Tile:8 10 6 0
Tile:12_flip 6 6 1
Tile:3_flip 10 7 0
Drop 1 0 1
Tile:6_flip 11 7 0
Tile:6 7 9 1
Tile:4_flip 11 8 0
Tile:8 3 4 1
Tile:9 10 5 0
Tile:2 11 5 1
Tile:8 10 4 0
Tile:8 2 4 1
Tile:7 7 8 0
Tile:5_flip 2 5 1
Tile:0 11 4 0
Map 12 7 1
Tile:7 12 4 0
Tile:10 5 4 1
Tile:10 12 6 0
GAMEOVER WINNER 0
# Game ended: Mon Mar 30 17:13:12 EDT 2020
