# Server version 0.08 running on LAPTOP-QJHLSQ4D:8123
# Game ID: 96
# Board class: Saboteur.SaboteurBoard
# Timeout: 20000
# First Move Timeout: 30000
# Date: Mon Mar 30 17:06:16 EDT 2020
# Player 1: Player-0, 'RandomPlayer', running on LAPTOP-QJHLSQ4D
# Player 2: Player-1, '260760794', running on LAPTOP-QJHLSQ4D
START Player-0 RandomPlayer
START Player-1 260760794
BoardInit:Tile:4,Tile:10,Tile:0,Tile:8,Tile:6,Tile:9,Tile:15,Destroy,Tile:0,Tile:11,Tile:9,Tile:1,Tile:8,Tile:6,Tile:0,Tile:7,Map,Tile:8,Map,Tile:7,Bonus,Map,Map,Tile:14,Map,Tile:5,Tile:3,Tile:12,Bonus,Malus,Tile:8,Malus,Tile:9,Destroy,Tile:7,Tile:6,Tile:13,Destroy,Bonus,Tile:7,Bonus-Tile:0,Map,Tile:8,Tile:5,Tile:6,Tile:5,Tile:7-Tile:10,Tile:6,Tile:10,Tile:9,Tile:5,Tile:2,Tile:9-Tile:nugget,Tile:hidden1,Tile:hidden2
Map 12 3 1
Tile:9 4 5 0
Tile:7 6 5 1
Tile:10 4 6 0
Tile:8 6 6 1
Tile:9 5 6 0
Tile:0 7 6 1
Tile:9_flip 5 4 0
Tile:5_flip 6 7 1
Tile:2_flip 5 7 0
Tile:6 8 6 1
Tile:11 4 4 0
Tile:9_flip 8 5 1
Tile:8 4 7 0
Tile:8 8 4 1
Tile:6 3 7 0
Tile:0 9 4 1
Tile:5 5 3 0
Map 12 5 1
Destroy 4 7 0
Map 12 7 1
Drop 6 0 0
Tile:6_flip 10 4 1
Tile:7 3 6 0
Tile:15 10 5 1
Tile:6 4 7 0
Tile:0 11 4 1
Tile:10 4 3 0
Tile:5_flip 10 6 1
Tile:1 9 6 0
Tile:3 12 4 1
Tile:14_flip 2 6 0
Tile:8 8 3 1
Tile:8 7 4 0
Tile:0 9 3 1
Destroy 4 4 0
Tile:7_flip 6 4 1
Tile:6_flip 8 2 0
Tile:13 7 2 1
Destroy 6 7 0
Tile:9_flip 7 1 1
Tile:5_flip 6 7 0
Tile:4 7 0 1
Map 12 7 0
Drop 4 0 1
Tile:7_flip 7 5 0
Map 12 3 1
Tile:12 10 3 0
Map 12 7 1
Malus 0 0 0
Bonus 0 0 1
Malus 0 0 0
Drop 0 0 1
Drop 0 0 0
Bonus 0 0 1
GAMEOVER DRAW
# Game ended: Mon Mar 30 17:06:17 EDT 2020
