# Server version 0.08 running on LAPTOP-QJHLSQ4D:8123
# Game ID: 119
# Board class: Saboteur.SaboteurBoard
# Timeout: 20000
# First Move Timeout: 30000
# Date: Mon Mar 30 17:13:43 EDT 2020
# Player 1: Player-0, '260760794', running on LAPTOP-QJHLSQ4D
# Player 2: Player-1, 'RandomPlayer', running on LAPTOP-QJHLSQ4D
START Player-0 260760794
START Player-1 RandomPlayer
BoardInit:Tile:6,Malus,Tile:6,Tile:8,Tile:0,Tile:9,Tile:0,Bonus,Map,Map,Tile:3,Tile:8,Tile:10,Tile:7,Map,Tile:13,Bonus,Tile:9,Tile:15,Tile:8,Map,Map,Tile:9,Tile:10,Tile:5,Tile:8,Tile:5,Destroy,Tile:12,Bonus,Tile:8,Tile:7,Tile:14,Tile:11,Tile:2,Tile:7,Tile:6,Destroy,Tile:9,Tile:7,Destroy-Tile:6,Tile:10,Tile:0,Tile:5,Tile:4,Tile:6,Tile:5-Bonus,Tile:7,Tile:0,Tile:1,Malus,Map,Tile:9-Tile:nugget,Tile:hidden2,Tile:hidden1
Tile:6_flip 5 4 1
Malus 0 0 0
Drop 1 0 1
Map 12 3 0
Drop 4 0 1
Malus 0 0 0
Drop 5 0 1
Tile:9_flip 6 4 0
Drop 1 0 1
Tile:9_flip 6 3 0
Drop 1 0 1
Map 12 5 0
Drop 4 0 1
Tile:8 6 2 0
Map 12 7 1
Tile:7 6 1 0
Map 12 7 1
Tile:13 7 2 0
Drop 3 0 1
Tile:9 7 1 0
Drop 2 0 1
Tile:8 8 1 0
Map 12 3 1
Map 12 7 0
Drop 5 0 1
Tile:8 8 2 0
Drop 0 0 1
Tile:8 8 3 0
Drop 6 0 1
Tile:7 9 3 0
Drop 1 0 1
Tile:10 9 4 0
Drop 4 0 1
Tile:7_flip 7 3 0
Drop 0 0 1
Tile:1 9 2 0
Drop 4 0 1
Tile:7 10 2 0
Drop 0 0 1
Tile:11 10 3 0
Drop 4 0 1
Tile:7_flip 10 4 0
Destroy 7 2 1
Tile:0 11 4 0
Drop 4 0 1
Destroy 10 4 0
Drop 3 0 1
Destroy 8 1 0
Drop 2 0 1
Drop 2 0 0
Drop 0 0 1
Drop 0 0 0
Drop 1 0 1
Drop 0 0 0
Drop 0 0 1
GAMEOVER DRAW
# Game ended: Mon Mar 30 17:13:43 EDT 2020
