# Server version 0.08 running on LAPTOP-QJHLSQ4D:8123
# Game ID: 88
# Board class: Saboteur.SaboteurBoard
# Timeout: 20000
# First Move Timeout: 30000
# Date: Mon Mar 30 17:05:44 EDT 2020
# Player 1: Player-0, 'RandomPlayer', running on LAPTOP-QJHLSQ4D
# Player 2: Player-1, '260760794', running on LAPTOP-QJHLSQ4D
START Player-0 RandomPlayer
START Player-1 260760794
BoardInit:Tile:5,Malus,Tile:9,Tile:8,Tile:5,Tile:6,Tile:8,Tile:1,Tile:9,Tile:0,Malus,Tile:4,Tile:9,Tile:0,Tile:8,Tile:13,Map,Tile:7,Map,Bonus,Tile:10,Map,Tile:8,Tile:7,Tile:10,Tile:2,Destroy,Map,Tile:6,Tile:5,Tile:0,Tile:12,Destroy,Tile:5,Tile:0,Map,Tile:9,Bonus,Tile:9,Tile:6,Tile:7-Tile:7,Bonus,Tile:15,Map,Tile:11,Tile:3,Tile:14-Bonus,Tile:8,Tile:7,Tile:10,Destroy,Tile:6,Tile:6-Tile:hidden2,Tile:hidden1,Tile:nugget
Map 12 3 1
Tile:8 5 6 0
Tile:5_flip 6 6 1
Tile:6 4 5 0
Tile:9_flip 6 5 1
Tile:6_flip 4 6 0
Tile:5 6 4 1
Malus 0 0 0
Drop 5 0 1
Tile:1 3 6 0
Bonus 0 0 1
Tile:0 7 4 0
Malus 0 0 1
Bonus 0 0 0
Tile:9_flip 8 4 1
Tile:4 5 4 0
Tile:8 8 3 1
Destroy 7 4 0
Map 12 5 1
Tile:7 4 4 0
Map 12 7 1
Drop 3 0 0
Tile:10 8 2 1
Drop 5 0 0
Tile:8 7 3 1
Tile:7_flip 3 5 0
Tile:10 7 2 1
Tile:8 7 4 0
Tile:8 8 5 1
Tile:13 8 6 0
Tile:6_flip 9 6 1
Tile:7 10 6 0
Tile:3_flip 10 7 1
Tile:5_flip 9 3 0
Tile:9_flip 11 7 1
Tile:5_flip 11 8 0
Tile:11 11 6 1
Tile:10 4 7 0
Tile:9_flip 12 6 1
Tile:2_flip 8 7 0
Tile:9_flip 11 5 1
Tile:6 9 5 0
Tile:0 10 5 1
Tile:12_flip 2 6 0
Tile:15 11 4 1
Map 12 5 0
Tile:7 11 3 1
Tile:6_flip 8 1 0
Tile:0 10 8 1
Drop 2 0 0
Tile:7_flip 9 8 1
Map 12 3 0
Destroy 11 6 1
Map 12 7 0
Destroy 9 8 1
GAMEOVER DRAW
# Game ended: Mon Mar 30 17:05:45 EDT 2020
