# Server version 0.08 running on LAPTOP-QJHLSQ4D:8123
# Game ID: 18
# Board class: Saboteur.SaboteurBoard
# Timeout: 20000
# First Move Timeout: 30000
# Date: Wed Mar 25 17:42:21 EDT 2020
# Player 1: Player-0, 'RandomPlayer', running on LAPTOP-QJHLSQ4D
# Player 2: Player-1, 'RandomPlayer', running on LAPTOP-QJHLSQ4D
START Player-0 RandomPlayer
START Player-1 RandomPlayer
BoardInit:Tile:3,Tile:15,Tile:8,Tile:7,Tile:7,Map,Tile:10,Tile:0,Tile:8,Tile:7,Tile:6,Destroy,Tile:6,Tile:5,Tile:9,Tile:9,Map,Tile:2,Tile:7,Tile:9,Bonus,Tile:0,Tile:9,Tile:6,Map,Bonus,Tile:7,Malus,Tile:0,Tile:8,Tile:10,Tile:13,Tile:5,Bonus,Tile:14,Destroy,Bonus,Tile:6,Tile:11,Tile:4,Tile:8-Map,Tile:8,Tile:5,Tile:1,Map,Tile:12,Destroy-Tile:6,Malus,Tile:10,Tile:9,Tile:0,Tile:5,Map-Tile:hidden2,Tile:nugget,Tile:hidden1
Drop 2 0 1
Tile:5_flip 6 5 0
Drop 1 0 1
Tile:6 5 6 0
Map 12 7 1
Drop 4 0 0
Tile:7 6 4 1
Drop 6 0 0
Tile:8 5 4 1
Tile:7 6 6 0
Drop 1 0 1
Drop 1 0 0
Tile:3_flip 4 5 1
Drop 0 0 0
Destroy 6 4 1
Tile:9_flip 5 3 0
Tile:6 6 7 1
Drop 5 0 0
Tile:8 7 7 1
Tile:9 5 2 0
Tile:6_flip 4 4 1
Tile:7_flip 4 3 0
Drop 1 0 1
Drop 5 0 0
Tile:9_flip 4 2 1
Tile:0 8 7 0
Map 12 5 1
Destroy 4 5 0
Tile:9_flip 9 7 1
Tile:0 5 7 0
Tile:7_flip 4 7 1
Tile:2_flip 4 5 0
Drop 1 0 1
Tile:0 3 2 0
Tile:7_flip 7 8 1
Drop 5 0 0
Tile:5 3 4 1
Tile:15 9 8 0
Tile:1 6 2 1
Destroy 5 2 0
Tile:10 9 6 1
Tile:8 6 4 0
Tile:14_flip 6 3 1
Tile:6_flip 4 1 0
Tile:11 7 6 1
Tile:6_flip 4 6 0
Tile:0 2 2 1
Tile:4_flip 9 9 0
Map 12 3 1
Malus 0 0 0
Drop 0 0 1
Drop 0 0 0
Bonus 0 0 1
Drop 0 0 0
Tile:8 5 1 1
GAMEOVER DRAW
# Game ended: Wed Mar 25 17:42:22 EDT 2020
