# Server version 0.08 running on LAPTOP-QJHLSQ4D:8123
# Game ID: 251
# Board class: Saboteur.SaboteurBoard
# Timeout: 20000
# First Move Timeout: 30000
# Date: Wed Apr 08 13:28:56 EDT 2020
# Player 1: Player-0, '260779480', running on LAPTOP-QJHLSQ4D
# Player 2: Player-1, 'RandomPlayer', running on LAPTOP-QJHLSQ4D
START Player-0 260779480
START Player-1 RandomPlayer
BoardInit:Tile:6,Map,Map,Tile:12,Tile:8,Bonus,Tile:8,Map,Tile:0,Tile:0,Tile:6,Malus,Destroy,Map,Map,Tile:9,Tile:9,Tile:6,Tile:8,Tile:10,Tile:11,Bonus,Tile:5,Tile:4,Tile:6,Tile:13,Tile:3,Tile:10,Destroy,Tile:9,Tile:6,Tile:7,Bonus,Tile:9,Bonus,Map,Tile:8,Tile:14,Tile:0,Tile:15,Destroy-Tile:5,Tile:10,Tile:7,Tile:9,Tile:5,Tile:8,Tile:1-Malus,Tile:7,Tile:7,Tile:2,Tile:5,Tile:0,Tile:7-Tile:nugget,Tile:hidden1,Tile:hidden2
Tile:5_flip 6 5 1
Malus 0 0 0
Drop 1 0 1
Map 12 3 0
Drop 2 0 1
Tile:7 6 4 0
Map 12 5 1
Tile:7_flip 5 6 0
Drop 1 0 1
Map 12 7 0
Drop 4 0 1
Tile:0 6 6 0
Drop 0 0 1
Malus 0 0 0
Destroy 6 5 1
Map 12 5 0
Map 12 7 1
Tile:9_flip 7 6 0
Drop 3 0 1
Tile:6 7 7 0
Drop 2 0 1
Tile:0 8 7 0
Drop 0 0 1
Tile:5_flip 9 7 0
Drop 2 0 1
Tile:10 9 6 0
Drop 0 0 1
Tile:7 9 5 0
Drop 5 0 1
Drop 5 0 0
Destroy 8 7 1
Drop 0 0 0
Drop 6 0 1
Tile:9 7 5 0
Drop 0 0 1
Tile:9 7 4 0
Drop 3 0 1
Tile:7 8 4 0
Bonus 0 0 1
Tile:10 7 3 0
Drop 4 0 1
Drop 5 0 0
Drop 5 0 1
Drop 5 0 0
Destroy 7 4 1
Drop 0 0 0
Drop 2 0 1
Drop 2 0 0
Drop 0 0 1
Map 12 3 0
Drop 0 0 1
Drop 0 0 0
Drop 1 0 1
Drop 0 0 0
Drop 0 0 1
GAMEOVER DRAW
# Game ended: Wed Apr 08 13:29:05 EDT 2020
