# Server version 0.08 running on LAPTOP-QJHLSQ4D:8123
# Game ID: 241
# Board class: Saboteur.SaboteurBoard
# Timeout: 20000
# First Move Timeout: 30000
# Date: Mon Apr 06 16:10:00 EDT 2020
# Player 1: Player-0, 'RandomPlayer', running on LAPTOP-QJHLSQ4D
# Player 2: Player-1, '260760794', running on LAPTOP-QJHLSQ4D
START Player-0 RandomPlayer
START Player-1 260760794
BoardInit:Map,Tile:9,Destroy,Tile:8,Tile:9,Tile:7,Tile:13,Destroy,Tile:5,Tile:4,Tile:15,Tile:2,Tile:6,Bonus,Tile:7,Tile:9,Tile:3,Tile:5,Tile:14,Tile:9,Tile:8,Tile:11,Tile:10,Tile:0,Tile:10,Map,Destroy,Tile:12,Bonus,Malus,Tile:8,Tile:0,Tile:6,Bonus,Tile:1,Tile:7,Tile:6,Tile:7,Map,Tile:10,Tile:7-Tile:0,Map,Tile:6,Tile:9,Tile:5,Map,Tile:8-Map,Malus,Tile:0,Tile:6,Tile:8,Bonus,Tile:5-Tile:hidden1,Tile:nugget,Tile:hidden2
Map 12 3 1
Tile:6 6 5 0
Map 12 5 1
Tile:9 5 6 0
Map 12 7 1
Tile:0 6 6 0
Tile:9_flip 7 5 1
Tile:7_flip 5 7 0
Tile:9_flip 7 6 1
Drop 0 0 0
Tile:5 7 4 1
Drop 2 0 0
Tile:5_flip 8 4 1
Drop 4 0 0
Tile:6_flip 8 3 1
Drop 3 0 0
Tile:7 9 3 1
Tile:9 7 7 0
Tile:6_flip 8 7 1
Tile:5 4 5 0
Tile:8 9 7 1
Tile:8 7 8 0
Tile:8 10 7 1
Tile:11 6 8 0
Tile:10 10 6 1
Tile:5 5 4 0
Tile:10 10 5 1
Tile:2_flip 11 7 0
Tile:0 7 3 1
Tile:9_flip 10 8 0
Destroy 10 5 1
Tile:4 10 5 0
Tile:8 9 8 1
Tile:12_flip 6 3 0
Tile:6 10 9 1
Drop 3 0 0
Destroy 10 5 1
Tile:7_flip 9 4 0
Tile:6_flip 10 5 1
Tile:0 10 4 0
Tile:13 6 9 1
Malus 0 0 0
Map 12 3 1
Tile:7_flip 9 9 0
Drop 5 0 1
Drop 3 0 0
Drop 1 0 1
Tile:10 11 6 0
Bonus 0 0 1
Drop 2 0 0
Tile:15 6 10 1
Malus 0 0 0
Drop 1 0 1
Drop 0 0 0
Drop 0 0 1
GAMEOVER DRAW
# Game ended: Mon Apr 06 16:10:09 EDT 2020
