# Server version 0.08 running on LAPTOP-QJHLSQ4D:8123
# Game ID: 78
# Board class: Saboteur.SaboteurBoard
# Timeout: 20000
# First Move Timeout: 30000
# Date: Mon Mar 30 17:01:07 EDT 2020
# Player 1: Player-0, '260760794', running on LAPTOP-QJHLSQ4D
# Player 2: Player-1, 'RandomPlayer', running on LAPTOP-QJHLSQ4D
START Player-0 260760794
START Player-1 RandomPlayer
BoardInit:Tile:1,Tile:9,Tile:8,Tile:9,Tile:12,Tile:3,Tile:0,Tile:0,Tile:5,Tile:10,Tile:0,Destroy,Tile:6,Malus,Tile:15,Tile:7,Tile:6,Tile:9,Tile:5,Tile:8,Destroy,Tile:7,Malus,Tile:5,Map,Tile:6,Tile:8,Tile:13,Tile:2,Tile:10,Tile:5,Map,Map,Tile:8,Tile:6,Destroy,Tile:10,Tile:7,Tile:9,Map,Map-Bonus,Tile:4,Tile:11,Tile:7,Tile:0,Tile:7,Tile:6-Tile:8,Bonus,Bonus,Map,Tile:9,Tile:14,Bonus-Tile:nugget,Tile:hidden1,Tile:hidden2
Tile:6 4 5 1
Map 12 3 0
Tile:11_flip 6 5 1
Tile:9_flip 6 4 0
Tile:7 6 3 1
Tile:8 6 6 0
Drop 2 0 1
Tile:14 6 7 0
Tile:1 5 7 1
Tile:9_flip 7 6 0
Drop 0 0 1
Tile:10 7 5 0
Tile:12_flip 4 7 1
Tile:9 7 4 0
Tile:6 3 5 1
Malus 0 0 0
Drop 5 0 1
Tile:7 8 4 0
Drop 3 0 1
Tile:3_flip 7 7 0
Drop 2 0 1
Tile:0 8 7 0
Destroy 7 7 1
Tile:9 7 3 0
Drop 5 0 1
Tile:5_flip 8 3 0
Map 12 5 1
Tile:6_flip 7 2 0
Drop 6 0 1
Tile:13 8 2 0
Drop 1 0 1
Tile:10 8 1 0
Drop 4 0 1
Map 12 5 0
Drop 3 0 1
Tile:8 9 2 0
Drop 2 0 1
Tile:8 10 2 0
Map 12 5 1
Tile:7 10 1 0
Drop 2 0 1
Map 12 7 0
Drop 4 0 1
Tile:7 11 2 0
Drop 1 0 1
Destroy 11 2 0
Map 12 5 1
Destroy 9 2 0
Drop 0 0 1
Drop 2 0 0
Drop 0 0 1
Drop 0 0 0
Drop 1 0 1
Drop 0 0 0
Drop 0 0 1
GAMEOVER DRAW
# Game ended: Mon Mar 30 17:01:07 EDT 2020
